Namespace(end_date=2020, feature_names='Price/Earnings,Price/Book Value,Return on Assets,Return on Equity ,Free Cash Flow per Share,Price/Cash Flow,Dividend Yield (%),Enterprise Value/EBIT,Enterprise Value/EBITDA,Dividend Payout Ratio (%)', new_feature='2', path_to_file='./', start_date=2013, y='3M Return')
['2012-12-31', '2013-03-31', '2013-06-30', '2013-09-30', '2013-12-31', '2014-03-31', '2014-06-30', '2014-09-30', '2014-12-31', '2015-03-31', '2015-06-30', '2015-09-30', '2015-12-31', '2016-03-31', '2016-06-30', '2016-09-30', '2016-12-31', '2017-03-31', '2017-06-30', '2017-09-30', '2017-12-31', '2018-03-31', '2018-06-30', '2018-09-30', '2018-12-31', '2019-03-31', '2019-06-30', '2019-09-30', '2019-12-31', '2020-03-31', '2020-06-30', '2020-09-30', '2020-12-31']
this is Beta adj rsquare of AAPL and the value is 0.4465708752249612:
this is Beta adj rsquare of PG and the value is 0.2563844765118718:
this is Beta adj rsquare of VZ and the value is 0.32109012972722806:
this is Beta adj rsquare of AMAT and the value is 0.20618001617230108:
this is Beta adj rsquare of MSFT and the value is -0.09784877575901896:
this is Beta adj rsquare of JNJ and the value is 0.27342229145835584:
this is Beta adj rsquare of V and the value is 0.4586553436118983:
this is Beta adj rsquare of MA and the value is 0.3343553784033143:
this is Beta adj rsquare of TRGP and the value is 0.5340229731473753:
this is Beta adj rsquare of OKE and the value is 0.3311174940887287:
this is Beta adj rsquare of SON and the value is 0.6468106048079925:
this is Beta adj rsquare of DVN and the value is 0.11247082213709614:
this is Beta adj rsquare of HD and the value is 0.38944597115448853:
this is Beta adj rsquare of INTC and the value is 0.3910022799277243:
14
12
14
['AAPL', 'PG', 'VZ', 'AMAT', 'MSFT', 'JNJ', 'V', 'MA', 'TRGP', 'OKE', 'SON', 'DVN', 'HD', 'INTC']
date now X_standardizedis: 2012-12-31
this is adj rsquare: 0.7846935763986003
12
date now X_standardizedis: 2013-03-31
this is adj rsquare: -1.0263107052667615
12
date now X_standardizedis: 2013-06-30
this is adj rsquare: 0.7667200663003344
12
date now X_standardizedis: 2013-09-30
this is adj rsquare: 0.7654585101120723
12
date now X_standardizedis: 2013-12-31
this is adj rsquare: 0.43174934516136854
12
date now X_standardizedis: 2014-03-31
this is adj rsquare: 0.219675394196444
12
date now X_standardizedis: 2014-06-30
this is adj rsquare: 0.09784183903299537
12
date now X_standardizedis: 2014-09-30
this is adj rsquare: -0.13351928054767015
12
date now X_standardizedis: 2014-12-31
this is adj rsquare: 0.366708292473249
12
date now X_standardizedis: 2015-03-31
this is adj rsquare: -1.2461158064374152
12
date now X_standardizedis: 2015-06-30
this is adj rsquare: 0.10407329154698919
12
date now X_standardizedis: 2015-09-30
this is adj rsquare: 0.551507247069801
12
date now X_standardizedis: 2015-12-31
this is adj rsquare: -0.4506615588188967
12
date now X_standardizedis: 2016-03-31
this is adj rsquare: 0.00768224199541645
12
date now X_standardizedis: 2016-06-30
this is adj rsquare: 0.8780539230232894
12
date now X_standardizedis: 2016-09-30
this is adj rsquare: -0.43467303848554995
12
date now X_standardizedis: 2016-12-31
this is adj rsquare: 0.03578884995096088
12
date now X_standardizedis: 2017-03-31
this is adj rsquare: 0.6117962084803394
12
date now X_standardizedis: 2017-06-30
this is adj rsquare: 0.6553350972245156
12
date now X_standardizedis: 2017-09-30
this is adj rsquare: 0.35505140491243314
12
date now X_standardizedis: 2017-12-31
this is adj rsquare: 0.9220643383470915
12
date now X_standardizedis: 2018-03-31
this is adj rsquare: 0.9924357261148762
12
date now X_standardizedis: 2018-06-30
this is adj rsquare: 0.48720181227464165
12
date now X_standardizedis: 2018-09-30
this is adj rsquare: 0.4139368571445885
12
date now X_standardizedis: 2018-12-31
this is adj rsquare: 0.8153780332779483
12
date now X_standardizedis: 2019-03-31
this is adj rsquare: 0.4587251198585549
12
date now X_standardizedis: 2019-06-30
this is adj rsquare: 0.9998373411830406
12
date now X_standardizedis: 2019-09-30
this is adj rsquare: 0.9115912137683122
12
date now X_standardizedis: 2019-12-31
this is adj rsquare: 0.2731687441521504
12
date now X_standardizedis: 2020-03-31
this is adj rsquare: 0.9052730283583698
12
date now X_standardizedis: 2020-06-30
this is adj rsquare: 0.7201667839113428
12
date now X_standardizedis: 2020-09-30
this is adj rsquare: 0.38427377715756883
12
12
32
T-values: {'Constant': 1.9652571671756052, 'Price/Earnings': -1.262876835669196, 'Price/Book Value': -0.37093306243019913, 'Return on Assets': 1.4144869301004037, 'Return on Equity ': 0.14033173871641638, 'Free Cash Flow per Share': -3.070979355397065, 'Price/Cash Flow': 1.3202142491565076, 'Dividend Yield (%)': 1.0631776988822312, 'Enterprise Value/EBIT': -0.25482719917645474, 'Enterprise Value/EBITDA': 0.0068184709982447534, 'Dividend Payout Ratio (%)': -0.5103266449794441, '2': 0.12505314589043076}
P-values: {'Constant': 0.058399212359508734, 'Price/Earnings': 0.21605030574256984, 'Price/Book Value': 0.7132102829621966, 'Return on Assets': 0.16718507576556263, 'Return on Equity ': 0.8893057496782606, 'Free Cash Flow per Share': 0.004414207345741344, 'Price/Cash Flow': 0.19642906328546403, 'Dividend Yield (%)': 0.29591356102283445, 'Enterprise Value/EBIT': 0.8005395449952427, 'Enterprise Value/EBITDA': 0.9946033802652708, 'Dividend Payout Ratio (%)': 0.6134374407618256, '2': 0.9012889215730244}
{'Constant': 0.036185566584815365, 'Price/Earnings': -0.01999781506371283, 'Price/Book Value': -0.004634891236090309, 'Return on Assets': 0.014007934970670023, 'Return on Equity ': 0.004402918463247092, 'Free Cash Flow per Share': -0.01892637193035179, 'Price/Cash Flow': 0.015067174793073932, 'Dividend Yield (%)': 0.011577964241272304, 'Enterprise Value/EBIT': -0.013142224112346723, 'Enterprise Value/EBITDA': 0.00033670917590283844, 'Dividend Payout Ratio (%)': -0.007978383943028577, '2': 0.004117040714973076}
this is the average adj r-square: 0.3632783648084688
this is the median adj r-square: 0.4452372325099617
