Namespace(end_date=2020, feature_names='Price/Earnings,Price/Book Value,Return on Assets,Return on Equity ,Free Cash Flow per Share,Price/Cash Flow,Dividend Yield (%),Enterprise Value/EBIT,Enterprise Value/EBITDA,Dividend Payout Ratio (%)', new_feature='4', path_to_file='./', start_date=2013, y='3M Return')
['2012-12-31', '2013-03-31', '2013-06-30', '2013-09-30', '2013-12-31', '2014-03-31', '2014-06-30', '2014-09-30', '2014-12-31', '2015-03-31', '2015-06-30', '2015-09-30', '2015-12-31', '2016-03-31', '2016-06-30', '2016-09-30', '2016-12-31', '2017-03-31', '2017-06-30', '2017-09-30', '2017-12-31', '2018-03-31', '2018-06-30', '2018-09-30', '2018-12-31', '2019-03-31', '2019-06-30', '2019-09-30', '2019-12-31', '2020-03-31', '2020-06-30', '2020-09-30', '2020-12-31']
this is Beta adj rsquare of AAPL and the value is 0.4090173925272662:
this is Beta adj rsquare of PG and the value is 0.2845721693795715:
this is Beta adj rsquare of VZ and the value is 0.2737507509036312:
this is Beta adj rsquare of AMAT and the value is 0.20775267256924101:
this is Beta adj rsquare of MSFT and the value is -0.049198515292473655:
this is Beta adj rsquare of JNJ and the value is 0.2664986623437283:
this is Beta adj rsquare of V and the value is 0.4951466765614436:
this is Beta adj rsquare of MA and the value is 0.32545234778871956:
this is Beta adj rsquare of TRGP and the value is 0.3390447715464928:
this is Beta adj rsquare of OKE and the value is 0.38296790043604734:
this is Beta adj rsquare of SON and the value is 0.6470984956813612:
this is Beta adj rsquare of DVN and the value is -0.1737329003847654:
this is Beta adj rsquare of HD and the value is 0.2354177563880867:
this is Beta adj rsquare of INTC and the value is 0.20032879936445436:
14
12
14
['AAPL', 'PG', 'VZ', 'AMAT', 'MSFT', 'JNJ', 'V', 'MA', 'TRGP', 'OKE', 'SON', 'DVN', 'HD', 'INTC']
date now X_standardizedis: 2012-12-31
this is adj rsquare: 0.9591150193266436
12
date now X_standardizedis: 2013-03-31
this is adj rsquare: -0.03894442790792185
12
date now X_standardizedis: 2013-06-30
this is adj rsquare: 0.9070254832269307
12
date now X_standardizedis: 2013-09-30
this is adj rsquare: 0.8621590122281593
12
date now X_standardizedis: 2013-12-31
this is adj rsquare: 0.8500656871457659
12
date now X_standardizedis: 2014-03-31
this is adj rsquare: 0.8188733374206408
12
date now X_standardizedis: 2014-06-30
this is adj rsquare: -1.7568000043956866
12
date now X_standardizedis: 2014-09-30
this is adj rsquare: 0.8398200886568525
12
date now X_standardizedis: 2014-12-31
this is adj rsquare: 0.15524813526011305
12
date now X_standardizedis: 2015-03-31
this is adj rsquare: 0.12062953251484765
12
date now X_standardizedis: 2015-06-30
this is adj rsquare: -0.3479354768177223
12
date now X_standardizedis: 2015-09-30
this is adj rsquare: 0.4986461221212384
12
date now X_standardizedis: 2015-12-31
this is adj rsquare: 0.18047842034709083
12
date now X_standardizedis: 2016-03-31
this is adj rsquare: 0.5489448739037008
12
date now X_standardizedis: 2016-06-30
this is adj rsquare: 0.9561306572561068
12
date now X_standardizedis: 2016-09-30
this is adj rsquare: -0.15008064005060096
12
date now X_standardizedis: 2016-12-31
this is adj rsquare: -0.3198114050096619
12
date now X_standardizedis: 2017-03-31
this is adj rsquare: 0.027334639231254565
12
date now X_standardizedis: 2017-06-30
this is adj rsquare: 0.8509471882837993
12
date now X_standardizedis: 2017-09-30
this is adj rsquare: 0.6454002012928142
12
date now X_standardizedis: 2017-12-31
this is adj rsquare: 0.7950296604446685
12
date now X_standardizedis: 2018-03-31
this is adj rsquare: 0.9310466104918884
12
date now X_standardizedis: 2018-06-30
this is adj rsquare: 0.8371158116563451
12
date now X_standardizedis: 2018-09-30
this is adj rsquare: 0.37725060675207045
12
date now X_standardizedis: 2018-12-31
this is adj rsquare: 0.8431291611567169
12
date now X_standardizedis: 2019-03-31
this is adj rsquare: 0.3931136752846234
12
date now X_standardizedis: 2019-06-30
this is adj rsquare: 0.34744629957577633
12
date now X_standardizedis: 2019-09-30
this is adj rsquare: 0.6730502430659079
12
date now X_standardizedis: 2019-12-31
this is adj rsquare: 0.4796005931541383
12
date now X_standardizedis: 2020-03-31
this is adj rsquare: 0.9052676661264314
12
date now X_standardizedis: 2020-06-30
this is adj rsquare: 0.6683034918212918
12
date now X_standardizedis: 2020-09-30
this is adj rsquare: 0.19555785621082877
12
12
32
T-values: {'Constant': 1.9652571671756052, 'Price/Earnings': 0.6024706582044155, 'Price/Book Value': 0.7220158418820142, 'Return on Assets': 0.6046583487137248, 'Return on Equity ': -0.6178874793388428, 'Free Cash Flow per Share': 0.9639386017687561, 'Price/Cash Flow': -1.0806969142918874, 'Dividend Yield (%)': -0.9806922341804727, 'Enterprise Value/EBIT': 1.055592194995937, 'Enterprise Value/EBITDA': 1.055437162748778, 'Dividend Payout Ratio (%)': -0.713128823168725, '4': 0.7637845009153403}
P-values: {'Constant': 0.058399212359508734, 'Price/Earnings': 0.5512428613391065, 'Price/Book Value': 0.47569617673685927, 'Return on Assets': 0.5498065657482811, 'Return on Equity ': 0.541162600606601, 'Free Cash Flow per Share': 0.34253643010577595, 'Price/Cash Flow': 0.2881680331716346, 'Dividend Yield (%)': 0.33433665927874434, 'Enterprise Value/EBIT': 0.2993121969856181, 'Enterprise Value/EBITDA': 0.299381941960009, 'Dividend Payout Ratio (%)': 0.4811002806759179, '4': 0.45077006514275486}
{'Constant': 0.036185566584815365, 'Price/Earnings': 0.015125928258917577, 'Price/Book Value': 0.01438942927955783, 'Return on Assets': 0.006989126970147258, 'Return on Equity ': -0.008287857102412182, 'Free Cash Flow per Share': 0.11634273151403823, 'Price/Cash Flow': -0.0639892854168195, 'Dividend Yield (%)': -0.09245629037819261, 'Enterprise Value/EBIT': 0.3005198295013996, 'Enterprise Value/EBITDA': 0.286513297560046, 'Dividend Payout Ratio (%)': -0.0233378567040573, '4': 0.05932674197766636}
this is the average adj r-square: 0.4391611912429704
this is the median adj r-square: 0.5971725375982575
