Namespace(end_date=2020, feature_names='Price/Earnings,Price/Book Value,Return on Assets,Return on Equity ,Free Cash Flow per Share,Price/Cash Flow,Dividend Yield (%),Enterprise Value/EBIT,Enterprise Value/EBITDA,Dividend Payout Ratio (%)', new_feature='6', path_to_file='./', start_date=2013, y='3M Return')
['2012-12-31', '2013-03-31', '2013-06-30', '2013-09-30', '2013-12-31', '2014-03-31', '2014-06-30', '2014-09-30', '2014-12-31', '2015-03-31', '2015-06-30', '2015-09-30', '2015-12-31', '2016-03-31', '2016-06-30', '2016-09-30', '2016-12-31', '2017-03-31', '2017-06-30', '2017-09-30', '2017-12-31', '2018-03-31', '2018-06-30', '2018-09-30', '2018-12-31', '2019-03-31', '2019-06-30', '2019-09-30', '2019-12-31', '2020-03-31', '2020-06-30', '2020-09-30', '2020-12-31']
this is Beta adj rsquare of AAPL and the value is 0.40376835145341106:
this is Beta adj rsquare of PG and the value is 0.27338185645242097:
this is Beta adj rsquare of VZ and the value is 0.31831328755017674:
this is Beta adj rsquare of AMAT and the value is 0.2028279521930706:
this is Beta adj rsquare of MSFT and the value is -0.09583941193175827:
this is Beta adj rsquare of JNJ and the value is 0.2709910713015301:
this is Beta adj rsquare of V and the value is 0.46213608906926373:
this is Beta adj rsquare of MA and the value is 0.20404109602346876:
this is Beta adj rsquare of TRGP and the value is 0.3366464049755561:
this is Beta adj rsquare of OKE and the value is 0.3303647143856392:
this is Beta adj rsquare of SON and the value is 0.6475130851016475:
this is Beta adj rsquare of DVN and the value is -0.03733670871899908:
this is Beta adj rsquare of HD and the value is 0.3896732418900105:
this is Beta adj rsquare of INTC and the value is 0.31634690246621466:
14
12
14
['AAPL', 'PG', 'VZ', 'AMAT', 'MSFT', 'JNJ', 'V', 'MA', 'TRGP', 'OKE', 'SON', 'DVN', 'HD', 'INTC']
date now X_standardizedis: 2012-12-31
this is adj rsquare: 0.6141328204393453
12
date now X_standardizedis: 2013-03-31
this is adj rsquare: -0.23500790137856953
12
date now X_standardizedis: 2013-06-30
this is adj rsquare: 0.869941581236171
12
date now X_standardizedis: 2013-09-30
this is adj rsquare: 0.8463565515263314
12
date now X_standardizedis: 2013-12-31
this is adj rsquare: 0.8077742580621066
12
date now X_standardizedis: 2014-03-31
this is adj rsquare: 0.03809065142858947
12
date now X_standardizedis: 2014-06-30
this is adj rsquare: 0.10217330502724353
12
date now X_standardizedis: 2014-09-30
this is adj rsquare: -0.2727184579305375
12
date now X_standardizedis: 2014-12-31
this is adj rsquare: 0.07213261085066336
12
date now X_standardizedis: 2015-03-31
this is adj rsquare: -0.18960473265546884
12
date now X_standardizedis: 2015-06-30
this is adj rsquare: 0.6478980544624667
12
date now X_standardizedis: 2015-09-30
this is adj rsquare: 0.7829101443736662
12
date now X_standardizedis: 2015-12-31
this is adj rsquare: -0.5607538431833816
12
date now X_standardizedis: 2016-03-31
this is adj rsquare: 0.7552056320109632
12
date now X_standardizedis: 2016-06-30
this is adj rsquare: 0.8862371768976891
12
date now X_standardizedis: 2016-09-30
this is adj rsquare: -0.013945200807920166
12
date now X_standardizedis: 2016-12-31
this is adj rsquare: -1.3811215213938972
12
date now X_standardizedis: 2017-03-31
this is adj rsquare: -0.12704238800398082
12
date now X_standardizedis: 2017-06-30
this is adj rsquare: 0.4711880251802889
12
date now X_standardizedis: 2017-09-30
this is adj rsquare: 0.16467817908953342
12
date now X_standardizedis: 2017-12-31
this is adj rsquare: 0.7274025105251571
12
date now X_standardizedis: 2018-03-31
this is adj rsquare: 0.30523966238510747
12
date now X_standardizedis: 2018-06-30
this is adj rsquare: 0.8418776653178446
12
date now X_standardizedis: 2018-09-30
this is adj rsquare: 0.2100072553244835
12
date now X_standardizedis: 2018-12-31
this is adj rsquare: 0.6601643798317691
12
date now X_standardizedis: 2019-03-31
this is adj rsquare: -0.7878168630281335
12
date now X_standardizedis: 2019-06-30
this is adj rsquare: 0.6744005406068916
12
date now X_standardizedis: 2019-09-30
this is adj rsquare: 0.7138267503628695
12
date now X_standardizedis: 2019-12-31
this is adj rsquare: 0.5858828096325412
12
date now X_standardizedis: 2020-03-31
this is adj rsquare: 0.9751069030933446
12
date now X_standardizedis: 2020-06-30
this is adj rsquare: 0.13141708938635854
12
date now X_standardizedis: 2020-09-30
this is adj rsquare: 0.7438917270367655
12
12
32
T-values: {'Constant': 1.9652571671756052, 'Price/Earnings': -0.7518073807441333, 'Price/Book Value': 0.48989728720385856, 'Return on Assets': 0.8231624854440481, 'Return on Equity ': 0.28364206267825864, 'Free Cash Flow per Share': -1.634437178286655, 'Price/Cash Flow': 0.7997657857178073, 'Dividend Yield (%)': 0.773036580026625, 'Enterprise Value/EBIT': 0.46904825008989404, 'Enterprise Value/EBITDA': 0.6547697348087936, 'Dividend Payout Ratio (%)': -0.4733285982130927, '6': 0.2807513130782081}
P-values: {'Constant': 0.058399212359508734, 'Price/Earnings': 0.4578372601129397, 'Price/Book Value': 0.627655791837159, 'Return on Assets': 0.41670331183838083, 'Return on Equity ': 0.7785704881987764, 'Free Cash Flow per Share': 0.1122831756947852, 'Price/Cash Flow': 0.4299326287261219, 'Dividend Yield (%)': 0.44535541855906235, 'Enterprise Value/EBIT': 0.6423172498776363, 'Enterprise Value/EBITDA': 0.5174452036149293, 'Dividend Payout Ratio (%)': 0.6392950123472381, '6': 0.7807664317733929}
{'Constant': 0.036185566584815365, 'Price/Earnings': -0.021906691249537598, 'Price/Book Value': 0.01117881012381158, 'Return on Assets': 0.010933115800435541, 'Return on Equity ': 0.009550718465139298, 'Free Cash Flow per Share': -0.018181589505783583, 'Price/Cash Flow': 0.017522239529747827, 'Dividend Yield (%)': 0.010693475063797551, 'Enterprise Value/EBIT': 0.03292675592000642, 'Enterprise Value/EBITDA': 0.048246460423135296, 'Dividend Payout Ratio (%)': -0.012879043613688574, '6': 0.00709872371628632}
this is the average adj r-square: 0.314372667990822
this is the median adj r-square: 0.5285354174064151
