Namespace(end_date=2020, feature_names='Price/Earnings,Price/Book Value,Return on Assets,Return on Equity ,Free Cash Flow per Share,Price/Cash Flow,Dividend Yield (%),Enterprise Value/EBIT,Enterprise Value/EBITDA,Dividend Payout Ratio (%)', new_feature='7', path_to_file='./', start_date=2013, y='3M Return')
['2012-12-31', '2013-03-31', '2013-06-30', '2013-09-30', '2013-12-31', '2014-03-31', '2014-06-30', '2014-09-30', '2014-12-31', '2015-03-31', '2015-06-30', '2015-09-30', '2015-12-31', '2016-03-31', '2016-06-30', '2016-09-30', '2016-12-31', '2017-03-31', '2017-06-30', '2017-09-30', '2017-12-31', '2018-03-31', '2018-06-30', '2018-09-30', '2018-12-31', '2019-03-31', '2019-06-30', '2019-09-30', '2019-12-31', '2020-03-31', '2020-06-30', '2020-09-30', '2020-12-31']
this is Beta adj rsquare of AAPL and the value is 0.40810371246306276:
this is Beta adj rsquare of PG and the value is 0.26134292118378166:
this is Beta adj rsquare of VZ and the value is 0.2826243962033793:
this is Beta adj rsquare of AMAT and the value is 0.2031448593808819:
this is Beta adj rsquare of MSFT and the value is -0.03861413282783377:
this is Beta adj rsquare of JNJ and the value is 0.29530552474960636:
this is Beta adj rsquare of V and the value is 0.46513051357586643:
this is Beta adj rsquare of MA and the value is 0.13626264320200998:
this is Beta adj rsquare of TRGP and the value is 0.28065154320654206:
this is Beta adj rsquare of OKE and the value is 0.35434604271561265:
this is Beta adj rsquare of SON and the value is 0.6510615108705398:
this is Beta adj rsquare of DVN and the value is -0.08881270916349182:
this is Beta adj rsquare of HD and the value is 0.2092618128462177:
this is Beta adj rsquare of INTC and the value is 0.22984476410840693:
14
12
14
['AAPL', 'PG', 'VZ', 'AMAT', 'MSFT', 'JNJ', 'V', 'MA', 'TRGP', 'OKE', 'SON', 'DVN', 'HD', 'INTC']
date now X_standardizedis: 2012-12-31
this is adj rsquare: 0.9532962858829501
12
date now X_standardizedis: 2013-03-31
this is adj rsquare: 0.48172643845502794
12
date now X_standardizedis: 2013-06-30
this is adj rsquare: 0.8454296896357383
12
date now X_standardizedis: 2013-09-30
this is adj rsquare: 0.7835867283759445
12
date now X_standardizedis: 2013-12-31
this is adj rsquare: 0.25883954142958776
12
date now X_standardizedis: 2014-03-31
this is adj rsquare: 0.9912923422363866
12
date now X_standardizedis: 2014-06-30
this is adj rsquare: -0.23446894742527746
12
date now X_standardizedis: 2014-09-30
this is adj rsquare: 0.8437533318607049
12
date now X_standardizedis: 2014-12-31
this is adj rsquare: -2.278580096339562
12
date now X_standardizedis: 2015-03-31
this is adj rsquare: 0.730353486013792
12
date now X_standardizedis: 2015-06-30
this is adj rsquare: 0.9959530350227306
12
date now X_standardizedis: 2015-09-30
this is adj rsquare: 0.7492932783555394
12
date now X_standardizedis: 2015-12-31
this is adj rsquare: 0.817591167354445
12
date now X_standardizedis: 2016-03-31
this is adj rsquare: 0.8075864181079897
12
date now X_standardizedis: 2016-06-30
this is adj rsquare: 0.4190823842975193
12
date now X_standardizedis: 2016-09-30
this is adj rsquare: -1.1746297637570016
12
date now X_standardizedis: 2016-12-31
this is adj rsquare: 0.7987904240951959
12
date now X_standardizedis: 2017-03-31
this is adj rsquare: 0.8430888219268051
12
date now X_standardizedis: 2017-06-30
this is adj rsquare: 0.8106778634550973
12
date now X_standardizedis: 2017-09-30
this is adj rsquare: 0.9019186024307322
12
date now X_standardizedis: 2017-12-31
this is adj rsquare: 0.326902094743605
12
date now X_standardizedis: 2018-03-31
this is adj rsquare: 0.7865465527851472
12
date now X_standardizedis: 2018-06-30
this is adj rsquare: 0.9845044084861945
12
date now X_standardizedis: 2018-09-30
this is adj rsquare: 0.5579276492612849
12
date now X_standardizedis: 2018-12-31
this is adj rsquare: 0.8704817226439652
12
date now X_standardizedis: 2019-03-31
this is adj rsquare: 0.6537815718389703
12
date now X_standardizedis: 2019-06-30
this is adj rsquare: 0.3309357362111457
12
date now X_standardizedis: 2019-09-30
this is adj rsquare: 0.8537244163261719
12
date now X_standardizedis: 2019-12-31
this is adj rsquare: 0.7466030388565064
12
date now X_standardizedis: 2020-03-31
this is adj rsquare: 0.8431079830820403
12
date now X_standardizedis: 2020-06-30
this is adj rsquare: 0.9083195752561652
12
date now X_standardizedis: 2020-09-30
this is adj rsquare: 0.9778478884224091
12
12
32
T-values: {'Constant': 1.9652571671756052, 'Price/Earnings': 0.6762994683404278, 'Price/Book Value': -0.6899175701018637, 'Return on Assets': -1.8023984301979121, 'Return on Equity ': -1.464641306315276, 'Free Cash Flow per Share': -0.9044884846416474, 'Price/Cash Flow': 0.9011327206608287, 'Dividend Yield (%)': 1.0583680860536826, 'Enterprise Value/EBIT': -0.6565393209349556, 'Enterprise Value/EBITDA': -0.6545726203744537, 'Dividend Payout Ratio (%)': 1.8284487960045581, '7': -1.28643656150343}
P-values: {'Constant': 0.058399212359508734, 'Price/Earnings': 0.5038655070375476, 'Price/Book Value': 0.49537888343744585, 'Return on Assets': 0.08121384217579321, 'Return on Equity ': 0.15308750761149303, 'Free Cash Flow per Share': 0.3727123150259175, 'Price/Cash Flow': 0.3744657566234578, 'Dividend Yield (%)': 0.29806532030981525, 'Enterprise Value/EBIT': 0.5163216006663944, 'Enterprise Value/EBITDA': 0.5175704440308984, 'Dividend Payout Ratio (%)': 0.07711918345040686, '7': 0.20781561219310202}
{'Constant': 0.036185566584815365, 'Price/Earnings': 0.017923001888813, 'Price/Book Value': -0.07134964190456611, 'Return on Assets': -0.041163002868492025, 'Return on Equity ': -0.06086904086702728, 'Free Cash Flow per Share': -0.0812186684500086, 'Price/Cash Flow': 0.039240741234320156, 'Dividend Yield (%)': 0.11612474700753311, 'Enterprise Value/EBIT': -0.5333074981524308, 'Enterprise Value/EBITDA': -0.5321359660803154, 'Dividend Payout Ratio (%)': 0.10176816175636798, '7': -0.049471846931057835}
this is the average adj r-square: 0.5682894896664985
this is the median adj r-square: 0.8031884211015927
