Namespace(end_date=2020, feature_names='Price/Earnings,Price/Book Value,Return on Assets,Return on Equity ,Free Cash Flow per Share,Price/Cash Flow,Dividend Yield (%),Enterprise Value/EBIT,Enterprise Value/EBITDA,Dividend Payout Ratio (%)', new_feature='8', path_to_file='./', start_date=2013, y='3M Return')
['2012-12-31', '2013-03-31', '2013-06-30', '2013-09-30', '2013-12-31', '2014-03-31', '2014-06-30', '2014-09-30', '2014-12-31', '2015-03-31', '2015-06-30', '2015-09-30', '2015-12-31', '2016-03-31', '2016-06-30', '2016-09-30', '2016-12-31', '2017-03-31', '2017-06-30', '2017-09-30', '2017-12-31', '2018-03-31', '2018-06-30', '2018-09-30', '2018-12-31', '2019-03-31', '2019-06-30', '2019-09-30', '2019-12-31', '2020-03-31', '2020-06-30', '2020-09-30', '2020-12-31']
this is Beta adj rsquare of AAPL and the value is 0.40376835145341106:
this is Beta adj rsquare of PG and the value is 0.2733818564524215:
this is Beta adj rsquare of VZ and the value is 0.31831328755017674:
this is Beta adj rsquare of AMAT and the value is 0.2028279521930706:
this is Beta adj rsquare of MSFT and the value is -0.09583941193175827:
this is Beta adj rsquare of JNJ and the value is 0.27099107130153044:
this is Beta adj rsquare of V and the value is 0.46213608906926396:
this is Beta adj rsquare of MA and the value is 0.20404109602346854:
this is Beta adj rsquare of TRGP and the value is 0.3366464049755561:
this is Beta adj rsquare of OKE and the value is 0.3303647143856392:
this is Beta adj rsquare of SON and the value is 0.6475130851016475:
this is Beta adj rsquare of DVN and the value is -0.037336708718998635:
this is Beta adj rsquare of HD and the value is 0.3896732418900102:
this is Beta adj rsquare of INTC and the value is 0.31634690246621533:
14
12
14
['AAPL', 'PG', 'VZ', 'AMAT', 'MSFT', 'JNJ', 'V', 'MA', 'TRGP', 'OKE', 'SON', 'DVN', 'HD', 'INTC']
date now X_standardizedis: 2012-12-31
this is adj rsquare: 0.6141328204393395
12
date now X_standardizedis: 2013-03-31
this is adj rsquare: -0.2350079013785753
12
date now X_standardizedis: 2013-06-30
this is adj rsquare: 0.8699415812361717
12
date now X_standardizedis: 2013-09-30
this is adj rsquare: 0.8463565515263322
12
date now X_standardizedis: 2013-12-31
this is adj rsquare: 0.807774258062113
12
date now X_standardizedis: 2014-03-31
this is adj rsquare: 0.03809065142859014
12
date now X_standardizedis: 2014-06-30
this is adj rsquare: 0.10217330502723199
12
date now X_standardizedis: 2014-09-30
this is adj rsquare: -0.2727184579305433
12
date now X_standardizedis: 2014-12-31
this is adj rsquare: 0.07213261085065326
12
date now X_standardizedis: 2015-03-31
this is adj rsquare: -0.18960473265547173
12
date now X_standardizedis: 2015-06-30
this is adj rsquare: 0.6478980544624682
12
date now X_standardizedis: 2015-09-30
this is adj rsquare: 0.7829101443736634
12
date now X_standardizedis: 2015-12-31
this is adj rsquare: -0.5607538431833983
12
date now X_standardizedis: 2016-03-31
this is adj rsquare: 0.7552056320109632
12
date now X_standardizedis: 2016-06-30
this is adj rsquare: 0.8862371768976878
12
date now X_standardizedis: 2016-09-30
this is adj rsquare: -0.0139452008079064
12
date now X_standardizedis: 2016-12-31
this is adj rsquare: -1.381121521393898
12
date now X_standardizedis: 2017-03-31
this is adj rsquare: -0.1270423880039815
12
date now X_standardizedis: 2017-06-30
this is adj rsquare: 0.4711880251802911
12
date now X_standardizedis: 2017-09-30
this is adj rsquare: 0.1646781790895392
12
date now X_standardizedis: 2017-12-31
this is adj rsquare: 0.7274025105251585
12
date now X_standardizedis: 2018-03-31
this is adj rsquare: 0.30523966238510014
12
date now X_standardizedis: 2018-06-30
this is adj rsquare: 0.8418776653178475
12
date now X_standardizedis: 2018-09-30
this is adj rsquare: 0.2100072553244785
12
date now X_standardizedis: 2018-12-31
this is adj rsquare: 0.6601643798317641
12
date now X_standardizedis: 2019-03-31
this is adj rsquare: -0.7878168630281412
12
date now X_standardizedis: 2019-06-30
this is adj rsquare: 0.674400540606888
12
date now X_standardizedis: 2019-09-30
this is adj rsquare: 0.7138267503628717
12
date now X_standardizedis: 2019-12-31
this is adj rsquare: 0.5858828096325384
12
date now X_standardizedis: 2020-03-31
this is adj rsquare: 0.9751069030933454
12
date now X_standardizedis: 2020-06-30
this is adj rsquare: 0.1314170893863571
12
date now X_standardizedis: 2020-09-30
this is adj rsquare: 0.7438917270367663
12
12
32
T-values: {'Constant': 1.9652571671756052, 'Price/Earnings': -0.7518073807441289, 'Price/Book Value': 0.4898972872038555, 'Return on Assets': 0.8231624854440459, 'Return on Equity ': 0.2836420626782584, 'Free Cash Flow per Share': -1.6344371782866531, 'Price/Cash Flow': 0.799765785717806, 'Dividend Yield (%)': 0.7730365800266245, 'Enterprise Value/EBIT': 0.4690482500898912, 'Enterprise Value/EBITDA': 0.6547697348087903, 'Dividend Payout Ratio (%)': -0.473328598213091, '8': 0.28075131307820794}
P-values: {'Constant': 0.058399212359508734, 'Price/Earnings': 0.45783726011294257, 'Price/Book Value': 0.627655791837161, 'Return on Assets': 0.41670331183838205, 'Return on Equity ': 0.7785704881987766, 'Free Cash Flow per Share': 0.11228317569478553, 'Price/Cash Flow': 0.4299326287261227, 'Dividend Yield (%)': 0.4453554185590628, 'Enterprise Value/EBIT': 0.6423172498776382, 'Enterprise Value/EBITDA': 0.5174452036149313, 'Dividend Payout Ratio (%)': 0.6392950123472393, '8': 0.780766431773393}
{'Constant': 0.036185566584815365, 'Price/Earnings': -0.021906691249537518, 'Price/Book Value': 0.011178810123811585, 'Return on Assets': 0.010933115800435505, 'Return on Equity ': 0.009550718465139319, 'Free Cash Flow per Share': -0.018181589505783646, 'Price/Cash Flow': 0.017522239529747782, 'Dividend Yield (%)': 0.010693475063797548, 'Enterprise Value/EBIT': 0.03292675592000638, 'Enterprise Value/EBITDA': 0.04824646042313529, 'Dividend Payout Ratio (%)': -0.012879043613688539, '8': 0.0070987237162863275}
this is the average adj r-square: 0.3143726679908202
this is the median adj r-square: 0.5285354174064147
