Namespace(end_date='2017-12-31', feature_names='Price/Earnings,Price/Book Value,Return on Assets,Return on Equity ,Free Cash Flow per Share,Price/Cash Flow,Dividend Yield (%),Enterprise Value/EBIT,Enterprise Value/EBITDA,Dividend Payout Ratio (%)', new_feature='2', path_to_file='./', start_date='2013-01-31', y='Return')
AAPL
this is Beta adj rsquare of AAPL and the value is 0.04578237291910092:
MSFT
this is Beta adj rsquare of MSFT and the value is -0.011112930236073515:
AMZN
AMZN
AMZN
this is Beta adj rsquare of AMZN and the value is 0.155131421170143:
GOOGL
GOOGL
GOOGL
this is Beta adj rsquare of GOOGL and the value is 0.10480560196773825:
JNJ
this is Beta adj rsquare of JNJ and the value is -0.03376801652238193:
V
this is Beta adj rsquare of V and the value is -0.022539460685341517:
PG
this is Beta adj rsquare of PG and the value is 0.019186509130842966:
JPM
JPM
JPM
JPM
this is Beta adj rsquare of JPM and the value is -0.019548925093901826:
UNH
UNH
UNH
UNH
this is Beta adj rsquare of UNH and the value is -0.0255881630075514:
MA
this is Beta adj rsquare of MA and the value is 0.04609984334935968:
JLL
JLL
this is Beta adj rsquare of JLL and the value is 0.014320439215095404:
TRGP
this is Beta adj rsquare of TRGP and the value is 0.10727058385823784:
FTI
FTI
FTI
this is Beta adj rsquare of FTI and the value is -0.011247415152373152:
OKE
this is Beta adj rsquare of OKE and the value is 0.16101922533616297:
SON
this is Beta adj rsquare of SON and the value is 0.07570283315615967:
DVN
this is Beta adj rsquare of DVN and the value is -0.03360566876949633:
['AAPL', 'MSFT', 'AMZN', 'GOOGL', 'JNJ', 'V', 'PG', 'JPM', 'UNH', 'MA', 'JLL', 'TRGP', 'FTI', 'OKE', 'SON', 'DVN']
['2012-12-31', '2013-01-31', '2013-02-28', '2013-03-31', '2013-04-30', '2013-05-31', '2013-06-30', '2013-07-31', '2013-08-31', '2013-09-30', '2013-10-31', '2013-11-30', '2013-12-31', '2014-01-31', '2014-02-28', '2014-03-31', '2014-04-30', '2014-05-31', '2014-06-30', '2014-07-31', '2014-08-31', '2014-09-30', '2014-10-31', '2014-11-30', '2014-12-31', '2015-01-31', '2015-02-28', '2015-03-31', '2015-04-30', '2015-05-31', '2015-06-30', '2015-07-31', '2015-08-31', '2015-09-30', '2015-10-31', '2015-11-30', '2015-12-31', '2016-01-31', '2016-02-29', '2016-03-31', '2016-04-30', '2016-05-31', '2016-06-30', '2016-07-31', '2016-08-31', '2016-09-30', '2016-10-31', '2016-11-30', '2016-12-31', '2017-01-31', '2017-02-28', '2017-03-31', '2017-04-30', '2017-05-31', '2017-06-30', '2017-07-31', '2017-08-31', '2017-09-30', '2017-10-31', '2017-11-30', '2017-12-31']
date now is: 2012-12-31
This ticker is: AAPL
This ticker is: MSFT
This ticker is: AMZN
This ticker is: GOOGL
This ticker is: JNJ
This ticker is: V
This ticker is: PG
This ticker is: JPM
This ticker is: UNH
This ticker is: MA
This ticker is: JLL
This ticker is: TRGP
This ticker is: FTI
This ticker is: OKE
This ticker is: SON
This ticker is: DVN
this is adj rsquare: 0.29292754606355953
date now is: 2013-01-31
This ticker is: AAPL
This ticker is: MSFT
This ticker is: AMZN
This ticker is: GOOGL
This ticker is: JNJ
This ticker is: V
This ticker is: PG
This ticker is: JPM
This ticker is: UNH
This ticker is: MA
This ticker is: JLL
This ticker is: TRGP
This ticker is: FTI
This ticker is: OKE
This ticker is: SON
This ticker is: DVN
this is adj rsquare: 0.014414179544102623
date now is: 2013-02-28
This ticker is: AAPL
This ticker is: MSFT
This ticker is: AMZN
This ticker is: GOOGL
This ticker is: JNJ
This ticker is: V
This ticker is: PG
This ticker is: JPM
This ticker is: UNH
This ticker is: MA
This ticker is: JLL
This ticker is: TRGP
This ticker is: FTI
This ticker is: OKE
This ticker is: SON
This ticker is: DVN
this is adj rsquare: -0.2599894034818391
date now is: 2013-03-31
This ticker is: AAPL
This ticker is: MSFT
This ticker is: AMZN
This ticker is: GOOGL
This ticker is: JNJ
This ticker is: V
This ticker is: PG
This ticker is: JPM
This ticker is: UNH
This ticker is: MA
This ticker is: JLL
This ticker is: TRGP
This ticker is: FTI
This ticker is: OKE
This ticker is: SON
This ticker is: DVN
this is adj rsquare: 0.924789775415669
date now is: 2013-04-30
This ticker is: AAPL
This ticker is: MSFT
This ticker is: AMZN
This ticker is: GOOGL
This ticker is: JNJ
This ticker is: V
This ticker is: PG
This ticker is: JPM
This ticker is: UNH
This ticker is: MA
This ticker is: JLL
This ticker is: TRGP
This ticker is: FTI
This ticker is: OKE
This ticker is: SON
This ticker is: DVN
this is adj rsquare: 0.40138181175618304
date now is: 2013-05-31
This ticker is: AAPL
This ticker is: MSFT
This ticker is: AMZN
This ticker is: GOOGL
This ticker is: JNJ
This ticker is: V
This ticker is: PG
This ticker is: JPM
This ticker is: UNH
This ticker is: MA
This ticker is: JLL
This ticker is: TRGP
This ticker is: FTI
This ticker is: OKE
This ticker is: SON
This ticker is: DVN
this is adj rsquare: 0.3178332033832484
date now is: 2013-06-30
This ticker is: AAPL
This ticker is: MSFT
This ticker is: AMZN
This ticker is: GOOGL
This ticker is: JNJ
This ticker is: V
This ticker is: PG
This ticker is: JPM
This ticker is: UNH
This ticker is: MA
This ticker is: JLL
This ticker is: TRGP
This ticker is: FTI
This ticker is: OKE
This ticker is: SON
This ticker is: DVN
this is adj rsquare: 0.741929083154107
date now is: 2013-07-31
This ticker is: AAPL
This ticker is: MSFT
This ticker is: AMZN
This ticker is: GOOGL
This ticker is: JNJ
This ticker is: V
This ticker is: PG
This ticker is: JPM
This ticker is: UNH
This ticker is: MA
This ticker is: JLL
This ticker is: TRGP
This ticker is: FTI
This ticker is: OKE
This ticker is: SON
This ticker is: DVN
this is adj rsquare: -0.5036993163636665
date now is: 2013-08-31
This ticker is: AAPL
This ticker is: MSFT
This ticker is: AMZN
This ticker is: GOOGL
This ticker is: JNJ
This ticker is: V
This ticker is: PG
This ticker is: JPM
This ticker is: UNH
This ticker is: MA
This ticker is: JLL
This ticker is: TRGP
This ticker is: FTI
This ticker is: OKE
This ticker is: SON
This ticker is: DVN
this is adj rsquare: -0.2562052344773511
date now is: 2013-09-30
This ticker is: AAPL
This ticker is: MSFT
This ticker is: AMZN
This ticker is: GOOGL
This ticker is: JNJ
This ticker is: V
This ticker is: PG
This ticker is: JPM
This ticker is: UNH
This ticker is: MA
This ticker is: JLL
This ticker is: TRGP
This ticker is: FTI
This ticker is: OKE
This ticker is: SON
This ticker is: DVN
this is adj rsquare: 0.5594164788492547
date now is: 2013-10-31
This ticker is: AAPL
This ticker is: MSFT
This ticker is: AMZN
This ticker is: GOOGL
This ticker is: JNJ
This ticker is: V
This ticker is: PG
This ticker is: JPM
This ticker is: UNH
This ticker is: MA
This ticker is: JLL
This ticker is: TRGP
This ticker is: FTI
This ticker is: OKE
This ticker is: SON
This ticker is: DVN
this is adj rsquare: 0.6665028040747953
date now is: 2013-11-30
This ticker is: AAPL
This ticker is: MSFT
This ticker is: AMZN
This ticker is: GOOGL
This ticker is: JNJ
This ticker is: V
This ticker is: PG
This ticker is: JPM
This ticker is: UNH
This ticker is: MA
This ticker is: JLL
This ticker is: TRGP
This ticker is: FTI
This ticker is: OKE
This ticker is: SON
This ticker is: DVN
this is adj rsquare: -0.13248410851479742
date now is: 2013-12-31
This ticker is: AAPL
This ticker is: MSFT
This ticker is: AMZN
This ticker is: GOOGL
This ticker is: JNJ
This ticker is: V
This ticker is: PG
This ticker is: JPM
This ticker is: UNH
This ticker is: MA
This ticker is: JLL
This ticker is: TRGP
This ticker is: FTI
This ticker is: OKE
This ticker is: SON
This ticker is: DVN
this is adj rsquare: 0.6722021884163418
date now is: 2014-01-31
This ticker is: AAPL
This ticker is: MSFT
This ticker is: AMZN
This ticker is: GOOGL
This ticker is: JNJ
This ticker is: V
This ticker is: PG
This ticker is: JPM
This ticker is: UNH
This ticker is: MA
This ticker is: JLL
This ticker is: TRGP
This ticker is: FTI
This ticker is: OKE
This ticker is: SON
This ticker is: DVN
this is adj rsquare: 0.31772724865864266
date now is: 2014-02-28
This ticker is: AAPL
This ticker is: MSFT
This ticker is: AMZN
This ticker is: GOOGL
This ticker is: JNJ
This ticker is: V
This ticker is: PG
This ticker is: JPM
This ticker is: UNH
This ticker is: MA
This ticker is: JLL
This ticker is: TRGP
This ticker is: FTI
This ticker is: OKE
This ticker is: SON
This ticker is: DVN
this is adj rsquare: 0.34646726541875095
date now is: 2014-03-31
This ticker is: AAPL
This ticker is: MSFT
This ticker is: AMZN
This ticker is: GOOGL
This ticker is: JNJ
This ticker is: V
This ticker is: PG
This ticker is: JPM
This ticker is: UNH
This ticker is: MA
This ticker is: JLL
This ticker is: TRGP
This ticker is: FTI
This ticker is: OKE
This ticker is: SON
This ticker is: DVN
this is adj rsquare: -0.528534268836931
date now is: 2014-04-30
This ticker is: AAPL
This ticker is: MSFT
This ticker is: AMZN
This ticker is: GOOGL
This ticker is: JNJ
This ticker is: V
This ticker is: PG
This ticker is: JPM
This ticker is: UNH
This ticker is: MA
This ticker is: JLL
This ticker is: TRGP
This ticker is: FTI
This ticker is: OKE
This ticker is: SON
This ticker is: DVN
this is adj rsquare: -0.9952480182618102
date now is: 2014-05-31
This ticker is: AAPL
This ticker is: MSFT
This ticker is: AMZN
This ticker is: GOOGL
This ticker is: JNJ
This ticker is: V
This ticker is: PG
This ticker is: JPM
This ticker is: UNH
This ticker is: MA
This ticker is: JLL
This ticker is: TRGP
This ticker is: FTI
This ticker is: OKE
This ticker is: SON
This ticker is: DVN
this is adj rsquare: -0.7432869535094895
date now is: 2014-06-30
This ticker is: AAPL
This ticker is: MSFT
This ticker is: AMZN
This ticker is: GOOGL
This ticker is: JNJ
This ticker is: V
This ticker is: PG
This ticker is: JPM
This ticker is: UNH
This ticker is: MA
This ticker is: JLL
This ticker is: TRGP
This ticker is: FTI
This ticker is: OKE
This ticker is: SON
This ticker is: DVN
this is adj rsquare: 0.7111800785283925
date now is: 2014-07-31
This ticker is: AAPL
This ticker is: MSFT
This ticker is: AMZN
This ticker is: GOOGL
This ticker is: JNJ
This ticker is: V
This ticker is: PG
This ticker is: JPM
This ticker is: UNH
This ticker is: MA
This ticker is: JLL
This ticker is: TRGP
This ticker is: FTI
This ticker is: OKE
This ticker is: SON
This ticker is: DVN
this is adj rsquare: -0.01678590541087077
date now is: 2014-08-31
This ticker is: AAPL
This ticker is: MSFT
This ticker is: AMZN
This ticker is: GOOGL
This ticker is: JNJ
This ticker is: V
This ticker is: PG
This ticker is: JPM
This ticker is: UNH
This ticker is: MA
This ticker is: JLL
This ticker is: TRGP
This ticker is: FTI
This ticker is: OKE
This ticker is: SON
This ticker is: DVN
this is adj rsquare: 0.7804759631516429
date now is: 2014-09-30
This ticker is: AAPL
This ticker is: MSFT
This ticker is: AMZN
This ticker is: GOOGL
This ticker is: JNJ
This ticker is: V
This ticker is: PG
This ticker is: JPM
This ticker is: UNH
This ticker is: MA
This ticker is: JLL
This ticker is: TRGP
This ticker is: FTI
This ticker is: OKE
This ticker is: SON
This ticker is: DVN
this is adj rsquare: 0.225908637353736
date now is: 2014-10-31
This ticker is: AAPL
This ticker is: MSFT
This ticker is: AMZN
This ticker is: GOOGL
This ticker is: JNJ
This ticker is: V
This ticker is: PG
This ticker is: JPM
This ticker is: UNH
This ticker is: MA
This ticker is: JLL
This ticker is: TRGP
This ticker is: FTI
This ticker is: OKE
This ticker is: SON
This ticker is: DVN
this is adj rsquare: 0.34076619429421706
date now is: 2014-11-30
This ticker is: AAPL
This ticker is: MSFT
This ticker is: AMZN
This ticker is: GOOGL
This ticker is: JNJ
This ticker is: V
This ticker is: PG
This ticker is: JPM
This ticker is: UNH
This ticker is: MA
This ticker is: JLL
This ticker is: TRGP
This ticker is: FTI
This ticker is: OKE
This ticker is: SON
This ticker is: DVN
this is adj rsquare: 0.7327401867804096
date now is: 2014-12-31
This ticker is: AAPL
This ticker is: MSFT
This ticker is: AMZN
This ticker is: GOOGL
This ticker is: JNJ
This ticker is: V
This ticker is: PG
This ticker is: JPM
This ticker is: UNH
This ticker is: MA
This ticker is: JLL
This ticker is: TRGP
This ticker is: FTI
This ticker is: OKE
This ticker is: SON
This ticker is: DVN
this is adj rsquare: 0.6371282137449086
date now is: 2015-01-31
This ticker is: AAPL
This ticker is: MSFT
This ticker is: AMZN
This ticker is: GOOGL
This ticker is: JNJ
This ticker is: V
This ticker is: PG
This ticker is: JPM
This ticker is: UNH
This ticker is: MA
This ticker is: JLL
This ticker is: TRGP
This ticker is: FTI
This ticker is: OKE
This ticker is: SON
This ticker is: DVN
this is adj rsquare: 0.12832025545718673
date now is: 2015-02-28
This ticker is: AAPL
This ticker is: MSFT
This ticker is: AMZN
This ticker is: GOOGL
This ticker is: JNJ
This ticker is: V
This ticker is: PG
This ticker is: JPM
This ticker is: UNH
This ticker is: MA
This ticker is: JLL
This ticker is: TRGP
This ticker is: FTI
This ticker is: OKE
This ticker is: SON
This ticker is: DVN
this is adj rsquare: 0.12956769338412533
date now is: 2015-03-31
This ticker is: AAPL
This ticker is: MSFT
This ticker is: AMZN
This ticker is: GOOGL
This ticker is: JNJ
This ticker is: V
This ticker is: PG
This ticker is: JPM
This ticker is: UNH
This ticker is: MA
This ticker is: JLL
This ticker is: TRGP
This ticker is: FTI
This ticker is: OKE
This ticker is: SON
This ticker is: DVN
this is adj rsquare: 0.7559286534547506
date now is: 2015-04-30
This ticker is: AAPL
This ticker is: MSFT
This ticker is: AMZN
This ticker is: GOOGL
This ticker is: JNJ
This ticker is: V
This ticker is: PG
This ticker is: JPM
This ticker is: UNH
This ticker is: MA
This ticker is: JLL
This ticker is: TRGP
This ticker is: FTI
This ticker is: OKE
This ticker is: SON
This ticker is: DVN
this is adj rsquare: 0.1330498374108362
date now is: 2015-05-31
This ticker is: AAPL
This ticker is: MSFT
This ticker is: AMZN
This ticker is: GOOGL
This ticker is: JNJ
This ticker is: V
This ticker is: PG
This ticker is: JPM
This ticker is: UNH
This ticker is: MA
This ticker is: JLL
This ticker is: TRGP
This ticker is: FTI
This ticker is: OKE
This ticker is: SON
This ticker is: DVN
this is adj rsquare: -0.4392745906319946
date now is: 2015-06-30
This ticker is: AAPL
This ticker is: MSFT
This ticker is: AMZN
This ticker is: GOOGL
This ticker is: JNJ
This ticker is: V
This ticker is: PG
This ticker is: JPM
This ticker is: UNH
This ticker is: MA
This ticker is: JLL
This ticker is: TRGP
This ticker is: FTI
This ticker is: OKE
This ticker is: SON
This ticker is: DVN
this is adj rsquare: 0.8018204879134034
date now is: 2015-07-31
This ticker is: AAPL
This ticker is: MSFT
This ticker is: AMZN
This ticker is: GOOGL
This ticker is: JNJ
This ticker is: V
This ticker is: PG
This ticker is: JPM
This ticker is: UNH
This ticker is: MA
This ticker is: JLL
This ticker is: TRGP
This ticker is: FTI
This ticker is: OKE
This ticker is: SON
This ticker is: DVN
this is adj rsquare: 0.6372024193088088
date now is: 2015-08-31
This ticker is: AAPL
This ticker is: MSFT
This ticker is: AMZN
This ticker is: GOOGL
This ticker is: JNJ
This ticker is: V
This ticker is: PG
This ticker is: JPM
This ticker is: UNH
This ticker is: MA
This ticker is: JLL
This ticker is: TRGP
This ticker is: FTI
This ticker is: OKE
This ticker is: SON
This ticker is: DVN
this is adj rsquare: -0.11854729522710317
date now is: 2015-09-30
This ticker is: AAPL
This ticker is: MSFT
This ticker is: AMZN
This ticker is: GOOGL
This ticker is: JNJ
This ticker is: V
This ticker is: PG
This ticker is: JPM
This ticker is: UNH
This ticker is: MA
This ticker is: JLL
This ticker is: TRGP
This ticker is: FTI
This ticker is: OKE
This ticker is: SON
This ticker is: DVN
this is adj rsquare: 0.47629878236781675
date now is: 2015-10-31
This ticker is: AAPL
This ticker is: MSFT
This ticker is: AMZN
This ticker is: GOOGL
This ticker is: JNJ
This ticker is: V
This ticker is: PG
This ticker is: JPM
This ticker is: UNH
This ticker is: MA
This ticker is: JLL
This ticker is: TRGP
This ticker is: FTI
This ticker is: OKE
This ticker is: SON
This ticker is: DVN
this is adj rsquare: -0.2422577337439784
date now is: 2015-11-30
This ticker is: AAPL
This ticker is: MSFT
This ticker is: AMZN
This ticker is: GOOGL
This ticker is: JNJ
This ticker is: V
This ticker is: PG
This ticker is: JPM
This ticker is: UNH
This ticker is: MA
This ticker is: JLL
This ticker is: TRGP
This ticker is: FTI
This ticker is: OKE
This ticker is: SON
This ticker is: DVN
this is adj rsquare: 0.1551126394491702
date now is: 2015-12-31
This ticker is: AAPL
This ticker is: MSFT
This ticker is: AMZN
This ticker is: GOOGL
This ticker is: JNJ
This ticker is: V
This ticker is: PG
This ticker is: JPM
This ticker is: UNH
This ticker is: MA
This ticker is: JLL
This ticker is: TRGP
This ticker is: FTI
This ticker is: OKE
This ticker is: SON
This ticker is: DVN
this is adj rsquare: 0.6194029239161596
date now is: 2016-01-31
This ticker is: AAPL
This ticker is: MSFT
This ticker is: AMZN
This ticker is: GOOGL
This ticker is: JNJ
This ticker is: V
This ticker is: PG
This ticker is: JPM
This ticker is: UNH
This ticker is: MA
This ticker is: JLL
This ticker is: TRGP
This ticker is: FTI
This ticker is: OKE
This ticker is: SON
This ticker is: DVN
this is adj rsquare: -0.37836258347624807
date now is: 2016-02-29
This ticker is: AAPL
This ticker is: MSFT
This ticker is: AMZN
This ticker is: GOOGL
This ticker is: JNJ
This ticker is: V
This ticker is: PG
This ticker is: JPM
This ticker is: UNH
This ticker is: MA
This ticker is: JLL
This ticker is: TRGP
This ticker is: FTI
This ticker is: OKE
This ticker is: SON
This ticker is: DVN
this is adj rsquare: 0.6433540852053727
date now is: 2016-03-31
This ticker is: AAPL
This ticker is: MSFT
This ticker is: AMZN
This ticker is: GOOGL
This ticker is: JNJ
This ticker is: V
This ticker is: PG
This ticker is: JPM
This ticker is: UNH
This ticker is: MA
This ticker is: JLL
This ticker is: TRGP
This ticker is: FTI
This ticker is: OKE
This ticker is: SON
This ticker is: DVN
this is adj rsquare: 0.76739513697056
date now is: 2016-04-30
This ticker is: AAPL
This ticker is: MSFT
This ticker is: AMZN
This ticker is: GOOGL
This ticker is: JNJ
This ticker is: V
This ticker is: PG
This ticker is: JPM
This ticker is: UNH
This ticker is: MA
This ticker is: JLL
This ticker is: TRGP
This ticker is: FTI
This ticker is: OKE
This ticker is: SON
This ticker is: DVN
this is adj rsquare: 0.19682073530779132
date now is: 2016-05-31
This ticker is: AAPL
This ticker is: MSFT
This ticker is: AMZN
This ticker is: GOOGL
This ticker is: JNJ
This ticker is: V
This ticker is: PG
This ticker is: JPM
This ticker is: UNH
This ticker is: MA
This ticker is: JLL
This ticker is: TRGP
This ticker is: FTI
This ticker is: OKE
This ticker is: SON
This ticker is: DVN
this is adj rsquare: 0.3966943984241138
date now is: 2016-06-30
This ticker is: AAPL
This ticker is: MSFT
This ticker is: AMZN
This ticker is: GOOGL
This ticker is: JNJ
This ticker is: V
This ticker is: PG
This ticker is: JPM
This ticker is: UNH
This ticker is: MA
This ticker is: JLL
This ticker is: TRGP
This ticker is: FTI
This ticker is: OKE
This ticker is: SON
This ticker is: DVN
this is adj rsquare: 0.4954466907850661
date now is: 2016-07-31
This ticker is: AAPL
This ticker is: MSFT
This ticker is: AMZN
This ticker is: GOOGL
This ticker is: JNJ
This ticker is: V
This ticker is: PG
This ticker is: JPM
This ticker is: UNH
This ticker is: MA
This ticker is: JLL
This ticker is: TRGP
This ticker is: FTI
This ticker is: OKE
This ticker is: SON
This ticker is: DVN
this is adj rsquare: 0.9203321756600809
date now is: 2016-08-31
This ticker is: AAPL
This ticker is: MSFT
This ticker is: AMZN
This ticker is: GOOGL
This ticker is: JNJ
This ticker is: V
This ticker is: PG
This ticker is: JPM
This ticker is: UNH
This ticker is: MA
This ticker is: JLL
This ticker is: TRGP
This ticker is: FTI
This ticker is: OKE
This ticker is: SON
This ticker is: DVN
this is adj rsquare: -0.678332842662658
date now is: 2016-09-30
This ticker is: AAPL
This ticker is: MSFT
This ticker is: AMZN
This ticker is: GOOGL
This ticker is: JNJ
This ticker is: V
This ticker is: PG
This ticker is: JPM
This ticker is: UNH
This ticker is: MA
This ticker is: JLL
This ticker is: TRGP
This ticker is: FTI
This ticker is: OKE
This ticker is: SON
This ticker is: DVN
this is adj rsquare: 0.45492346858501354
date now is: 2016-10-31
This ticker is: AAPL
This ticker is: MSFT
This ticker is: AMZN
This ticker is: GOOGL
This ticker is: JNJ
This ticker is: V
This ticker is: PG
This ticker is: JPM
This ticker is: UNH
This ticker is: MA
This ticker is: JLL
This ticker is: TRGP
This ticker is: FTI
This ticker is: OKE
This ticker is: SON
This ticker is: DVN
this is adj rsquare: -0.15038196490699596
date now is: 2016-11-30
This ticker is: AAPL
This ticker is: MSFT
This ticker is: AMZN
This ticker is: GOOGL
This ticker is: JNJ
This ticker is: V
This ticker is: PG
This ticker is: JPM
This ticker is: UNH
This ticker is: MA
This ticker is: JLL
This ticker is: TRGP
This ticker is: FTI
This ticker is: OKE
This ticker is: SON
This ticker is: DVN
this is adj rsquare: -0.28450573885451
date now is: 2016-12-31
This ticker is: AAPL
This ticker is: MSFT
This ticker is: AMZN
This ticker is: GOOGL
This ticker is: JNJ
This ticker is: V
This ticker is: PG
This ticker is: JPM
This ticker is: UNH
This ticker is: MA
This ticker is: JLL
This ticker is: TRGP
This ticker is: FTI
This ticker is: OKE
This ticker is: SON
This ticker is: DVN
this is adj rsquare: 0.6850650564079164
date now is: 2017-01-31
This ticker is: AAPL
This ticker is: MSFT
This ticker is: AMZN
This ticker is: GOOGL
This ticker is: JNJ
This ticker is: V
This ticker is: PG
This ticker is: JPM
This ticker is: UNH
This ticker is: MA
This ticker is: JLL
This ticker is: TRGP
This ticker is: FTI
This ticker is: OKE
This ticker is: SON
This ticker is: DVN
this is adj rsquare: 0.5069205822574763
date now is: 2017-02-28
This ticker is: AAPL
This ticker is: MSFT
This ticker is: AMZN
This ticker is: GOOGL
This ticker is: JNJ
This ticker is: V
This ticker is: PG
This ticker is: JPM
This ticker is: UNH
This ticker is: MA
This ticker is: JLL
This ticker is: TRGP
This ticker is: FTI
This ticker is: OKE
This ticker is: SON
This ticker is: DVN
this is adj rsquare: -0.9035644631520994
date now is: 2017-03-31
This ticker is: AAPL
This ticker is: MSFT
This ticker is: AMZN
This ticker is: GOOGL
This ticker is: JNJ
This ticker is: V
This ticker is: PG
This ticker is: JPM
This ticker is: UNH
This ticker is: MA
This ticker is: JLL
This ticker is: TRGP
This ticker is: FTI
This ticker is: OKE
This ticker is: SON
This ticker is: DVN
this is adj rsquare: 0.26922952599911043
date now is: 2017-04-30
This ticker is: AAPL
This ticker is: MSFT
This ticker is: AMZN
This ticker is: GOOGL
This ticker is: JNJ
This ticker is: V
This ticker is: PG
This ticker is: JPM
This ticker is: UNH
This ticker is: MA
This ticker is: JLL
This ticker is: TRGP
This ticker is: FTI
This ticker is: OKE
This ticker is: SON
This ticker is: DVN
this is adj rsquare: 0.6825572294167597
date now is: 2017-05-31
This ticker is: AAPL
This ticker is: MSFT
This ticker is: AMZN
This ticker is: GOOGL
This ticker is: JNJ
This ticker is: V
This ticker is: PG
This ticker is: JPM
This ticker is: UNH
This ticker is: MA
This ticker is: JLL
This ticker is: TRGP
This ticker is: FTI
This ticker is: OKE
This ticker is: SON
This ticker is: DVN
this is adj rsquare: -0.3193888223943637
date now is: 2017-06-30
This ticker is: AAPL
This ticker is: MSFT
This ticker is: AMZN
This ticker is: GOOGL
This ticker is: JNJ
This ticker is: V
This ticker is: PG
This ticker is: JPM
This ticker is: UNH
This ticker is: MA
This ticker is: JLL
This ticker is: TRGP
This ticker is: FTI
This ticker is: OKE
This ticker is: SON
This ticker is: DVN
this is adj rsquare: 0.7223978701923701
date now is: 2017-07-31
This ticker is: AAPL
This ticker is: MSFT
This ticker is: AMZN
This ticker is: GOOGL
This ticker is: JNJ
This ticker is: V
This ticker is: PG
This ticker is: JPM
This ticker is: UNH
This ticker is: MA
This ticker is: JLL
This ticker is: TRGP
This ticker is: FTI
This ticker is: OKE
This ticker is: SON
This ticker is: DVN
this is adj rsquare: 0.8979437997494479
date now is: 2017-08-31
This ticker is: AAPL
This ticker is: MSFT
This ticker is: AMZN
This ticker is: GOOGL
This ticker is: JNJ
This ticker is: V
This ticker is: PG
This ticker is: JPM
This ticker is: UNH
This ticker is: MA
This ticker is: JLL
This ticker is: TRGP
This ticker is: FTI
This ticker is: OKE
This ticker is: SON
This ticker is: DVN
this is adj rsquare: 0.6770218487091637
date now is: 2017-09-30
This ticker is: AAPL
This ticker is: MSFT
This ticker is: AMZN
This ticker is: GOOGL
This ticker is: JNJ
This ticker is: V
This ticker is: PG
This ticker is: JPM
This ticker is: UNH
This ticker is: MA
This ticker is: JLL
This ticker is: TRGP
This ticker is: FTI
This ticker is: OKE
This ticker is: SON
This ticker is: DVN
this is adj rsquare: 0.9047310161250335
date now is: 2017-10-31
This ticker is: AAPL
This ticker is: MSFT
This ticker is: AMZN
This ticker is: GOOGL
This ticker is: JNJ
This ticker is: V
This ticker is: PG
This ticker is: JPM
This ticker is: UNH
This ticker is: MA
This ticker is: JLL
This ticker is: TRGP
This ticker is: FTI
This ticker is: OKE
This ticker is: SON
This ticker is: DVN
this is adj rsquare: 0.23988967533655892
date now is: 2017-11-30
This ticker is: AAPL
This ticker is: MSFT
This ticker is: AMZN
This ticker is: GOOGL
This ticker is: JNJ
This ticker is: V
This ticker is: PG
This ticker is: JPM
This ticker is: UNH
This ticker is: MA
This ticker is: JLL
This ticker is: TRGP
This ticker is: FTI
This ticker is: OKE
This ticker is: SON
This ticker is: DVN
this is adj rsquare: 0.5548754438473754
T-values: {'Constant': 2.894908842367396, 'Price/Earnings': 0.1610920794254731, 'Price/Book Value': -0.9990611759184759, 'Return on Assets': -0.31887252771279523, 'Return on Equity ': -0.14992155090757642, 'Free Cash Flow per Share': -0.426093666208799, 'Price/Cash Flow': 0.5435621904451635, 'Dividend Yield (%)': 1.909206382547469, 'Enterprise Value/EBIT': -0.03280710762972568, 'Enterprise Value/EBITDA': 0.1692053600859972, 'Dividend Payout Ratio (%)': 0.1977163125991095, '2': 1.029053541092028}
P-values: {'Constant': 0.00530951290723029, 'Price/Earnings': 0.8725712253781741, 'Price/Book Value': 0.32184500388461457, 'Return on Assets': 0.7509493526645141, 'Return on Equity ': 0.8813378489789118, 'Free Cash Flow per Share': 0.6715901080868786, 'Price/Cash Flow': 0.5887908309134892, 'Dividend Yield (%)': 0.06110234111982431, 'Enterprise Value/EBIT': 0.9739391460575604, 'Enterprise Value/EBITDA': 0.8662139099934548, 'Dividend Payout Ratio (%)': 0.8439466514779268, '2': 0.3076548211565773}
{'Constant': 0.013536150363899149, 'Price/Earnings': 0.0058855960974154445, 'Price/Book Value': -0.00666271827925745, 'Return on Assets': -0.0021048792383864647, 'Return on Equity ': -0.0014497980757186095, 'Free Cash Flow per Share': -0.009162376240280106, 'Price/Cash Flow': 0.00993322844083936, 'Dividend Yield (%)': 0.01420469300876555, 'Enterprise Value/EBIT': -0.0009260007807399234, 'Enterprise Value/EBITDA': 0.005608760037463505, 'Dividend Payout Ratio (%)': 0.007414101128670872, '2': 0.009935335553018027}
this is the average adj r-square: 0.2597540674387121
