Namespace(end_date='2017-12-31', feature_names='Price/Earnings,Price/Book Value,Return on Assets,Return on Equity ,Free Cash Flow per Share,Price/Cash Flow,Dividend Yield (%),Enterprise Value/EBIT,Enterprise Value/EBITDA,Dividend Payout Ratio (%)', new_feature='3', path_to_file='./', start_date='2013-01-31', y='Return')
AAPL
this is Beta adj rsquare of AAPL and the value is 0.044852045393379725:
MSFT
this is Beta adj rsquare of MSFT and the value is -0.010584678726192731:
AMZN
AMZN
AMZN
this is Beta adj rsquare of AMZN and the value is 0.13629755174408553:
GOOGL
GOOGL
GOOGL
this is Beta adj rsquare of GOOGL and the value is 0.10133743250802274:
JNJ
this is Beta adj rsquare of JNJ and the value is -0.03543486146492847:
V
this is Beta adj rsquare of V and the value is -0.022521306539108554:
PG
this is Beta adj rsquare of PG and the value is 0.020054375484471643:
JPM
JPM
JPM
JPM
this is Beta adj rsquare of JPM and the value is -0.010821950953627812:
UNH
UNH
UNH
UNH
this is Beta adj rsquare of UNH and the value is -0.025838487350481776:
MA
this is Beta adj rsquare of MA and the value is 0.03584798322763516:
JLL
JLL
this is Beta adj rsquare of JLL and the value is 0.020683280988902375:
TRGP
this is Beta adj rsquare of TRGP and the value is 0.1072154467562445:
FTI
FTI
FTI
this is Beta adj rsquare of FTI and the value is -0.011247415152372708:
OKE
this is Beta adj rsquare of OKE and the value is 0.14358025784261097:
SON
this is Beta adj rsquare of SON and the value is 0.07534218582396546:
DVN
this is Beta adj rsquare of DVN and the value is -0.02968057365221277:
['AAPL', 'MSFT', 'AMZN', 'GOOGL', 'JNJ', 'V', 'PG', 'JPM', 'UNH', 'MA', 'JLL', 'TRGP', 'FTI', 'OKE', 'SON', 'DVN']
['2012-12-31', '2013-01-31', '2013-02-28', '2013-03-31', '2013-04-30', '2013-05-31', '2013-06-30', '2013-07-31', '2013-08-31', '2013-09-30', '2013-10-31', '2013-11-30', '2013-12-31', '2014-01-31', '2014-02-28', '2014-03-31', '2014-04-30', '2014-05-31', '2014-06-30', '2014-07-31', '2014-08-31', '2014-09-30', '2014-10-31', '2014-11-30', '2014-12-31', '2015-01-31', '2015-02-28', '2015-03-31', '2015-04-30', '2015-05-31', '2015-06-30', '2015-07-31', '2015-08-31', '2015-09-30', '2015-10-31', '2015-11-30', '2015-12-31', '2016-01-31', '2016-02-29', '2016-03-31', '2016-04-30', '2016-05-31', '2016-06-30', '2016-07-31', '2016-08-31', '2016-09-30', '2016-10-31', '2016-11-30', '2016-12-31', '2017-01-31', '2017-02-28', '2017-03-31', '2017-04-30', '2017-05-31', '2017-06-30', '2017-07-31', '2017-08-31', '2017-09-30', '2017-10-31', '2017-11-30', '2017-12-31']
date now is: 2012-12-31
This ticker is: AAPL
This ticker is: MSFT
This ticker is: AMZN
This ticker is: GOOGL
This ticker is: JNJ
This ticker is: V
This ticker is: PG
This ticker is: JPM
This ticker is: UNH
This ticker is: MA
This ticker is: JLL
This ticker is: TRGP
This ticker is: FTI
This ticker is: OKE
This ticker is: SON
This ticker is: DVN
this is adj rsquare: 0.33608588497389347
date now is: 2013-01-31
This ticker is: AAPL
This ticker is: MSFT
This ticker is: AMZN
This ticker is: GOOGL
This ticker is: JNJ
This ticker is: V
This ticker is: PG
This ticker is: JPM
This ticker is: UNH
This ticker is: MA
This ticker is: JLL
This ticker is: TRGP
This ticker is: FTI
This ticker is: OKE
This ticker is: SON
This ticker is: DVN
this is adj rsquare: 0.22154267173584608
date now is: 2013-02-28
This ticker is: AAPL
This ticker is: MSFT
This ticker is: AMZN
This ticker is: GOOGL
This ticker is: JNJ
This ticker is: V
This ticker is: PG
This ticker is: JPM
This ticker is: UNH
This ticker is: MA
This ticker is: JLL
This ticker is: TRGP
This ticker is: FTI
This ticker is: OKE
This ticker is: SON
This ticker is: DVN
this is adj rsquare: 0.1768425442679301
date now is: 2013-03-31
This ticker is: AAPL
This ticker is: MSFT
This ticker is: AMZN
This ticker is: GOOGL
This ticker is: JNJ
This ticker is: V
This ticker is: PG
This ticker is: JPM
This ticker is: UNH
This ticker is: MA
This ticker is: JLL
This ticker is: TRGP
This ticker is: FTI
This ticker is: OKE
This ticker is: SON
This ticker is: DVN
this is adj rsquare: 0.8937121841240606
date now is: 2013-04-30
This ticker is: AAPL
This ticker is: MSFT
This ticker is: AMZN
This ticker is: GOOGL
This ticker is: JNJ
This ticker is: V
This ticker is: PG
This ticker is: JPM
This ticker is: UNH
This ticker is: MA
This ticker is: JLL
This ticker is: TRGP
This ticker is: FTI
This ticker is: OKE
This ticker is: SON
This ticker is: DVN
this is adj rsquare: 0.62521363133669
date now is: 2013-05-31
This ticker is: AAPL
This ticker is: MSFT
This ticker is: AMZN
This ticker is: GOOGL
This ticker is: JNJ
This ticker is: V
This ticker is: PG
This ticker is: JPM
This ticker is: UNH
This ticker is: MA
This ticker is: JLL
This ticker is: TRGP
This ticker is: FTI
This ticker is: OKE
This ticker is: SON
This ticker is: DVN
this is adj rsquare: 0.14117733644851338
date now is: 2013-06-30
This ticker is: AAPL
This ticker is: MSFT
This ticker is: AMZN
This ticker is: GOOGL
This ticker is: JNJ
This ticker is: V
This ticker is: PG
This ticker is: JPM
This ticker is: UNH
This ticker is: MA
This ticker is: JLL
This ticker is: TRGP
This ticker is: FTI
This ticker is: OKE
This ticker is: SON
This ticker is: DVN
this is adj rsquare: 0.6341901991465845
date now is: 2013-07-31
This ticker is: AAPL
This ticker is: MSFT
This ticker is: AMZN
This ticker is: GOOGL
This ticker is: JNJ
This ticker is: V
This ticker is: PG
This ticker is: JPM
This ticker is: UNH
This ticker is: MA
This ticker is: JLL
This ticker is: TRGP
This ticker is: FTI
This ticker is: OKE
This ticker is: SON
This ticker is: DVN
this is adj rsquare: -0.2840990223673381
date now is: 2013-08-31
This ticker is: AAPL
This ticker is: MSFT
This ticker is: AMZN
This ticker is: GOOGL
This ticker is: JNJ
This ticker is: V
This ticker is: PG
This ticker is: JPM
This ticker is: UNH
This ticker is: MA
This ticker is: JLL
This ticker is: TRGP
This ticker is: FTI
This ticker is: OKE
This ticker is: SON
This ticker is: DVN
this is adj rsquare: -0.5799762099206376
date now is: 2013-09-30
This ticker is: AAPL
This ticker is: MSFT
This ticker is: AMZN
This ticker is: GOOGL
This ticker is: JNJ
This ticker is: V
This ticker is: PG
This ticker is: JPM
This ticker is: UNH
This ticker is: MA
This ticker is: JLL
This ticker is: TRGP
This ticker is: FTI
This ticker is: OKE
This ticker is: SON
This ticker is: DVN
this is adj rsquare: 0.48639847597122565
date now is: 2013-10-31
This ticker is: AAPL
This ticker is: MSFT
This ticker is: AMZN
This ticker is: GOOGL
This ticker is: JNJ
This ticker is: V
This ticker is: PG
This ticker is: JPM
This ticker is: UNH
This ticker is: MA
This ticker is: JLL
This ticker is: TRGP
This ticker is: FTI
This ticker is: OKE
This ticker is: SON
This ticker is: DVN
this is adj rsquare: 0.7997992093633421
date now is: 2013-11-30
This ticker is: AAPL
This ticker is: MSFT
This ticker is: AMZN
This ticker is: GOOGL
This ticker is: JNJ
This ticker is: V
This ticker is: PG
This ticker is: JPM
This ticker is: UNH
This ticker is: MA
This ticker is: JLL
This ticker is: TRGP
This ticker is: FTI
This ticker is: OKE
This ticker is: SON
This ticker is: DVN
this is adj rsquare: -0.4514724590341963
date now is: 2013-12-31
This ticker is: AAPL
This ticker is: MSFT
This ticker is: AMZN
This ticker is: GOOGL
This ticker is: JNJ
This ticker is: V
This ticker is: PG
This ticker is: JPM
This ticker is: UNH
This ticker is: MA
This ticker is: JLL
This ticker is: TRGP
This ticker is: FTI
This ticker is: OKE
This ticker is: SON
This ticker is: DVN
this is adj rsquare: 0.7592548294885864
date now is: 2014-01-31
This ticker is: AAPL
This ticker is: MSFT
This ticker is: AMZN
This ticker is: GOOGL
This ticker is: JNJ
This ticker is: V
This ticker is: PG
This ticker is: JPM
This ticker is: UNH
This ticker is: MA
This ticker is: JLL
This ticker is: TRGP
This ticker is: FTI
This ticker is: OKE
This ticker is: SON
This ticker is: DVN
this is adj rsquare: 0.2139122103759713
date now is: 2014-02-28
This ticker is: AAPL
This ticker is: MSFT
This ticker is: AMZN
This ticker is: GOOGL
This ticker is: JNJ
This ticker is: V
This ticker is: PG
This ticker is: JPM
This ticker is: UNH
This ticker is: MA
This ticker is: JLL
This ticker is: TRGP
This ticker is: FTI
This ticker is: OKE
This ticker is: SON
This ticker is: DVN
this is adj rsquare: 0.11395834972333341
date now is: 2014-03-31
This ticker is: AAPL
This ticker is: MSFT
This ticker is: AMZN
This ticker is: GOOGL
This ticker is: JNJ
This ticker is: V
This ticker is: PG
This ticker is: JPM
This ticker is: UNH
This ticker is: MA
This ticker is: JLL
This ticker is: TRGP
This ticker is: FTI
This ticker is: OKE
This ticker is: SON
This ticker is: DVN
this is adj rsquare: -0.5877356345689628
date now is: 2014-04-30
This ticker is: AAPL
This ticker is: MSFT
This ticker is: AMZN
This ticker is: GOOGL
This ticker is: JNJ
This ticker is: V
This ticker is: PG
This ticker is: JPM
This ticker is: UNH
This ticker is: MA
This ticker is: JLL
This ticker is: TRGP
This ticker is: FTI
This ticker is: OKE
This ticker is: SON
This ticker is: DVN
this is adj rsquare: -0.742728003849914
date now is: 2014-05-31
This ticker is: AAPL
This ticker is: MSFT
This ticker is: AMZN
This ticker is: GOOGL
This ticker is: JNJ
This ticker is: V
This ticker is: PG
This ticker is: JPM
This ticker is: UNH
This ticker is: MA
This ticker is: JLL
This ticker is: TRGP
This ticker is: FTI
This ticker is: OKE
This ticker is: SON
This ticker is: DVN
this is adj rsquare: -0.803031123828863
date now is: 2014-06-30
This ticker is: AAPL
This ticker is: MSFT
This ticker is: AMZN
This ticker is: GOOGL
This ticker is: JNJ
This ticker is: V
This ticker is: PG
This ticker is: JPM
This ticker is: UNH
This ticker is: MA
This ticker is: JLL
This ticker is: TRGP
This ticker is: FTI
This ticker is: OKE
This ticker is: SON
This ticker is: DVN
this is adj rsquare: 0.4911066833933213
date now is: 2014-07-31
This ticker is: AAPL
This ticker is: MSFT
This ticker is: AMZN
This ticker is: GOOGL
This ticker is: JNJ
This ticker is: V
This ticker is: PG
This ticker is: JPM
This ticker is: UNH
This ticker is: MA
This ticker is: JLL
This ticker is: TRGP
This ticker is: FTI
This ticker is: OKE
This ticker is: SON
This ticker is: DVN
this is adj rsquare: 0.012726767526430982
date now is: 2014-08-31
This ticker is: AAPL
This ticker is: MSFT
This ticker is: AMZN
This ticker is: GOOGL
This ticker is: JNJ
This ticker is: V
This ticker is: PG
This ticker is: JPM
This ticker is: UNH
This ticker is: MA
This ticker is: JLL
This ticker is: TRGP
This ticker is: FTI
This ticker is: OKE
This ticker is: SON
This ticker is: DVN
this is adj rsquare: 0.8415317668805478
date now is: 2014-09-30
This ticker is: AAPL
This ticker is: MSFT
This ticker is: AMZN
This ticker is: GOOGL
This ticker is: JNJ
This ticker is: V
This ticker is: PG
This ticker is: JPM
This ticker is: UNH
This ticker is: MA
This ticker is: JLL
This ticker is: TRGP
This ticker is: FTI
This ticker is: OKE
This ticker is: SON
This ticker is: DVN
this is adj rsquare: 0.0028167703417992795
date now is: 2014-10-31
This ticker is: AAPL
This ticker is: MSFT
This ticker is: AMZN
This ticker is: GOOGL
This ticker is: JNJ
This ticker is: V
This ticker is: PG
This ticker is: JPM
This ticker is: UNH
This ticker is: MA
This ticker is: JLL
This ticker is: TRGP
This ticker is: FTI
This ticker is: OKE
This ticker is: SON
This ticker is: DVN
this is adj rsquare: 0.2443940131670974
date now is: 2014-11-30
This ticker is: AAPL
This ticker is: MSFT
This ticker is: AMZN
This ticker is: GOOGL
This ticker is: JNJ
This ticker is: V
This ticker is: PG
This ticker is: JPM
This ticker is: UNH
This ticker is: MA
This ticker is: JLL
This ticker is: TRGP
This ticker is: FTI
This ticker is: OKE
This ticker is: SON
This ticker is: DVN
this is adj rsquare: 0.7705456637943369
date now is: 2014-12-31
This ticker is: AAPL
This ticker is: MSFT
This ticker is: AMZN
This ticker is: GOOGL
This ticker is: JNJ
This ticker is: V
This ticker is: PG
This ticker is: JPM
This ticker is: UNH
This ticker is: MA
This ticker is: JLL
This ticker is: TRGP
This ticker is: FTI
This ticker is: OKE
This ticker is: SON
This ticker is: DVN
this is adj rsquare: 0.8715943938592103
date now is: 2015-01-31
This ticker is: AAPL
This ticker is: MSFT
This ticker is: AMZN
This ticker is: GOOGL
This ticker is: JNJ
This ticker is: V
This ticker is: PG
This ticker is: JPM
This ticker is: UNH
This ticker is: MA
This ticker is: JLL
This ticker is: TRGP
This ticker is: FTI
This ticker is: OKE
This ticker is: SON
This ticker is: DVN
this is adj rsquare: 0.09602152829222732
date now is: 2015-02-28
This ticker is: AAPL
This ticker is: MSFT
This ticker is: AMZN
This ticker is: GOOGL
This ticker is: JNJ
This ticker is: V
This ticker is: PG
This ticker is: JPM
This ticker is: UNH
This ticker is: MA
This ticker is: JLL
This ticker is: TRGP
This ticker is: FTI
This ticker is: OKE
This ticker is: SON
This ticker is: DVN
this is adj rsquare: 0.06216219450269744
date now is: 2015-03-31
This ticker is: AAPL
This ticker is: MSFT
This ticker is: AMZN
This ticker is: GOOGL
This ticker is: JNJ
This ticker is: V
This ticker is: PG
This ticker is: JPM
This ticker is: UNH
This ticker is: MA
This ticker is: JLL
This ticker is: TRGP
This ticker is: FTI
This ticker is: OKE
This ticker is: SON
This ticker is: DVN
this is adj rsquare: 0.7751261915877695
date now is: 2015-04-30
This ticker is: AAPL
This ticker is: MSFT
This ticker is: AMZN
This ticker is: GOOGL
This ticker is: JNJ
This ticker is: V
This ticker is: PG
This ticker is: JPM
This ticker is: UNH
This ticker is: MA
This ticker is: JLL
This ticker is: TRGP
This ticker is: FTI
This ticker is: OKE
This ticker is: SON
This ticker is: DVN
this is adj rsquare: -0.07291088580007665
date now is: 2015-05-31
This ticker is: AAPL
This ticker is: MSFT
This ticker is: AMZN
This ticker is: GOOGL
This ticker is: JNJ
This ticker is: V
This ticker is: PG
This ticker is: JPM
This ticker is: UNH
This ticker is: MA
This ticker is: JLL
This ticker is: TRGP
This ticker is: FTI
This ticker is: OKE
This ticker is: SON
This ticker is: DVN
this is adj rsquare: -0.2287359949375416
date now is: 2015-06-30
This ticker is: AAPL
This ticker is: MSFT
This ticker is: AMZN
This ticker is: GOOGL
This ticker is: JNJ
This ticker is: V
This ticker is: PG
This ticker is: JPM
This ticker is: UNH
This ticker is: MA
This ticker is: JLL
This ticker is: TRGP
This ticker is: FTI
This ticker is: OKE
This ticker is: SON
This ticker is: DVN
this is adj rsquare: 0.6960426632488563
date now is: 2015-07-31
This ticker is: AAPL
This ticker is: MSFT
This ticker is: AMZN
This ticker is: GOOGL
This ticker is: JNJ
This ticker is: V
This ticker is: PG
This ticker is: JPM
This ticker is: UNH
This ticker is: MA
This ticker is: JLL
This ticker is: TRGP
This ticker is: FTI
This ticker is: OKE
This ticker is: SON
This ticker is: DVN
this is adj rsquare: 0.6394122736874222
date now is: 2015-08-31
This ticker is: AAPL
This ticker is: MSFT
This ticker is: AMZN
This ticker is: GOOGL
This ticker is: JNJ
This ticker is: V
This ticker is: PG
This ticker is: JPM
This ticker is: UNH
This ticker is: MA
This ticker is: JLL
This ticker is: TRGP
This ticker is: FTI
This ticker is: OKE
This ticker is: SON
This ticker is: DVN
this is adj rsquare: -0.2899841892369752
date now is: 2015-09-30
This ticker is: AAPL
This ticker is: MSFT
This ticker is: AMZN
This ticker is: GOOGL
This ticker is: JNJ
This ticker is: V
This ticker is: PG
This ticker is: JPM
This ticker is: UNH
This ticker is: MA
This ticker is: JLL
This ticker is: TRGP
This ticker is: FTI
This ticker is: OKE
This ticker is: SON
This ticker is: DVN
this is adj rsquare: 0.39077388677878755
date now is: 2015-10-31
This ticker is: AAPL
This ticker is: MSFT
This ticker is: AMZN
This ticker is: GOOGL
This ticker is: JNJ
This ticker is: V
This ticker is: PG
This ticker is: JPM
This ticker is: UNH
This ticker is: MA
This ticker is: JLL
This ticker is: TRGP
This ticker is: FTI
This ticker is: OKE
This ticker is: SON
This ticker is: DVN
this is adj rsquare: -0.2871058372434432
date now is: 2015-11-30
This ticker is: AAPL
This ticker is: MSFT
This ticker is: AMZN
This ticker is: GOOGL
This ticker is: JNJ
This ticker is: V
This ticker is: PG
This ticker is: JPM
This ticker is: UNH
This ticker is: MA
This ticker is: JLL
This ticker is: TRGP
This ticker is: FTI
This ticker is: OKE
This ticker is: SON
This ticker is: DVN
this is adj rsquare: 0.014148872052150319
date now is: 2015-12-31
This ticker is: AAPL
This ticker is: MSFT
This ticker is: AMZN
This ticker is: GOOGL
This ticker is: JNJ
This ticker is: V
This ticker is: PG
This ticker is: JPM
This ticker is: UNH
This ticker is: MA
This ticker is: JLL
This ticker is: TRGP
This ticker is: FTI
This ticker is: OKE
This ticker is: SON
This ticker is: DVN
this is adj rsquare: 0.49414709951565694
date now is: 2016-01-31
This ticker is: AAPL
This ticker is: MSFT
This ticker is: AMZN
This ticker is: GOOGL
This ticker is: JNJ
This ticker is: V
This ticker is: PG
This ticker is: JPM
This ticker is: UNH
This ticker is: MA
This ticker is: JLL
This ticker is: TRGP
This ticker is: FTI
This ticker is: OKE
This ticker is: SON
This ticker is: DVN
this is adj rsquare: -0.19177053994177928
date now is: 2016-02-29
This ticker is: AAPL
This ticker is: MSFT
This ticker is: AMZN
This ticker is: GOOGL
This ticker is: JNJ
This ticker is: V
This ticker is: PG
This ticker is: JPM
This ticker is: UNH
This ticker is: MA
This ticker is: JLL
This ticker is: TRGP
This ticker is: FTI
This ticker is: OKE
This ticker is: SON
This ticker is: DVN
this is adj rsquare: 0.7949201357271385
date now is: 2016-03-31
This ticker is: AAPL
This ticker is: MSFT
This ticker is: AMZN
This ticker is: GOOGL
This ticker is: JNJ
This ticker is: V
This ticker is: PG
This ticker is: JPM
This ticker is: UNH
This ticker is: MA
This ticker is: JLL
This ticker is: TRGP
This ticker is: FTI
This ticker is: OKE
This ticker is: SON
This ticker is: DVN
this is adj rsquare: 0.6854623293603861
date now is: 2016-04-30
This ticker is: AAPL
This ticker is: MSFT
This ticker is: AMZN
This ticker is: GOOGL
This ticker is: JNJ
This ticker is: V
This ticker is: PG
This ticker is: JPM
This ticker is: UNH
This ticker is: MA
This ticker is: JLL
This ticker is: TRGP
This ticker is: FTI
This ticker is: OKE
This ticker is: SON
This ticker is: DVN
this is adj rsquare: 0.030010123093828445
date now is: 2016-05-31
This ticker is: AAPL
This ticker is: MSFT
This ticker is: AMZN
This ticker is: GOOGL
This ticker is: JNJ
This ticker is: V
This ticker is: PG
This ticker is: JPM
This ticker is: UNH
This ticker is: MA
This ticker is: JLL
This ticker is: TRGP
This ticker is: FTI
This ticker is: OKE
This ticker is: SON
This ticker is: DVN
this is adj rsquare: 0.2092357192473151
date now is: 2016-06-30
This ticker is: AAPL
This ticker is: MSFT
This ticker is: AMZN
This ticker is: GOOGL
This ticker is: JNJ
This ticker is: V
This ticker is: PG
This ticker is: JPM
This ticker is: UNH
This ticker is: MA
This ticker is: JLL
This ticker is: TRGP
This ticker is: FTI
This ticker is: OKE
This ticker is: SON
This ticker is: DVN
this is adj rsquare: 0.40341820191887146
date now is: 2016-07-31
This ticker is: AAPL
This ticker is: MSFT
This ticker is: AMZN
This ticker is: GOOGL
This ticker is: JNJ
This ticker is: V
This ticker is: PG
This ticker is: JPM
This ticker is: UNH
This ticker is: MA
This ticker is: JLL
This ticker is: TRGP
This ticker is: FTI
This ticker is: OKE
This ticker is: SON
This ticker is: DVN
this is adj rsquare: 0.878124505564667
date now is: 2016-08-31
This ticker is: AAPL
This ticker is: MSFT
This ticker is: AMZN
This ticker is: GOOGL
This ticker is: JNJ
This ticker is: V
This ticker is: PG
This ticker is: JPM
This ticker is: UNH
This ticker is: MA
This ticker is: JLL
This ticker is: TRGP
This ticker is: FTI
This ticker is: OKE
This ticker is: SON
This ticker is: DVN
this is adj rsquare: -0.47585308481607047
date now is: 2016-09-30
This ticker is: AAPL
This ticker is: MSFT
This ticker is: AMZN
This ticker is: GOOGL
This ticker is: JNJ
This ticker is: V
This ticker is: PG
This ticker is: JPM
This ticker is: UNH
This ticker is: MA
This ticker is: JLL
This ticker is: TRGP
This ticker is: FTI
This ticker is: OKE
This ticker is: SON
This ticker is: DVN
this is adj rsquare: 0.6728818474719971
date now is: 2016-10-31
This ticker is: AAPL
This ticker is: MSFT
This ticker is: AMZN
This ticker is: GOOGL
This ticker is: JNJ
This ticker is: V
This ticker is: PG
This ticker is: JPM
This ticker is: UNH
This ticker is: MA
This ticker is: JLL
This ticker is: TRGP
This ticker is: FTI
This ticker is: OKE
This ticker is: SON
This ticker is: DVN
this is adj rsquare: -0.023951011845824377
date now is: 2016-11-30
This ticker is: AAPL
This ticker is: MSFT
This ticker is: AMZN
This ticker is: GOOGL
This ticker is: JNJ
This ticker is: V
This ticker is: PG
This ticker is: JPM
This ticker is: UNH
This ticker is: MA
This ticker is: JLL
This ticker is: TRGP
This ticker is: FTI
This ticker is: OKE
This ticker is: SON
This ticker is: DVN
this is adj rsquare: 0.5063368599318641
date now is: 2016-12-31
This ticker is: AAPL
This ticker is: MSFT
This ticker is: AMZN
This ticker is: GOOGL
This ticker is: JNJ
This ticker is: V
This ticker is: PG
This ticker is: JPM
This ticker is: UNH
This ticker is: MA
This ticker is: JLL
This ticker is: TRGP
This ticker is: FTI
This ticker is: OKE
This ticker is: SON
This ticker is: DVN
this is adj rsquare: 0.6847937065484093
date now is: 2017-01-31
This ticker is: AAPL
This ticker is: MSFT
This ticker is: AMZN
This ticker is: GOOGL
This ticker is: JNJ
This ticker is: V
This ticker is: PG
This ticker is: JPM
This ticker is: UNH
This ticker is: MA
This ticker is: JLL
This ticker is: TRGP
This ticker is: FTI
This ticker is: OKE
This ticker is: SON
This ticker is: DVN
this is adj rsquare: 0.38986984183541384
date now is: 2017-02-28
This ticker is: AAPL
This ticker is: MSFT
This ticker is: AMZN
This ticker is: GOOGL
This ticker is: JNJ
This ticker is: V
This ticker is: PG
This ticker is: JPM
This ticker is: UNH
This ticker is: MA
This ticker is: JLL
This ticker is: TRGP
This ticker is: FTI
This ticker is: OKE
This ticker is: SON
This ticker is: DVN
this is adj rsquare: -0.47159749616200664
date now is: 2017-03-31
This ticker is: AAPL
This ticker is: MSFT
This ticker is: AMZN
This ticker is: GOOGL
This ticker is: JNJ
This ticker is: V
This ticker is: PG
This ticker is: JPM
This ticker is: UNH
This ticker is: MA
This ticker is: JLL
This ticker is: TRGP
This ticker is: FTI
This ticker is: OKE
This ticker is: SON
This ticker is: DVN
this is adj rsquare: 0.21012668550682656
date now is: 2017-04-30
This ticker is: AAPL
This ticker is: MSFT
This ticker is: AMZN
This ticker is: GOOGL
This ticker is: JNJ
This ticker is: V
This ticker is: PG
This ticker is: JPM
This ticker is: UNH
This ticker is: MA
This ticker is: JLL
This ticker is: TRGP
This ticker is: FTI
This ticker is: OKE
This ticker is: SON
This ticker is: DVN
this is adj rsquare: 0.5475338665807088
date now is: 2017-05-31
This ticker is: AAPL
This ticker is: MSFT
This ticker is: AMZN
This ticker is: GOOGL
This ticker is: JNJ
This ticker is: V
This ticker is: PG
This ticker is: JPM
This ticker is: UNH
This ticker is: MA
This ticker is: JLL
This ticker is: TRGP
This ticker is: FTI
This ticker is: OKE
This ticker is: SON
This ticker is: DVN
this is adj rsquare: 0.019317423970310887
date now is: 2017-06-30
This ticker is: AAPL
This ticker is: MSFT
This ticker is: AMZN
This ticker is: GOOGL
This ticker is: JNJ
This ticker is: V
This ticker is: PG
This ticker is: JPM
This ticker is: UNH
This ticker is: MA
This ticker is: JLL
This ticker is: TRGP
This ticker is: FTI
This ticker is: OKE
This ticker is: SON
This ticker is: DVN
this is adj rsquare: 0.7236413126440078
date now is: 2017-07-31
This ticker is: AAPL
This ticker is: MSFT
This ticker is: AMZN
This ticker is: GOOGL
This ticker is: JNJ
This ticker is: V
This ticker is: PG
This ticker is: JPM
This ticker is: UNH
This ticker is: MA
This ticker is: JLL
This ticker is: TRGP
This ticker is: FTI
This ticker is: OKE
This ticker is: SON
This ticker is: DVN
this is adj rsquare: 0.8644530592175914
date now is: 2017-08-31
This ticker is: AAPL
This ticker is: MSFT
This ticker is: AMZN
This ticker is: GOOGL
This ticker is: JNJ
This ticker is: V
This ticker is: PG
This ticker is: JPM
This ticker is: UNH
This ticker is: MA
This ticker is: JLL
This ticker is: TRGP
This ticker is: FTI
This ticker is: OKE
This ticker is: SON
This ticker is: DVN
this is adj rsquare: 0.5155098717685173
date now is: 2017-09-30
This ticker is: AAPL
This ticker is: MSFT
This ticker is: AMZN
This ticker is: GOOGL
This ticker is: JNJ
This ticker is: V
This ticker is: PG
This ticker is: JPM
This ticker is: UNH
This ticker is: MA
This ticker is: JLL
This ticker is: TRGP
This ticker is: FTI
This ticker is: OKE
This ticker is: SON
This ticker is: DVN
this is adj rsquare: 0.8866966954510132
date now is: 2017-10-31
This ticker is: AAPL
This ticker is: MSFT
This ticker is: AMZN
This ticker is: GOOGL
This ticker is: JNJ
This ticker is: V
This ticker is: PG
This ticker is: JPM
This ticker is: UNH
This ticker is: MA
This ticker is: JLL
This ticker is: TRGP
This ticker is: FTI
This ticker is: OKE
This ticker is: SON
This ticker is: DVN
this is adj rsquare: 0.04737256434982595
date now is: 2017-11-30
This ticker is: AAPL
This ticker is: MSFT
This ticker is: AMZN
This ticker is: GOOGL
This ticker is: JNJ
This ticker is: V
This ticker is: PG
This ticker is: JPM
This ticker is: UNH
This ticker is: MA
This ticker is: JLL
This ticker is: TRGP
This ticker is: FTI
This ticker is: OKE
This ticker is: SON
This ticker is: DVN
this is adj rsquare: 0.53503665005136
T-values: {'Constant': 2.894908842367396, 'Price/Earnings': 0.3614858388454, 'Price/Book Value': -1.0425902315503655, 'Return on Assets': -0.44463796936275524, 'Return on Equity ': -0.6178814308238194, 'Free Cash Flow per Share': -0.15033723890455905, 'Price/Cash Flow': -0.06644443009815393, 'Dividend Yield (%)': 1.9816327380134386, 'Enterprise Value/EBIT': -0.20157139070942853, 'Enterprise Value/EBITDA': -0.07230851908474463, 'Dividend Payout Ratio (%)': 0.38716906859414885, '3': 1.4329761042109972}
P-values: {'Constant': 0.00530951290723029, 'Price/Earnings': 0.719027629320667, 'Price/Book Value': 0.30139143290192294, 'Return on Assets': 0.6582082617322237, 'Return on Equity ': 0.5390312968580653, 'Free Cash Flow per Share': 0.8810113429903389, 'Price/Cash Flow': 0.9472486438144725, 'Dividend Yield (%)': 0.052185741283127, 'Enterprise Value/EBIT': 0.8409451806038671, 'Enterprise Value/EBITDA': 0.9426009552401877, 'Dividend Payout Ratio (%)': 0.7000241421565692, '3': 0.1571424717772063}
{'Constant': 0.013536150363899149, 'Price/Earnings': 0.01822892911804487, 'Price/Book Value': -0.0072526937112053986, 'Return on Assets': -0.0032133990081138065, 'Return on Equity ': -0.003871634028386647, 'Free Cash Flow per Share': -0.0026505650097935845, 'Price/Cash Flow': -0.0010257843980855637, 'Dividend Yield (%)': 0.01030177597856647, 'Enterprise Value/EBIT': -0.004364841292329115, 'Enterprise Value/EBITDA': -0.0018256021925609496, 'Dividend Payout Ratio (%)': 0.019827317262679042, '3': 0.010869491588980738}
this is the average adj r-square: 0.2653071367045119
