Namespace(end_date=2017, feature_names='Price/Earnings,Price/Book Value,Return on Assets,Return on Equity ,Free Cash Flow per Share,Price/Cash Flow,Dividend Yield (%),Enterprise Value/EBIT,Enterprise Value/EBITDA,Dividend Payout Ratio (%)', new_feature='4', path_to_file='./', start_date=2013, y='3M Return')
['2012-12-31', '2013-03-31', '2013-06-30', '2013-09-30', '2013-12-31', '2014-03-31', '2014-06-30', '2014-09-30', '2014-12-31', '2015-03-31', '2015-06-30', '2015-09-30', '2015-12-31', '2016-03-31', '2016-06-30', '2016-09-30', '2016-12-31', '2017-03-31', '2017-06-30', '2017-09-30', '2017-12-31']
this is Beta adj rsquare of AAPL and the value is 0.5061318766625547:
this is Beta adj rsquare of PG and the value is 0.25367454522038835:
this is Beta adj rsquare of VZ and the value is 0.16425295645869786:
this is Beta adj rsquare of AMAT and the value is 0.011219564202914145:
this is Beta adj rsquare of MSFT and the value is 0.5900915618184632:
this is Beta adj rsquare of JNJ and the value is 0.3095039886998783:
this is Beta adj rsquare of V and the value is 0.1403704000289797:
this is Beta adj rsquare of MA and the value is 0.3021652737477517:
this is Beta adj rsquare of TRGP and the value is 0.36730634752107105:
this is Beta adj rsquare of OKE and the value is 0.006992289252757633:
this is Beta adj rsquare of SON and the value is 0.5388513178008079:
this is Beta adj rsquare of DVN and the value is 0.43987443844073715:
this is Beta adj rsquare of HD and the value is 0.2789301298945871:
this is Beta adj rsquare of INTC and the value is 0.23197462804490065:
14
12
14
['AAPL', 'PG', 'VZ', 'AMAT', 'MSFT', 'JNJ', 'V', 'MA', 'TRGP', 'OKE', 'SON', 'DVN', 'HD', 'INTC']
date now X_standardizedis: 2012-12-31
this is adj rsquare: 0.43859450891351803
12
date now X_standardizedis: 2013-03-31
this is adj rsquare: 0.7570326585335991
12
date now X_standardizedis: 2013-06-30
this is adj rsquare: -0.03992173557972056
12
date now X_standardizedis: 2013-09-30
this is adj rsquare: 0.03384190611973681
12
date now X_standardizedis: 2013-12-31
this is adj rsquare: 0.9103248293666429
12
date now X_standardizedis: 2014-03-31
this is adj rsquare: 0.8889566587494546
12
date now X_standardizedis: 2014-06-30
this is adj rsquare: 0.5100928209042048
12
date now X_standardizedis: 2014-09-30
this is adj rsquare: 0.49213843151120207
12
date now X_standardizedis: 2014-12-31
this is adj rsquare: 0.1084103652827626
12
date now X_standardizedis: 2015-03-31
this is adj rsquare: 0.8999776402164883
12
date now X_standardizedis: 2015-06-30
this is adj rsquare: 0.97562121025217
12
date now X_standardizedis: 2015-09-30
this is adj rsquare: 0.8805613070912345
12
date now X_standardizedis: 2015-12-31
this is adj rsquare: 0.629763770591772
12
date now X_standardizedis: 2016-03-31
this is adj rsquare: 0.943821127511665
12
date now X_standardizedis: 2016-06-30
this is adj rsquare: -0.023181879360540503
12
date now X_standardizedis: 2016-09-30
this is adj rsquare: -0.8120717246214044
12
date now X_standardizedis: 2016-12-31
this is adj rsquare: -1.0166014339888338
12
date now X_standardizedis: 2017-03-31
this is adj rsquare: 0.14917358011452908
12
date now X_standardizedis: 2017-06-30
this is adj rsquare: 0.6312849300066693
12
date now X_standardizedis: 2017-09-30
this is adj rsquare: 0.5650041759753227
12
12
20
T-values: {'Constant': 0.906716011746878, 'Price/Earnings': 0.4374680477231374, 'Price/Book Value': 0.4190351692785241, 'Return on Assets': 0.605601171741107, 'Return on Equity ': 0.6091487088069729, 'Free Cash Flow per Share': 0.43045601522693, 'Price/Cash Flow': -0.36786430596416275, 'Dividend Yield (%)': -0.2744923843479397, 'Enterprise Value/EBIT': -0.6995153711185016, 'Enterprise Value/EBITDA': -0.6756734859955226, 'Dividend Payout Ratio (%)': 0.43986838657689914, '4': 0.7120005683837912}
P-values: {'Constant': 0.37591319042805404, 'Price/Earnings': 0.6667041601836956, 'Price/Book Value': 0.6798896630745174, 'Return on Assets': 0.5519458529196213, 'Return on Equity ': 0.5496410140624025, 'Free Cash Flow per Share': 0.6717072382358008, 'Price/Cash Flow': 0.7170405801724, 'Dividend Yield (%)': 0.7866685856976456, 'Enterprise Value/EBIT': 0.492705978559563, 'Enterprise Value/EBITDA': 0.5073891218117084, 'Dividend Payout Ratio (%)': 0.664995179472177, '4': 0.4851160659851712}
{'Constant': 0.02383321253479716, 'Price/Earnings': 0.1032881188150867, 'Price/Book Value': 0.12820973558570284, 'Return on Assets': 0.07891189734633147, 'Return on Equity ': 0.15756870574699525, 'Free Cash Flow per Share': 0.20219674524232634, 'Price/Cash Flow': -0.1577253385172126, 'Dividend Yield (%)': -0.046715696014129234, 'Enterprise Value/EBIT': -0.25459780644145774, 'Enterprise Value/EBITDA': -0.22445616743933164, 'Dividend Payout Ratio (%)': 0.10369694094056828, '4': 0.24734563190993195}
this is the average adj r-square: 0.3961411573795236
this is the median adj r-square: 0.5375484984397638
