Namespace(end_date='2017-12-31', feature_names='Price/Earnings,Price/Book Value,Return on Assets,Return on Equity ,Free Cash Flow per Share,Price/Cash Flow,Dividend Yield (%),Enterprise Value/EBIT,Enterprise Value/EBITDA,Dividend Payout Ratio (%)', new_feature='6', path_to_file='./', start_date='2013-01-31', y='Return')
this is Beta adj rsquare of AAPL and the value is 0.044890737084668286:
this is Beta adj rsquare of PG and the value is 0.018111121859739954:
this is Beta adj rsquare of VZ and the value is -0.0022305593990024075:
this is Beta adj rsquare of AMAT and the value is -0.02047942542369574:
this is Beta adj rsquare of MSFT and the value is -0.01103491253154898:
this is Beta adj rsquare of JNJ and the value is -0.03560148752751546:
this is Beta adj rsquare of V and the value is -0.02226578909049093:
this is Beta adj rsquare of PG and the value is 0.018111121859739954:
this is Beta adj rsquare of MA and the value is 0.11013919946374706:
this is Beta adj rsquare of TRGP and the value is 0.11322759978439478:
this is Beta adj rsquare of OKE and the value is 0.16048374633795615:
this is Beta adj rsquare of SON and the value is 0.07941680069753065:
this is Beta adj rsquare of DVN and the value is -0.027565988740843927:
this is Beta adj rsquare of HD and the value is -0.07691614015086312:
this is Beta adj rsquare of INTC and the value is -0.0014692848327850783:
['AAPL', 'PG', 'VZ', 'AMAT', 'MSFT', 'JNJ', 'V', 'PG', 'MA', 'TRGP', 'OKE', 'SON', 'DVN', 'HD', 'INTC']
['2012-12-31', '2013-01-31', '2013-02-28', '2013-03-31', '2013-04-30', '2013-05-31', '2013-06-30', '2013-07-31', '2013-08-31', '2013-09-30', '2013-10-31', '2013-11-30', '2013-12-31', '2014-01-31', '2014-02-28', '2014-03-31', '2014-04-30', '2014-05-31', '2014-06-30', '2014-07-31', '2014-08-31', '2014-09-30', '2014-10-31', '2014-11-30', '2014-12-31', '2015-01-31', '2015-02-28', '2015-03-31', '2015-04-30', '2015-05-31', '2015-06-30', '2015-07-31', '2015-08-31', '2015-09-30', '2015-10-31', '2015-11-30', '2015-12-31', '2016-01-31', '2016-02-29', '2016-03-31', '2016-04-30', '2016-05-31', '2016-06-30', '2016-07-31', '2016-08-31', '2016-09-30', '2016-10-31', '2016-11-30', '2016-12-31', '2017-01-31', '2017-02-28', '2017-03-31', '2017-04-30', '2017-05-31', '2017-06-30', '2017-07-31', '2017-08-31', '2017-09-30', '2017-10-31', '2017-11-30', '2017-12-31']
date now is: 2012-12-31
this is adj rsquare: 0.3817090826980841
date now is: 2013-01-31
this is adj rsquare: 0.959668706365377
date now is: 2013-02-28
this is adj rsquare: -1.3645168137258463
date now is: 2013-03-31
this is adj rsquare: 0.28288233893550385
date now is: 2013-04-30
this is adj rsquare: 0.24944949365594704
date now is: 2013-05-31
this is adj rsquare: 0.2594812775713615
date now is: 2013-06-30
this is adj rsquare: 0.8234254659994777
date now is: 2013-07-31
this is adj rsquare: 0.7156700406415163
date now is: 2013-08-31
this is adj rsquare: 0.20153446630076988
date now is: 2013-09-30
this is adj rsquare: 0.999097998938167
date now is: 2013-10-31
this is adj rsquare: 0.5726716119197552
date now is: 2013-11-30
this is adj rsquare: -0.5858336791971328
date now is: 2013-12-31
this is adj rsquare: 0.28428096252138646
date now is: 2014-01-31
this is adj rsquare: 0.9925760589306512
date now is: 2014-02-28
this is adj rsquare: -0.493294517361504
date now is: 2014-03-31
this is adj rsquare: -0.30687619840407243
date now is: 2014-04-30
this is adj rsquare: -1.5375565837238327
date now is: 2014-05-31
this is adj rsquare: 0.14436592851219432
date now is: 2014-06-30
this is adj rsquare: 0.9283883697403023
date now is: 2014-07-31
this is adj rsquare: -0.8483473772547527
date now is: 2014-08-31
this is adj rsquare: 0.1574260813620696
date now is: 2014-09-30
this is adj rsquare: 0.4988512954208657
date now is: 2014-10-31
this is adj rsquare: 0.2816142178452983
date now is: 2014-11-30
this is adj rsquare: 0.7202026819679981
date now is: 2014-12-31
this is adj rsquare: 0.7345056207730036
date now is: 2015-01-31
this is adj rsquare: -0.009561387907162544
date now is: 2015-02-28
this is adj rsquare: 0.6226594554756774
date now is: 2015-03-31
this is adj rsquare: 0.6350681851666734
date now is: 2015-04-30
this is adj rsquare: 0.3937221586974312
date now is: 2015-05-31
this is adj rsquare: 0.6822111923078793
date now is: 2015-06-30
this is adj rsquare: 0.4596669100645887
date now is: 2015-07-31
this is adj rsquare: 0.7324541806225924
date now is: 2015-08-31
this is adj rsquare: -0.4648944861364399
date now is: 2015-09-30
this is adj rsquare: 0.7969862040080975
date now is: 2015-10-31
this is adj rsquare: -0.1560010586508156
date now is: 2015-11-30
this is adj rsquare: -0.035139282932806104
date now is: 2015-12-31
this is adj rsquare: 0.5235793445988743
date now is: 2016-01-31
this is adj rsquare: 0.42488895822428074
date now is: 2016-02-29
this is adj rsquare: 0.8314443430317002
date now is: 2016-03-31
this is adj rsquare: 0.7536270641206844
date now is: 2016-04-30
this is adj rsquare: 0.5635218624560292
date now is: 2016-05-31
this is adj rsquare: 0.9486481566701284
date now is: 2016-06-30
this is adj rsquare: 0.7293013526072005
date now is: 2016-07-31
this is adj rsquare: 0.942290181266531
date now is: 2016-08-31
this is adj rsquare: 0.16204579404937713
date now is: 2016-09-30
this is adj rsquare: 0.954814788087699
date now is: 2016-10-31
this is adj rsquare: -0.27083357150589205
date now is: 2016-11-30
this is adj rsquare: -0.4859793742848839
date now is: 2016-12-31
this is adj rsquare: 0.4361064366109061
date now is: 2017-01-31
this is adj rsquare: 0.9782109368226628
date now is: 2017-02-28
this is adj rsquare: -0.16216241761687478
date now is: 2017-03-31
this is adj rsquare: 0.8664469247003259
date now is: 2017-04-30
this is adj rsquare: 0.6746885385020625
date now is: 2017-05-31
this is adj rsquare: 0.8574425210115478
date now is: 2017-06-30
this is adj rsquare: 0.9979350709254142
date now is: 2017-07-31
this is adj rsquare: 0.9684661232215204
date now is: 2017-08-31
this is adj rsquare: 0.982585802347469
date now is: 2017-09-30
this is adj rsquare: 0.9415283408014966
date now is: 2017-10-31
this is adj rsquare: 0.7813133699223944
date now is: 2017-11-30
this is adj rsquare: 0.6902024822964727
T-values: {'Constant': 2.787715353352556, 'Price/Earnings': -0.7728326167462863, 'Price/Book Value': 0.7043591014662933, 'Return on Assets': 0.5705098998545005, 'Return on Equity ': 0.21546536123267254, 'Free Cash Flow per Share': 0.4558997412610515, 'Price/Cash Flow': -0.6739951740656048, 'Dividend Yield (%)': 2.6966435147809307, 'Enterprise Value/EBIT': -0.09083001118089719, 'Enterprise Value/EBITDA': 0.27298368009255397, 'Dividend Payout Ratio (%)': -0.7081553595084404, '6': 2.0731434027718763}
P-values: {'Constant': 0.007131674757576459, 'Price/Earnings': 0.4427066019772543, 'Price/Book Value': 0.4839802019688626, 'Return on Assets': 0.5704983798755341, 'Return on Equity ': 0.8301476393751372, 'Free Cash Flow per Share': 0.6501357162299055, 'Price/Cash Flow': 0.5029465551285367, 'Dividend Yield (%)': 0.00911492959636868, 'Enterprise Value/EBIT': 0.9279353356002249, 'Enterprise Value/EBITDA': 0.785819005939637, 'Dividend Payout Ratio (%)': 0.4816372152735342, '6': 0.04253498068929154}
{'Constant': 0.013230396175111497, 'Price/Earnings': -0.02847498285277619, 'Price/Book Value': 0.004358257174129845, 'Return on Assets': 0.005185133641795009, 'Return on Equity ': 0.004001143064769101, 'Free Cash Flow per Share': 0.005430728847898111, 'Price/Cash Flow': -0.005393929097692077, 'Dividend Yield (%)': 0.046568439470606744, 'Enterprise Value/EBIT': -0.004175151322375473, 'Enterprise Value/EBITDA': 0.01143603250642632, 'Dividend Payout Ratio (%)': -0.026409590581721203, '6': 0.04181724870338472}
this is the average adj r-square: 0.3966443605002573
