Namespace(end_date='2017-12-31', feature_names='Price/Earnings,Price/Book Value,Return on Assets,Return on Equity ,Free Cash Flow per Share,Price/Cash Flow,Dividend Yield (%),Enterprise Value/EBIT,Enterprise Value/EBITDA,Dividend Payout Ratio (%)', new_feature='7', path_to_file='./', start_date='2013-01-31', y='Return')
AAPL
this is Beta adj rsquare of AAPL and the value is 0.04598567774383178:
MSFT
this is Beta adj rsquare of MSFT and the value is -0.0061380574087928075:
AMZN
AMZN
AMZN
this is Beta adj rsquare of AMZN and the value is 0.09316010543523023:
GOOGL
GOOGL
GOOGL
this is Beta adj rsquare of GOOGL and the value is 0.101482491565555:
JNJ
this is Beta adj rsquare of JNJ and the value is -0.032410106699111596:
V
this is Beta adj rsquare of V and the value is -0.018456917869197342:
PG
this is Beta adj rsquare of PG and the value is 0.0512693894316536:
JPM
JPM
JPM
JPM
this is Beta adj rsquare of JPM and the value is -0.028241997173691802:
UNH
UNH
UNH
UNH
this is Beta adj rsquare of UNH and the value is -0.03625776337032027:
MA
this is Beta adj rsquare of MA and the value is 0.07335259301991892:
JLL
JLL
this is Beta adj rsquare of JLL and the value is 0.020726263591561822:
TRGP
this is Beta adj rsquare of TRGP and the value is 0.10863518318803422:
FTI
FTI
FTI
this is Beta adj rsquare of FTI and the value is -0.011247415152373152:
OKE
this is Beta adj rsquare of OKE and the value is 0.18460591772128687:
SON
this is Beta adj rsquare of SON and the value is 0.09424681360609999:
DVN
this is Beta adj rsquare of DVN and the value is -0.023054773065366296:
['AAPL', 'MSFT', 'AMZN', 'GOOGL', 'JNJ', 'V', 'PG', 'JPM', 'UNH', 'MA', 'JLL', 'TRGP', 'FTI', 'OKE', 'SON', 'DVN']
['2012-12-31', '2013-01-31', '2013-02-28', '2013-03-31', '2013-04-30', '2013-05-31', '2013-06-30', '2013-07-31', '2013-08-31', '2013-09-30', '2013-10-31', '2013-11-30', '2013-12-31', '2014-01-31', '2014-02-28', '2014-03-31', '2014-04-30', '2014-05-31', '2014-06-30', '2014-07-31', '2014-08-31', '2014-09-30', '2014-10-31', '2014-11-30', '2014-12-31', '2015-01-31', '2015-02-28', '2015-03-31', '2015-04-30', '2015-05-31', '2015-06-30', '2015-07-31', '2015-08-31', '2015-09-30', '2015-10-31', '2015-11-30', '2015-12-31', '2016-01-31', '2016-02-29', '2016-03-31', '2016-04-30', '2016-05-31', '2016-06-30', '2016-07-31', '2016-08-31', '2016-09-30', '2016-10-31', '2016-11-30', '2016-12-31', '2017-01-31', '2017-02-28', '2017-03-31', '2017-04-30', '2017-05-31', '2017-06-30', '2017-07-31', '2017-08-31', '2017-09-30', '2017-10-31', '2017-11-30', '2017-12-31']
date now is: 2012-12-31
This ticker is: AAPL
This ticker is: MSFT
This ticker is: AMZN
This ticker is: GOOGL
This ticker is: JNJ
This ticker is: V
This ticker is: PG
This ticker is: JPM
This ticker is: UNH
This ticker is: MA
This ticker is: JLL
This ticker is: TRGP
This ticker is: FTI
This ticker is: OKE
This ticker is: SON
This ticker is: DVN
this is adj rsquare: 0.13628359739994067
date now is: 2013-01-31
This ticker is: AAPL
This ticker is: MSFT
This ticker is: AMZN
This ticker is: GOOGL
This ticker is: JNJ
This ticker is: V
This ticker is: PG
This ticker is: JPM
This ticker is: UNH
This ticker is: MA
This ticker is: JLL
This ticker is: TRGP
This ticker is: FTI
This ticker is: OKE
This ticker is: SON
This ticker is: DVN
this is adj rsquare: 0.3186397432272179
date now is: 2013-02-28
This ticker is: AAPL
This ticker is: MSFT
This ticker is: AMZN
This ticker is: GOOGL
This ticker is: JNJ
This ticker is: V
This ticker is: PG
This ticker is: JPM
This ticker is: UNH
This ticker is: MA
This ticker is: JLL
This ticker is: TRGP
This ticker is: FTI
This ticker is: OKE
This ticker is: SON
This ticker is: DVN
this is adj rsquare: -0.423200145857737
date now is: 2013-03-31
This ticker is: AAPL
This ticker is: MSFT
This ticker is: AMZN
This ticker is: GOOGL
This ticker is: JNJ
This ticker is: V
This ticker is: PG
This ticker is: JPM
This ticker is: UNH
This ticker is: MA
This ticker is: JLL
This ticker is: TRGP
This ticker is: FTI
This ticker is: OKE
This ticker is: SON
This ticker is: DVN
this is adj rsquare: 0.3818146463960186
date now is: 2013-04-30
This ticker is: AAPL
This ticker is: MSFT
This ticker is: AMZN
This ticker is: GOOGL
This ticker is: JNJ
This ticker is: V
This ticker is: PG
This ticker is: JPM
This ticker is: UNH
This ticker is: MA
This ticker is: JLL
This ticker is: TRGP
This ticker is: FTI
This ticker is: OKE
This ticker is: SON
This ticker is: DVN
this is adj rsquare: -0.3757247387551117
date now is: 2013-05-31
This ticker is: AAPL
This ticker is: MSFT
This ticker is: AMZN
This ticker is: GOOGL
This ticker is: JNJ
This ticker is: V
This ticker is: PG
This ticker is: JPM
This ticker is: UNH
This ticker is: MA
This ticker is: JLL
This ticker is: TRGP
This ticker is: FTI
This ticker is: OKE
This ticker is: SON
This ticker is: DVN
this is adj rsquare: 0.03335227730348134
date now is: 2013-06-30
This ticker is: AAPL
This ticker is: MSFT
This ticker is: AMZN
This ticker is: GOOGL
This ticker is: JNJ
This ticker is: V
This ticker is: PG
This ticker is: JPM
This ticker is: UNH
This ticker is: MA
This ticker is: JLL
This ticker is: TRGP
This ticker is: FTI
This ticker is: OKE
This ticker is: SON
This ticker is: DVN
this is adj rsquare: 0.019408454833328426
date now is: 2013-07-31
This ticker is: AAPL
This ticker is: MSFT
This ticker is: AMZN
This ticker is: GOOGL
This ticker is: JNJ
This ticker is: V
This ticker is: PG
This ticker is: JPM
This ticker is: UNH
This ticker is: MA
This ticker is: JLL
This ticker is: TRGP
This ticker is: FTI
This ticker is: OKE
This ticker is: SON
This ticker is: DVN
this is adj rsquare: 0.4428984336654158
date now is: 2013-08-31
This ticker is: AAPL
This ticker is: MSFT
This ticker is: AMZN
This ticker is: GOOGL
This ticker is: JNJ
This ticker is: V
This ticker is: PG
This ticker is: JPM
This ticker is: UNH
This ticker is: MA
This ticker is: JLL
This ticker is: TRGP
This ticker is: FTI
This ticker is: OKE
This ticker is: SON
This ticker is: DVN
this is adj rsquare: -0.19234434383952226
date now is: 2013-09-30
This ticker is: AAPL
This ticker is: MSFT
This ticker is: AMZN
This ticker is: GOOGL
This ticker is: JNJ
This ticker is: V
This ticker is: PG
This ticker is: JPM
This ticker is: UNH
This ticker is: MA
This ticker is: JLL
This ticker is: TRGP
This ticker is: FTI
This ticker is: OKE
This ticker is: SON
This ticker is: DVN
this is adj rsquare: 0.14030399469542332
date now is: 2013-10-31
This ticker is: AAPL
This ticker is: MSFT
This ticker is: AMZN
This ticker is: GOOGL
This ticker is: JNJ
This ticker is: V
This ticker is: PG
This ticker is: JPM
This ticker is: UNH
This ticker is: MA
This ticker is: JLL
This ticker is: TRGP
This ticker is: FTI
This ticker is: OKE
This ticker is: SON
This ticker is: DVN
this is adj rsquare: 0.8489385296818652
date now is: 2013-11-30
This ticker is: AAPL
This ticker is: MSFT
This ticker is: AMZN
This ticker is: GOOGL
This ticker is: JNJ
This ticker is: V
This ticker is: PG
This ticker is: JPM
This ticker is: UNH
This ticker is: MA
This ticker is: JLL
This ticker is: TRGP
This ticker is: FTI
This ticker is: OKE
This ticker is: SON
This ticker is: DVN
this is adj rsquare: 0.48585495607314877
date now is: 2013-12-31
This ticker is: AAPL
This ticker is: MSFT
This ticker is: AMZN
This ticker is: GOOGL
This ticker is: JNJ
This ticker is: V
This ticker is: PG
This ticker is: JPM
This ticker is: UNH
This ticker is: MA
This ticker is: JLL
This ticker is: TRGP
This ticker is: FTI
This ticker is: OKE
This ticker is: SON
This ticker is: DVN
this is adj rsquare: 0.846714956327578
date now is: 2014-01-31
This ticker is: AAPL
This ticker is: MSFT
This ticker is: AMZN
This ticker is: GOOGL
This ticker is: JNJ
This ticker is: V
This ticker is: PG
This ticker is: JPM
This ticker is: UNH
This ticker is: MA
This ticker is: JLL
This ticker is: TRGP
This ticker is: FTI
This ticker is: OKE
This ticker is: SON
This ticker is: DVN
this is adj rsquare: 0.19270321123531964
date now is: 2014-02-28
This ticker is: AAPL
This ticker is: MSFT
This ticker is: AMZN
This ticker is: GOOGL
This ticker is: JNJ
This ticker is: V
This ticker is: PG
This ticker is: JPM
This ticker is: UNH
This ticker is: MA
This ticker is: JLL
This ticker is: TRGP
This ticker is: FTI
This ticker is: OKE
This ticker is: SON
This ticker is: DVN
this is adj rsquare: 0.29601223716236147
date now is: 2014-03-31
This ticker is: AAPL
This ticker is: MSFT
This ticker is: AMZN
This ticker is: GOOGL
This ticker is: JNJ
This ticker is: V
This ticker is: PG
This ticker is: JPM
This ticker is: UNH
This ticker is: MA
This ticker is: JLL
This ticker is: TRGP
This ticker is: FTI
This ticker is: OKE
This ticker is: SON
This ticker is: DVN
this is adj rsquare: 0.23776239031252333
date now is: 2014-04-30
This ticker is: AAPL
This ticker is: MSFT
This ticker is: AMZN
This ticker is: GOOGL
This ticker is: JNJ
This ticker is: V
This ticker is: PG
This ticker is: JPM
This ticker is: UNH
This ticker is: MA
This ticker is: JLL
This ticker is: TRGP
This ticker is: FTI
This ticker is: OKE
This ticker is: SON
This ticker is: DVN
this is adj rsquare: -0.7494576156950623
date now is: 2014-05-31
This ticker is: AAPL
This ticker is: MSFT
This ticker is: AMZN
This ticker is: GOOGL
This ticker is: JNJ
This ticker is: V
This ticker is: PG
This ticker is: JPM
This ticker is: UNH
This ticker is: MA
This ticker is: JLL
This ticker is: TRGP
This ticker is: FTI
This ticker is: OKE
This ticker is: SON
This ticker is: DVN
this is adj rsquare: 0.11874294562127008
date now is: 2014-06-30
This ticker is: AAPL
This ticker is: MSFT
This ticker is: AMZN
This ticker is: GOOGL
This ticker is: JNJ
This ticker is: V
This ticker is: PG
This ticker is: JPM
This ticker is: UNH
This ticker is: MA
This ticker is: JLL
This ticker is: TRGP
This ticker is: FTI
This ticker is: OKE
This ticker is: SON
This ticker is: DVN
this is adj rsquare: 0.11588448947796459
date now is: 2014-07-31
This ticker is: AAPL
This ticker is: MSFT
This ticker is: AMZN
This ticker is: GOOGL
This ticker is: JNJ
This ticker is: V
This ticker is: PG
This ticker is: JPM
This ticker is: UNH
This ticker is: MA
This ticker is: JLL
This ticker is: TRGP
This ticker is: FTI
This ticker is: OKE
This ticker is: SON
This ticker is: DVN
this is adj rsquare: 0.6359558089398452
date now is: 2014-08-31
This ticker is: AAPL
This ticker is: MSFT
This ticker is: AMZN
This ticker is: GOOGL
This ticker is: JNJ
This ticker is: V
This ticker is: PG
This ticker is: JPM
This ticker is: UNH
This ticker is: MA
This ticker is: JLL
This ticker is: TRGP
This ticker is: FTI
This ticker is: OKE
This ticker is: SON
This ticker is: DVN
this is adj rsquare: -0.34200380444425926
date now is: 2014-09-30
This ticker is: AAPL
This ticker is: MSFT
This ticker is: AMZN
This ticker is: GOOGL
This ticker is: JNJ
This ticker is: V
This ticker is: PG
This ticker is: JPM
This ticker is: UNH
This ticker is: MA
This ticker is: JLL
This ticker is: TRGP
This ticker is: FTI
This ticker is: OKE
This ticker is: SON
This ticker is: DVN
this is adj rsquare: 0.6094987918756013
date now is: 2014-10-31
This ticker is: AAPL
This ticker is: MSFT
This ticker is: AMZN
This ticker is: GOOGL
This ticker is: JNJ
This ticker is: V
This ticker is: PG
This ticker is: JPM
This ticker is: UNH
This ticker is: MA
This ticker is: JLL
This ticker is: TRGP
This ticker is: FTI
This ticker is: OKE
This ticker is: SON
This ticker is: DVN
this is adj rsquare: 0.743601167220562
date now is: 2014-11-30
This ticker is: AAPL
This ticker is: MSFT
This ticker is: AMZN
This ticker is: GOOGL
This ticker is: JNJ
This ticker is: V
This ticker is: PG
This ticker is: JPM
This ticker is: UNH
This ticker is: MA
This ticker is: JLL
This ticker is: TRGP
This ticker is: FTI
This ticker is: OKE
This ticker is: SON
This ticker is: DVN
this is adj rsquare: -0.9539141451622872
date now is: 2014-12-31
This ticker is: AAPL
This ticker is: MSFT
This ticker is: AMZN
This ticker is: GOOGL
This ticker is: JNJ
This ticker is: V
This ticker is: PG
This ticker is: JPM
This ticker is: UNH
This ticker is: MA
This ticker is: JLL
This ticker is: TRGP
This ticker is: FTI
This ticker is: OKE
This ticker is: SON
This ticker is: DVN
this is adj rsquare: 0.33854944145737276
date now is: 2015-01-31
This ticker is: AAPL
This ticker is: MSFT
This ticker is: AMZN
This ticker is: GOOGL
This ticker is: JNJ
This ticker is: V
This ticker is: PG
This ticker is: JPM
This ticker is: UNH
This ticker is: MA
This ticker is: JLL
This ticker is: TRGP
This ticker is: FTI
This ticker is: OKE
This ticker is: SON
This ticker is: DVN
this is adj rsquare: 0.5790171587129103
date now is: 2015-02-28
This ticker is: AAPL
This ticker is: MSFT
This ticker is: AMZN
This ticker is: GOOGL
This ticker is: JNJ
This ticker is: V
This ticker is: PG
This ticker is: JPM
This ticker is: UNH
This ticker is: MA
This ticker is: JLL
This ticker is: TRGP
This ticker is: FTI
This ticker is: OKE
This ticker is: SON
This ticker is: DVN
this is adj rsquare: -0.3794701340328024
date now is: 2015-03-31
This ticker is: AAPL
This ticker is: MSFT
This ticker is: AMZN
This ticker is: GOOGL
This ticker is: JNJ
This ticker is: V
This ticker is: PG
This ticker is: JPM
This ticker is: UNH
This ticker is: MA
This ticker is: JLL
This ticker is: TRGP
This ticker is: FTI
This ticker is: OKE
This ticker is: SON
This ticker is: DVN
this is adj rsquare: -0.22792484081696496
date now is: 2015-04-30
This ticker is: AAPL
This ticker is: MSFT
This ticker is: AMZN
This ticker is: GOOGL
This ticker is: JNJ
This ticker is: V
This ticker is: PG
This ticker is: JPM
This ticker is: UNH
This ticker is: MA
This ticker is: JLL
This ticker is: TRGP
This ticker is: FTI
This ticker is: OKE
This ticker is: SON
This ticker is: DVN
this is adj rsquare: 0.8644193287288893
date now is: 2015-05-31
This ticker is: AAPL
This ticker is: MSFT
This ticker is: AMZN
This ticker is: GOOGL
This ticker is: JNJ
This ticker is: V
This ticker is: PG
This ticker is: JPM
This ticker is: UNH
This ticker is: MA
This ticker is: JLL
This ticker is: TRGP
This ticker is: FTI
This ticker is: OKE
This ticker is: SON
This ticker is: DVN
this is adj rsquare: 0.4880679347850867
date now is: 2015-06-30
This ticker is: AAPL
This ticker is: MSFT
This ticker is: AMZN
This ticker is: GOOGL
This ticker is: JNJ
This ticker is: V
This ticker is: PG
This ticker is: JPM
This ticker is: UNH
This ticker is: MA
This ticker is: JLL
This ticker is: TRGP
This ticker is: FTI
This ticker is: OKE
This ticker is: SON
This ticker is: DVN
this is adj rsquare: 0.23605775376878113
date now is: 2015-07-31
This ticker is: AAPL
This ticker is: MSFT
This ticker is: AMZN
This ticker is: GOOGL
This ticker is: JNJ
This ticker is: V
This ticker is: PG
This ticker is: JPM
This ticker is: UNH
This ticker is: MA
This ticker is: JLL
This ticker is: TRGP
This ticker is: FTI
This ticker is: OKE
This ticker is: SON
This ticker is: DVN
this is adj rsquare: 0.842474319063246
date now is: 2015-08-31
This ticker is: AAPL
This ticker is: MSFT
This ticker is: AMZN
This ticker is: GOOGL
This ticker is: JNJ
This ticker is: V
This ticker is: PG
This ticker is: JPM
This ticker is: UNH
This ticker is: MA
This ticker is: JLL
This ticker is: TRGP
This ticker is: FTI
This ticker is: OKE
This ticker is: SON
This ticker is: DVN
this is adj rsquare: 0.6492102996740049
date now is: 2015-09-30
This ticker is: AAPL
This ticker is: MSFT
This ticker is: AMZN
This ticker is: GOOGL
This ticker is: JNJ
This ticker is: V
This ticker is: PG
This ticker is: JPM
This ticker is: UNH
This ticker is: MA
This ticker is: JLL
This ticker is: TRGP
This ticker is: FTI
This ticker is: OKE
This ticker is: SON
This ticker is: DVN
this is adj rsquare: -0.6829901112576029
date now is: 2015-10-31
This ticker is: AAPL
This ticker is: MSFT
This ticker is: AMZN
This ticker is: GOOGL
This ticker is: JNJ
This ticker is: V
This ticker is: PG
This ticker is: JPM
This ticker is: UNH
This ticker is: MA
This ticker is: JLL
This ticker is: TRGP
This ticker is: FTI
This ticker is: OKE
This ticker is: SON
This ticker is: DVN
this is adj rsquare: 0.5173297495563769
date now is: 2015-11-30
This ticker is: AAPL
This ticker is: MSFT
This ticker is: AMZN
This ticker is: GOOGL
This ticker is: JNJ
This ticker is: V
This ticker is: PG
This ticker is: JPM
This ticker is: UNH
This ticker is: MA
This ticker is: JLL
This ticker is: TRGP
This ticker is: FTI
This ticker is: OKE
This ticker is: SON
This ticker is: DVN
this is adj rsquare: 0.6258184279962646
date now is: 2015-12-31
This ticker is: AAPL
This ticker is: MSFT
This ticker is: AMZN
This ticker is: GOOGL
This ticker is: JNJ
This ticker is: V
This ticker is: PG
This ticker is: JPM
This ticker is: UNH
This ticker is: MA
This ticker is: JLL
This ticker is: TRGP
This ticker is: FTI
This ticker is: OKE
This ticker is: SON
This ticker is: DVN
this is adj rsquare: 0.5136910546600012
date now is: 2016-01-31
This ticker is: AAPL
This ticker is: MSFT
This ticker is: AMZN
This ticker is: GOOGL
This ticker is: JNJ
This ticker is: V
This ticker is: PG
This ticker is: JPM
This ticker is: UNH
This ticker is: MA
This ticker is: JLL
This ticker is: TRGP
This ticker is: FTI
This ticker is: OKE
This ticker is: SON
This ticker is: DVN
this is adj rsquare: -0.026436650704449338
date now is: 2016-02-29
This ticker is: AAPL
This ticker is: MSFT
This ticker is: AMZN
This ticker is: GOOGL
This ticker is: JNJ
This ticker is: V
This ticker is: PG
This ticker is: JPM
This ticker is: UNH
This ticker is: MA
This ticker is: JLL
This ticker is: TRGP
This ticker is: FTI
This ticker is: OKE
This ticker is: SON
This ticker is: DVN
this is adj rsquare: 0.6605737297114669
date now is: 2016-03-31
This ticker is: AAPL
This ticker is: MSFT
This ticker is: AMZN
This ticker is: GOOGL
This ticker is: JNJ
This ticker is: V
This ticker is: PG
This ticker is: JPM
This ticker is: UNH
This ticker is: MA
This ticker is: JLL
This ticker is: TRGP
This ticker is: FTI
This ticker is: OKE
This ticker is: SON
This ticker is: DVN
this is adj rsquare: 0.9274879676681055
date now is: 2016-04-30
This ticker is: AAPL
This ticker is: MSFT
This ticker is: AMZN
This ticker is: GOOGL
This ticker is: JNJ
This ticker is: V
This ticker is: PG
This ticker is: JPM
This ticker is: UNH
This ticker is: MA
This ticker is: JLL
This ticker is: TRGP
This ticker is: FTI
This ticker is: OKE
This ticker is: SON
This ticker is: DVN
this is adj rsquare: 0.6751686763286999
date now is: 2016-05-31
This ticker is: AAPL
This ticker is: MSFT
This ticker is: AMZN
This ticker is: GOOGL
This ticker is: JNJ
This ticker is: V
This ticker is: PG
This ticker is: JPM
This ticker is: UNH
This ticker is: MA
This ticker is: JLL
This ticker is: TRGP
This ticker is: FTI
This ticker is: OKE
This ticker is: SON
This ticker is: DVN
this is adj rsquare: 0.33020104729564037
date now is: 2016-06-30
This ticker is: AAPL
This ticker is: MSFT
This ticker is: AMZN
This ticker is: GOOGL
This ticker is: JNJ
This ticker is: V
This ticker is: PG
This ticker is: JPM
This ticker is: UNH
This ticker is: MA
This ticker is: JLL
This ticker is: TRGP
This ticker is: FTI
This ticker is: OKE
This ticker is: SON
This ticker is: DVN
this is adj rsquare: 0.6085217912047526
date now is: 2016-07-31
This ticker is: AAPL
This ticker is: MSFT
This ticker is: AMZN
This ticker is: GOOGL
This ticker is: JNJ
This ticker is: V
This ticker is: PG
This ticker is: JPM
This ticker is: UNH
This ticker is: MA
This ticker is: JLL
This ticker is: TRGP
This ticker is: FTI
This ticker is: OKE
This ticker is: SON
This ticker is: DVN
this is adj rsquare: 0.9407567958995651
date now is: 2016-08-31
This ticker is: AAPL
This ticker is: MSFT
This ticker is: AMZN
This ticker is: GOOGL
This ticker is: JNJ
This ticker is: V
This ticker is: PG
This ticker is: JPM
This ticker is: UNH
This ticker is: MA
This ticker is: JLL
This ticker is: TRGP
This ticker is: FTI
This ticker is: OKE
This ticker is: SON
This ticker is: DVN
this is adj rsquare: -0.017620485797281926
date now is: 2016-09-30
This ticker is: AAPL
This ticker is: MSFT
This ticker is: AMZN
This ticker is: GOOGL
This ticker is: JNJ
This ticker is: V
This ticker is: PG
This ticker is: JPM
This ticker is: UNH
This ticker is: MA
This ticker is: JLL
This ticker is: TRGP
This ticker is: FTI
This ticker is: OKE
This ticker is: SON
This ticker is: DVN
this is adj rsquare: 0.8444983364383953
date now is: 2016-10-31
This ticker is: AAPL
This ticker is: MSFT
This ticker is: AMZN
This ticker is: GOOGL
This ticker is: JNJ
This ticker is: V
This ticker is: PG
This ticker is: JPM
This ticker is: UNH
This ticker is: MA
This ticker is: JLL
This ticker is: TRGP
This ticker is: FTI
This ticker is: OKE
This ticker is: SON
This ticker is: DVN
this is adj rsquare: -0.7841480581784959
date now is: 2016-11-30
This ticker is: AAPL
This ticker is: MSFT
This ticker is: AMZN
This ticker is: GOOGL
This ticker is: JNJ
This ticker is: V
This ticker is: PG
This ticker is: JPM
This ticker is: UNH
This ticker is: MA
This ticker is: JLL
This ticker is: TRGP
This ticker is: FTI
This ticker is: OKE
This ticker is: SON
This ticker is: DVN
this is adj rsquare: 0.6729363884046128
date now is: 2016-12-31
This ticker is: AAPL
This ticker is: MSFT
This ticker is: AMZN
This ticker is: GOOGL
This ticker is: JNJ
This ticker is: V
This ticker is: PG
This ticker is: JPM
This ticker is: UNH
This ticker is: MA
This ticker is: JLL
This ticker is: TRGP
This ticker is: FTI
This ticker is: OKE
This ticker is: SON
This ticker is: DVN
this is adj rsquare: 0.019395692960854527
date now is: 2017-01-31
This ticker is: AAPL
This ticker is: MSFT
This ticker is: AMZN
This ticker is: GOOGL
This ticker is: JNJ
This ticker is: V
This ticker is: PG
This ticker is: JPM
This ticker is: UNH
This ticker is: MA
This ticker is: JLL
This ticker is: TRGP
This ticker is: FTI
This ticker is: OKE
This ticker is: SON
This ticker is: DVN
this is adj rsquare: 0.342733239579635
date now is: 2017-02-28
This ticker is: AAPL
This ticker is: MSFT
This ticker is: AMZN
This ticker is: GOOGL
This ticker is: JNJ
This ticker is: V
This ticker is: PG
This ticker is: JPM
This ticker is: UNH
This ticker is: MA
This ticker is: JLL
This ticker is: TRGP
This ticker is: FTI
This ticker is: OKE
This ticker is: SON
This ticker is: DVN
this is adj rsquare: -0.41241203892795686
date now is: 2017-03-31
This ticker is: AAPL
This ticker is: MSFT
This ticker is: AMZN
This ticker is: GOOGL
This ticker is: JNJ
This ticker is: V
This ticker is: PG
This ticker is: JPM
This ticker is: UNH
This ticker is: MA
This ticker is: JLL
This ticker is: TRGP
This ticker is: FTI
This ticker is: OKE
This ticker is: SON
This ticker is: DVN
this is adj rsquare: 0.7125001920773079
date now is: 2017-04-30
This ticker is: AAPL
This ticker is: MSFT
This ticker is: AMZN
This ticker is: GOOGL
This ticker is: JNJ
This ticker is: V
This ticker is: PG
This ticker is: JPM
This ticker is: UNH
This ticker is: MA
This ticker is: JLL
This ticker is: TRGP
This ticker is: FTI
This ticker is: OKE
This ticker is: SON
This ticker is: DVN
this is adj rsquare: 0.546305538646961
date now is: 2017-05-31
This ticker is: AAPL
This ticker is: MSFT
This ticker is: AMZN
This ticker is: GOOGL
This ticker is: JNJ
This ticker is: V
This ticker is: PG
This ticker is: JPM
This ticker is: UNH
This ticker is: MA
This ticker is: JLL
This ticker is: TRGP
This ticker is: FTI
This ticker is: OKE
This ticker is: SON
This ticker is: DVN
this is adj rsquare: 0.40207395857186556
date now is: 2017-06-30
This ticker is: AAPL
This ticker is: MSFT
This ticker is: AMZN
This ticker is: GOOGL
This ticker is: JNJ
This ticker is: V
This ticker is: PG
This ticker is: JPM
This ticker is: UNH
This ticker is: MA
This ticker is: JLL
This ticker is: TRGP
This ticker is: FTI
This ticker is: OKE
This ticker is: SON
This ticker is: DVN
this is adj rsquare: -1.1947135589801285
date now is: 2017-07-31
This ticker is: AAPL
This ticker is: MSFT
This ticker is: AMZN
This ticker is: GOOGL
This ticker is: JNJ
This ticker is: V
This ticker is: PG
This ticker is: JPM
This ticker is: UNH
This ticker is: MA
This ticker is: JLL
This ticker is: TRGP
This ticker is: FTI
This ticker is: OKE
This ticker is: SON
This ticker is: DVN
this is adj rsquare: 0.9440532355894091
date now is: 2017-08-31
This ticker is: AAPL
This ticker is: MSFT
This ticker is: AMZN
This ticker is: GOOGL
This ticker is: JNJ
This ticker is: V
This ticker is: PG
This ticker is: JPM
This ticker is: UNH
This ticker is: MA
This ticker is: JLL
This ticker is: TRGP
This ticker is: FTI
This ticker is: OKE
This ticker is: SON
This ticker is: DVN
this is adj rsquare: 0.6246788192337509
date now is: 2017-09-30
This ticker is: AAPL
This ticker is: MSFT
This ticker is: AMZN
This ticker is: GOOGL
This ticker is: JNJ
This ticker is: V
This ticker is: PG
This ticker is: JPM
This ticker is: UNH
This ticker is: MA
This ticker is: JLL
This ticker is: TRGP
This ticker is: FTI
This ticker is: OKE
This ticker is: SON
This ticker is: DVN
this is adj rsquare: 0.24388782874997395
date now is: 2017-10-31
This ticker is: AAPL
This ticker is: MSFT
This ticker is: AMZN
This ticker is: GOOGL
This ticker is: JNJ
This ticker is: V
This ticker is: PG
This ticker is: JPM
This ticker is: UNH
This ticker is: MA
This ticker is: JLL
This ticker is: TRGP
This ticker is: FTI
This ticker is: OKE
This ticker is: SON
This ticker is: DVN
this is adj rsquare: 0.7017556012763985
date now is: 2017-11-30
This ticker is: AAPL
This ticker is: MSFT
This ticker is: AMZN
This ticker is: GOOGL
This ticker is: JNJ
This ticker is: V
This ticker is: PG
This ticker is: JPM
This ticker is: UNH
This ticker is: MA
This ticker is: JLL
This ticker is: TRGP
This ticker is: FTI
This ticker is: OKE
This ticker is: SON
This ticker is: DVN
this is adj rsquare: 0.8613752770358558
T-values: {'Constant': 2.894908842367396, 'Price/Earnings': 0.9910639014439226, 'Price/Book Value': 0.11407677387044815, 'Return on Assets': 1.2512065009450066, 'Return on Equity ': 1.1891832564796472, 'Free Cash Flow per Share': -0.7949834848302854, 'Price/Cash Flow': 1.053444056094358, 'Dividend Yield (%)': 1.2101998008698556, 'Enterprise Value/EBIT': 0.6684235012991798, 'Enterprise Value/EBITDA': 0.8363614545537114, 'Dividend Payout Ratio (%)': 0.2344538372791318, '7': 1.7635185833949254}
P-values: {'Constant': 0.00530951290723029, 'Price/Earnings': 0.32570159839954915, 'Price/Book Value': 0.9095642503642214, 'Return on Assets': 0.21579777612496395, 'Return on Equity ': 0.23913158952869462, 'Free Cash Flow per Share': 0.4298096217439157, 'Price/Cash Flow': 0.29643271877228056, 'Dividend Yield (%)': 0.2310284884103899, 'Enterprise Value/EBIT': 0.5064700643049738, 'Enterprise Value/EBITDA': 0.40632626053182674, 'Dividend Payout Ratio (%)': 0.8154443957083606, '7': 0.08299071648998166}
{'Constant': 0.013536150363899149, 'Price/Earnings': 0.03265081292019308, 'Price/Book Value': 0.0005395966537288888, 'Return on Assets': 0.007211483988310033, 'Return on Equity ': 0.008490539151111691, 'Free Cash Flow per Share': -0.010676596346428185, 'Price/Cash Flow': 0.0149017561254979, 'Dividend Yield (%)': 0.003761896052041349, 'Enterprise Value/EBIT': 0.01482701361349397, 'Enterprise Value/EBITDA': 0.023147181897192098, 'Dividend Payout Ratio (%)': 0.004813494954433206, '7': 0.029772813057901026}
this is the average adj r-square: 0.2759258257345898
