Namespace(end_date=2017, feature_names='Price/Earnings,Price/Book Value,Return on Assets,Return on Equity ,Free Cash Flow per Share,Price/Cash Flow,Dividend Yield (%),Enterprise Value/EBIT,Enterprise Value/EBITDA,Dividend Payout Ratio (%)', new_feature='8', path_to_file='./', start_date=2013, y='3M Return')
['2012-12-31', '2013-03-31', '2013-06-30', '2013-09-30', '2013-12-31', '2014-03-31', '2014-06-30', '2014-09-30', '2014-12-31', '2015-03-31', '2015-06-30', '2015-09-30', '2015-12-31', '2016-03-31', '2016-06-30', '2016-09-30', '2016-12-31', '2017-03-31', '2017-06-30', '2017-09-30', '2017-12-31']
this is Beta adj rsquare of AAPL and the value is 0.5046413619667242:
this is Beta adj rsquare of PG and the value is 0.24108048750141087:
this is Beta adj rsquare of VZ and the value is 0.29004681558017154:
this is Beta adj rsquare of AMAT and the value is -0.009646314928185351:
this is Beta adj rsquare of MSFT and the value is 0.5500246030977554:
this is Beta adj rsquare of JNJ and the value is 0.3205591824655186:
this is Beta adj rsquare of V and the value is 0.14262460479150274:
this is Beta adj rsquare of MA and the value is 0.5743697533496073:
this is Beta adj rsquare of TRGP and the value is 0.35563011184359605:
this is Beta adj rsquare of OKE and the value is 0.1916467308036337:
this is Beta adj rsquare of SON and the value is 0.5500513695427509:
this is Beta adj rsquare of DVN and the value is 0.4303682520575228:
this is Beta adj rsquare of HD and the value is 0.2824069889619748:
this is Beta adj rsquare of INTC and the value is 0.2342307488728108:
14
12
14
['AAPL', 'PG', 'VZ', 'AMAT', 'MSFT', 'JNJ', 'V', 'MA', 'TRGP', 'OKE', 'SON', 'DVN', 'HD', 'INTC']
date now X_standardizedis: 2012-12-31
this is adj rsquare: 0.6445397106283552
12
date now X_standardizedis: 2013-03-31
this is adj rsquare: 0.07155098042695662
12
date now X_standardizedis: 2013-06-30
this is adj rsquare: 0.544936910023076
12
date now X_standardizedis: 2013-09-30
this is adj rsquare: 0.6658027783918479
12
date now X_standardizedis: 2013-12-31
this is adj rsquare: 0.21916895389147173
12
date now X_standardizedis: 2014-03-31
this is adj rsquare: -0.5027071302026693
12
date now X_standardizedis: 2014-06-30
this is adj rsquare: -0.40817265313527584
12
date now X_standardizedis: 2014-09-30
this is adj rsquare: -0.656490692240296
12
date now X_standardizedis: 2014-12-31
this is adj rsquare: 0.8254796477855617
12
date now X_standardizedis: 2015-03-31
this is adj rsquare: 0.9253545537429122
12
date now X_standardizedis: 2015-06-30
this is adj rsquare: 0.6924336647885814
12
date now X_standardizedis: 2015-09-30
this is adj rsquare: 0.4452673953698498
12
date now X_standardizedis: 2015-12-31
this is adj rsquare: 0.9087084131877711
12
date now X_standardizedis: 2016-03-31
this is adj rsquare: 0.7577976637862703
12
date now X_standardizedis: 2016-06-30
this is adj rsquare: 0.9750435553306083
12
date now X_standardizedis: 2016-09-30
this is adj rsquare: -2.2485611150503466
12
date now X_standardizedis: 2016-12-31
this is adj rsquare: 0.5144544674253402
12
date now X_standardizedis: 2017-03-31
this is adj rsquare: 0.7770167898652673
12
date now X_standardizedis: 2017-06-30
this is adj rsquare: 0.8481010659030339
12
date now X_standardizedis: 2017-09-30
this is adj rsquare: 0.9411461052334735
12
12
20
T-values: {'Constant': 4.390229182068472, 'Price/Earnings': -0.6346851914616641, 'Price/Book Value': 0.8365486587664838, 'Return on Assets': 0.6190400349245703, 'Return on Equity ': 0.08666013801766685, 'Free Cash Flow per Share': -0.32616114239608074, 'Price/Cash Flow': -0.7214103165800596, 'Dividend Yield (%)': 2.4100336025170175, 'Enterprise Value/EBIT': 0.4460590556991214, 'Enterprise Value/EBITDA': 0.7016833149823894, 'Dividend Payout Ratio (%)': -0.6146901441201148, '8': 1.7781056300417557}
P-values: {'Constant': 0.00031463405544502633, 'Price/Earnings': 0.5332025372965827, 'Price/Book Value': 0.41324444479591316, 'Return on Assets': 0.5432417901993217, 'Return on Equity ': 0.9318484347108055, 'Free Cash Flow per Share': 0.7478675728244162, 'Price/Cash Flow': 0.4794412369263459, 'Dividend Yield (%)': 0.026251079227329957, 'Enterprise Value/EBIT': 0.660596271694769, 'Enterprise Value/EBITDA': 0.4913831399744052, 'Dividend Payout Ratio (%)': 0.5460510223511073, '8': 0.09139485958807972}
{'Constant': 0.04732184036284821, 'Price/Earnings': -0.02534508338626184, 'Price/Book Value': 0.07320304704737426, 'Return on Assets': 0.06400696417397231, 'Return on Equity ': 0.010017845791013415, 'Free Cash Flow per Share': -0.040582180578615956, 'Price/Cash Flow': -0.08791576523177994, 'Dividend Yield (%)': 0.16215336173151326, 'Enterprise Value/EBIT': 0.06916064451350681, 'Enterprise Value/EBITDA': 0.09598991801030302, 'Dividend Payout Ratio (%)': -0.024185911746884507, '8': 0.24352169456535305}
this is the average adj r-square: 0.3470435532575894
this is the median adj r-square: 0.6551712445101016
