Namespace(end_date='2017-12-31', feature_names='Price/Earnings,Price/Book Value,Return on Assets,Return on Equity ,Free Cash Flow per Share,Price/Cash Flow,Dividend Yield (%),Enterprise Value/EBIT,Enterprise Value/EBITDA,Dividend Payout Ratio (%)', new_feature='', path_to_file='./', start_date='2013-01-31', y='Return')
AAPL
this is Beta adj rsquare of AAPL and the value is 0.06465576196694045:
MSFT
this is Beta adj rsquare of MSFT and the value is 0.009892090123825414:
AMZN
AMZN
AMZN
this is Beta adj rsquare of AMZN and the value is 0.0923140155342782:
GOOGL
GOOGL
GOOGL
this is Beta adj rsquare of GOOGL and the value is 0.0643950492251697:
JNJ
this is Beta adj rsquare of JNJ and the value is -0.016421368143984427:
V
this is Beta adj rsquare of V and the value is -0.001291923967619013:
PG
this is Beta adj rsquare of PG and the value is 0.038226857630438316:
JPM
JPM
JPM
JPM
this is Beta adj rsquare of JPM and the value is -0.008105839434129791:
UNH
UNH
UNH
UNH
this is Beta adj rsquare of UNH and the value is -0.016673625273061043:
MA
this is Beta adj rsquare of MA and the value is 0.051655852973027216:
JLL
JLL
this is Beta adj rsquare of JLL and the value is 0.02964005039222073:
TRGP
this is Beta adj rsquare of TRGP and the value is 0.12570480175228937:
FTI
FTI
FTI
this is Beta adj rsquare of FTI and the value is -0.011247415152373152:
OKE
this is Beta adj rsquare of OKE and the value is 0.09079302280869639:
SON
this is Beta adj rsquare of SON and the value is 0.09172933556954788:
DVN
this is Beta adj rsquare of DVN and the value is -0.012171983788932472:
['AAPL', 'MSFT', 'AMZN', 'GOOGL', 'JNJ', 'V', 'PG', 'JPM', 'UNH', 'MA', 'JLL', 'TRGP', 'FTI', 'OKE', 'SON', 'DVN']
['2012-12-31', '2013-01-31', '2013-02-28', '2013-03-31', '2013-04-30', '2013-05-31', '2013-06-30', '2013-07-31', '2013-08-31', '2013-09-30', '2013-10-31', '2013-11-30', '2013-12-31', '2014-01-31', '2014-02-28', '2014-03-31', '2014-04-30', '2014-05-31', '2014-06-30', '2014-07-31', '2014-08-31', '2014-09-30', '2014-10-31', '2014-11-30', '2014-12-31', '2015-01-31', '2015-02-28', '2015-03-31', '2015-04-30', '2015-05-31', '2015-06-30', '2015-07-31', '2015-08-31', '2015-09-30', '2015-10-31', '2015-11-30', '2015-12-31', '2016-01-31', '2016-02-29', '2016-03-31', '2016-04-30', '2016-05-31', '2016-06-30', '2016-07-31', '2016-08-31', '2016-09-30', '2016-10-31', '2016-11-30', '2016-12-31', '2017-01-31', '2017-02-28', '2017-03-31', '2017-04-30', '2017-05-31', '2017-06-30', '2017-07-31', '2017-08-31', '2017-09-30', '2017-10-31', '2017-11-30', '2017-12-31']
date now is: 2012-12-31
This ticker is: AAPL
This ticker is: MSFT
This ticker is: AMZN
This ticker is: GOOGL
This ticker is: JNJ
This ticker is: V
This ticker is: PG
This ticker is: JPM
This ticker is: UNH
This ticker is: MA
This ticker is: JLL
This ticker is: TRGP
This ticker is: FTI
This ticker is: OKE
This ticker is: SON
This ticker is: DVN
this is adj rsquare: -0.15893106491652143
date now is: 2013-01-31
This ticker is: AAPL
This ticker is: MSFT
This ticker is: AMZN
This ticker is: GOOGL
This ticker is: JNJ
This ticker is: V
This ticker is: PG
This ticker is: JPM
This ticker is: UNH
This ticker is: MA
This ticker is: JLL
This ticker is: TRGP
This ticker is: FTI
This ticker is: OKE
This ticker is: SON
This ticker is: DVN
this is adj rsquare: 0.7058807589144093
date now is: 2013-02-28
This ticker is: AAPL
This ticker is: MSFT
This ticker is: AMZN
This ticker is: GOOGL
This ticker is: JNJ
This ticker is: V
This ticker is: PG
This ticker is: JPM
This ticker is: UNH
This ticker is: MA
This ticker is: JLL
This ticker is: TRGP
This ticker is: FTI
This ticker is: OKE
This ticker is: SON
This ticker is: DVN
this is adj rsquare: -0.25964362147196507
date now is: 2013-03-31
This ticker is: AAPL
This ticker is: MSFT
This ticker is: AMZN
This ticker is: GOOGL
This ticker is: JNJ
This ticker is: V
This ticker is: PG
This ticker is: JPM
This ticker is: UNH
This ticker is: MA
This ticker is: JLL
This ticker is: TRGP
This ticker is: FTI
This ticker is: OKE
This ticker is: SON
This ticker is: DVN
this is adj rsquare: 0.7420627869404253
date now is: 2013-04-30
This ticker is: AAPL
This ticker is: MSFT
This ticker is: AMZN
This ticker is: GOOGL
This ticker is: JNJ
This ticker is: V
This ticker is: PG
This ticker is: JPM
This ticker is: UNH
This ticker is: MA
This ticker is: JLL
This ticker is: TRGP
This ticker is: FTI
This ticker is: OKE
This ticker is: SON
This ticker is: DVN
this is adj rsquare: 0.1266363699398374
date now is: 2013-05-31
This ticker is: AAPL
This ticker is: MSFT
This ticker is: AMZN
This ticker is: GOOGL
This ticker is: JNJ
This ticker is: V
This ticker is: PG
This ticker is: JPM
This ticker is: UNH
This ticker is: MA
This ticker is: JLL
This ticker is: TRGP
This ticker is: FTI
This ticker is: OKE
This ticker is: SON
This ticker is: DVN
this is adj rsquare: -0.2896191523024805
date now is: 2013-06-30
This ticker is: AAPL
This ticker is: MSFT
This ticker is: AMZN
This ticker is: GOOGL
This ticker is: JNJ
This ticker is: V
This ticker is: PG
This ticker is: JPM
This ticker is: UNH
This ticker is: MA
This ticker is: JLL
This ticker is: TRGP
This ticker is: FTI
This ticker is: OKE
This ticker is: SON
This ticker is: DVN
this is adj rsquare: -0.05578398849615418
date now is: 2013-07-31
This ticker is: AAPL
This ticker is: MSFT
This ticker is: AMZN
This ticker is: GOOGL
This ticker is: JNJ
This ticker is: V
This ticker is: PG
This ticker is: JPM
This ticker is: UNH
This ticker is: MA
This ticker is: JLL
This ticker is: TRGP
This ticker is: FTI
This ticker is: OKE
This ticker is: SON
This ticker is: DVN
this is adj rsquare: 0.7994143089416303
date now is: 2013-08-31
This ticker is: AAPL
This ticker is: MSFT
This ticker is: AMZN
This ticker is: GOOGL
This ticker is: JNJ
This ticker is: V
This ticker is: PG
This ticker is: JPM
This ticker is: UNH
This ticker is: MA
This ticker is: JLL
This ticker is: TRGP
This ticker is: FTI
This ticker is: OKE
This ticker is: SON
This ticker is: DVN
this is adj rsquare: -0.701531306078141
date now is: 2013-09-30
This ticker is: AAPL
This ticker is: MSFT
This ticker is: AMZN
This ticker is: GOOGL
This ticker is: JNJ
This ticker is: V
This ticker is: PG
This ticker is: JPM
This ticker is: UNH
This ticker is: MA
This ticker is: JLL
This ticker is: TRGP
This ticker is: FTI
This ticker is: OKE
This ticker is: SON
This ticker is: DVN
this is adj rsquare: 0.3210171894439121
date now is: 2013-10-31
This ticker is: AAPL
This ticker is: MSFT
This ticker is: AMZN
This ticker is: GOOGL
This ticker is: JNJ
This ticker is: V
This ticker is: PG
This ticker is: JPM
This ticker is: UNH
This ticker is: MA
This ticker is: JLL
This ticker is: TRGP
This ticker is: FTI
This ticker is: OKE
This ticker is: SON
This ticker is: DVN
this is adj rsquare: 0.548117692667284
date now is: 2013-11-30
This ticker is: AAPL
This ticker is: MSFT
This ticker is: AMZN
This ticker is: GOOGL
This ticker is: JNJ
This ticker is: V
This ticker is: PG
This ticker is: JPM
This ticker is: UNH
This ticker is: MA
This ticker is: JLL
This ticker is: TRGP
This ticker is: FTI
This ticker is: OKE
This ticker is: SON
This ticker is: DVN
this is adj rsquare: -0.8116190524852624
date now is: 2013-12-31
This ticker is: AAPL
This ticker is: MSFT
This ticker is: AMZN
This ticker is: GOOGL
This ticker is: JNJ
This ticker is: V
This ticker is: PG
This ticker is: JPM
This ticker is: UNH
This ticker is: MA
This ticker is: JLL
This ticker is: TRGP
This ticker is: FTI
This ticker is: OKE
This ticker is: SON
This ticker is: DVN
this is adj rsquare: 0.7741174505069297
date now is: 2014-01-31
This ticker is: AAPL
This ticker is: MSFT
This ticker is: AMZN
This ticker is: GOOGL
This ticker is: JNJ
This ticker is: V
This ticker is: PG
This ticker is: JPM
This ticker is: UNH
This ticker is: MA
This ticker is: JLL
This ticker is: TRGP
This ticker is: FTI
This ticker is: OKE
This ticker is: SON
This ticker is: DVN
this is adj rsquare: -0.09832916862322238
date now is: 2014-02-28
This ticker is: AAPL
This ticker is: MSFT
This ticker is: AMZN
This ticker is: GOOGL
This ticker is: JNJ
This ticker is: V
This ticker is: PG
This ticker is: JPM
This ticker is: UNH
This ticker is: MA
This ticker is: JLL
This ticker is: TRGP
This ticker is: FTI
This ticker is: OKE
This ticker is: SON
This ticker is: DVN
this is adj rsquare: -0.10678556258616911
date now is: 2014-03-31
This ticker is: AAPL
This ticker is: MSFT
This ticker is: AMZN
This ticker is: GOOGL
This ticker is: JNJ
This ticker is: V
This ticker is: PG
This ticker is: JPM
This ticker is: UNH
This ticker is: MA
This ticker is: JLL
This ticker is: TRGP
This ticker is: FTI
This ticker is: OKE
This ticker is: SON
This ticker is: DVN
this is adj rsquare: 0.20106739757182357
date now is: 2014-04-30
This ticker is: AAPL
This ticker is: MSFT
This ticker is: AMZN
This ticker is: GOOGL
This ticker is: JNJ
This ticker is: V
This ticker is: PG
This ticker is: JPM
This ticker is: UNH
This ticker is: MA
This ticker is: JLL
This ticker is: TRGP
This ticker is: FTI
This ticker is: OKE
This ticker is: SON
This ticker is: DVN
this is adj rsquare: -0.5693359584702766
date now is: 2014-05-31
This ticker is: AAPL
This ticker is: MSFT
This ticker is: AMZN
This ticker is: GOOGL
This ticker is: JNJ
This ticker is: V
This ticker is: PG
This ticker is: JPM
This ticker is: UNH
This ticker is: MA
This ticker is: JLL
This ticker is: TRGP
This ticker is: FTI
This ticker is: OKE
This ticker is: SON
This ticker is: DVN
this is adj rsquare: 0.19767624734230171
date now is: 2014-06-30
This ticker is: AAPL
This ticker is: MSFT
This ticker is: AMZN
This ticker is: GOOGL
This ticker is: JNJ
This ticker is: V
This ticker is: PG
This ticker is: JPM
This ticker is: UNH
This ticker is: MA
This ticker is: JLL
This ticker is: TRGP
This ticker is: FTI
This ticker is: OKE
This ticker is: SON
This ticker is: DVN
this is adj rsquare: 0.5260627993519256
date now is: 2014-07-31
This ticker is: AAPL
This ticker is: MSFT
This ticker is: AMZN
This ticker is: GOOGL
This ticker is: JNJ
This ticker is: V
This ticker is: PG
This ticker is: JPM
This ticker is: UNH
This ticker is: MA
This ticker is: JLL
This ticker is: TRGP
This ticker is: FTI
This ticker is: OKE
This ticker is: SON
This ticker is: DVN
this is adj rsquare: -0.37361856715991215
date now is: 2014-08-31
This ticker is: AAPL
This ticker is: MSFT
This ticker is: AMZN
This ticker is: GOOGL
This ticker is: JNJ
This ticker is: V
This ticker is: PG
This ticker is: JPM
This ticker is: UNH
This ticker is: MA
This ticker is: JLL
This ticker is: TRGP
This ticker is: FTI
This ticker is: OKE
This ticker is: SON
This ticker is: DVN
this is adj rsquare: 0.5017357755259766
date now is: 2014-09-30
This ticker is: AAPL
This ticker is: MSFT
This ticker is: AMZN
This ticker is: GOOGL
This ticker is: JNJ
This ticker is: V
This ticker is: PG
This ticker is: JPM
This ticker is: UNH
This ticker is: MA
This ticker is: JLL
This ticker is: TRGP
This ticker is: FTI
This ticker is: OKE
This ticker is: SON
This ticker is: DVN
this is adj rsquare: -0.3465818962824092
date now is: 2014-10-31
This ticker is: AAPL
This ticker is: MSFT
This ticker is: AMZN
This ticker is: GOOGL
This ticker is: JNJ
This ticker is: V
This ticker is: PG
This ticker is: JPM
This ticker is: UNH
This ticker is: MA
This ticker is: JLL
This ticker is: TRGP
This ticker is: FTI
This ticker is: OKE
This ticker is: SON
This ticker is: DVN
this is adj rsquare: -0.2533473791826244
date now is: 2014-11-30
This ticker is: AAPL
This ticker is: MSFT
This ticker is: AMZN
This ticker is: GOOGL
This ticker is: JNJ
This ticker is: V
This ticker is: PG
This ticker is: JPM
This ticker is: UNH
This ticker is: MA
This ticker is: JLL
This ticker is: TRGP
This ticker is: FTI
This ticker is: OKE
This ticker is: SON
This ticker is: DVN
this is adj rsquare: -0.2715243487620338
date now is: 2014-12-31
This ticker is: AAPL
This ticker is: MSFT
This ticker is: AMZN
This ticker is: GOOGL
This ticker is: JNJ
This ticker is: V
This ticker is: PG
This ticker is: JPM
This ticker is: UNH
This ticker is: MA
This ticker is: JLL
This ticker is: TRGP
This ticker is: FTI
This ticker is: OKE
This ticker is: SON
This ticker is: DVN
this is adj rsquare: -0.022962736919625026
date now is: 2015-01-31
This ticker is: AAPL
This ticker is: MSFT
This ticker is: AMZN
This ticker is: GOOGL
This ticker is: JNJ
This ticker is: V
This ticker is: PG
This ticker is: JPM
This ticker is: UNH
This ticker is: MA
This ticker is: JLL
This ticker is: TRGP
This ticker is: FTI
This ticker is: OKE
This ticker is: SON
This ticker is: DVN
this is adj rsquare: 0.7404801131283718
date now is: 2015-02-28
This ticker is: AAPL
This ticker is: MSFT
This ticker is: AMZN
This ticker is: GOOGL
This ticker is: JNJ
This ticker is: V
This ticker is: PG
This ticker is: JPM
This ticker is: UNH
This ticker is: MA
This ticker is: JLL
This ticker is: TRGP
This ticker is: FTI
This ticker is: OKE
This ticker is: SON
This ticker is: DVN
this is adj rsquare: 0.42720590154575955
date now is: 2015-03-31
This ticker is: AAPL
This ticker is: MSFT
This ticker is: AMZN
This ticker is: GOOGL
This ticker is: JNJ
This ticker is: V
This ticker is: PG
This ticker is: JPM
This ticker is: UNH
This ticker is: MA
This ticker is: JLL
This ticker is: TRGP
This ticker is: FTI
This ticker is: OKE
This ticker is: SON
This ticker is: DVN
this is adj rsquare: -0.2385132549217137
date now is: 2015-04-30
This ticker is: AAPL
This ticker is: MSFT
This ticker is: AMZN
This ticker is: GOOGL
This ticker is: JNJ
This ticker is: V
This ticker is: PG
This ticker is: JPM
This ticker is: UNH
This ticker is: MA
This ticker is: JLL
This ticker is: TRGP
This ticker is: FTI
This ticker is: OKE
This ticker is: SON
This ticker is: DVN
this is adj rsquare: 0.28384892551956165
date now is: 2015-05-31
This ticker is: AAPL
This ticker is: MSFT
This ticker is: AMZN
This ticker is: GOOGL
This ticker is: JNJ
This ticker is: V
This ticker is: PG
This ticker is: JPM
This ticker is: UNH
This ticker is: MA
This ticker is: JLL
This ticker is: TRGP
This ticker is: FTI
This ticker is: OKE
This ticker is: SON
This ticker is: DVN
this is adj rsquare: 0.6421233985358074
date now is: 2015-06-30
This ticker is: AAPL
This ticker is: MSFT
This ticker is: AMZN
This ticker is: GOOGL
This ticker is: JNJ
This ticker is: V
This ticker is: PG
This ticker is: JPM
This ticker is: UNH
This ticker is: MA
This ticker is: JLL
This ticker is: TRGP
This ticker is: FTI
This ticker is: OKE
This ticker is: SON
This ticker is: DVN
this is adj rsquare: 0.44361364677577575
date now is: 2015-07-31
This ticker is: AAPL
This ticker is: MSFT
This ticker is: AMZN
This ticker is: GOOGL
This ticker is: JNJ
This ticker is: V
This ticker is: PG
This ticker is: JPM
This ticker is: UNH
This ticker is: MA
This ticker is: JLL
This ticker is: TRGP
This ticker is: FTI
This ticker is: OKE
This ticker is: SON
This ticker is: DVN
this is adj rsquare: 0.9556362024129926
date now is: 2015-08-31
This ticker is: AAPL
This ticker is: MSFT
This ticker is: AMZN
This ticker is: GOOGL
This ticker is: JNJ
This ticker is: V
This ticker is: PG
This ticker is: JPM
This ticker is: UNH
This ticker is: MA
This ticker is: JLL
This ticker is: TRGP
This ticker is: FTI
This ticker is: OKE
This ticker is: SON
This ticker is: DVN
this is adj rsquare: 0.10481021775785881
date now is: 2015-09-30
This ticker is: AAPL
This ticker is: MSFT
This ticker is: AMZN
This ticker is: GOOGL
This ticker is: JNJ
This ticker is: V
This ticker is: PG
This ticker is: JPM
This ticker is: UNH
This ticker is: MA
This ticker is: JLL
This ticker is: TRGP
This ticker is: FTI
This ticker is: OKE
This ticker is: SON
This ticker is: DVN
this is adj rsquare: -0.6217947302493094
date now is: 2015-10-31
This ticker is: AAPL
This ticker is: MSFT
This ticker is: AMZN
This ticker is: GOOGL
This ticker is: JNJ
This ticker is: V
This ticker is: PG
This ticker is: JPM
This ticker is: UNH
This ticker is: MA
This ticker is: JLL
This ticker is: TRGP
This ticker is: FTI
This ticker is: OKE
This ticker is: SON
This ticker is: DVN
this is adj rsquare: 0.6761068521900411
date now is: 2015-11-30
This ticker is: AAPL
This ticker is: MSFT
This ticker is: AMZN
This ticker is: GOOGL
This ticker is: JNJ
This ticker is: V
This ticker is: PG
This ticker is: JPM
This ticker is: UNH
This ticker is: MA
This ticker is: JLL
This ticker is: TRGP
This ticker is: FTI
This ticker is: OKE
This ticker is: SON
This ticker is: DVN
this is adj rsquare: 0.36203444405077323
date now is: 2015-12-31
This ticker is: AAPL
This ticker is: MSFT
This ticker is: AMZN
This ticker is: GOOGL
This ticker is: JNJ
This ticker is: V
This ticker is: PG
This ticker is: JPM
This ticker is: UNH
This ticker is: MA
This ticker is: JLL
This ticker is: TRGP
This ticker is: FTI
This ticker is: OKE
This ticker is: SON
This ticker is: DVN
this is adj rsquare: 0.6048502798794065
date now is: 2016-01-31
This ticker is: AAPL
This ticker is: MSFT
This ticker is: AMZN
This ticker is: GOOGL
This ticker is: JNJ
This ticker is: V
This ticker is: PG
This ticker is: JPM
This ticker is: UNH
This ticker is: MA
This ticker is: JLL
This ticker is: TRGP
This ticker is: FTI
This ticker is: OKE
This ticker is: SON
This ticker is: DVN
this is adj rsquare: 0.25891645411012676
date now is: 2016-02-29
This ticker is: AAPL
This ticker is: MSFT
This ticker is: AMZN
This ticker is: GOOGL
This ticker is: JNJ
This ticker is: V
This ticker is: PG
This ticker is: JPM
This ticker is: UNH
This ticker is: MA
This ticker is: JLL
This ticker is: TRGP
This ticker is: FTI
This ticker is: OKE
This ticker is: SON
This ticker is: DVN
this is adj rsquare: 0.634090800403544
date now is: 2016-03-31
This ticker is: AAPL
This ticker is: MSFT
This ticker is: AMZN
This ticker is: GOOGL
This ticker is: JNJ
This ticker is: V
This ticker is: PG
This ticker is: JPM
This ticker is: UNH
This ticker is: MA
This ticker is: JLL
This ticker is: TRGP
This ticker is: FTI
This ticker is: OKE
This ticker is: SON
This ticker is: DVN
this is adj rsquare: 0.3277430937385284
date now is: 2016-04-30
This ticker is: AAPL
This ticker is: MSFT
This ticker is: AMZN
This ticker is: GOOGL
This ticker is: JNJ
This ticker is: V
This ticker is: PG
This ticker is: JPM
This ticker is: UNH
This ticker is: MA
This ticker is: JLL
This ticker is: TRGP
This ticker is: FTI
This ticker is: OKE
This ticker is: SON
This ticker is: DVN
this is adj rsquare: 0.1103509778110685
date now is: 2016-05-31
This ticker is: AAPL
This ticker is: MSFT
This ticker is: AMZN
This ticker is: GOOGL
This ticker is: JNJ
This ticker is: V
This ticker is: PG
This ticker is: JPM
This ticker is: UNH
This ticker is: MA
This ticker is: JLL
This ticker is: TRGP
This ticker is: FTI
This ticker is: OKE
This ticker is: SON
This ticker is: DVN
this is adj rsquare: 0.4944849340607942
date now is: 2016-06-30
This ticker is: AAPL
This ticker is: MSFT
This ticker is: AMZN
This ticker is: GOOGL
This ticker is: JNJ
This ticker is: V
This ticker is: PG
This ticker is: JPM
This ticker is: UNH
This ticker is: MA
This ticker is: JLL
This ticker is: TRGP
This ticker is: FTI
This ticker is: OKE
This ticker is: SON
This ticker is: DVN
this is adj rsquare: 0.41725968659974555
date now is: 2016-07-31
This ticker is: AAPL
This ticker is: MSFT
This ticker is: AMZN
This ticker is: GOOGL
This ticker is: JNJ
This ticker is: V
This ticker is: PG
This ticker is: JPM
This ticker is: UNH
This ticker is: MA
This ticker is: JLL
This ticker is: TRGP
This ticker is: FTI
This ticker is: OKE
This ticker is: SON
This ticker is: DVN
this is adj rsquare: 0.52427579803923
date now is: 2016-08-31
This ticker is: AAPL
This ticker is: MSFT
This ticker is: AMZN
This ticker is: GOOGL
This ticker is: JNJ
This ticker is: V
This ticker is: PG
This ticker is: JPM
This ticker is: UNH
This ticker is: MA
This ticker is: JLL
This ticker is: TRGP
This ticker is: FTI
This ticker is: OKE
This ticker is: SON
This ticker is: DVN
this is adj rsquare: 0.2955754116814191
date now is: 2016-09-30
This ticker is: AAPL
This ticker is: MSFT
This ticker is: AMZN
This ticker is: GOOGL
This ticker is: JNJ
This ticker is: V
This ticker is: PG
This ticker is: JPM
This ticker is: UNH
This ticker is: MA
This ticker is: JLL
This ticker is: TRGP
This ticker is: FTI
This ticker is: OKE
This ticker is: SON
This ticker is: DVN
this is adj rsquare: 0.7197250177039564
date now is: 2016-10-31
This ticker is: AAPL
This ticker is: MSFT
This ticker is: AMZN
This ticker is: GOOGL
This ticker is: JNJ
This ticker is: V
This ticker is: PG
This ticker is: JPM
This ticker is: UNH
This ticker is: MA
This ticker is: JLL
This ticker is: TRGP
This ticker is: FTI
This ticker is: OKE
This ticker is: SON
This ticker is: DVN
this is adj rsquare: -0.444807376867133
date now is: 2016-11-30
This ticker is: AAPL
This ticker is: MSFT
This ticker is: AMZN
This ticker is: GOOGL
This ticker is: JNJ
This ticker is: V
This ticker is: PG
This ticker is: JPM
This ticker is: UNH
This ticker is: MA
This ticker is: JLL
This ticker is: TRGP
This ticker is: FTI
This ticker is: OKE
This ticker is: SON
This ticker is: DVN
this is adj rsquare: -0.4654118206964175
date now is: 2016-12-31
This ticker is: AAPL
This ticker is: MSFT
This ticker is: AMZN
This ticker is: GOOGL
This ticker is: JNJ
This ticker is: V
This ticker is: PG
This ticker is: JPM
This ticker is: UNH
This ticker is: MA
This ticker is: JLL
This ticker is: TRGP
This ticker is: FTI
This ticker is: OKE
This ticker is: SON
This ticker is: DVN
this is adj rsquare: -0.2789384486432569
date now is: 2017-01-31
This ticker is: AAPL
This ticker is: MSFT
This ticker is: AMZN
This ticker is: GOOGL
This ticker is: JNJ
This ticker is: V
This ticker is: PG
This ticker is: JPM
This ticker is: UNH
This ticker is: MA
This ticker is: JLL
This ticker is: TRGP
This ticker is: FTI
This ticker is: OKE
This ticker is: SON
This ticker is: DVN
this is adj rsquare: 0.058413462464274146
date now is: 2017-02-28
This ticker is: AAPL
This ticker is: MSFT
This ticker is: AMZN
This ticker is: GOOGL
This ticker is: JNJ
This ticker is: V
This ticker is: PG
This ticker is: JPM
This ticker is: UNH
This ticker is: MA
This ticker is: JLL
This ticker is: TRGP
This ticker is: FTI
This ticker is: OKE
This ticker is: SON
This ticker is: DVN
this is adj rsquare: -0.290595188344138
date now is: 2017-03-31
This ticker is: AAPL
This ticker is: MSFT
This ticker is: AMZN
This ticker is: GOOGL
This ticker is: JNJ
This ticker is: V
This ticker is: PG
This ticker is: JPM
This ticker is: UNH
This ticker is: MA
This ticker is: JLL
This ticker is: TRGP
This ticker is: FTI
This ticker is: OKE
This ticker is: SON
This ticker is: DVN
this is adj rsquare: 0.34220354899214867
date now is: 2017-04-30
This ticker is: AAPL
This ticker is: MSFT
This ticker is: AMZN
This ticker is: GOOGL
This ticker is: JNJ
This ticker is: V
This ticker is: PG
This ticker is: JPM
This ticker is: UNH
This ticker is: MA
This ticker is: JLL
This ticker is: TRGP
This ticker is: FTI
This ticker is: OKE
This ticker is: SON
This ticker is: DVN
this is adj rsquare: 0.6036680418442616
date now is: 2017-05-31
This ticker is: AAPL
This ticker is: MSFT
This ticker is: AMZN
This ticker is: GOOGL
This ticker is: JNJ
This ticker is: V
This ticker is: PG
This ticker is: JPM
This ticker is: UNH
This ticker is: MA
This ticker is: JLL
This ticker is: TRGP
This ticker is: FTI
This ticker is: OKE
This ticker is: SON
This ticker is: DVN
this is adj rsquare: 0.6661567571100956
date now is: 2017-06-30
This ticker is: AAPL
This ticker is: MSFT
This ticker is: AMZN
This ticker is: GOOGL
This ticker is: JNJ
This ticker is: V
This ticker is: PG
This ticker is: JPM
This ticker is: UNH
This ticker is: MA
This ticker is: JLL
This ticker is: TRGP
This ticker is: FTI
This ticker is: OKE
This ticker is: SON
This ticker is: DVN
this is adj rsquare: 0.03373747394338622
date now is: 2017-07-31
This ticker is: AAPL
This ticker is: MSFT
This ticker is: AMZN
This ticker is: GOOGL
This ticker is: JNJ
This ticker is: V
This ticker is: PG
This ticker is: JPM
This ticker is: UNH
This ticker is: MA
This ticker is: JLL
This ticker is: TRGP
This ticker is: FTI
This ticker is: OKE
This ticker is: SON
This ticker is: DVN
this is adj rsquare: 0.6066763210185208
date now is: 2017-08-31
This ticker is: AAPL
This ticker is: MSFT
This ticker is: AMZN
This ticker is: GOOGL
This ticker is: JNJ
This ticker is: V
This ticker is: PG
This ticker is: JPM
This ticker is: UNH
This ticker is: MA
This ticker is: JLL
This ticker is: TRGP
This ticker is: FTI
This ticker is: OKE
This ticker is: SON
This ticker is: DVN
this is adj rsquare: -0.16557006949347075
date now is: 2017-09-30
This ticker is: AAPL
This ticker is: MSFT
This ticker is: AMZN
This ticker is: GOOGL
This ticker is: JNJ
This ticker is: V
This ticker is: PG
This ticker is: JPM
This ticker is: UNH
This ticker is: MA
This ticker is: JLL
This ticker is: TRGP
This ticker is: FTI
This ticker is: OKE
This ticker is: SON
This ticker is: DVN
this is adj rsquare: -0.10501705740056688
date now is: 2017-10-31
This ticker is: AAPL
This ticker is: MSFT
This ticker is: AMZN
This ticker is: GOOGL
This ticker is: JNJ
This ticker is: V
This ticker is: PG
This ticker is: JPM
This ticker is: UNH
This ticker is: MA
This ticker is: JLL
This ticker is: TRGP
This ticker is: FTI
This ticker is: OKE
This ticker is: SON
This ticker is: DVN
this is adj rsquare: -0.2504248079274358
date now is: 2017-11-30
This ticker is: AAPL
This ticker is: MSFT
This ticker is: AMZN
This ticker is: GOOGL
This ticker is: JNJ
This ticker is: V
This ticker is: PG
This ticker is: JPM
This ticker is: UNH
This ticker is: MA
This ticker is: JLL
This ticker is: TRGP
This ticker is: FTI
This ticker is: OKE
This ticker is: SON
This ticker is: DVN
this is adj rsquare: 0.28001964219251985
T-values: {'Constant': 2.894908842367396, 'Price/Earnings': 0.14193034483738373, 'Price/Book Value': -0.6376995672803629, 'Return on Assets': 1.0949831076231182, 'Return on Equity ': 0.807936344080742, 'Free Cash Flow per Share': -0.5160393597867797, 'Price/Cash Flow': 0.9887637490307072, 'Dividend Yield (%)': 1.5809169348451972, 'Enterprise Value/EBIT': -0.2515607220228936, 'Enterprise Value/EBITDA': 0.08510376575967694, 'Dividend Payout Ratio (%)': 0.1409934660314877}
P-values: {'Constant': 0.00530951290723029, 'Price/Earnings': 0.887618570808875, 'Price/Book Value': 0.5261364825005214, 'Return on Assets': 0.27797400174290604, 'Return on Equity ': 0.4223728386881127, 'Free Cash Flow per Share': 0.6077555457004404, 'Price/Cash Flow': 0.32681650472783363, 'Dividend Yield (%)': 0.1192436574632792, 'Enterprise Value/EBIT': 0.8022547877483233, 'Enterprise Value/EBITDA': 0.9324670297054092, 'Dividend Payout Ratio (%)': 0.8883553968721754}
{'Constant': 0.013536150363899149, 'Price/Earnings': 0.013414708217430016, 'Price/Book Value': -0.004738026665383468, 'Return on Assets': 0.008194449036963935, 'Return on Equity ': 0.006973110820098503, 'Free Cash Flow per Share': -0.011750951368423353, 'Price/Cash Flow': 0.016136696969969513, 'Dividend Yield (%)': 0.006061547093731978, 'Enterprise Value/EBIT': -0.005050847972967671, 'Enterprise Value/EBITDA': 0.0019257602895352557, 'Dividend Payout Ratio (%)': 0.013485627648124936}
this is the average adj r-square: 0.16461849370626974
