Namespace(end_date=2017, feature_names='Price/Earnings,Price/Book Value,Return on Assets,Return on Equity ,Free Cash Flow per Share,Price/Cash Flow,Dividend Yield (%),Enterprise Value/EBIT,Enterprise Value/EBITDA,Dividend Payout Ratio (%)', new_feature='7', path_to_file='./', start_date=2014, y='3M Return')
['2013-12-31', '2014-03-31', '2014-06-30', '2014-09-30', '2014-12-31', '2015-03-31', '2015-06-30', '2015-09-30', '2015-12-31', '2016-03-31', '2016-06-30', '2016-09-30', '2016-12-31', '2017-03-31', '2017-06-30', '2017-09-30', '2017-12-31']
this is Beta adj rsquare of AAPL and the value is 0.4875639471151392:
this is Beta adj rsquare of PG and the value is 0.38503667945671183:
this is Beta adj rsquare of VZ and the value is -0.07985249043340192:
this is Beta adj rsquare of AMAT and the value is -0.31690660314723984:
this is Beta adj rsquare of MSFT and the value is 0.3713426127659414:
this is Beta adj rsquare of JNJ and the value is 0.17164196671877208:
this is Beta adj rsquare of V and the value is -0.3668317594635204:
this is Beta adj rsquare of MA and the value is 0.6584390717150241:
this is Beta adj rsquare of TRGP and the value is 0.18687983358900995:
this is Beta adj rsquare of OKE and the value is 0.0074894830547138636:
this is Beta adj rsquare of SON and the value is 0.484515290960831:
this is Beta adj rsquare of DVN and the value is 0.4690748147420767:
this is Beta adj rsquare of HD and the value is -0.0644899946805817:
this is Beta adj rsquare of INTC and the value is 0.7884735453490777:
14
12
14
['AAPL', 'PG', 'VZ', 'AMAT', 'MSFT', 'JNJ', 'V', 'MA', 'TRGP', 'OKE', 'SON', 'DVN', 'HD', 'INTC']
date now X_standardizedis: 2013-12-31
this is adj rsquare: 0.786470042657774
12
date now X_standardizedis: 2014-03-31
this is adj rsquare: 0.7563973921294267
12
date now X_standardizedis: 2014-06-30
this is adj rsquare: -0.02596688953400128
12
date now X_standardizedis: 2014-09-30
this is adj rsquare: -1.3007234962519894
12
date now X_standardizedis: 2014-12-31
this is adj rsquare: 0.809128736533857
12
date now X_standardizedis: 2015-03-31
this is adj rsquare: 0.21251017665139416
12
date now X_standardizedis: 2015-06-30
this is adj rsquare: 0.5658532856486829
12
date now X_standardizedis: 2015-09-30
this is adj rsquare: 0.36899687200425346
12
date now X_standardizedis: 2015-12-31
this is adj rsquare: 0.33808312383725814
12
date now X_standardizedis: 2016-03-31
this is adj rsquare: -0.24933179395782856
12
date now X_standardizedis: 2016-06-30
this is adj rsquare: -0.3159490329612693
12
date now X_standardizedis: 2016-09-30
this is adj rsquare: -0.05093653575290036
12
date now X_standardizedis: 2016-12-31
this is adj rsquare: -0.401940109489231
12
date now X_standardizedis: 2017-03-31
this is adj rsquare: -0.1741662571300795
12
date now X_standardizedis: 2017-06-30
this is adj rsquare: 0.7547101815673569
12
date now X_standardizedis: 2017-09-30
this is adj rsquare: 0.32567594119373355
12
12
16
T-values: {'Constant': 1.7896165694565707, 'Price/Earnings': -0.8565471453954685, 'Price/Book Value': -0.9673716673633177, 'Return on Assets': 0.10741530872661606, 'Return on Equity ': -0.6759170050958487, 'Free Cash Flow per Share': -1.1365433219126395, 'Price/Cash Flow': -0.42997085074642116, 'Dividend Yield (%)': 0.7178475572729254, 'Enterprise Value/EBIT': -0.9217281717518422, 'Enterprise Value/EBITDA': -0.918513570685758, 'Dividend Payout Ratio (%)': -0.4550495434121659, '7': -0.8509033784803544}
P-values: {'Constant': 0.09372058025487859, 'Price/Earnings': 0.40517167789075315, 'Price/Book Value': 0.3486978838572301, 'Return on Assets': 0.9158830646394513, 'Return on Equity ': 0.50938106440841, 'Free Cash Flow per Share': 0.2735612392536756, 'Price/Cash Flow': 0.6733299190283495, 'Dividend Yield (%)': 0.4838823010776392, 'Enterprise Value/EBIT': 0.37125844554539866, 'Enterprise Value/EBITDA': 0.37288425866323527, 'Dividend Payout Ratio (%)': 0.655590439578408, '7': 0.4082015976951716}
{'Constant': 0.026516815009490054, 'Price/Earnings': -0.598887794351249, 'Price/Book Value': -0.07423832927580663, 'Return on Assets': 0.005323638080228704, 'Return on Equity ': -0.06346707677244402, 'Free Cash Flow per Share': -0.056086123660836866, 'Price/Cash Flow': -0.016190463270613173, 'Dividend Yield (%)': 0.037707003612699505, 'Enterprise Value/EBIT': -0.9648893078739857, 'Enterprise Value/EBITDA': -1.011087524345733, 'Dividend Payout Ratio (%)': -0.2765306465956311, '7': -0.3615170897917132}
this is the average adj r-square: 0.14992572732165232
this is the median adj r-square: 0.26909305892256385
