Namespace(end_date='2016-12-31', feature_names='Price/Earnings,Price/Book Value,Return on Assets,Return on Equity ,Free Cash Flow per Share,Price/Cash Flow,Dividend Yield (%),Enterprise Value/EBIT,Enterprise Value/EBITDA,Dividend Payout Ratio (%)', new_feature='1', path_to_file='./', start_date='2016-01-31', y='Return')
this is Beta adj rsquare of AAPL and the value is 0.2515704764739549:
this is Beta adj rsquare of PG and the value is 0.058150966033943874:
this is Beta adj rsquare of VZ and the value is -0.19816549413836482:
this is Beta adj rsquare of AMAT and the value is -0.3783054528072243:
this is Beta adj rsquare of MSFT and the value is 0.034951897266096044:
this is Beta adj rsquare of JNJ and the value is 0.03683150576565186:
this is Beta adj rsquare of V and the value is 0.27582839081888366:
this is Beta adj rsquare of PG and the value is 0.058150966033943874:
this is Beta adj rsquare of MA and the value is 0.2541206864805837:
this is Beta adj rsquare of TRGP and the value is -0.4019594197835896:
this is Beta adj rsquare of OKE and the value is 0.4186453775579293:
this is Beta adj rsquare of SON and the value is 0.17959916417892208:
this is Beta adj rsquare of DVN and the value is -0.6932976229037107:
this is Beta adj rsquare of HD and the value is -0.09968660085973124:
this is Beta adj rsquare of INTC and the value is 0.13763490552144408:
['AAPL', 'PG', 'VZ', 'AMAT', 'MSFT', 'JNJ', 'V', 'PG', 'MA', 'TRGP', 'OKE', 'SON', 'DVN', 'HD', 'INTC']
['2015-12-31', '2016-01-31', '2016-02-29', '2016-03-31', '2016-04-30', '2016-05-31', '2016-06-30', '2016-07-31', '2016-08-31', '2016-09-30', '2016-10-31', '2016-11-30', '2016-12-31']
date now is: 2015-12-31
this is adj rsquare: 0.7780890907583414
date now is: 2016-01-31
this is adj rsquare: 0.9973960557315781
date now is: 2016-02-29
this is adj rsquare: 0.7496483829862064
date now is: 2016-03-31
this is adj rsquare: 0.5626663191923623
date now is: 2016-04-30
this is adj rsquare: 0.6119823419274956
date now is: 2016-05-31
this is adj rsquare: 0.6969163311333011
date now is: 2016-06-30
this is adj rsquare: 0.54567799291799
date now is: 2016-07-31
this is adj rsquare: 0.7610242759297428
date now is: 2016-08-31
this is adj rsquare: 0.170621138764408
date now is: 2016-09-30
this is adj rsquare: 0.6280357579744218
date now is: 2016-10-31
this is adj rsquare: 0.3029350141149256
date now is: 2016-11-30
this is adj rsquare: 0.5408084732632183
T-values: {'Constant': 0.9717302791105269, 'Price/Earnings': -0.8184768744602976, 'Price/Book Value': 0.3092639663127734, 'Return on Assets': 1.821648060334984, 'Return on Equity ': -1.210493835485171, 'Free Cash Flow per Share': 1.1792690785320876, 'Price/Cash Flow': 0.2795014542961063, 'Dividend Yield (%)': 0.3814756517955737, 'Enterprise Value/EBIT': -1.241517925351337, 'Enterprise Value/EBITDA': -1.0460979876552852, 'Dividend Payout Ratio (%)': 1.54904798780348, '1': 0.43058154907779167}
P-values: {'Constant': 0.3520678504329863, 'Price/Earnings': 0.430459244940405, 'Price/Book Value': 0.7628998705694581, 'Return on Assets': 0.09578672741939405, 'Return on Equity ': 0.2514575297866147, 'Free Cash Flow per Share': 0.2631685688072047, 'Price/Cash Flow': 0.7850455387665799, 'Dividend Yield (%)': 0.7101161272585299, 'Enterprise Value/EBIT': 0.24023616857577848, 'Enterprise Value/EBITDA': 0.3179588449778893, 'Dividend Payout Ratio (%)': 0.1496443572440381, '1': 0.6750880542505714}
{'Constant': 678728404491.4606, 'Price/Earnings': -863180851341.459, 'Price/Book Value': 245390019887.8511, 'Return on Assets': 339416229997.61676, 'Return on Equity ': -1591646807253.503, 'Free Cash Flow per Share': 7900002273.760914, 'Price/Cash Flow': 62553438458.71112, 'Dividend Yield (%)': 102976314339.95949, 'Enterprise Value/EBIT': -991074404121.2915, 'Enterprise Value/EBITDA': -236434112795.8013, 'Dividend Payout Ratio (%)': 1471526883464.5508, '1': 0.01051803257345889}
this is the average adj r-square: 0.6121500978911659
