Namespace(end_date='2016-12-31', feature_names='Price/Earnings,Price/Book Value,Return on Assets,Return on Equity ,Free Cash Flow per Share,Price/Cash Flow,Dividend Yield (%),Enterprise Value/EBIT,Enterprise Value/EBITDA,Dividend Payout Ratio (%)', new_feature='4', path_to_file='./', start_date='2016-01-31', y='Return')
this is Beta adj rsquare of AAPL and the value is 0.2515704764739549:
this is Beta adj rsquare of PG and the value is 0.058150966033943874:
this is Beta adj rsquare of VZ and the value is -0.19816549413836482:
this is Beta adj rsquare of AMAT and the value is -0.3783054528072245:
this is Beta adj rsquare of MSFT and the value is 0.034951897266096266:
this is Beta adj rsquare of JNJ and the value is 0.03683150576565186:
this is Beta adj rsquare of V and the value is 0.27582839081888366:
this is Beta adj rsquare of PG and the value is 0.058150966033943874:
this is Beta adj rsquare of MA and the value is 0.2541206864805837:
this is Beta adj rsquare of TRGP and the value is -0.4019594197835896:
this is Beta adj rsquare of OKE and the value is 0.4186453775579293:
this is Beta adj rsquare of SON and the value is 0.17959916417892208:
this is Beta adj rsquare of DVN and the value is 0.2611050051226913:
this is Beta adj rsquare of HD and the value is -0.09968660085973124:
this is Beta adj rsquare of INTC and the value is 0.13763490552144408:
['AAPL', 'PG', 'VZ', 'AMAT', 'MSFT', 'JNJ', 'V', 'PG', 'MA', 'TRGP', 'OKE', 'SON', 'DVN', 'HD', 'INTC']
['2015-12-31', '2016-01-31', '2016-02-29', '2016-03-31', '2016-04-30', '2016-05-31', '2016-06-30', '2016-07-31', '2016-08-31', '2016-09-30', '2016-10-31', '2016-11-30', '2016-12-31']
date now is: 2015-12-31
this is adj rsquare: 0.9559621968828056
date now is: 2016-01-31
this is adj rsquare: 0.9364922500189019
date now is: 2016-02-29
this is adj rsquare: 0.5530579248032073
date now is: 2016-03-31
this is adj rsquare: 0.5889121845373828
date now is: 2016-04-30
this is adj rsquare: 0.7221806445553498
date now is: 2016-05-31
this is adj rsquare: -0.07825109385034956
date now is: 2016-06-30
this is adj rsquare: 0.34612736091696084
date now is: 2016-07-31
this is adj rsquare: 0.6508022519943726
date now is: 2016-08-31
this is adj rsquare: 0.7031049434223702
date now is: 2016-09-30
this is adj rsquare: 0.10087888026630853
date now is: 2016-10-31
this is adj rsquare: 0.0073274966846486045
date now is: 2016-11-30
this is adj rsquare: 0.34782988658736436
T-values: {'Constant': -0.6844720478535257, 'Price/Earnings': -0.5139146342052225, 'Price/Book Value': -0.6387919966025227, 'Return on Assets': 1.6980642026970723, 'Return on Equity ': -0.7112734948895634, 'Free Cash Flow per Share': 1.0219549985925884, 'Price/Cash Flow': 0.376162410791644, 'Dividend Yield (%)': 0.9071463749346628, 'Enterprise Value/EBIT': -0.45266550966842645, 'Enterprise Value/EBITDA': 1.0889179415039987, 'Dividend Payout Ratio (%)': 1.7313651080659769, '4': -0.5309019720966078}
P-values: {'Constant': 0.507841898661205, 'Price/Earnings': 0.6174775370483472, 'Price/Book Value': 0.5360323690322901, 'Return on Assets': 0.11756941371346638, 'Return on Equity ': 0.49172259359385917, 'Free Cash Flow per Share': 0.32875227873291324, 'Price/Cash Flow': 0.7139502654793527, 'Dividend Yield (%)': 0.3837715509712154, 'Enterprise Value/EBIT': 0.6595871427954292, 'Enterprise Value/EBITDA': 0.29947146856989215, 'Dividend Payout Ratio (%)': 0.11129885284314216, '4': 0.6060396811960824}
{'Constant': -123725555762.45393, 'Price/Earnings': -449817222579.77026, 'Price/Book Value': -346675262091.5076, 'Return on Assets': 805426156788.171, 'Return on Equity ': -194936023200.04056, 'Free Cash Flow per Share': 3325018094.399159, 'Price/Cash Flow': 48189869095.01209, 'Dividend Yield (%)': 317556577299.5557, 'Enterprise Value/EBIT': -409568833827.50653, 'Enterprise Value/EBITDA': 23598376665.781223, 'Dividend Payout Ratio (%)': 801211090401.465, '4': -0.013791936511534035}
this is the average adj r-square: 0.48620207723494363
