Namespace(end_date=2017, feature_names='Price/Earnings,Price/Book Value,Return on Assets,Return on Equity ,Free Cash Flow per Share,Price/Cash Flow,Dividend Yield (%),Enterprise Value/EBITDA,Dividend Payout Ratio (%)', new_feature='4', path_to_file='./', start_date=2013, y='3M Return')
['2012-12-31', '2013-03-31', '2013-06-30', '2013-09-30', '2013-12-31', '2014-03-31', '2014-06-30', '2014-09-30', '2014-12-31', '2015-03-31', '2015-06-30', '2015-09-30', '2015-12-31', '2016-03-31', '2016-06-30', '2016-09-30', '2016-12-31', '2017-03-31', '2017-06-30', '2017-09-30', '2017-12-31']
42
AAPL 2012-12-31 2017-12-31
<class 'pandas.core.frame.DataFrame'> <class 'pandas.core.series.Series'>
this is Beta adj rsquare of AAPL and the value is 0.3958774583909874:
AME 2012-12-31 2017-12-31
<class 'pandas.core.frame.DataFrame'> <class 'pandas.core.series.Series'>
Y is: -0.02444652579266693
this is Beta adj rsquare of AME and the value is 0.46749864878412795:
AMGN 2012-12-31 2017-12-31
<class 'pandas.core.frame.DataFrame'> <class 'pandas.core.series.Series'>
Y is: -0.03755729581397005
this is Beta adj rsquare of AMGN and the value is 0.5076024344101995:
AMT 2012-12-31 2017-12-31
<class 'pandas.core.frame.DataFrame'> <class 'pandas.core.series.Series'>
Y is: -0.048751951238526936
this is Beta adj rsquare of AMT and the value is 0.5389039611445268:
DTE 2012-12-31 2017-12-31
<class 'pandas.core.frame.DataFrame'> <class 'pandas.core.series.Series'>
Y is: -0.019461536075152108
this is Beta adj rsquare of DTE and the value is 0.5471094327561343:
DVN 2012-12-31 2017-12-31
<class 'pandas.core.frame.DataFrame'> <class 'pandas.core.series.Series'>
Y is: -0.0804678704036007
this is Beta adj rsquare of DVN and the value is -0.10760182866415446:
EMN 2012-12-31 2017-12-31
<class 'pandas.core.frame.DataFrame'> <class 'pandas.core.series.Series'>
Y is: 0.002003712382210976
this is Beta adj rsquare of EMN and the value is -0.17224687962198937:
FBIN 2012-12-31 2017-12-31
<class 'pandas.core.frame.DataFrame'> <class 'pandas.core.series.Series'>
Y is: 0.034998645122575445
this is Beta adj rsquare of FBIN and the value is -0.07709885266052896:
FERG 2012-12-31 2017-12-31
<class 'pandas.core.frame.DataFrame'> <class 'pandas.core.series.Series'>
Y is: 0.12425904713745406
this is Beta adj rsquare of FERG and the value is 0.0:
FR 2012-12-31 2017-12-31
<class 'pandas.core.frame.DataFrame'> <class 'pandas.core.series.Series'>
Y is: -0.11441909985388143
this is Beta adj rsquare of FR and the value is 0.3406420221338975:
GIS 2012-12-31 2017-12-31
<class 'pandas.core.frame.DataFrame'> <class 'pandas.core.series.Series'>
Y is: -0.01581834460091147
this is Beta adj rsquare of GIS and the value is 0.24360710739055735:
H 2012-12-31 2017-12-31
<class 'pandas.core.frame.DataFrame'> <class 'pandas.core.series.Series'>
Y is: -0.06638905765152125
this is Beta adj rsquare of H and the value is -0.04562921869399594:
LMT 2012-12-31 2017-12-31
<class 'pandas.core.frame.DataFrame'> <class 'pandas.core.series.Series'>
Y is: 0.12370496121711128
this is Beta adj rsquare of LMT and the value is 0.6108929809411687:
LNT 2012-12-31 2017-12-31
<class 'pandas.core.frame.DataFrame'> <class 'pandas.core.series.Series'>
Y is: 0.004782739384415313
this is Beta adj rsquare of LNT and the value is -0.07108547638248908:
LSTR 2012-12-31 2017-12-31
<class 'pandas.core.frame.DataFrame'> <class 'pandas.core.series.Series'>
Y is: -0.0979155743150667
this is Beta adj rsquare of LSTR and the value is 0.43538973757432453:
MCK 2012-12-31 2017-12-31
<class 'pandas.core.frame.DataFrame'> <class 'pandas.core.series.Series'>
Y is: 0.06057800084279519
this is Beta adj rsquare of MCK and the value is -0.03512039783331744:
MCO 2012-12-31 2017-12-31
<class 'pandas.core.frame.DataFrame'> <class 'pandas.core.series.Series'>
Y is: 0.14272319305902514
this is Beta adj rsquare of MCO and the value is 0.45892715022336583:
NEM 2012-12-31 2017-12-31
<class 'pandas.core.frame.DataFrame'> <class 'pandas.core.series.Series'>
Y is: -0.28503219863162643
this is Beta adj rsquare of NEM and the value is 0.33433627485612605:
NLY 2012-12-31 2017-12-31
<class 'pandas.core.frame.DataFrame'> <class 'pandas.core.series.Series'>
Y is: -0.20893647430874052
this is Beta adj rsquare of NLY and the value is 0.5738751281428922:
NNN 2012-12-31 2017-12-31
<class 'pandas.core.frame.DataFrame'> <class 'pandas.core.series.Series'>
Y is: -0.04893549164141464
this is Beta adj rsquare of NNN and the value is -0.22167807664518424:
NUE 2012-12-31 2017-12-31
<class 'pandas.core.frame.DataFrame'> <class 'pandas.core.series.Series'>
Y is: -0.06132181446338081
this is Beta adj rsquare of NUE and the value is -0.3002193202907497:
PEP 2012-12-31 2017-12-31
<class 'pandas.core.frame.DataFrame'> <class 'pandas.core.series.Series'>
Y is: 0.033876883889507825
this is Beta adj rsquare of PEP and the value is -0.02171592392615973:
PH 2012-12-31 2017-12-31
<class 'pandas.core.frame.DataFrame'> <class 'pandas.core.series.Series'>
Y is: 0.041712160061661896
this is Beta adj rsquare of PH and the value is 0.0005293163430604153:
PHM 2012-12-31 2017-12-31
<class 'pandas.core.frame.DataFrame'> <class 'pandas.core.series.Series'>
Y is: -0.06274705889947318
this is Beta adj rsquare of PHM and the value is 0.7630375403145846:
RRC 2012-12-31 2017-12-31
<class 'pandas.core.frame.DataFrame'> <class 'pandas.core.series.Series'>
Y is: -0.04590327219493362
this is Beta adj rsquare of RRC and the value is 0.8012142305703902:
SLB 2012-12-31 2017-12-31
<class 'pandas.core.frame.DataFrame'> <class 'pandas.core.series.Series'>
Y is: -0.04312986719005796
this is Beta adj rsquare of SLB and the value is 0.09790720862641078:
TMO 2012-12-31 2017-12-31
<class 'pandas.core.frame.DataFrame'> <class 'pandas.core.series.Series'>
Y is: 0.10641913474943432
this is Beta adj rsquare of TMO and the value is 0.504003734864719:
AA 2012-12-31 2017-12-31
<class 'pandas.core.frame.DataFrame'> <class 'pandas.core.series.Series'>
Y is: -0.08215963753449085
this is Beta adj rsquare of AA and the value is 0.25682571532466414:
AAL 2012-12-31 2017-12-31
<class 'pandas.core.frame.DataFrame'> <class 'pandas.core.series.Series'>
Y is: -0.032410091886552195
this is Beta adj rsquare of AAL and the value is 0.3328286381054374:
CF 2012-12-31 2017-12-31
<class 'pandas.core.frame.DataFrame'> <class 'pandas.core.series.Series'>
Y is: -0.0991228120271267
this is Beta adj rsquare of CF and the value is 0.2600283841056006:
CTRA 2012-12-31 2017-12-31
<class 'pandas.core.frame.DataFrame'> <class 'pandas.core.series.Series'>
Y is: 0.05043626685299496
this is Beta adj rsquare of CTRA and the value is 0.696658079496997:
PG 2012-12-31 2017-12-31
<class 'pandas.core.frame.DataFrame'> <class 'pandas.core.series.Series'>
Y is: -0.0009083791466641955
this is Beta adj rsquare of PG and the value is 0.6951363968812663:
VZ 2012-12-31 2017-12-31
<class 'pandas.core.frame.DataFrame'> <class 'pandas.core.series.Series'>
Y is: 0.024211568459105992
this is Beta adj rsquare of VZ and the value is 0.5129285852588805:
MSFT 2012-12-31 2017-12-31
<class 'pandas.core.frame.DataFrame'> <class 'pandas.core.series.Series'>
Y is: 0.20727019149486536
this is Beta adj rsquare of MSFT and the value is 0.07693769270950912:
JNJ 2012-12-31 2017-12-31
<class 'pandas.core.frame.DataFrame'> <class 'pandas.core.series.Series'>
Y is: 0.05310930817963189
this is Beta adj rsquare of JNJ and the value is 0.7515545467445691:
V 2012-12-31 2017-12-31
<class 'pandas.core.frame.DataFrame'> <class 'pandas.core.series.Series'>
Y is: 0.07601274105320499
this is Beta adj rsquare of V and the value is 0.6264098624459864:
MA 2012-12-31 2017-12-31
<class 'pandas.core.frame.DataFrame'> <class 'pandas.core.series.Series'>
Y is: 0.061667286317944825
this is Beta adj rsquare of MA and the value is 0.5816652801751818:
TRGP 2012-12-31 2017-12-31
<class 'pandas.core.frame.DataFrame'> <class 'pandas.core.series.Series'>
Y is: -0.05341373311241471
this is Beta adj rsquare of TRGP and the value is 0.3517249251373106:
OKE 2012-12-31 2017-12-31
<class 'pandas.core.frame.DataFrame'> <class 'pandas.core.series.Series'>
Y is: -0.13341727110238932
this is Beta adj rsquare of OKE and the value is 0.6240431469379385:
SON 2012-12-31 2017-12-31
<class 'pandas.core.frame.DataFrame'> <class 'pandas.core.series.Series'>
Y is: -0.012003485667194225
this is Beta adj rsquare of SON and the value is 0.17230209691328624:
HD 2012-12-31 2017-12-31
<class 'pandas.core.frame.DataFrame'> <class 'pandas.core.series.Series'>
Y is: 0.11020353361897461
this is Beta adj rsquare of HD and the value is 0.22350316340026744:
INTC 2012-12-31 2017-12-31
<class 'pandas.core.frame.DataFrame'> <class 'pandas.core.series.Series'>
Y is: 0.10943220572117252
this is Beta adj rsquare of INTC and the value is -0.030520236861036887:
['AAPL', 'AME', 'AMGN', 'AMT', 'DTE', 'DVN', 'EMN', 'FBIN', 'FERG', 'FR', 'GIS', 'H', 'LMT', 'LNT', 'LSTR', 'MCK', 'MCO', 'NEM', 'NLY', 'NNN', 'NUE', 'PEP', 'PH', 'PHM', 'RRC', 'SLB', 'TMO', 'AA', 'AAL', 'CF', 'CTRA', 'PG', 'VZ', 'MSFT', 'JNJ', 'V', 'MA', 'TRGP', 'OKE', 'SON', 'HD', 'INTC']
AAPL 2012-12-31 2013-03-31
AME 2012-12-31 2013-03-31
AMGN 2012-12-31 2013-03-31
AMT 2012-12-31 2013-03-31
DTE 2012-12-31 2013-03-31
DVN 2012-12-31 2013-03-31
EMN 2012-12-31 2013-03-31
FBIN 2012-12-31 2013-03-31
FERG 2012-12-31 2013-03-31
FR 2012-12-31 2013-03-31
GIS 2012-12-31 2013-03-31
H 2012-12-31 2013-03-31
LMT 2012-12-31 2013-03-31
LNT 2012-12-31 2013-03-31
LSTR 2012-12-31 2013-03-31
MCK 2012-12-31 2013-03-31
MCO 2012-12-31 2013-03-31
NEM 2012-12-31 2013-03-31
NLY 2012-12-31 2013-03-31
NNN 2012-12-31 2013-03-31
NUE 2012-12-31 2013-03-31
PEP 2012-12-31 2013-03-31
PH 2012-12-31 2013-03-31
PHM 2012-12-31 2013-03-31
RRC 2012-12-31 2013-03-31
SLB 2012-12-31 2013-03-31
TMO 2012-12-31 2013-03-31
AA 2012-12-31 2013-03-31
AAL 2012-12-31 2013-03-31
CF 2012-12-31 2013-03-31
CTRA 2012-12-31 2013-03-31
PG 2012-12-31 2013-03-31
VZ 2012-12-31 2013-03-31
MSFT 2012-12-31 2013-03-31
JNJ 2012-12-31 2013-03-31
V 2012-12-31 2013-03-31
MA 2012-12-31 2013-03-31
TRGP 2012-12-31 2013-03-31
OKE 2012-12-31 2013-03-31
SON 2012-12-31 2013-03-31
HD 2012-12-31 2013-03-31
INTC 2012-12-31 2013-03-31
this is adj rsquare: -0.1437583048294464
AAPL 2013-03-31 2013-06-30
AME 2013-03-31 2013-06-30
AMGN 2013-03-31 2013-06-30
AMT 2013-03-31 2013-06-30
DTE 2013-03-31 2013-06-30
DVN 2013-03-31 2013-06-30
EMN 2013-03-31 2013-06-30
FBIN 2013-03-31 2013-06-30
FERG 2013-03-31 2013-06-30
FR 2013-03-31 2013-06-30
GIS 2013-03-31 2013-06-30
H 2013-03-31 2013-06-30
LMT 2013-03-31 2013-06-30
LNT 2013-03-31 2013-06-30
LSTR 2013-03-31 2013-06-30
MCK 2013-03-31 2013-06-30
MCO 2013-03-31 2013-06-30
NEM 2013-03-31 2013-06-30
NLY 2013-03-31 2013-06-30
NNN 2013-03-31 2013-06-30
NUE 2013-03-31 2013-06-30
PEP 2013-03-31 2013-06-30
PH 2013-03-31 2013-06-30
PHM 2013-03-31 2013-06-30
RRC 2013-03-31 2013-06-30
SLB 2013-03-31 2013-06-30
TMO 2013-03-31 2013-06-30
AA 2013-03-31 2013-06-30
AAL 2013-03-31 2013-06-30
CF 2013-03-31 2013-06-30
CTRA 2013-03-31 2013-06-30
PG 2013-03-31 2013-06-30
VZ 2013-03-31 2013-06-30
MSFT 2013-03-31 2013-06-30
JNJ 2013-03-31 2013-06-30
V 2013-03-31 2013-06-30
MA 2013-03-31 2013-06-30
TRGP 2013-03-31 2013-06-30
OKE 2013-03-31 2013-06-30
SON 2013-03-31 2013-06-30
HD 2013-03-31 2013-06-30
INTC 2013-03-31 2013-06-30
this is adj rsquare: 0.1049217591898296
AAPL 2013-06-30 2013-09-30
AME 2013-06-30 2013-09-30
AMGN 2013-06-30 2013-09-30
AMT 2013-06-30 2013-09-30
DTE 2013-06-30 2013-09-30
DVN 2013-06-30 2013-09-30
EMN 2013-06-30 2013-09-30
FBIN 2013-06-30 2013-09-30
FERG 2013-06-30 2013-09-30
FR 2013-06-30 2013-09-30
GIS 2013-06-30 2013-09-30
H 2013-06-30 2013-09-30
LMT 2013-06-30 2013-09-30
LNT 2013-06-30 2013-09-30
LSTR 2013-06-30 2013-09-30
MCK 2013-06-30 2013-09-30
MCO 2013-06-30 2013-09-30
NEM 2013-06-30 2013-09-30
NLY 2013-06-30 2013-09-30
NNN 2013-06-30 2013-09-30
NUE 2013-06-30 2013-09-30
PEP 2013-06-30 2013-09-30
PH 2013-06-30 2013-09-30
PHM 2013-06-30 2013-09-30
RRC 2013-06-30 2013-09-30
SLB 2013-06-30 2013-09-30
TMO 2013-06-30 2013-09-30
AA 2013-06-30 2013-09-30
AAL 2013-06-30 2013-09-30
CF 2013-06-30 2013-09-30
CTRA 2013-06-30 2013-09-30
PG 2013-06-30 2013-09-30
VZ 2013-06-30 2013-09-30
MSFT 2013-06-30 2013-09-30
JNJ 2013-06-30 2013-09-30
V 2013-06-30 2013-09-30
MA 2013-06-30 2013-09-30
TRGP 2013-06-30 2013-09-30
OKE 2013-06-30 2013-09-30
SON 2013-06-30 2013-09-30
HD 2013-06-30 2013-09-30
INTC 2013-06-30 2013-09-30
this is adj rsquare: 0.031062919919364163
AAPL 2013-09-30 2013-12-31
AME 2013-09-30 2013-12-31
AMGN 2013-09-30 2013-12-31
AMT 2013-09-30 2013-12-31
DTE 2013-09-30 2013-12-31
DVN 2013-09-30 2013-12-31
EMN 2013-09-30 2013-12-31
FBIN 2013-09-30 2013-12-31
FERG 2013-09-30 2013-12-31
FR 2013-09-30 2013-12-31
GIS 2013-09-30 2013-12-31
H 2013-09-30 2013-12-31
LMT 2013-09-30 2013-12-31
LNT 2013-09-30 2013-12-31
LSTR 2013-09-30 2013-12-31
MCK 2013-09-30 2013-12-31
MCO 2013-09-30 2013-12-31
NEM 2013-09-30 2013-12-31
NLY 2013-09-30 2013-12-31
NNN 2013-09-30 2013-12-31
NUE 2013-09-30 2013-12-31
PEP 2013-09-30 2013-12-31
PH 2013-09-30 2013-12-31
PHM 2013-09-30 2013-12-31
RRC 2013-09-30 2013-12-31
SLB 2013-09-30 2013-12-31
TMO 2013-09-30 2013-12-31
AA 2013-09-30 2013-12-31
AAL 2013-09-30 2013-12-31
CF 2013-09-30 2013-12-31
CTRA 2013-09-30 2013-12-31
PG 2013-09-30 2013-12-31
VZ 2013-09-30 2013-12-31
MSFT 2013-09-30 2013-12-31
JNJ 2013-09-30 2013-12-31
V 2013-09-30 2013-12-31
MA 2013-09-30 2013-12-31
TRGP 2013-09-30 2013-12-31
OKE 2013-09-30 2013-12-31
SON 2013-09-30 2013-12-31
HD 2013-09-30 2013-12-31
INTC 2013-09-30 2013-12-31
this is adj rsquare: -0.07082418957180847
AAPL 2013-12-31 2014-03-31
AME 2013-12-31 2014-03-31
AMGN 2013-12-31 2014-03-31
AMT 2013-12-31 2014-03-31
DTE 2013-12-31 2014-03-31
DVN 2013-12-31 2014-03-31
EMN 2013-12-31 2014-03-31
FBIN 2013-12-31 2014-03-31
FERG 2013-12-31 2014-03-31
FR 2013-12-31 2014-03-31
GIS 2013-12-31 2014-03-31
H 2013-12-31 2014-03-31
LMT 2013-12-31 2014-03-31
LNT 2013-12-31 2014-03-31
LSTR 2013-12-31 2014-03-31
MCK 2013-12-31 2014-03-31
MCO 2013-12-31 2014-03-31
NEM 2013-12-31 2014-03-31
NLY 2013-12-31 2014-03-31
NNN 2013-12-31 2014-03-31
NUE 2013-12-31 2014-03-31
PEP 2013-12-31 2014-03-31
PH 2013-12-31 2014-03-31
PHM 2013-12-31 2014-03-31
RRC 2013-12-31 2014-03-31
SLB 2013-12-31 2014-03-31
TMO 2013-12-31 2014-03-31
AA 2013-12-31 2014-03-31
AAL 2013-12-31 2014-03-31
CF 2013-12-31 2014-03-31
CTRA 2013-12-31 2014-03-31
PG 2013-12-31 2014-03-31
VZ 2013-12-31 2014-03-31
MSFT 2013-12-31 2014-03-31
JNJ 2013-12-31 2014-03-31
V 2013-12-31 2014-03-31
MA 2013-12-31 2014-03-31
TRGP 2013-12-31 2014-03-31
OKE 2013-12-31 2014-03-31
SON 2013-12-31 2014-03-31
HD 2013-12-31 2014-03-31
INTC 2013-12-31 2014-03-31
this is adj rsquare: 0.3216777875651452
AAPL 2014-03-31 2014-06-30
AME 2014-03-31 2014-06-30
AMGN 2014-03-31 2014-06-30
AMT 2014-03-31 2014-06-30
DTE 2014-03-31 2014-06-30
DVN 2014-03-31 2014-06-30
EMN 2014-03-31 2014-06-30
FBIN 2014-03-31 2014-06-30
FERG 2014-03-31 2014-06-30
FR 2014-03-31 2014-06-30
GIS 2014-03-31 2014-06-30
H 2014-03-31 2014-06-30
LMT 2014-03-31 2014-06-30
LNT 2014-03-31 2014-06-30
LSTR 2014-03-31 2014-06-30
MCK 2014-03-31 2014-06-30
MCO 2014-03-31 2014-06-30
NEM 2014-03-31 2014-06-30
NLY 2014-03-31 2014-06-30
NNN 2014-03-31 2014-06-30
NUE 2014-03-31 2014-06-30
PEP 2014-03-31 2014-06-30
PH 2014-03-31 2014-06-30
PHM 2014-03-31 2014-06-30
RRC 2014-03-31 2014-06-30
SLB 2014-03-31 2014-06-30
TMO 2014-03-31 2014-06-30
AA 2014-03-31 2014-06-30
AAL 2014-03-31 2014-06-30
CF 2014-03-31 2014-06-30
CTRA 2014-03-31 2014-06-30
PG 2014-03-31 2014-06-30
VZ 2014-03-31 2014-06-30
MSFT 2014-03-31 2014-06-30
JNJ 2014-03-31 2014-06-30
V 2014-03-31 2014-06-30
MA 2014-03-31 2014-06-30
TRGP 2014-03-31 2014-06-30
OKE 2014-03-31 2014-06-30
SON 2014-03-31 2014-06-30
HD 2014-03-31 2014-06-30
INTC 2014-03-31 2014-06-30
this is adj rsquare: 0.2833371537492656
AAPL 2014-06-30 2014-09-30
AME 2014-06-30 2014-09-30
AMGN 2014-06-30 2014-09-30
AMT 2014-06-30 2014-09-30
DTE 2014-06-30 2014-09-30
DVN 2014-06-30 2014-09-30
EMN 2014-06-30 2014-09-30
FBIN 2014-06-30 2014-09-30
FERG 2014-06-30 2014-09-30
FR 2014-06-30 2014-09-30
GIS 2014-06-30 2014-09-30
H 2014-06-30 2014-09-30
LMT 2014-06-30 2014-09-30
LNT 2014-06-30 2014-09-30
LSTR 2014-06-30 2014-09-30
MCK 2014-06-30 2014-09-30
MCO 2014-06-30 2014-09-30
NEM 2014-06-30 2014-09-30
NLY 2014-06-30 2014-09-30
NNN 2014-06-30 2014-09-30
NUE 2014-06-30 2014-09-30
PEP 2014-06-30 2014-09-30
PH 2014-06-30 2014-09-30
PHM 2014-06-30 2014-09-30
RRC 2014-06-30 2014-09-30
SLB 2014-06-30 2014-09-30
TMO 2014-06-30 2014-09-30
AA 2014-06-30 2014-09-30
AAL 2014-06-30 2014-09-30
CF 2014-06-30 2014-09-30
CTRA 2014-06-30 2014-09-30
PG 2014-06-30 2014-09-30
VZ 2014-06-30 2014-09-30
MSFT 2014-06-30 2014-09-30
JNJ 2014-06-30 2014-09-30
V 2014-06-30 2014-09-30
MA 2014-06-30 2014-09-30
TRGP 2014-06-30 2014-09-30
OKE 2014-06-30 2014-09-30
SON 2014-06-30 2014-09-30
HD 2014-06-30 2014-09-30
INTC 2014-06-30 2014-09-30
this is adj rsquare: 0.07622758107893013
AAPL 2014-09-30 2014-12-31
AME 2014-09-30 2014-12-31
AMGN 2014-09-30 2014-12-31
AMT 2014-09-30 2014-12-31
DTE 2014-09-30 2014-12-31
DVN 2014-09-30 2014-12-31
EMN 2014-09-30 2014-12-31
FBIN 2014-09-30 2014-12-31
FERG 2014-09-30 2014-12-31
FR 2014-09-30 2014-12-31
GIS 2014-09-30 2014-12-31
H 2014-09-30 2014-12-31
LMT 2014-09-30 2014-12-31
LNT 2014-09-30 2014-12-31
LSTR 2014-09-30 2014-12-31
MCK 2014-09-30 2014-12-31
MCO 2014-09-30 2014-12-31
NEM 2014-09-30 2014-12-31
NLY 2014-09-30 2014-12-31
NNN 2014-09-30 2014-12-31
NUE 2014-09-30 2014-12-31
PEP 2014-09-30 2014-12-31
PH 2014-09-30 2014-12-31
PHM 2014-09-30 2014-12-31
RRC 2014-09-30 2014-12-31
SLB 2014-09-30 2014-12-31
TMO 2014-09-30 2014-12-31
AA 2014-09-30 2014-12-31
AAL 2014-09-30 2014-12-31
CF 2014-09-30 2014-12-31
CTRA 2014-09-30 2014-12-31
PG 2014-09-30 2014-12-31
VZ 2014-09-30 2014-12-31
MSFT 2014-09-30 2014-12-31
JNJ 2014-09-30 2014-12-31
V 2014-09-30 2014-12-31
MA 2014-09-30 2014-12-31
TRGP 2014-09-30 2014-12-31
OKE 2014-09-30 2014-12-31
SON 2014-09-30 2014-12-31
HD 2014-09-30 2014-12-31
INTC 2014-09-30 2014-12-31
this is adj rsquare: 0.11679456350336437
AAPL 2014-12-31 2015-03-31
AME 2014-12-31 2015-03-31
AMGN 2014-12-31 2015-03-31
AMT 2014-12-31 2015-03-31
DTE 2014-12-31 2015-03-31
DVN 2014-12-31 2015-03-31
EMN 2014-12-31 2015-03-31
FBIN 2014-12-31 2015-03-31
FERG 2014-12-31 2015-03-31
FR 2014-12-31 2015-03-31
GIS 2014-12-31 2015-03-31
H 2014-12-31 2015-03-31
LMT 2014-12-31 2015-03-31
LNT 2014-12-31 2015-03-31
LSTR 2014-12-31 2015-03-31
MCK 2014-12-31 2015-03-31
MCO 2014-12-31 2015-03-31
NEM 2014-12-31 2015-03-31
NLY 2014-12-31 2015-03-31
NNN 2014-12-31 2015-03-31
NUE 2014-12-31 2015-03-31
PEP 2014-12-31 2015-03-31
PH 2014-12-31 2015-03-31
PHM 2014-12-31 2015-03-31
RRC 2014-12-31 2015-03-31
SLB 2014-12-31 2015-03-31
TMO 2014-12-31 2015-03-31
AA 2014-12-31 2015-03-31
AAL 2014-12-31 2015-03-31
CF 2014-12-31 2015-03-31
CTRA 2014-12-31 2015-03-31
PG 2014-12-31 2015-03-31
VZ 2014-12-31 2015-03-31
MSFT 2014-12-31 2015-03-31
JNJ 2014-12-31 2015-03-31
V 2014-12-31 2015-03-31
MA 2014-12-31 2015-03-31
TRGP 2014-12-31 2015-03-31
OKE 2014-12-31 2015-03-31
SON 2014-12-31 2015-03-31
HD 2014-12-31 2015-03-31
INTC 2014-12-31 2015-03-31
this is adj rsquare: 0.04626048047768172
AAPL 2015-03-31 2015-06-30
AME 2015-03-31 2015-06-30
AMGN 2015-03-31 2015-06-30
AMT 2015-03-31 2015-06-30
DTE 2015-03-31 2015-06-30
DVN 2015-03-31 2015-06-30
EMN 2015-03-31 2015-06-30
FBIN 2015-03-31 2015-06-30
FERG 2015-03-31 2015-06-30
FR 2015-03-31 2015-06-30
GIS 2015-03-31 2015-06-30
H 2015-03-31 2015-06-30
LMT 2015-03-31 2015-06-30
LNT 2015-03-31 2015-06-30
LSTR 2015-03-31 2015-06-30
MCK 2015-03-31 2015-06-30
MCO 2015-03-31 2015-06-30
NEM 2015-03-31 2015-06-30
NLY 2015-03-31 2015-06-30
NNN 2015-03-31 2015-06-30
NUE 2015-03-31 2015-06-30
PEP 2015-03-31 2015-06-30
PH 2015-03-31 2015-06-30
PHM 2015-03-31 2015-06-30
RRC 2015-03-31 2015-06-30
SLB 2015-03-31 2015-06-30
TMO 2015-03-31 2015-06-30
AA 2015-03-31 2015-06-30
AAL 2015-03-31 2015-06-30
CF 2015-03-31 2015-06-30
CTRA 2015-03-31 2015-06-30
PG 2015-03-31 2015-06-30
VZ 2015-03-31 2015-06-30
MSFT 2015-03-31 2015-06-30
JNJ 2015-03-31 2015-06-30
V 2015-03-31 2015-06-30
MA 2015-03-31 2015-06-30
TRGP 2015-03-31 2015-06-30
OKE 2015-03-31 2015-06-30
SON 2015-03-31 2015-06-30
HD 2015-03-31 2015-06-30
INTC 2015-03-31 2015-06-30
this is adj rsquare: -0.08799304935775298
AAPL 2015-06-30 2015-09-30
AME 2015-06-30 2015-09-30
AMGN 2015-06-30 2015-09-30
AMT 2015-06-30 2015-09-30
DTE 2015-06-30 2015-09-30
DVN 2015-06-30 2015-09-30
EMN 2015-06-30 2015-09-30
FBIN 2015-06-30 2015-09-30
FERG 2015-06-30 2015-09-30
FR 2015-06-30 2015-09-30
GIS 2015-06-30 2015-09-30
H 2015-06-30 2015-09-30
LMT 2015-06-30 2015-09-30
LNT 2015-06-30 2015-09-30
LSTR 2015-06-30 2015-09-30
MCK 2015-06-30 2015-09-30
MCO 2015-06-30 2015-09-30
NEM 2015-06-30 2015-09-30
NLY 2015-06-30 2015-09-30
NNN 2015-06-30 2015-09-30
NUE 2015-06-30 2015-09-30
PEP 2015-06-30 2015-09-30
PH 2015-06-30 2015-09-30
PHM 2015-06-30 2015-09-30
RRC 2015-06-30 2015-09-30
SLB 2015-06-30 2015-09-30
TMO 2015-06-30 2015-09-30
AA 2015-06-30 2015-09-30
AAL 2015-06-30 2015-09-30
CF 2015-06-30 2015-09-30
CTRA 2015-06-30 2015-09-30
PG 2015-06-30 2015-09-30
VZ 2015-06-30 2015-09-30
MSFT 2015-06-30 2015-09-30
JNJ 2015-06-30 2015-09-30
V 2015-06-30 2015-09-30
MA 2015-06-30 2015-09-30
TRGP 2015-06-30 2015-09-30
OKE 2015-06-30 2015-09-30
SON 2015-06-30 2015-09-30
HD 2015-06-30 2015-09-30
INTC 2015-06-30 2015-09-30
this is adj rsquare: -0.019635444000609903
AAPL 2015-09-30 2015-12-31
AME 2015-09-30 2015-12-31
AMGN 2015-09-30 2015-12-31
AMT 2015-09-30 2015-12-31
DTE 2015-09-30 2015-12-31
DVN 2015-09-30 2015-12-31
EMN 2015-09-30 2015-12-31
FBIN 2015-09-30 2015-12-31
FERG 2015-09-30 2015-12-31
FR 2015-09-30 2015-12-31
GIS 2015-09-30 2015-12-31
H 2015-09-30 2015-12-31
LMT 2015-09-30 2015-12-31
LNT 2015-09-30 2015-12-31
LSTR 2015-09-30 2015-12-31
MCK 2015-09-30 2015-12-31
MCO 2015-09-30 2015-12-31
NEM 2015-09-30 2015-12-31
NLY 2015-09-30 2015-12-31
NNN 2015-09-30 2015-12-31
NUE 2015-09-30 2015-12-31
PEP 2015-09-30 2015-12-31
PH 2015-09-30 2015-12-31
PHM 2015-09-30 2015-12-31
RRC 2015-09-30 2015-12-31
SLB 2015-09-30 2015-12-31
TMO 2015-09-30 2015-12-31
AA 2015-09-30 2015-12-31
AAL 2015-09-30 2015-12-31
CF 2015-09-30 2015-12-31
CTRA 2015-09-30 2015-12-31
PG 2015-09-30 2015-12-31
VZ 2015-09-30 2015-12-31
MSFT 2015-09-30 2015-12-31
JNJ 2015-09-30 2015-12-31
V 2015-09-30 2015-12-31
MA 2015-09-30 2015-12-31
TRGP 2015-09-30 2015-12-31
OKE 2015-09-30 2015-12-31
SON 2015-09-30 2015-12-31
HD 2015-09-30 2015-12-31
INTC 2015-09-30 2015-12-31
this is adj rsquare: -0.10763582716768494
AAPL 2015-12-31 2016-03-31
AME 2015-12-31 2016-03-31
AMGN 2015-12-31 2016-03-31
AMT 2015-12-31 2016-03-31
DTE 2015-12-31 2016-03-31
DVN 2015-12-31 2016-03-31
EMN 2015-12-31 2016-03-31
FBIN 2015-12-31 2016-03-31
FERG 2015-12-31 2016-03-31
FR 2015-12-31 2016-03-31
GIS 2015-12-31 2016-03-31
H 2015-12-31 2016-03-31
LMT 2015-12-31 2016-03-31
LNT 2015-12-31 2016-03-31
LSTR 2015-12-31 2016-03-31
MCK 2015-12-31 2016-03-31
MCO 2015-12-31 2016-03-31
NEM 2015-12-31 2016-03-31
NLY 2015-12-31 2016-03-31
NNN 2015-12-31 2016-03-31
NUE 2015-12-31 2016-03-31
PEP 2015-12-31 2016-03-31
PH 2015-12-31 2016-03-31
PHM 2015-12-31 2016-03-31
RRC 2015-12-31 2016-03-31
SLB 2015-12-31 2016-03-31
TMO 2015-12-31 2016-03-31
AA 2015-12-31 2016-03-31
AAL 2015-12-31 2016-03-31
CF 2015-12-31 2016-03-31
CTRA 2015-12-31 2016-03-31
PG 2015-12-31 2016-03-31
VZ 2015-12-31 2016-03-31
MSFT 2015-12-31 2016-03-31
JNJ 2015-12-31 2016-03-31
V 2015-12-31 2016-03-31
MA 2015-12-31 2016-03-31
TRGP 2015-12-31 2016-03-31
OKE 2015-12-31 2016-03-31
SON 2015-12-31 2016-03-31
HD 2015-12-31 2016-03-31
INTC 2015-12-31 2016-03-31
this is adj rsquare: 0.30620229470373417
AAPL 2016-03-31 2016-06-30
AME 2016-03-31 2016-06-30
AMGN 2016-03-31 2016-06-30
AMT 2016-03-31 2016-06-30
DTE 2016-03-31 2016-06-30
DVN 2016-03-31 2016-06-30
EMN 2016-03-31 2016-06-30
FBIN 2016-03-31 2016-06-30
FERG 2016-03-31 2016-06-30
FR 2016-03-31 2016-06-30
GIS 2016-03-31 2016-06-30
H 2016-03-31 2016-06-30
LMT 2016-03-31 2016-06-30
LNT 2016-03-31 2016-06-30
LSTR 2016-03-31 2016-06-30
MCK 2016-03-31 2016-06-30
MCO 2016-03-31 2016-06-30
NEM 2016-03-31 2016-06-30
NLY 2016-03-31 2016-06-30
NNN 2016-03-31 2016-06-30
NUE 2016-03-31 2016-06-30
PEP 2016-03-31 2016-06-30
PH 2016-03-31 2016-06-30
PHM 2016-03-31 2016-06-30
RRC 2016-03-31 2016-06-30
SLB 2016-03-31 2016-06-30
TMO 2016-03-31 2016-06-30
AA 2016-03-31 2016-06-30
AAL 2016-03-31 2016-06-30
CF 2016-03-31 2016-06-30
CTRA 2016-03-31 2016-06-30
PG 2016-03-31 2016-06-30
VZ 2016-03-31 2016-06-30
MSFT 2016-03-31 2016-06-30
JNJ 2016-03-31 2016-06-30
V 2016-03-31 2016-06-30
MA 2016-03-31 2016-06-30
TRGP 2016-03-31 2016-06-30
OKE 2016-03-31 2016-06-30
SON 2016-03-31 2016-06-30
HD 2016-03-31 2016-06-30
INTC 2016-03-31 2016-06-30
this is adj rsquare: 0.03574727951912937
AAPL 2016-06-30 2016-09-30
AME 2016-06-30 2016-09-30
AMGN 2016-06-30 2016-09-30
AMT 2016-06-30 2016-09-30
DTE 2016-06-30 2016-09-30
DVN 2016-06-30 2016-09-30
EMN 2016-06-30 2016-09-30
FBIN 2016-06-30 2016-09-30
FERG 2016-06-30 2016-09-30
FR 2016-06-30 2016-09-30
GIS 2016-06-30 2016-09-30
H 2016-06-30 2016-09-30
LMT 2016-06-30 2016-09-30
LNT 2016-06-30 2016-09-30
LSTR 2016-06-30 2016-09-30
MCK 2016-06-30 2016-09-30
MCO 2016-06-30 2016-09-30
NEM 2016-06-30 2016-09-30
NLY 2016-06-30 2016-09-30
NNN 2016-06-30 2016-09-30
NUE 2016-06-30 2016-09-30
PEP 2016-06-30 2016-09-30
PH 2016-06-30 2016-09-30
PHM 2016-06-30 2016-09-30
RRC 2016-06-30 2016-09-30
SLB 2016-06-30 2016-09-30
TMO 2016-06-30 2016-09-30
AA 2016-06-30 2016-09-30
AAL 2016-06-30 2016-09-30
CF 2016-06-30 2016-09-30
CTRA 2016-06-30 2016-09-30
PG 2016-06-30 2016-09-30
VZ 2016-06-30 2016-09-30
MSFT 2016-06-30 2016-09-30
JNJ 2016-06-30 2016-09-30
V 2016-06-30 2016-09-30
MA 2016-06-30 2016-09-30
TRGP 2016-06-30 2016-09-30
OKE 2016-06-30 2016-09-30
SON 2016-06-30 2016-09-30
HD 2016-06-30 2016-09-30
INTC 2016-06-30 2016-09-30
this is adj rsquare: 0.0952832741277464
AAPL 2016-09-30 2016-12-31
AME 2016-09-30 2016-12-31
AMGN 2016-09-30 2016-12-31
AMT 2016-09-30 2016-12-31
DTE 2016-09-30 2016-12-31
DVN 2016-09-30 2016-12-31
EMN 2016-09-30 2016-12-31
FBIN 2016-09-30 2016-12-31
FERG 2016-09-30 2016-12-31
FR 2016-09-30 2016-12-31
GIS 2016-09-30 2016-12-31
H 2016-09-30 2016-12-31
LMT 2016-09-30 2016-12-31
LNT 2016-09-30 2016-12-31
LSTR 2016-09-30 2016-12-31
MCK 2016-09-30 2016-12-31
MCO 2016-09-30 2016-12-31
NEM 2016-09-30 2016-12-31
NLY 2016-09-30 2016-12-31
NNN 2016-09-30 2016-12-31
NUE 2016-09-30 2016-12-31
PEP 2016-09-30 2016-12-31
PH 2016-09-30 2016-12-31
PHM 2016-09-30 2016-12-31
RRC 2016-09-30 2016-12-31
SLB 2016-09-30 2016-12-31
TMO 2016-09-30 2016-12-31
AA 2016-09-30 2016-12-31
AAL 2016-09-30 2016-12-31
CF 2016-09-30 2016-12-31
CTRA 2016-09-30 2016-12-31
PG 2016-09-30 2016-12-31
VZ 2016-09-30 2016-12-31
MSFT 2016-09-30 2016-12-31
JNJ 2016-09-30 2016-12-31
V 2016-09-30 2016-12-31
MA 2016-09-30 2016-12-31
TRGP 2016-09-30 2016-12-31
OKE 2016-09-30 2016-12-31
SON 2016-09-30 2016-12-31
HD 2016-09-30 2016-12-31
INTC 2016-09-30 2016-12-31
this is adj rsquare: 0.1043369063540851
AAPL 2016-12-31 2017-03-31
AME 2016-12-31 2017-03-31
AMGN 2016-12-31 2017-03-31
AMT 2016-12-31 2017-03-31
DTE 2016-12-31 2017-03-31
DVN 2016-12-31 2017-03-31
EMN 2016-12-31 2017-03-31
FBIN 2016-12-31 2017-03-31
FERG 2016-12-31 2017-03-31
FR 2016-12-31 2017-03-31
GIS 2016-12-31 2017-03-31
H 2016-12-31 2017-03-31
LMT 2016-12-31 2017-03-31
LNT 2016-12-31 2017-03-31
LSTR 2016-12-31 2017-03-31
MCK 2016-12-31 2017-03-31
MCO 2016-12-31 2017-03-31
NEM 2016-12-31 2017-03-31
NLY 2016-12-31 2017-03-31
NNN 2016-12-31 2017-03-31
NUE 2016-12-31 2017-03-31
PEP 2016-12-31 2017-03-31
PH 2016-12-31 2017-03-31
PHM 2016-12-31 2017-03-31
RRC 2016-12-31 2017-03-31
SLB 2016-12-31 2017-03-31
TMO 2016-12-31 2017-03-31
AA 2016-12-31 2017-03-31
AAL 2016-12-31 2017-03-31
CF 2016-12-31 2017-03-31
CTRA 2016-12-31 2017-03-31
PG 2016-12-31 2017-03-31
VZ 2016-12-31 2017-03-31
MSFT 2016-12-31 2017-03-31
JNJ 2016-12-31 2017-03-31
V 2016-12-31 2017-03-31
MA 2016-12-31 2017-03-31
TRGP 2016-12-31 2017-03-31
OKE 2016-12-31 2017-03-31
SON 2016-12-31 2017-03-31
HD 2016-12-31 2017-03-31
INTC 2016-12-31 2017-03-31
this is adj rsquare: 0.08770486781913278
AAPL 2017-03-31 2017-06-30
AME 2017-03-31 2017-06-30
AMGN 2017-03-31 2017-06-30
AMT 2017-03-31 2017-06-30
DTE 2017-03-31 2017-06-30
DVN 2017-03-31 2017-06-30
EMN 2017-03-31 2017-06-30
FBIN 2017-03-31 2017-06-30
FERG 2017-03-31 2017-06-30
FR 2017-03-31 2017-06-30
GIS 2017-03-31 2017-06-30
H 2017-03-31 2017-06-30
LMT 2017-03-31 2017-06-30
LNT 2017-03-31 2017-06-30
LSTR 2017-03-31 2017-06-30
MCK 2017-03-31 2017-06-30
MCO 2017-03-31 2017-06-30
NEM 2017-03-31 2017-06-30
NLY 2017-03-31 2017-06-30
NNN 2017-03-31 2017-06-30
NUE 2017-03-31 2017-06-30
PEP 2017-03-31 2017-06-30
PH 2017-03-31 2017-06-30
PHM 2017-03-31 2017-06-30
RRC 2017-03-31 2017-06-30
SLB 2017-03-31 2017-06-30
TMO 2017-03-31 2017-06-30
AA 2017-03-31 2017-06-30
AAL 2017-03-31 2017-06-30
CF 2017-03-31 2017-06-30
CTRA 2017-03-31 2017-06-30
PG 2017-03-31 2017-06-30
VZ 2017-03-31 2017-06-30
MSFT 2017-03-31 2017-06-30
JNJ 2017-03-31 2017-06-30
V 2017-03-31 2017-06-30
MA 2017-03-31 2017-06-30
TRGP 2017-03-31 2017-06-30
OKE 2017-03-31 2017-06-30
SON 2017-03-31 2017-06-30
HD 2017-03-31 2017-06-30
INTC 2017-03-31 2017-06-30
this is adj rsquare: -0.012825584897258935
AAPL 2017-06-30 2017-09-30
AME 2017-06-30 2017-09-30
AMGN 2017-06-30 2017-09-30
AMT 2017-06-30 2017-09-30
DTE 2017-06-30 2017-09-30
DVN 2017-06-30 2017-09-30
EMN 2017-06-30 2017-09-30
FBIN 2017-06-30 2017-09-30
FERG 2017-06-30 2017-09-30
FR 2017-06-30 2017-09-30
GIS 2017-06-30 2017-09-30
H 2017-06-30 2017-09-30
LMT 2017-06-30 2017-09-30
LNT 2017-06-30 2017-09-30
LSTR 2017-06-30 2017-09-30
MCK 2017-06-30 2017-09-30
MCO 2017-06-30 2017-09-30
NEM 2017-06-30 2017-09-30
NLY 2017-06-30 2017-09-30
NNN 2017-06-30 2017-09-30
NUE 2017-06-30 2017-09-30
PEP 2017-06-30 2017-09-30
PH 2017-06-30 2017-09-30
PHM 2017-06-30 2017-09-30
RRC 2017-06-30 2017-09-30
SLB 2017-06-30 2017-09-30
TMO 2017-06-30 2017-09-30
AA 2017-06-30 2017-09-30
AAL 2017-06-30 2017-09-30
CF 2017-06-30 2017-09-30
CTRA 2017-06-30 2017-09-30
PG 2017-06-30 2017-09-30
VZ 2017-06-30 2017-09-30
MSFT 2017-06-30 2017-09-30
JNJ 2017-06-30 2017-09-30
V 2017-06-30 2017-09-30
MA 2017-06-30 2017-09-30
TRGP 2017-06-30 2017-09-30
OKE 2017-06-30 2017-09-30
SON 2017-06-30 2017-09-30
HD 2017-06-30 2017-09-30
INTC 2017-06-30 2017-09-30
this is adj rsquare: -0.14183734381932078
AAPL 2017-09-30 2017-12-31
AME 2017-09-30 2017-12-31
AMGN 2017-09-30 2017-12-31
AMT 2017-09-30 2017-12-31
DTE 2017-09-30 2017-12-31
DVN 2017-09-30 2017-12-31
EMN 2017-09-30 2017-12-31
FBIN 2017-09-30 2017-12-31
FERG 2017-09-30 2017-12-31
FR 2017-09-30 2017-12-31
GIS 2017-09-30 2017-12-31
H 2017-09-30 2017-12-31
LMT 2017-09-30 2017-12-31
LNT 2017-09-30 2017-12-31
LSTR 2017-09-30 2017-12-31
MCK 2017-09-30 2017-12-31
MCO 2017-09-30 2017-12-31
NEM 2017-09-30 2017-12-31
NLY 2017-09-30 2017-12-31
NNN 2017-09-30 2017-12-31
NUE 2017-09-30 2017-12-31
PEP 2017-09-30 2017-12-31
PH 2017-09-30 2017-12-31
PHM 2017-09-30 2017-12-31
RRC 2017-09-30 2017-12-31
SLB 2017-09-30 2017-12-31
TMO 2017-09-30 2017-12-31
AA 2017-09-30 2017-12-31
AAL 2017-09-30 2017-12-31
CF 2017-09-30 2017-12-31
CTRA 2017-09-30 2017-12-31
PG 2017-09-30 2017-12-31
VZ 2017-09-30 2017-12-31
MSFT 2017-09-30 2017-12-31
JNJ 2017-09-30 2017-12-31
V 2017-09-30 2017-12-31
MA 2017-09-30 2017-12-31
TRGP 2017-09-30 2017-12-31
OKE 2017-09-30 2017-12-31
SON 2017-09-30 2017-12-31
HD 2017-09-30 2017-12-31
INTC 2017-09-30 2017-12-31
this is adj rsquare: -0.09441600002901929
11
20
T-values: {'Constant': 0.6502844487847563, 'Price/Earnings': 1.356245170172807, 'Price/Book Value': 1.1829128849465624, 'Return on Assets': 0.9453612912080344, 'Return on Equity ': 0.8028217089982236, 'Free Cash Flow per Share': 0.21243225055996248, 'Price/Cash Flow': 2.1476188057691648, 'Dividend Yield (%)': -0.4161892618678285, 'Enterprise Value/EBITDA': 0.4797326318062064, 'Dividend Payout Ratio (%)': -0.42397188339876113, '4': 0.004367305655151624}
P-values: {'Constant': 0.5232945151118773, 'Price/Earnings': 0.19092068301545004, 'Price/Book Value': 0.25143483770144015, 'Return on Assets': 0.3563426295509572, 'Return on Equity ': 0.43200633794025145, 'Free Cash Flow per Share': 0.8340322580449312, 'Price/Cash Flow': 0.04485758649739155, 'Dividend Yield (%)': 0.6819350106584448, 'Enterprise Value/EBITDA': 0.6368935644903628, 'Dividend Payout Ratio (%)': 0.6763476954981684, '4': 0.9965609346798305}
{'Constant': 3370479017.4199443, 'Price/Earnings': 3423123276.475061, 'Price/Book Value': 0.007896464515266249, 'Return on Assets': 0.03543471130011543, 'Return on Equity ': 1494911542.6538444, 'Free Cash Flow per Share': 4796424881.317414, 'Price/Cash Flow': 4916631049.080793, 'Dividend Yield (%)': -0.0014694007739546153, 'Enterprise Value/EBITDA': 9940328223.772318, 'Dividend Payout Ratio (%)': -0.002878348028583627, '4': 2.5363559156476276e-05}
this is the average adj r-square: 0.04653155621672535
this is the median adj r-square: 0.041003879998405546
