Namespace(end_date=2017, feature_names='Price/Earnings,Price/Book Value,Return on Assets,Return on Equity ,Free Cash Flow per Share,Price/Cash Flow,Dividend Yield (%),Enterprise Value/EBIT,Enterprise Value/EBITDA,Dividend Payout Ratio (%)', new_feature='6', path_to_file='./', start_date=2013, y='3M Return')
['2012-12-31', '2013-03-31', '2013-06-30', '2013-09-30', '2013-12-31', '2014-03-31', '2014-06-30', '2014-09-30', '2014-12-31', '2015-03-31', '2015-06-30', '2015-09-30', '2015-12-31', '2016-03-31', '2016-06-30', '2016-09-30', '2016-12-31', '2017-03-31', '2017-06-30', '2017-09-30', '2017-12-31']
this is Beta adj rsquare of AAPL and the value is 0.5046413619667245:
this is Beta adj rsquare of PG and the value is 0.24108048750141087:
this is Beta adj rsquare of VZ and the value is 0.29004681558017154:
this is Beta adj rsquare of AMAT and the value is -0.009646314928185129:
this is Beta adj rsquare of MSFT and the value is 0.5500246030977535:
this is Beta adj rsquare of JNJ and the value is 0.32055918246552173:
this is Beta adj rsquare of V and the value is 0.14262460479150274:
this is Beta adj rsquare of MA and the value is 0.5743697533496062:
this is Beta adj rsquare of TRGP and the value is 0.3556301118435957:
this is Beta adj rsquare of OKE and the value is 0.19164673080363448:
this is Beta adj rsquare of SON and the value is 0.5500513695427516:
this is Beta adj rsquare of DVN and the value is 0.4303682520575226:
this is Beta adj rsquare of HD and the value is 0.2824069889619756:
this is Beta adj rsquare of INTC and the value is 0.23423074887281026:
14
12
14
['AAPL', 'PG', 'VZ', 'AMAT', 'MSFT', 'JNJ', 'V', 'MA', 'TRGP', 'OKE', 'SON', 'DVN', 'HD', 'INTC']
date now X_standardizedis: 2012-12-31
this is adj rsquare: 0.6445397106283726
12
date now X_standardizedis: 2013-03-31
this is adj rsquare: 0.07155098042691121
12
date now X_standardizedis: 2013-06-30
this is adj rsquare: 0.5449369100230954
12
date now X_standardizedis: 2013-09-30
this is adj rsquare: 0.6658027783918616
12
date now X_standardizedis: 2013-12-31
this is adj rsquare: 0.21916895389146807
12
date now X_standardizedis: 2014-03-31
this is adj rsquare: -0.5027071302027011
12
date now X_standardizedis: 2014-06-30
this is adj rsquare: -0.40817265313520457
12
date now X_standardizedis: 2014-09-30
this is adj rsquare: -0.6564906922403393
12
date now X_standardizedis: 2014-12-31
this is adj rsquare: 0.8254796477855755
12
date now X_standardizedis: 2015-03-31
this is adj rsquare: 0.925354553742902
12
date now X_standardizedis: 2015-06-30
this is adj rsquare: 0.6924336647885618
12
date now X_standardizedis: 2015-09-30
this is adj rsquare: 0.44526739536983895
12
date now X_standardizedis: 2015-12-31
this is adj rsquare: 0.9087084131877559
12
date now X_standardizedis: 2016-03-31
this is adj rsquare: 0.7577976637862617
12
date now X_standardizedis: 2016-06-30
this is adj rsquare: 0.9750435553306119
12
date now X_standardizedis: 2016-09-30
this is adj rsquare: -2.24856111505038
12
date now X_standardizedis: 2016-12-31
this is adj rsquare: 0.5144544674253453
12
date now X_standardizedis: 2017-03-31
this is adj rsquare: 0.7770167898652529
12
date now X_standardizedis: 2017-06-30
this is adj rsquare: 0.8481010659030461
12
date now X_standardizedis: 2017-09-30
this is adj rsquare: 0.9411461052334729
12
12
20
T-values: {'Constant': 2.462685886547328, 'Price/Earnings': -0.6346851914617322, 'Price/Book Value': 0.8365486587664439, 'Return on Assets': 0.6190400349245767, 'Return on Equity ': 0.08666013801765443, 'Free Cash Flow per Share': -0.3261611423961292, 'Price/Cash Flow': -0.7214103165800115, 'Dividend Yield (%)': 2.4100336025170206, 'Enterprise Value/EBIT': 0.44605905569913146, 'Enterprise Value/EBITDA': 0.7016833149824047, 'Dividend Payout Ratio (%)': -0.6146901441201843, '6': 1.7781056300417586}
P-values: {'Constant': 0.023515115059086204, 'Price/Earnings': 0.5332025372965392, 'Price/Book Value': 0.41324444479593503, 'Return on Assets': 0.5432417901993175, 'Return on Equity ': 0.9318484347108151, 'Free Cash Flow per Share': 0.7478675728243802, 'Price/Cash Flow': 0.47944123692637464, 'Dividend Yield (%)': 0.026251079227329804, 'Enterprise Value/EBIT': 0.660596271694762, 'Enterprise Value/EBITDA': 0.491383139974396, 'Dividend Payout Ratio (%)': 0.5460510223510624, '6': 0.09139485958807923}
{'Constant': 0.03306529515745095, 'Price/Earnings': -0.06036440889791554, 'Price/Book Value': 0.01647949401063297, 'Return on Assets': 0.01429465849729819, 'Return on Equity ': 0.004840632304616349, 'Free Cash Flow per Share': -0.01172739978751775, 'Price/Cash Flow': -0.014194622957065153, 'Dividend Yield (%)': 0.10531037922915358, 'Enterprise Value/EBIT': 0.06738035191450685, 'Enterprise Value/EBITDA': 0.09942785773681055, 'Dividend Payout Ratio (%)': -0.057834500963233115, '6': 0.10227143159668126}
this is the average adj r-square: 0.34704355325758546
this is the median adj r-square: 0.6551712445101171
