Namespace(end_date='2014-12-31', feature_names='Price/Earnings,Price/Book Value,Return on Assets,Return on Equity ,Free Cash Flow per Share,Price/Cash Flow,Dividend Yield (%),Enterprise Value/EBIT,Enterprise Value/EBITDA,Dividend Payout Ratio (%)', new_feature='0', path_to_file='./', start_date='2014-01-31', y='Return')
this is Beta adj rsquare of AAPL and the value is -0.27502016398483664:
this is Beta adj rsquare of PG and the value is 0.025753297503943062:
[*********************100%%**********************]  1 of 1 completed
this is Beta adj rsquare of VZ and the value is -0.24080551497749725:
[*********************100%%**********************]  1 of 1 completed
this is Beta adj rsquare of AMAT and the value is -0.3521740656755965:
this is Beta adj rsquare of MSFT and the value is 0.22572149661184515:
this is Beta adj rsquare of JNJ and the value is 0.20128244062589062:
this is Beta adj rsquare of V and the value is 0.1660452172183371:
this is Beta adj rsquare of PG and the value is 0.025753297503943062:
this is Beta adj rsquare of MA and the value is 0.03799174387461379:
this is Beta adj rsquare of TRGP and the value is 0.5127244621028628:
this is Beta adj rsquare of OKE and the value is 0.45982526896502685:
this is Beta adj rsquare of SON and the value is 0.14064904976426418:
this is Beta adj rsquare of DVN and the value is 0.43740590646806565:
[*********************100%%**********************]  1 of 1 completed
this is Beta adj rsquare of HD and the value is -0.267634027302591:
[*********************100%%**********************]  1 of 1 completed
this is Beta adj rsquare of INTC and the value is -0.24181284274441306:
['AAPL', 'PG', 'VZ', 'AMAT', 'MSFT', 'JNJ', 'V', 'PG', 'MA', 'TRGP', 'OKE', 'SON', 'DVN', 'HD', 'INTC']
['2013-12-31', '2014-01-31', '2014-02-28', '2014-03-31', '2014-04-30', '2014-05-31', '2014-06-30', '2014-07-31', '2014-08-31', '2014-09-30', '2014-10-31', '2014-11-30', '2014-12-31']
date now is: 2013-12-31
this is adj rsquare: 0.5147950063145628
date now is: 2014-01-31
this is adj rsquare: 0.054151957952458085
date now is: 2014-02-28
this is adj rsquare: 0.824606953644051
date now is: 2014-03-31
this is adj rsquare: 0.29130944048586405
date now is: 2014-04-30
this is adj rsquare: 0.47548673661571983
date now is: 2014-05-31
this is adj rsquare: 0.9852650300611052
date now is: 2014-06-30
this is adj rsquare: 0.8757695894607846
date now is: 2014-07-31
this is adj rsquare: -2.7171005681756326
date now is: 2014-08-31
this is adj rsquare: 0.6926860753088037
date now is: 2014-09-30
this is adj rsquare: 0.758275440064996
date now is: 2014-10-31
this is adj rsquare: 0.7730656109594172
date now is: 2014-11-30
this is adj rsquare: 0.1231253644879996
T-values: {'Constant': 2.178388096650722, 'Price/Earnings': -0.8997326297990174, 'Price/Book Value': -1.3356784164675637, 'Return on Assets': -0.3495218398364492, 'Return on Equity ': 0.9532134717117141, 'Free Cash Flow per Share': -0.6449702606375215, 'Price/Cash Flow': 0.439215253189246, 'Dividend Yield (%)': -0.9116840960904488, 'Enterprise Value/EBIT': 0.20532010274799803, 'Enterprise Value/EBITDA': -0.038060874949480746, 'Dividend Payout Ratio (%)': 0.5959172673089624, '0': -0.20810270944538728}
P-values: {'Constant': 0.05201113533148212, 'Price/Earnings': 0.38753520140633524, 'Price/Book Value': 0.20863282998935037, 'Return on Assets': 0.7332972370952201, 'Return on Equity ': 0.3609590467364442, 'Free Cash Flow per Share': 0.5321675226607554, 'Price/Cash Flow': 0.6690087216547529, 'Dividend Yield (%)': 0.38148056950371245, 'Enterprise Value/EBIT': 0.8410722002626775, 'Enterprise Value/EBITDA': 0.9703211141890552, 'Dividend Payout Ratio (%)': 0.5632914060698626, '0': 0.8389517291478603}
{'Constant': 0.015052084300262364, 'Price/Earnings': -0.01214283811454047, 'Price/Book Value': -0.01408034992807744, 'Return on Assets': -0.002179434480687893, 'Return on Equity ': 0.006908606375003834, 'Free Cash Flow per Share': -0.007370626284352647, 'Price/Cash Flow': 0.0036374341218649957, 'Dividend Yield (%)': -0.011362444079754931, 'Enterprise Value/EBIT': 0.007665889924457427, 'Enterprise Value/EBITDA': -0.0013555332918545916, 'Dividend Payout Ratio (%)': 0.01137814940185801, '0': -0.003487794859718184}
this is the average adj r-square: 0.30428638643167744
