Namespace(end_date='2014-12-31', feature_names='Price/Earnings,Price/Book Value,Return on Assets,Return on Equity ,Free Cash Flow per Share,Price/Cash Flow,Dividend Yield (%),Enterprise Value/EBIT,Enterprise Value/EBITDA,Dividend Payout Ratio (%)', new_feature='1', path_to_file='./', start_date='2014-01-31', y='Return')
AAPL
this is Beta adj rsquare of AAPL and the value is -0.27502016398483664:
MSFT
this is Beta adj rsquare of MSFT and the value is 0.22572149661184515:
AMZN
AMZN
AMZN
this is Beta adj rsquare of AMZN and the value is -0.2857976326927605:
GOOGL
GOOGL
GOOGL
this is Beta adj rsquare of GOOGL and the value is -0.05644094989465609:
JNJ
this is Beta adj rsquare of JNJ and the value is 0.20128244062589085:
V
this is Beta adj rsquare of V and the value is 0.1660452172183371:
PG
this is Beta adj rsquare of PG and the value is 0.02575329750394295:
JPM
JPM
JPM
JPM
this is Beta adj rsquare of JPM and the value is 0.05164859464653171:
UNH
UNH
UNH
UNH
this is Beta adj rsquare of UNH and the value is 0.012460015489127008:
MA
this is Beta adj rsquare of MA and the value is 0.03799174387461379:
JLL
JLL
this is Beta adj rsquare of JLL and the value is -0.06407987509497359:
TRGP
this is Beta adj rsquare of TRGP and the value is 0.5127244621028628:
FTI
FTI
FTI
this is Beta adj rsquare of FTI and the value is 0.0:
OKE
this is Beta adj rsquare of OKE and the value is 0.45982526896502685:
SON
this is Beta adj rsquare of SON and the value is 0.14064904976426407:
DVN
this is Beta adj rsquare of DVN and the value is 0.43740590646806565:
['AAPL', 'MSFT', 'AMZN', 'GOOGL', 'JNJ', 'V', 'PG', 'JPM', 'UNH', 'MA', 'JLL', 'TRGP', 'FTI', 'OKE', 'SON', 'DVN']
['2013-12-31', '2014-01-31', '2014-02-28', '2014-03-31', '2014-04-30', '2014-05-31', '2014-06-30', '2014-07-31', '2014-08-31', '2014-09-30', '2014-10-31', '2014-11-30', '2014-12-31']
date now is: 2013-12-31
This ticker is: AAPL
This ticker is: MSFT
This ticker is: AMZN
This ticker is: GOOGL
This ticker is: JNJ
This ticker is: V
This ticker is: PG
This ticker is: JPM
This ticker is: UNH
This ticker is: MA
This ticker is: JLL
This ticker is: TRGP
This ticker is: FTI
This ticker is: OKE
This ticker is: SON
This ticker is: DVN
this is adj rsquare: 0.8513057761990395
date now is: 2014-01-31
This ticker is: AAPL
This ticker is: MSFT
This ticker is: AMZN
This ticker is: GOOGL
This ticker is: JNJ
This ticker is: V
This ticker is: PG
This ticker is: JPM
This ticker is: UNH
This ticker is: MA
This ticker is: JLL
This ticker is: TRGP
This ticker is: FTI
This ticker is: OKE
This ticker is: SON
This ticker is: DVN
this is adj rsquare: 0.9813045940555039
date now is: 2014-02-28
This ticker is: AAPL
This ticker is: MSFT
This ticker is: AMZN
This ticker is: GOOGL
This ticker is: JNJ
This ticker is: V
This ticker is: PG
This ticker is: JPM
This ticker is: UNH
This ticker is: MA
This ticker is: JLL
This ticker is: TRGP
This ticker is: FTI
This ticker is: OKE
This ticker is: SON
This ticker is: DVN
this is adj rsquare: 0.8241693649034174
date now is: 2014-03-31
This ticker is: AAPL
This ticker is: MSFT
This ticker is: AMZN
This ticker is: GOOGL
This ticker is: JNJ
This ticker is: V
This ticker is: PG
This ticker is: JPM
This ticker is: UNH
This ticker is: MA
This ticker is: JLL
This ticker is: TRGP
This ticker is: FTI
This ticker is: OKE
This ticker is: SON
This ticker is: DVN
this is adj rsquare: 0.8659023162963402
date now is: 2014-04-30
This ticker is: AAPL
This ticker is: MSFT
This ticker is: AMZN
This ticker is: GOOGL
This ticker is: JNJ
This ticker is: V
This ticker is: PG
This ticker is: JPM
This ticker is: UNH
This ticker is: MA
This ticker is: JLL
This ticker is: TRGP
This ticker is: FTI
This ticker is: OKE
This ticker is: SON
This ticker is: DVN
this is adj rsquare: 0.7814604075996741
date now is: 2014-05-31
This ticker is: AAPL
This ticker is: MSFT
This ticker is: AMZN
This ticker is: GOOGL
This ticker is: JNJ
This ticker is: V
This ticker is: PG
This ticker is: JPM
This ticker is: UNH
This ticker is: MA
This ticker is: JLL
This ticker is: TRGP
This ticker is: FTI
This ticker is: OKE
This ticker is: SON
This ticker is: DVN
this is adj rsquare: 0.763322425926354
date now is: 2014-06-30
This ticker is: AAPL
This ticker is: MSFT
This ticker is: AMZN
This ticker is: GOOGL
This ticker is: JNJ
This ticker is: V
This ticker is: PG
This ticker is: JPM
This ticker is: UNH
This ticker is: MA
This ticker is: JLL
This ticker is: TRGP
This ticker is: FTI
This ticker is: OKE
This ticker is: SON
This ticker is: DVN
this is adj rsquare: -0.6768182168401744
date now is: 2014-07-31
This ticker is: AAPL
This ticker is: MSFT
This ticker is: AMZN
This ticker is: GOOGL
This ticker is: JNJ
This ticker is: V
This ticker is: PG
This ticker is: JPM
This ticker is: UNH
This ticker is: MA
This ticker is: JLL
This ticker is: TRGP
This ticker is: FTI
This ticker is: OKE
This ticker is: SON
This ticker is: DVN
this is adj rsquare: 0.5600979198202559
date now is: 2014-08-31
This ticker is: AAPL
This ticker is: MSFT
This ticker is: AMZN
This ticker is: GOOGL
This ticker is: JNJ
This ticker is: V
This ticker is: PG
This ticker is: JPM
This ticker is: UNH
This ticker is: MA
This ticker is: JLL
This ticker is: TRGP
This ticker is: FTI
This ticker is: OKE
This ticker is: SON
This ticker is: DVN
this is adj rsquare: 0.9030486535800263
date now is: 2014-09-30
This ticker is: AAPL
This ticker is: MSFT
This ticker is: AMZN
This ticker is: GOOGL
This ticker is: JNJ
This ticker is: V
This ticker is: PG
This ticker is: JPM
This ticker is: UNH
This ticker is: MA
This ticker is: JLL
This ticker is: TRGP
This ticker is: FTI
This ticker is: OKE
This ticker is: SON
This ticker is: DVN
this is adj rsquare: -0.39868904260724536
date now is: 2014-10-31
This ticker is: AAPL
This ticker is: MSFT
This ticker is: AMZN
This ticker is: GOOGL
This ticker is: JNJ
This ticker is: V
This ticker is: PG
This ticker is: JPM
This ticker is: UNH
This ticker is: MA
This ticker is: JLL
This ticker is: TRGP
This ticker is: FTI
This ticker is: OKE
This ticker is: SON
This ticker is: DVN
this is adj rsquare: 0.7371061836265738
date now is: 2014-11-30
This ticker is: AAPL
This ticker is: MSFT
This ticker is: AMZN
This ticker is: GOOGL
This ticker is: JNJ
This ticker is: V
This ticker is: PG
This ticker is: JPM
This ticker is: UNH
This ticker is: MA
This ticker is: JLL
This ticker is: TRGP
This ticker is: FTI
This ticker is: OKE
This ticker is: SON
This ticker is: DVN
this is adj rsquare: -0.8260388378648478
T-values: {'Constant': 0.45946824282149623, 'Price/Earnings': -1.0094533310158527, 'Price/Book Value': -0.21141084889155254, 'Return on Assets': 0.17357538183177923, 'Return on Equity ': 2.0520294611186567, 'Free Cash Flow per Share': -0.31994651226682114, 'Price/Cash Flow': 1.7508146146271146, 'Dividend Yield (%)': -0.07196046988304927, 'Enterprise Value/EBIT': 1.8284407822020858, 'Enterprise Value/EBITDA': -1.525235722939533, 'Dividend Payout Ratio (%)': 1.011856106619524, '1': -1.8783851087199137}
P-values: {'Constant': 0.6548452247493334, 'Price/Earnings': 0.3344467788749428, 'Price/Book Value': 0.8364325153978946, 'Return on Assets': 0.8653521404004927, 'Return on Equity ': 0.06474888766418933, 'Free Cash Flow per Share': 0.7550037359836627, 'Price/Cash Flow': 0.10777713266031116, 'Dividend Yield (%)': 0.9439251002971165, 'Enterprise Value/EBIT': 0.09470313877891907, 'Enterprise Value/EBITDA': 0.1554235583154433, 'Dividend Payout Ratio (%)': 0.3333467165906958, '1': 0.08707379779289917}
{'Constant': 54622880623.05924, 'Price/Earnings': -514967669409.35645, 'Price/Book Value': -1336741888.8149784, 'Return on Assets': 2535423563.637602, 'Return on Equity ': 38530378697.1675, 'Free Cash Flow per Share': -0.002260919731905644, 'Price/Cash Flow': 282907261029.7493, 'Dividend Yield (%)': -0.0010964607949109388, 'Enterprise Value/EBIT': 0.030121038479461345, 'Enterprise Value/EBITDA': -2163748595.811754, 'Dividend Payout Ratio (%)': 31661951069.7498, '1': -0.025659073406716304}
this is the average adj r-square: 0.44718096205790986
