Namespace(end_date='2014-12-31', feature_names='Price/Earnings,Price/Book Value,Return on Assets,Return on Equity ,Free Cash Flow per Share,Price/Cash Flow,Dividend Yield (%),Enterprise Value/EBIT,Enterprise Value/EBITDA,Dividend Payout Ratio (%)', new_feature='2', path_to_file='./', start_date='2014-01-31', y='Return')
this is Beta adj rsquare of AAPL and the value is -0.27502016398483664:
this is Beta adj rsquare of PG and the value is 0.02575329750394295:
this is Beta adj rsquare of VZ and the value is -0.24080551497749725:
this is Beta adj rsquare of AMAT and the value is -0.3521740656755965:
this is Beta adj rsquare of MSFT and the value is 0.22572149661184504:
this is Beta adj rsquare of JNJ and the value is 0.20128244062589062:
this is Beta adj rsquare of V and the value is 0.1660452172183371:
this is Beta adj rsquare of PG and the value is 0.02575329750394295:
this is Beta adj rsquare of MA and the value is 0.03799174387461379:
this is Beta adj rsquare of TRGP and the value is 0.5127244621028628:
this is Beta adj rsquare of OKE and the value is 0.45982526896502685:
this is Beta adj rsquare of SON and the value is 0.14064904976426407:
this is Beta adj rsquare of DVN and the value is 0.43740590646806565:
this is Beta adj rsquare of HD and the value is -0.2676340273025912:
this is Beta adj rsquare of INTC and the value is -0.24181284274441195:
['AAPL', 'PG', 'VZ', 'AMAT', 'MSFT', 'JNJ', 'V', 'PG', 'MA', 'TRGP', 'OKE', 'SON', 'DVN', 'HD', 'INTC']
['2013-12-31', '2014-01-31', '2014-02-28', '2014-03-31', '2014-04-30', '2014-05-31', '2014-06-30', '2014-07-31', '2014-08-31', '2014-09-30', '2014-10-31', '2014-11-30', '2014-12-31']
date now is: 2013-12-31
this is adj rsquare: 0.661486703419127
date now is: 2014-01-31
this is adj rsquare: 0.5136762274959021
date now is: 2014-02-28
this is adj rsquare: 0.6782692481861565
date now is: 2014-03-31
this is adj rsquare: 0.2764724707516193
date now is: 2014-04-30
this is adj rsquare: 0.6607013153504433
date now is: 2014-05-31
this is adj rsquare: 0.8059847077756239
date now is: 2014-06-30
this is adj rsquare: 0.7281343110701372
date now is: 2014-07-31
this is adj rsquare: -2.025151690588701
date now is: 2014-08-31
this is adj rsquare: 0.898103275313979
date now is: 2014-09-30
this is adj rsquare: 0.028292584765584605
date now is: 2014-10-31
this is adj rsquare: 0.33904009957368864
date now is: 2014-11-30
this is adj rsquare: -0.7225484414829335
T-values: {'Constant': 2.178388096650722, 'Price/Earnings': 0.28155909222891806, 'Price/Book Value': -2.1323795216614987, 'Return on Assets': 0.8089770533296076, 'Return on Equity ': -0.19718644160341203, 'Free Cash Flow per Share': -1.1985708586378598, 'Price/Cash Flow': 1.0299937980635245, 'Dividend Yield (%)': -1.2395343223949846, 'Enterprise Value/EBIT': -0.5347688990163898, 'Enterprise Value/EBITDA': 0.8995404727714995, 'Dividend Payout Ratio (%)': 0.7364744865451192, '2': 1.2090426912773875}
P-values: {'Constant': 0.05201113533148212, 'Price/Earnings': 0.783507823142969, 'Price/Book Value': 0.05634628679000626, 'Return on Assets': 0.4356769833386218, 'Return on Equity ': 0.8472779036817314, 'Free Cash Flow per Share': 0.255879557751026, 'Price/Cash Flow': 0.3251286705859038, 'Dividend Yield (%)': 0.24094140773297432, 'Enterprise Value/EBIT': 0.6034511907154865, 'Enterprise Value/EBITDA': 0.3876330918987647, 'Dividend Payout Ratio (%)': 0.47685520994802844, '2': 0.2519924654948899}
{'Constant': 0.015052084300262364, 'Price/Earnings': 0.005179585443513712, 'Price/Book Value': -0.035027596721472744, 'Return on Assets': 0.007306891174440218, 'Return on Equity ': -0.002170951738710901, 'Free Cash Flow per Share': -0.006930744289580851, 'Price/Cash Flow': 0.006438976592259379, 'Dividend Yield (%)': -0.01098153568044114, 'Enterprise Value/EBIT': -0.0212349263493285, 'Enterprise Value/EBITDA': 0.03326755967393622, 'Dividend Payout Ratio (%)': 0.014326167467155164, '2': 0.021779135668864122}
this is the average adj r-square: 0.23687173430255223
