Namespace(end_date='2014-12-31', feature_names='Price/Earnings,Price/Book Value,Return on Assets,Return on Equity ,Free Cash Flow per Share,Price/Cash Flow,Dividend Yield (%),Enterprise Value/EBIT,Enterprise Value/EBITDA,Dividend Payout Ratio (%)', new_feature='3', path_to_file='./', start_date='2014-01-31', y='Return')
this is Beta adj rsquare of AAPL and the value is -0.27502016398483664:
this is Beta adj rsquare of PG and the value is 0.025753297503943062:
this is Beta adj rsquare of VZ and the value is -0.24080551497749703:
this is Beta adj rsquare of AMAT and the value is -0.3521740656755963:
this is Beta adj rsquare of MSFT and the value is 0.22572149661184515:
this is Beta adj rsquare of JNJ and the value is 0.20128244062589062:
this is Beta adj rsquare of V and the value is 0.1660452172183371:
this is Beta adj rsquare of PG and the value is 0.025753297503943062:
this is Beta adj rsquare of MA and the value is 0.03799174387461379:
this is Beta adj rsquare of TRGP and the value is 0.5127244621028628:
this is Beta adj rsquare of OKE and the value is 0.45982526896502685:
this is Beta adj rsquare of SON and the value is 0.14064904976426407:
this is Beta adj rsquare of DVN and the value is 0.43740590646806565:
this is Beta adj rsquare of HD and the value is -0.26763402730259145:
this is Beta adj rsquare of INTC and the value is -0.24181284274441217:
['AAPL', 'PG', 'VZ', 'AMAT', 'MSFT', 'JNJ', 'V', 'PG', 'MA', 'TRGP', 'OKE', 'SON', 'DVN', 'HD', 'INTC']
['2013-12-31', '2014-01-31', '2014-02-28', '2014-03-31', '2014-04-30', '2014-05-31', '2014-06-30', '2014-07-31', '2014-08-31', '2014-09-30', '2014-10-31', '2014-11-30', '2014-12-31']
date now is: 2013-12-31
this is adj rsquare: 0.5243910878835856
date now is: 2014-01-31
this is adj rsquare: 0.19333861981258427
date now is: 2014-02-28
this is adj rsquare: 0.8418121457051946
date now is: 2014-03-31
this is adj rsquare: 0.12599525798720346
date now is: 2014-04-30
this is adj rsquare: 0.9095319160878316
date now is: 2014-05-31
this is adj rsquare: 0.8679718469983924
date now is: 2014-06-30
this is adj rsquare: 0.6250311144766327
date now is: 2014-07-31
this is adj rsquare: -2.3898774755275314
date now is: 2014-08-31
this is adj rsquare: 0.8524224268436593
date now is: 2014-09-30
this is adj rsquare: 0.15801047502540522
date now is: 2014-10-31
this is adj rsquare: 0.31236798273380184
date now is: 2014-11-30
this is adj rsquare: -0.6102207661009247
T-values: {'Constant': 2.178388096650722, 'Price/Earnings': -0.2947404872579907, 'Price/Book Value': -2.19490886407931, 'Return on Assets': 0.000977116956578319, 'Return on Equity ': -0.007829670054218515, 'Free Cash Flow per Share': -0.8250327200786295, 'Price/Cash Flow': 0.5945275530795117, 'Dividend Yield (%)': -1.1688132513713998, 'Enterprise Value/EBIT': 0.05101843379534754, 'Enterprise Value/EBITDA': 0.08034559488620077, 'Dividend Payout Ratio (%)': 0.6452466936486426, '3': 0.7787207826613255}
P-values: {'Constant': 0.05201113533148212, 'Price/Earnings': 0.7736802448625671, 'Price/Book Value': 0.05053337733356837, 'Return on Assets': 0.9992378689232762, 'Return on Equity ': 0.9938930858238841, 'Free Cash Flow per Share': 0.4268826987908234, 'Price/Cash Flow': 0.5641876061149852, 'Dividend Yield (%)': 0.2671847884462283, 'Enterprise Value/EBIT': 0.9602254896790625, 'Enterprise Value/EBITDA': 0.9374055454645844, 'Dividend Payout Ratio (%)': 0.5319949755067571, '3': 0.45257082234783785}
{'Constant': 0.015052084300262364, 'Price/Earnings': -0.005407386903158467, 'Price/Book Value': -0.018088693938565756, 'Return on Assets': 5.672816128112397e-06, 'Return on Equity ': -0.00010339748570895166, 'Free Cash Flow per Share': -0.0037885242120723277, 'Price/Cash Flow': 0.00381571166520199, 'Dividend Yield (%)': -0.012409076066852967, 'Enterprise Value/EBIT': 0.0017802700329160434, 'Enterprise Value/EBITDA': 0.0025373212915799598, 'Dividend Payout Ratio (%)': 0.01359396311912422, '3': 0.012453408940559673}
this is the average adj r-square: 0.20089788599381952
