Namespace(end_date='2014-12-31', feature_names='Price/Earnings,Price/Book Value,Return on Assets,Return on Equity ,Free Cash Flow per Share,Price/Cash Flow,Dividend Yield (%),Enterprise Value/EBIT,Enterprise Value/EBITDA,Dividend Payout Ratio (%)', new_feature='5', path_to_file='./', start_date='2014-01-31', y='Return')
this is Beta adj rsquare of AAPL and the value is -0.27502016398483664:
this is Beta adj rsquare of PG and the value is 0.025753297503943062:
this is Beta adj rsquare of VZ and the value is -0.24080551497749703:
this is Beta adj rsquare of AMAT and the value is -0.3521740656755963:
this is Beta adj rsquare of MSFT and the value is 0.22572149661184515:
this is Beta adj rsquare of JNJ and the value is 0.20128244062589085:
this is Beta adj rsquare of V and the value is 0.1660452172183371:
this is Beta adj rsquare of PG and the value is 0.025753297503943062:
this is Beta adj rsquare of MA and the value is 0.03799174387461379:
this is Beta adj rsquare of TRGP and the value is 0.512724462102863:
this is Beta adj rsquare of OKE and the value is 0.45982526896502673:
this is Beta adj rsquare of SON and the value is 0.14064904976426407:
this is Beta adj rsquare of DVN and the value is 0.43740590646806565:
this is Beta adj rsquare of HD and the value is -0.26763402730259145:
this is Beta adj rsquare of INTC and the value is -0.24181284274441195:
['AAPL', 'PG', 'VZ', 'AMAT', 'MSFT', 'JNJ', 'V', 'PG', 'MA', 'TRGP', 'OKE', 'SON', 'DVN', 'HD', 'INTC']
['2013-12-31', '2014-01-31', '2014-02-28', '2014-03-31', '2014-04-30', '2014-05-31', '2014-06-30', '2014-07-31', '2014-08-31', '2014-09-30', '2014-10-31', '2014-11-30', '2014-12-31']
date now is: 2013-12-31
this is adj rsquare: 0.6538197141501012
date now is: 2014-01-31
this is adj rsquare: -0.23051950387059006
date now is: 2014-02-28
this is adj rsquare: -0.6930718888209442
date now is: 2014-03-31
this is adj rsquare: 0.18412111569043477
date now is: 2014-04-30
this is adj rsquare: 0.5739832477950585
date now is: 2014-05-31
this is adj rsquare: 0.7148488955031838
date now is: 2014-06-30
this is adj rsquare: 0.41602161216095057
date now is: 2014-07-31
this is adj rsquare: -1.1071872807460585
date now is: 2014-08-31
this is adj rsquare: 0.8574901031072641
date now is: 2014-09-30
this is adj rsquare: 0.11672812435471847
date now is: 2014-10-31
this is adj rsquare: 0.5124200266772586
date now is: 2014-11-30
this is adj rsquare: -0.3309587080827239
T-values: {'Constant': 2.178388096650722, 'Price/Earnings': -0.9347843995750507, 'Price/Book Value': -1.4771512442917638, 'Return on Assets': -0.9021387496962585, 'Return on Equity ': 1.3159954835897838, 'Free Cash Flow per Share': -0.7330215860966126, 'Price/Cash Flow': -0.5449317608039833, 'Dividend Yield (%)': -1.3765402415385688, 'Enterprise Value/EBIT': 1.1934066487624742, 'Enterprise Value/EBITDA': -1.065748850602763, 'Dividend Payout Ratio (%)': -0.19818024972821083, '5': -0.9444232295097492}
P-values: {'Constant': 0.05201113533148212, 'Price/Earnings': 0.3699665296136142, 'Price/Book Value': 0.16768374021732263, 'Return on Assets': 0.38631090830296855, 'Return on Equity ': 0.21494053824326492, 'Free Cash Flow per Share': 0.47887553499829894, 'Price/Cash Flow': 0.5966754239971314, 'Dividend Yield (%)': 0.19602641319665606, 'Enterprise Value/EBIT': 0.2578139081003413, 'Enterprise Value/EBITDA': 0.30937092568705576, 'Dividend Payout Ratio (%)': 0.8465190730508207, '5': 0.36523568335279444}
{'Constant': 0.015052084300262364, 'Price/Earnings': -0.020693892175716617, 'Price/Book Value': -0.020621553523223316, 'Return on Assets': -0.053425085972394815, 'Return on Equity ': 0.03776186715233601, 'Free Cash Flow per Share': -0.004095154688516516, 'Price/Cash Flow': -0.005805448817418309, 'Dividend Yield (%)': -0.014498673191400168, 'Enterprise Value/EBIT': 0.048430169018520354, 'Enterprise Value/EBITDA': -0.04698262780297233, 'Dividend Payout Ratio (%)': -0.004647539765541865, '5': -0.04412957477582538}
this is the average adj r-square: 0.13897462149322112
