Namespace(end_date='2014-12-31', feature_names='Price/Earnings,Price/Book Value,Return on Assets,Return on Equity ,Free Cash Flow per Share,Price/Cash Flow,Dividend Yield (%),Enterprise Value/EBIT,Enterprise Value/EBITDA,Dividend Payout Ratio (%)', new_feature='7', path_to_file='./', start_date='2014-01-31', y='Return')
this is Beta adj rsquare of AAPL and the value is -0.27502016398483664:
this is Beta adj rsquare of PG and the value is 0.025753297503943173:
this is Beta adj rsquare of VZ and the value is -0.24080551497749747:
this is Beta adj rsquare of AMAT and the value is -0.3521740656755963:
this is Beta adj rsquare of MSFT and the value is 0.22572149661184515:
this is Beta adj rsquare of JNJ and the value is 0.20128244062589096:
this is Beta adj rsquare of V and the value is 0.1660452172183371:
this is Beta adj rsquare of PG and the value is 0.025753297503943173:
this is Beta adj rsquare of MA and the value is 0.03799174387461379:
this is Beta adj rsquare of TRGP and the value is 0.512724462102863:
this is Beta adj rsquare of OKE and the value is 0.45982526896502685:
this is Beta adj rsquare of SON and the value is 0.14064904976426407:
this is Beta adj rsquare of DVN and the value is 0.43740590646806565:
this is Beta adj rsquare of HD and the value is -0.26763402730259145:
this is Beta adj rsquare of INTC and the value is -0.24181284274441195:
['AAPL', 'PG', 'VZ', 'AMAT', 'MSFT', 'JNJ', 'V', 'PG', 'MA', 'TRGP', 'OKE', 'SON', 'DVN', 'HD', 'INTC']
['2013-12-31', '2014-01-31', '2014-02-28', '2014-03-31', '2014-04-30', '2014-05-31', '2014-06-30', '2014-07-31', '2014-08-31', '2014-09-30', '2014-10-31', '2014-11-30', '2014-12-31']
date now is: 2013-12-31
this is adj rsquare: 0.8134262221104205
date now is: 2014-01-31
this is adj rsquare: 0.24799653365140406
date now is: 2014-02-28
this is adj rsquare: -1.7275247226051453
date now is: 2014-03-31
this is adj rsquare: 0.7888110830790692
date now is: 2014-04-30
this is adj rsquare: 0.1315152770955954
date now is: 2014-05-31
this is adj rsquare: 0.5665293882167133
date now is: 2014-06-30
this is adj rsquare: 0.3843354044285727
date now is: 2014-07-31
this is adj rsquare: 0.47365284091092474
date now is: 2014-08-31
this is adj rsquare: 0.2028181300661136
date now is: 2014-09-30
this is adj rsquare: 0.1311816935756056
date now is: 2014-10-31
this is adj rsquare: 0.6949582691533446
date now is: 2014-11-30
this is adj rsquare: 0.6785077879228916
T-values: {'Constant': 2.178388096650722, 'Price/Earnings': -0.9926746557629001, 'Price/Book Value': 0.49315715220248935, 'Return on Assets': 1.2339041780795348, 'Return on Equity ': 1.7741819411204374, 'Free Cash Flow per Share': 1.287688469035203, 'Price/Cash Flow': 0.48069724695434507, 'Dividend Yield (%)': -1.2638180599722868, 'Enterprise Value/EBIT': 0.2539792769477913, 'Enterprise Value/EBITDA': -0.06171376455811023, 'Dividend Payout Ratio (%)': 0.9593181436067826, '7': -1.2658746683874988}
P-values: {'Constant': 0.05201113533148212, 'Price/Earnings': 0.3422029622542334, 'Price/Book Value': 0.6315987300224405, 'Return on Assets': 0.24295217628095428, 'Return on Equity ': 0.10367916392052232, 'Free Cash Flow per Share': 0.2242858036467143, 'Price/Cash Flow': 0.6401499267910029, 'Dividend Yield (%)': 0.2324214715816853, 'Enterprise Value/EBIT': 0.8041964257706272, 'Enterprise Value/EBITDA': 0.9518978360890916, 'Dividend Payout Ratio (%)': 0.35801015425414073, '7': 0.23171123743086716}
{'Constant': 0.015052084300262364, 'Price/Earnings': -0.01615901871735443, 'Price/Book Value': 0.008215106862929167, 'Return on Assets': 0.020728919007303098, 'Return on Equity ': 0.01768419852947889, 'Free Cash Flow per Share': 0.009218992469763142, 'Price/Cash Flow': 0.0034814827042943374, 'Dividend Yield (%)': -0.01102953766906561, 'Enterprise Value/EBIT': 0.006503677169742795, 'Enterprise Value/EBITDA': -0.001305794472945371, 'Dividend Payout Ratio (%)': 0.03588495338027876, '7': -0.03131329567409175}
this is the average adj r-square: 0.28218399230045915
