Namespace(end_date='2015-12-31', feature_names='Price/Earnings,Price/Book Value,Return on Assets,Return on Equity ,Free Cash Flow per Share,Price/Cash Flow,Dividend Yield (%),Enterprise Value/EBIT,Enterprise Value/EBITDA,Dividend Payout Ratio (%)', new_feature='0', path_to_file='./', start_date='2015-01-31', y='Return')
AAPL
this is Beta adj rsquare of AAPL and the value is -0.2707729144584772:
MSFT
this is Beta adj rsquare of MSFT and the value is -0.11240465592733151:
AMZN
AMZN
AMZN
this is Beta adj rsquare of AMZN and the value is -0.27672209706946393:
GOOGL
GOOGL
GOOGL
this is Beta adj rsquare of GOOGL and the value is -0.12280256456702965:
JNJ
this is Beta adj rsquare of JNJ and the value is 0.07890638448656895:
V
this is Beta adj rsquare of V and the value is -0.28175277709950763:
PG
this is Beta adj rsquare of PG and the value is 0.16893313670049281:
JPM
JPM
JPM
JPM
this is Beta adj rsquare of JPM and the value is 0.49851189520380823:
UNH
UNH
UNH
UNH
this is Beta adj rsquare of UNH and the value is -0.26931344851092875:
MA
this is Beta adj rsquare of MA and the value is 0.023577577685801376:
JLL
JLL
this is Beta adj rsquare of JLL and the value is -0.12872630835467103:
TRGP
this is Beta adj rsquare of TRGP and the value is -0.17028212002015874:
FTI
FTI
FTI
this is Beta adj rsquare of FTI and the value is 0.0:
OKE
this is Beta adj rsquare of OKE and the value is 0.04370639043915492:
SON
this is Beta adj rsquare of SON and the value is 0.0316990904747233:
DVN
this is Beta adj rsquare of DVN and the value is -0.6421309441190592:
['AAPL', 'MSFT', 'AMZN', 'GOOGL', 'JNJ', 'V', 'PG', 'JPM', 'UNH', 'MA', 'JLL', 'TRGP', 'FTI', 'OKE', 'SON', 'DVN']
['2014-12-31', '2015-01-31', '2015-02-28', '2015-03-31', '2015-04-30', '2015-05-31', '2015-06-30', '2015-07-31', '2015-08-31', '2015-09-30', '2015-10-31', '2015-11-30', '2015-12-31']
date now is: 2014-12-31
This ticker is: AAPL
This ticker is: MSFT
This ticker is: AMZN
This ticker is: GOOGL
This ticker is: JNJ
This ticker is: V
This ticker is: PG
This ticker is: JPM
This ticker is: UNH
This ticker is: MA
This ticker is: JLL
This ticker is: TRGP
This ticker is: FTI
This ticker is: OKE
This ticker is: SON
This ticker is: DVN
this is adj rsquare: 0.932182207491
date now is: 2015-01-31
This ticker is: AAPL
This ticker is: MSFT
This ticker is: AMZN
This ticker is: GOOGL
This ticker is: JNJ
This ticker is: V
This ticker is: PG
This ticker is: JPM
This ticker is: UNH
This ticker is: MA
This ticker is: JLL
This ticker is: TRGP
This ticker is: FTI
This ticker is: OKE
This ticker is: SON
This ticker is: DVN
this is adj rsquare: 0.05913537568760052
date now is: 2015-02-28
This ticker is: AAPL
This ticker is: MSFT
This ticker is: AMZN
This ticker is: GOOGL
This ticker is: JNJ
This ticker is: V
This ticker is: PG
This ticker is: JPM
This ticker is: UNH
This ticker is: MA
This ticker is: JLL
This ticker is: TRGP
This ticker is: FTI
This ticker is: OKE
This ticker is: SON
This ticker is: DVN
this is adj rsquare: -0.7946571899391262
date now is: 2015-03-31
This ticker is: AAPL
This ticker is: MSFT
This ticker is: AMZN
This ticker is: GOOGL
This ticker is: JNJ
This ticker is: V
This ticker is: PG
This ticker is: JPM
This ticker is: UNH
This ticker is: MA
This ticker is: JLL
This ticker is: TRGP
This ticker is: FTI
This ticker is: OKE
This ticker is: SON
This ticker is: DVN
this is adj rsquare: -0.8265124218829394
date now is: 2015-04-30
This ticker is: AAPL
This ticker is: MSFT
This ticker is: AMZN
This ticker is: GOOGL
This ticker is: JNJ
This ticker is: V
This ticker is: PG
This ticker is: JPM
This ticker is: UNH
This ticker is: MA
This ticker is: JLL
This ticker is: TRGP
This ticker is: FTI
This ticker is: OKE
This ticker is: SON
This ticker is: DVN
this is adj rsquare: 0.3281459194931098
date now is: 2015-05-31
This ticker is: AAPL
This ticker is: MSFT
This ticker is: AMZN
This ticker is: GOOGL
This ticker is: JNJ
This ticker is: V
This ticker is: PG
This ticker is: JPM
This ticker is: UNH
This ticker is: MA
This ticker is: JLL
This ticker is: TRGP
This ticker is: FTI
This ticker is: OKE
This ticker is: SON
This ticker is: DVN
this is adj rsquare: -0.5682872793782909
date now is: 2015-06-30
This ticker is: AAPL
This ticker is: MSFT
This ticker is: AMZN
This ticker is: GOOGL
This ticker is: JNJ
This ticker is: V
This ticker is: PG
This ticker is: JPM
This ticker is: UNH
This ticker is: MA
This ticker is: JLL
This ticker is: TRGP
This ticker is: FTI
This ticker is: OKE
This ticker is: SON
This ticker is: DVN
this is adj rsquare: -0.970795480636121
date now is: 2015-07-31
This ticker is: AAPL
This ticker is: MSFT
This ticker is: AMZN
This ticker is: GOOGL
This ticker is: JNJ
This ticker is: V
This ticker is: PG
This ticker is: JPM
This ticker is: UNH
This ticker is: MA
This ticker is: JLL
This ticker is: TRGP
This ticker is: FTI
This ticker is: OKE
This ticker is: SON
This ticker is: DVN
this is adj rsquare: 0.7679410751364513
date now is: 2015-08-31
This ticker is: AAPL
This ticker is: MSFT
This ticker is: AMZN
This ticker is: GOOGL
This ticker is: JNJ
This ticker is: V
This ticker is: PG
This ticker is: JPM
This ticker is: UNH
This ticker is: MA
This ticker is: JLL
This ticker is: TRGP
This ticker is: FTI
This ticker is: OKE
This ticker is: SON
This ticker is: DVN
this is adj rsquare: 0.9318993192912224
date now is: 2015-09-30
This ticker is: AAPL
This ticker is: MSFT
This ticker is: AMZN
This ticker is: GOOGL
This ticker is: JNJ
This ticker is: V
This ticker is: PG
This ticker is: JPM
This ticker is: UNH
This ticker is: MA
This ticker is: JLL
This ticker is: TRGP
This ticker is: FTI
This ticker is: OKE
This ticker is: SON
This ticker is: DVN
this is adj rsquare: -0.7404556135712217
date now is: 2015-10-31
This ticker is: AAPL
This ticker is: MSFT
This ticker is: AMZN
This ticker is: GOOGL
This ticker is: JNJ
This ticker is: V
This ticker is: PG
This ticker is: JPM
This ticker is: UNH
This ticker is: MA
This ticker is: JLL
This ticker is: TRGP
This ticker is: FTI
This ticker is: OKE
This ticker is: SON
This ticker is: DVN
this is adj rsquare: 0.7396858913682225
date now is: 2015-11-30
This ticker is: AAPL
This ticker is: MSFT
This ticker is: AMZN
This ticker is: GOOGL
This ticker is: JNJ
This ticker is: V
This ticker is: PG
This ticker is: JPM
This ticker is: UNH
This ticker is: MA
This ticker is: JLL
This ticker is: TRGP
This ticker is: FTI
This ticker is: OKE
This ticker is: SON
This ticker is: DVN
this is adj rsquare: 0.7706570737461753
T-values: {'Constant': -3.172046449134056, 'Price/Earnings': 3.243186381981775, 'Price/Book Value': -2.6438105240959797, 'Return on Assets': -1.0697007371436504, 'Return on Equity ': -1.4112103390745425, 'Free Cash Flow per Share': -3.4472264806658885, 'Price/Cash Flow': -1.2607248684747014, 'Dividend Yield (%)': -1.4289116195707312, 'Enterprise Value/EBIT': -3.5428257212438243, 'Enterprise Value/EBITDA': -3.8968534161248116, 'Dividend Payout Ratio (%)': 0.03881903853372851, '0': -3.7628007754338095}
P-values: {'Constant': 0.008886162054556708, 'Price/Earnings': 0.007829483491826028, 'Price/Book Value': 0.022837332664681124, 'Return on Assets': 0.3076651419699649, 'Return on Equity ': 0.18583511850875284, 'Free Cash Flow per Share': 0.005454673263746215, 'Price/Cash Flow': 0.2334929980272694, 'Dividend Yield (%)': 0.18080625192197658, 'Enterprise Value/EBIT': 0.004609778886851765, 'Enterprise Value/EBITDA': 0.002490027731313808, 'Dividend Payout Ratio (%)': 0.9697302385344233, '0': 0.0031393634386857397}
{'Constant': -205536486251.4514, 'Price/Earnings': 53598740942.781654, 'Price/Book Value': -201584010258.79956, 'Return on Assets': -98209301476.2619, 'Return on Equity ': -137213508689.01752, 'Free Cash Flow per Share': -234221957841.9447, 'Price/Cash Flow': -206741099360.2355, 'Dividend Yield (%)': -83260429026.08685, 'Enterprise Value/EBIT': -557274452650.6791, 'Enterprise Value/EBITDA': -90515306716.96935, 'Dividend Payout Ratio (%)': 16031576645.287863, '0': -0.0332827982364024}
this is the average adj r-square: 0.052411573067173554
