Namespace(end_date='2015-12-31', feature_names='Price/Earnings,Price/Book Value,Return on Assets,Return on Equity ,Free Cash Flow per Share,Price/Cash Flow,Dividend Yield (%),Enterprise Value/EBIT,Enterprise Value/EBITDA,Dividend Payout Ratio (%)', new_feature='1', path_to_file='./', start_date='2015-01-31', y='Return')
this is Beta adj rsquare of AAPL and the value is -0.2707729144584774:
this is Beta adj rsquare of PG and the value is 0.16893313670049281:
this is Beta adj rsquare of VZ and the value is -0.1273086060547528:
this is Beta adj rsquare of AMAT and the value is 0.12736790808749276:
this is Beta adj rsquare of MSFT and the value is -0.11240465592733151:
this is Beta adj rsquare of JNJ and the value is 0.07890638448656895:
this is Beta adj rsquare of V and the value is -0.28175277709950763:
this is Beta adj rsquare of PG and the value is 0.16893313670049281:
this is Beta adj rsquare of MA and the value is 0.023577577685801376:
this is Beta adj rsquare of TRGP and the value is -0.17028212002015852:
this is Beta adj rsquare of OKE and the value is 0.04370639043915481:
this is Beta adj rsquare of SON and the value is 0.0316990904747233:
this is Beta adj rsquare of DVN and the value is -1.5213606230186718:
this is Beta adj rsquare of HD and the value is -0.014910960560976294:
this is Beta adj rsquare of INTC and the value is -0.11054408038716601:
['AAPL', 'PG', 'VZ', 'AMAT', 'MSFT', 'JNJ', 'V', 'PG', 'MA', 'TRGP', 'OKE', 'SON', 'DVN', 'HD', 'INTC']
['2014-12-31', '2015-01-31', '2015-02-28', '2015-03-31', '2015-04-30', '2015-05-31', '2015-06-30', '2015-07-31', '2015-08-31', '2015-09-30', '2015-10-31', '2015-11-30', '2015-12-31']
date now is: 2014-12-31
this is adj rsquare: 0.945327089759775
date now is: 2015-01-31
this is adj rsquare: 0.727165461548553
date now is: 2015-02-28
this is adj rsquare: 0.40584092357694423
date now is: 2015-03-31
this is adj rsquare: 0.5642952093901754
date now is: 2015-04-30
this is adj rsquare: 0.8029719748044224
date now is: 2015-05-31
this is adj rsquare: 0.7220738285397239
date now is: 2015-06-30
this is adj rsquare: -1.7518262212563216
date now is: 2015-07-31
this is adj rsquare: 0.984086759288596
date now is: 2015-08-31
this is adj rsquare: 0.9389218967832726
date now is: 2015-09-30
this is adj rsquare: 0.4564693705659706
date now is: 2015-10-31
this is adj rsquare: 0.9079682352527638
date now is: 2015-11-30
this is adj rsquare: 0.9046146668864945
T-values: {'Constant': 1.4701347801140356, 'Price/Earnings': -2.2585589703717512, 'Price/Book Value': -3.3417077690540435, 'Return on Assets': -2.0386269841828923, 'Return on Equity ': 3.2901557479673174, 'Free Cash Flow per Share': 1.3964516533929359, 'Price/Cash Flow': 1.7988776637185822, 'Dividend Yield (%)': 2.9469305700889143, 'Enterprise Value/EBIT': -2.635161723845801, 'Enterprise Value/EBITDA': 1.5111714096221713, 'Dividend Payout Ratio (%)': 2.4067449534563226, '1': -4.552660281085297}
P-values: {'Constant': 0.16954035920054764, 'Price/Earnings': 0.04520621234997863, 'Price/Book Value': 0.006573444413773821, 'Return on Assets': 0.06626043964304551, 'Return on Equity ': 0.00720273434312876, 'Free Cash Flow per Share': 0.1901176669364434, 'Price/Cash Flow': 0.09950204700488226, 'Dividend Yield (%)': 0.013282100362635413, 'Enterprise Value/EBIT': 0.023192605629063803, 'Enterprise Value/EBITDA': 0.15892691627364405, 'Dividend Payout Ratio (%)': 0.03481448629295932, '1': 0.0008265237576663882}
{'Constant': 464402516920.0151, 'Price/Earnings': -501297208225.4052, 'Price/Book Value': -228628156121.7816, 'Return on Assets': -400986546256.6584, 'Return on Equity ': 357444761783.8045, 'Free Cash Flow per Share': 791587498802.5807, 'Price/Cash Flow': 34855396566.32562, 'Dividend Yield (%)': 667979504872.5155, 'Enterprise Value/EBIT': -1296334495967.9734, 'Enterprise Value/EBITDA': 304590803590.85126, 'Dividend Payout Ratio (%)': 2266692242463.9253, '1': -0.04941642546013331}
this is the average adj r-square: 0.5506590995950309
