Namespace(end_date='2015-12-31', feature_names='Price/Earnings,Price/Book Value,Return on Assets,Return on Equity ,Free Cash Flow per Share,Price/Cash Flow,Dividend Yield (%),Enterprise Value/EBIT,Enterprise Value/EBITDA,Dividend Payout Ratio (%)', new_feature='2', path_to_file='./', start_date='2015-01-31', y='Return')
this is Beta adj rsquare of AAPL and the value is -0.2707729144584774:
this is Beta adj rsquare of PG and the value is 0.1689331367004927:
this is Beta adj rsquare of VZ and the value is -0.1273086060547528:
this is Beta adj rsquare of AMAT and the value is 0.12736790808749276:
this is Beta adj rsquare of MSFT and the value is -0.11240465592733151:
this is Beta adj rsquare of JNJ and the value is 0.07890638448656895:
this is Beta adj rsquare of V and the value is -0.28175277709950763:
this is Beta adj rsquare of PG and the value is 0.1689331367004927:
this is Beta adj rsquare of MA and the value is 0.02357757768580182:
this is Beta adj rsquare of TRGP and the value is -0.17028212002015874:
this is Beta adj rsquare of OKE and the value is 0.04370639043915481:
this is Beta adj rsquare of SON and the value is 0.0316990904747233:
this is Beta adj rsquare of DVN and the value is -0.7254312489293828:
this is Beta adj rsquare of HD and the value is -0.014910960560976294:
this is Beta adj rsquare of INTC and the value is -0.11054408038716601:
['AAPL', 'PG', 'VZ', 'AMAT', 'MSFT', 'JNJ', 'V', 'PG', 'MA', 'TRGP', 'OKE', 'SON', 'DVN', 'HD', 'INTC']
['2014-12-31', '2015-01-31', '2015-02-28', '2015-03-31', '2015-04-30', '2015-05-31', '2015-06-30', '2015-07-31', '2015-08-31', '2015-09-30', '2015-10-31', '2015-11-30', '2015-12-31']
date now is: 2014-12-31
this is adj rsquare: 0.810969841537726
date now is: 2015-01-31
this is adj rsquare: -0.10085668827216043
date now is: 2015-02-28
this is adj rsquare: 0.8756494308590184
date now is: 2015-03-31
this is adj rsquare: 0.556189805338897
date now is: 2015-04-30
this is adj rsquare: 0.7219208242380193
date now is: 2015-05-31
this is adj rsquare: -0.7139314068517351
date now is: 2015-06-30
this is adj rsquare: -1.0611160344519797
date now is: 2015-07-31
this is adj rsquare: 0.6382845736480107
date now is: 2015-08-31
this is adj rsquare: 0.8068200970342081
date now is: 2015-09-30
this is adj rsquare: 0.8174146507335018
date now is: 2015-10-31
this is adj rsquare: 0.5914978799687645
date now is: 2015-11-30
this is adj rsquare: 0.8333200955847933
T-values: {'Constant': -0.5981516238097794, 'Price/Earnings': -3.366589507490627, 'Price/Book Value': -2.9898070353820763, 'Return on Assets': -3.7630060661937588, 'Return on Equity ': 3.3185846296321393, 'Free Cash Flow per Share': -2.3369991933178023, 'Price/Cash Flow': -2.1639030321373007, 'Dividend Yield (%)': -0.3713622033186889, 'Enterprise Value/EBIT': 0.7733684831862473, 'Enterprise Value/EBITDA': 0.2567781456252886, 'Dividend Payout Ratio (%)': -1.9596016548857418, '2': -2.7275277934668796}
P-values: {'Constant': 0.561852156418261, 'Price/Earnings': 0.0062900834661537485, 'Price/Book Value': 0.012301939982691882, 'Return on Assets': 0.0031382450244999264, 'Return on Equity ': 0.006848460686840978, 'Free Cash Flow per Share': 0.039380138056894005, 'Price/Cash Flow': 0.05334057788262623, 'Dividend Yield (%)': 0.7174212955913157, 'Enterprise Value/EBIT': 0.45560280919194873, 'Enterprise Value/EBITDA': 0.8020894391715743, 'Dividend Payout Ratio (%)': 0.07586594682373461, '2': 0.019665056509660783}
{'Constant': -76244790642.20323, 'Price/Earnings': -1762860037801.377, 'Price/Book Value': -491061476316.6037, 'Return on Assets': -555347394085.4398, 'Return on Equity ': 200078258507.32886, 'Free Cash Flow per Share': -89773225846.94017, 'Price/Cash Flow': -1435003435685.5024, 'Dividend Yield (%)': -33097501977.457172, 'Enterprise Value/EBIT': 474078657664.383, 'Enterprise Value/EBITDA': 21737479195.69493, 'Dividend Payout Ratio (%)': -134709122307.88261, '2': -0.019627281311520157}
this is the average adj r-square: 0.398013589113922
