Namespace(end_date='2015-12-31', feature_names='Price/Earnings,Price/Book Value,Return on Assets,Return on Equity ,Free Cash Flow per Share,Price/Cash Flow,Dividend Yield (%),Enterprise Value/EBIT,Enterprise Value/EBITDA,Dividend Payout Ratio (%)', new_feature='3', path_to_file='./', start_date='2015-01-31', y='Return')
AAPL
this is Beta adj rsquare of AAPL and the value is -0.2707729144584774:
MSFT
this is Beta adj rsquare of MSFT and the value is -0.11240465592733151:
AMZN
AMZN
AMZN
this is Beta adj rsquare of AMZN and the value is -0.27672209706946327:
GOOGL
GOOGL
GOOGL
this is Beta adj rsquare of GOOGL and the value is -0.12280256456702943:
JNJ
this is Beta adj rsquare of JNJ and the value is 0.07890638448656895:
V
this is Beta adj rsquare of V and the value is -0.28175277709950763:
PG
this is Beta adj rsquare of PG and the value is 0.16893313670049281:
JPM
JPM
JPM
JPM
this is Beta adj rsquare of JPM and the value is 0.4991634913054507:
UNH
UNH
UNH
UNH
this is Beta adj rsquare of UNH and the value is -0.26931344851092875:
MA
this is Beta adj rsquare of MA and the value is 0.023577577685801376:
JLL
JLL
this is Beta adj rsquare of JLL and the value is -0.12872630835467103:
TRGP
this is Beta adj rsquare of TRGP and the value is -0.17028212002015874:
FTI
FTI
FTI
this is Beta adj rsquare of FTI and the value is 0.0:
OKE
this is Beta adj rsquare of OKE and the value is 0.04370639043915492:
SON
this is Beta adj rsquare of SON and the value is 0.0316990904747233:
DVN
this is Beta adj rsquare of DVN and the value is -0.6144054903255194:
['AAPL', 'MSFT', 'AMZN', 'GOOGL', 'JNJ', 'V', 'PG', 'JPM', 'UNH', 'MA', 'JLL', 'TRGP', 'FTI', 'OKE', 'SON', 'DVN']
['2014-12-31', '2015-01-31', '2015-02-28', '2015-03-31', '2015-04-30', '2015-05-31', '2015-06-30', '2015-07-31', '2015-08-31', '2015-09-30', '2015-10-31', '2015-11-30', '2015-12-31']
date now is: 2014-12-31
This ticker is: AAPL
This ticker is: MSFT
This ticker is: AMZN
This ticker is: GOOGL
This ticker is: JNJ
This ticker is: V
This ticker is: PG
This ticker is: JPM
This ticker is: UNH
This ticker is: MA
This ticker is: JLL
This ticker is: TRGP
This ticker is: FTI
This ticker is: OKE
This ticker is: SON
This ticker is: DVN
this is adj rsquare: 0.20856302682859607
date now is: 2015-01-31
This ticker is: AAPL
This ticker is: MSFT
This ticker is: AMZN
This ticker is: GOOGL
This ticker is: JNJ
This ticker is: V
This ticker is: PG
This ticker is: JPM
This ticker is: UNH
This ticker is: MA
This ticker is: JLL
This ticker is: TRGP
This ticker is: FTI
This ticker is: OKE
This ticker is: SON
This ticker is: DVN
this is adj rsquare: 0.12007902920709501
date now is: 2015-02-28
This ticker is: AAPL
This ticker is: MSFT
This ticker is: AMZN
This ticker is: GOOGL
This ticker is: JNJ
This ticker is: V
This ticker is: PG
This ticker is: JPM
This ticker is: UNH
This ticker is: MA
This ticker is: JLL
This ticker is: TRGP
This ticker is: FTI
This ticker is: OKE
This ticker is: SON
This ticker is: DVN
this is adj rsquare: -0.23578117046618363
date now is: 2015-03-31
This ticker is: AAPL
This ticker is: MSFT
This ticker is: AMZN
This ticker is: GOOGL
This ticker is: JNJ
This ticker is: V
This ticker is: PG
This ticker is: JPM
This ticker is: UNH
This ticker is: MA
This ticker is: JLL
This ticker is: TRGP
This ticker is: FTI
This ticker is: OKE
This ticker is: SON
This ticker is: DVN
this is adj rsquare: 0.41933520309418837
date now is: 2015-04-30
This ticker is: AAPL
This ticker is: MSFT
This ticker is: AMZN
This ticker is: GOOGL
This ticker is: JNJ
This ticker is: V
This ticker is: PG
This ticker is: JPM
This ticker is: UNH
This ticker is: MA
This ticker is: JLL
This ticker is: TRGP
This ticker is: FTI
This ticker is: OKE
This ticker is: SON
This ticker is: DVN
this is adj rsquare: 0.643690491903981
date now is: 2015-05-31
This ticker is: AAPL
This ticker is: MSFT
This ticker is: AMZN
This ticker is: GOOGL
This ticker is: JNJ
This ticker is: V
This ticker is: PG
This ticker is: JPM
This ticker is: UNH
This ticker is: MA
This ticker is: JLL
This ticker is: TRGP
This ticker is: FTI
This ticker is: OKE
This ticker is: SON
This ticker is: DVN
this is adj rsquare: -1.3638651446974381
date now is: 2015-06-30
This ticker is: AAPL
This ticker is: MSFT
This ticker is: AMZN
This ticker is: GOOGL
This ticker is: JNJ
This ticker is: V
This ticker is: PG
This ticker is: JPM
This ticker is: UNH
This ticker is: MA
This ticker is: JLL
This ticker is: TRGP
This ticker is: FTI
This ticker is: OKE
This ticker is: SON
This ticker is: DVN
this is adj rsquare: -0.9062505740748934
date now is: 2015-07-31
This ticker is: AAPL
This ticker is: MSFT
This ticker is: AMZN
This ticker is: GOOGL
This ticker is: JNJ
This ticker is: V
This ticker is: PG
This ticker is: JPM
This ticker is: UNH
This ticker is: MA
This ticker is: JLL
This ticker is: TRGP
This ticker is: FTI
This ticker is: OKE
This ticker is: SON
This ticker is: DVN
this is adj rsquare: 0.9067738794638167
date now is: 2015-08-31
This ticker is: AAPL
This ticker is: MSFT
This ticker is: AMZN
This ticker is: GOOGL
This ticker is: JNJ
This ticker is: V
This ticker is: PG
This ticker is: JPM
This ticker is: UNH
This ticker is: MA
This ticker is: JLL
This ticker is: TRGP
This ticker is: FTI
This ticker is: OKE
This ticker is: SON
This ticker is: DVN
this is adj rsquare: 0.963571609722905
date now is: 2015-09-30
This ticker is: AAPL
This ticker is: MSFT
This ticker is: AMZN
This ticker is: GOOGL
This ticker is: JNJ
This ticker is: V
This ticker is: PG
This ticker is: JPM
This ticker is: UNH
This ticker is: MA
This ticker is: JLL
This ticker is: TRGP
This ticker is: FTI
This ticker is: OKE
This ticker is: SON
This ticker is: DVN
this is adj rsquare: 0.523501652639843
date now is: 2015-10-31
This ticker is: AAPL
This ticker is: MSFT
This ticker is: AMZN
This ticker is: GOOGL
This ticker is: JNJ
This ticker is: V
This ticker is: PG
This ticker is: JPM
This ticker is: UNH
This ticker is: MA
This ticker is: JLL
This ticker is: TRGP
This ticker is: FTI
This ticker is: OKE
This ticker is: SON
This ticker is: DVN
this is adj rsquare: 0.7509601135829653
date now is: 2015-11-30
This ticker is: AAPL
This ticker is: MSFT
This ticker is: AMZN
This ticker is: GOOGL
This ticker is: JNJ
This ticker is: V
This ticker is: PG
This ticker is: JPM
This ticker is: UNH
This ticker is: MA
This ticker is: JLL
This ticker is: TRGP
This ticker is: FTI
This ticker is: OKE
This ticker is: SON
This ticker is: DVN
this is adj rsquare: 0.8352557558449556
T-values: {'Constant': 0.4581814543272664, 'Price/Earnings': -0.4657582490155285, 'Price/Book Value': -3.175807914113751, 'Return on Assets': -2.9951398773821247, 'Return on Equity ': -1.2544452930785535, 'Free Cash Flow per Share': -1.2608555384292788, 'Price/Cash Flow': 0.38060655289432344, 'Dividend Yield (%)': 1.1733946834211986, 'Enterprise Value/EBIT': -2.440889052143331, 'Enterprise Value/EBITDA': -0.03421809250289761, 'Dividend Payout Ratio (%)': 1.3664617101646344, '3': 0.37882253296326474}
P-values: {'Constant': 0.6557409851295171, 'Price/Earnings': 0.6504747969625887, 'Price/Book Value': 0.008826823312589938, 'Return on Assets': 0.012185231434819026, 'Return on Equity ': 0.23568061548697933, 'Free Cash Flow per Share': 0.23344765138597703, 'Price/Cash Flow': 0.7107427167305612, 'Dividend Yield (%)': 0.2654191171066508, 'Enterprise Value/EBIT': 0.032771019678117345, 'Enterprise Value/EBITDA': 0.9733162693914377, 'Dividend Payout Ratio (%)': 0.1990752757532076, '3': 0.7120296307042293}
{'Constant': 86567769604.87071, 'Price/Earnings': -22626371384.427074, 'Price/Book Value': -159238913587.10898, 'Return on Assets': -300656814490.3744, 'Return on Equity ': -281819603524.832, 'Free Cash Flow per Share': -75525881601.87697, 'Price/Cash Flow': 85704880500.0353, 'Dividend Yield (%)': 120598141419.11354, 'Enterprise Value/EBIT': -667483154661.1968, 'Enterprise Value/EBITDA': -2092949137.6054637, 'Dividend Payout Ratio (%)': 479380271462.82306, '3': 0.005318345569863586}
this is the average adj r-square: 0.23881948942081924
