Namespace(end_date='2015-12-31', feature_names='Price/Earnings,Price/Book Value,Return on Assets,Return on Equity ,Free Cash Flow per Share,Price/Cash Flow,Dividend Yield (%),Enterprise Value/EBIT,Enterprise Value/EBITDA,Dividend Payout Ratio (%)', new_feature='4', path_to_file='./', start_date='2015-01-31', y='Return')
this is Beta adj rsquare of AAPL and the value is -0.2707729144584774:
this is Beta adj rsquare of PG and the value is 0.16893313670049281:
this is Beta adj rsquare of VZ and the value is -0.1273086060547528:
this is Beta adj rsquare of AMAT and the value is 0.127367908087493:
this is Beta adj rsquare of MSFT and the value is -0.11240465592733151:
this is Beta adj rsquare of JNJ and the value is 0.07890638448656895:
this is Beta adj rsquare of V and the value is -0.28175277709950763:
this is Beta adj rsquare of PG and the value is 0.16893313670049281:
this is Beta adj rsquare of MA and the value is 0.023577577685801376:
this is Beta adj rsquare of TRGP and the value is -0.17028212002015874:
this is Beta adj rsquare of OKE and the value is 0.04370639043915492:
this is Beta adj rsquare of SON and the value is 0.0316990904747233:
this is Beta adj rsquare of DVN and the value is -0.38081247901302095:
this is Beta adj rsquare of HD and the value is -0.014910960560976294:
this is Beta adj rsquare of INTC and the value is -0.11054408038716601:
['AAPL', 'PG', 'VZ', 'AMAT', 'MSFT', 'JNJ', 'V', 'PG', 'MA', 'TRGP', 'OKE', 'SON', 'DVN', 'HD', 'INTC']
['2014-12-31', '2015-01-31', '2015-02-28', '2015-03-31', '2015-04-30', '2015-05-31', '2015-06-30', '2015-07-31', '2015-08-31', '2015-09-30', '2015-10-31', '2015-11-30', '2015-12-31']
date now is: 2014-12-31
this is adj rsquare: 0.8688759715496341
date now is: 2015-01-31
this is adj rsquare: 0.2942883791250739
date now is: 2015-02-28
this is adj rsquare: 0.530655351994632
date now is: 2015-03-31
this is adj rsquare: 0.7077231665455073
date now is: 2015-04-30
this is adj rsquare: 0.6833522521309483
date now is: 2015-05-31
this is adj rsquare: -0.1434729101704133
date now is: 2015-06-30
this is adj rsquare: 0.32639143245935287
date now is: 2015-07-31
this is adj rsquare: 0.7318713390408367
date now is: 2015-08-31
this is adj rsquare: 0.8490407771421244
date now is: 2015-09-30
this is adj rsquare: 0.7677816781829034
date now is: 2015-10-31
this is adj rsquare: 0.7623002452490963
date now is: 2015-11-30
this is adj rsquare: 0.8288441916962559
T-values: {'Constant': -3.737978639282353, 'Price/Earnings': -2.976187276282995, 'Price/Book Value': -3.224305414642156, 'Return on Assets': -3.3753184222461834, 'Return on Equity ': 2.851809272576301, 'Free Cash Flow per Share': -2.6699670415210295, 'Price/Cash Flow': -2.6193151689723635, 'Dividend Yield (%)': -0.30088459651957866, 'Enterprise Value/EBIT': 1.1664232854743675, 'Enterprise Value/EBITDA': -2.9988050215483533, 'Dividend Payout Ratio (%)': -2.2286778855319174, '4': -0.5061530554424694}
P-values: {'Constant': 0.0032776770217016154, 'Price/Earnings': 0.012605138587927793, 'Price/Book Value': 0.008096819144662794, 'Return on Assets': 0.006193659459316864, 'Return on Equity ': 0.01574568238356425, 'Free Cash Flow per Share': 0.021795290094717076, 'Price/Cash Flow': 0.023857760327629134, 'Dividend Yield (%)': 0.7691134070937494, 'Enterprise Value/EBIT': 0.26810952449165115, 'Enterprise Value/EBITDA': 0.012105667221088518, 'Dividend Payout Ratio (%)': 0.04763648000728451, '4': 0.6227392495689271}
{'Constant': -770019001047.3656, 'Price/Earnings': -438379568926.7895, 'Price/Book Value': -857564379102.5093, 'Return on Assets': -264097130954.01282, 'Return on Equity ': 746880616068.4686, 'Free Cash Flow per Share': -238821603382.3375, 'Price/Cash Flow': -2726351677759.638, 'Dividend Yield (%)': -49204178165.86428, 'Enterprise Value/EBIT': 932317208551.9733, 'Enterprise Value/EBITDA': -273463099364.7256, 'Dividend Payout Ratio (%)': -861532648320.4482, '4': -0.0025639133870719944}
this is the average adj r-square: 0.600637656245496
