Namespace(end_date='2015-12-31', feature_names='Price/Earnings,Price/Book Value,Return on Assets,Return on Equity ,Free Cash Flow per Share,Price/Cash Flow,Dividend Yield (%),Enterprise Value/EBIT,Enterprise Value/EBITDA,Dividend Payout Ratio (%)', new_feature='5', path_to_file='./', start_date='2015-01-31', y='Return')
AAPL
this is Beta adj rsquare of AAPL and the value is -0.2707729144584774:
MSFT
this is Beta adj rsquare of MSFT and the value is -0.11240465592733151:
AMZN
AMZN
AMZN
this is Beta adj rsquare of AMZN and the value is -0.2767220970694637:
GOOGL
GOOGL
GOOGL
this is Beta adj rsquare of GOOGL and the value is -0.12280256456702965:
JNJ
this is Beta adj rsquare of JNJ and the value is 0.07890638448656861:
V
this is Beta adj rsquare of V and the value is -0.28175277709950763:
PG
this is Beta adj rsquare of PG and the value is 0.16893313670049281:
JPM
JPM
JPM
JPM
this is Beta adj rsquare of JPM and the value is 0.5694939234123126:
UNH
UNH
UNH
UNH
this is Beta adj rsquare of UNH and the value is -0.26931344851092875:
MA
this is Beta adj rsquare of MA and the value is 0.0235775776858016:
JLL
JLL
this is Beta adj rsquare of JLL and the value is -0.12872630835467103:
TRGP
this is Beta adj rsquare of TRGP and the value is -0.17028212002015874:
FTI
FTI
FTI
this is Beta adj rsquare of FTI and the value is 0.0:
OKE
this is Beta adj rsquare of OKE and the value is 0.04370639043915481:
SON
this is Beta adj rsquare of SON and the value is 0.0316990904747233:
DVN
this is Beta adj rsquare of DVN and the value is -1.4564717968420333:
['AAPL', 'MSFT', 'AMZN', 'GOOGL', 'JNJ', 'V', 'PG', 'JPM', 'UNH', 'MA', 'JLL', 'TRGP', 'FTI', 'OKE', 'SON', 'DVN']
['2014-12-31', '2015-01-31', '2015-02-28', '2015-03-31', '2015-04-30', '2015-05-31', '2015-06-30', '2015-07-31', '2015-08-31', '2015-09-30', '2015-10-31', '2015-11-30', '2015-12-31']
date now is: 2014-12-31
This ticker is: AAPL
This ticker is: MSFT
This ticker is: AMZN
This ticker is: GOOGL
This ticker is: JNJ
This ticker is: V
This ticker is: PG
This ticker is: JPM
This ticker is: UNH
This ticker is: MA
This ticker is: JLL
This ticker is: TRGP
This ticker is: FTI
This ticker is: OKE
This ticker is: SON
This ticker is: DVN
this is adj rsquare: 0.7626169611175708
date now is: 2015-01-31
This ticker is: AAPL
This ticker is: MSFT
This ticker is: AMZN
This ticker is: GOOGL
This ticker is: JNJ
This ticker is: V
This ticker is: PG
This ticker is: JPM
This ticker is: UNH
This ticker is: MA
This ticker is: JLL
This ticker is: TRGP
This ticker is: FTI
This ticker is: OKE
This ticker is: SON
This ticker is: DVN
this is adj rsquare: 0.44447823126952457
date now is: 2015-02-28
This ticker is: AAPL
This ticker is: MSFT
This ticker is: AMZN
This ticker is: GOOGL
This ticker is: JNJ
This ticker is: V
This ticker is: PG
This ticker is: JPM
This ticker is: UNH
This ticker is: MA
This ticker is: JLL
This ticker is: TRGP
This ticker is: FTI
This ticker is: OKE
This ticker is: SON
This ticker is: DVN
this is adj rsquare: -0.38767373837678054
date now is: 2015-03-31
This ticker is: AAPL
This ticker is: MSFT
This ticker is: AMZN
This ticker is: GOOGL
This ticker is: JNJ
This ticker is: V
This ticker is: PG
This ticker is: JPM
This ticker is: UNH
This ticker is: MA
This ticker is: JLL
This ticker is: TRGP
This ticker is: FTI
This ticker is: OKE
This ticker is: SON
This ticker is: DVN
this is adj rsquare: -0.29747638230623874
date now is: 2015-04-30
This ticker is: AAPL
This ticker is: MSFT
This ticker is: AMZN
This ticker is: GOOGL
This ticker is: JNJ
This ticker is: V
This ticker is: PG
This ticker is: JPM
This ticker is: UNH
This ticker is: MA
This ticker is: JLL
This ticker is: TRGP
This ticker is: FTI
This ticker is: OKE
This ticker is: SON
This ticker is: DVN
this is adj rsquare: 0.6769411271951666
date now is: 2015-05-31
This ticker is: AAPL
This ticker is: MSFT
This ticker is: AMZN
This ticker is: GOOGL
This ticker is: JNJ
This ticker is: V
This ticker is: PG
This ticker is: JPM
This ticker is: UNH
This ticker is: MA
This ticker is: JLL
This ticker is: TRGP
This ticker is: FTI
This ticker is: OKE
This ticker is: SON
This ticker is: DVN
this is adj rsquare: -0.17155553869828477
date now is: 2015-06-30
This ticker is: AAPL
This ticker is: MSFT
This ticker is: AMZN
This ticker is: GOOGL
This ticker is: JNJ
This ticker is: V
This ticker is: PG
This ticker is: JPM
This ticker is: UNH
This ticker is: MA
This ticker is: JLL
This ticker is: TRGP
This ticker is: FTI
This ticker is: OKE
This ticker is: SON
This ticker is: DVN
this is adj rsquare: -0.10942188255163998
date now is: 2015-07-31
This ticker is: AAPL
This ticker is: MSFT
This ticker is: AMZN
This ticker is: GOOGL
This ticker is: JNJ
This ticker is: V
This ticker is: PG
This ticker is: JPM
This ticker is: UNH
This ticker is: MA
This ticker is: JLL
This ticker is: TRGP
This ticker is: FTI
This ticker is: OKE
This ticker is: SON
This ticker is: DVN
this is adj rsquare: 0.7888298167147778
date now is: 2015-08-31
This ticker is: AAPL
This ticker is: MSFT
This ticker is: AMZN
This ticker is: GOOGL
This ticker is: JNJ
This ticker is: V
This ticker is: PG
This ticker is: JPM
This ticker is: UNH
This ticker is: MA
This ticker is: JLL
This ticker is: TRGP
This ticker is: FTI
This ticker is: OKE
This ticker is: SON
This ticker is: DVN
this is adj rsquare: 0.9505345475871527
date now is: 2015-09-30
This ticker is: AAPL
This ticker is: MSFT
This ticker is: AMZN
This ticker is: GOOGL
This ticker is: JNJ
This ticker is: V
This ticker is: PG
This ticker is: JPM
This ticker is: UNH
This ticker is: MA
This ticker is: JLL
This ticker is: TRGP
This ticker is: FTI
This ticker is: OKE
This ticker is: SON
This ticker is: DVN
this is adj rsquare: -1.0384901084229088
date now is: 2015-10-31
This ticker is: AAPL
This ticker is: MSFT
This ticker is: AMZN
This ticker is: GOOGL
This ticker is: JNJ
This ticker is: V
This ticker is: PG
This ticker is: JPM
This ticker is: UNH
This ticker is: MA
This ticker is: JLL
This ticker is: TRGP
This ticker is: FTI
This ticker is: OKE
This ticker is: SON
This ticker is: DVN
this is adj rsquare: 0.8090939953416707
date now is: 2015-11-30
This ticker is: AAPL
This ticker is: MSFT
This ticker is: AMZN
This ticker is: GOOGL
This ticker is: JNJ
This ticker is: V
This ticker is: PG
This ticker is: JPM
This ticker is: UNH
This ticker is: MA
This ticker is: JLL
This ticker is: TRGP
This ticker is: FTI
This ticker is: OKE
This ticker is: SON
This ticker is: DVN
this is adj rsquare: 0.9104606256790864
T-values: {'Constant': -4.11464419918629, 'Price/Earnings': 3.9802903347779277, 'Price/Book Value': -2.8275370149641943, 'Return on Assets': 1.5855870121392825, 'Return on Equity ': -3.1277369573802707, 'Free Cash Flow per Share': -2.086598447188205, 'Price/Cash Flow': -0.3735176097248212, 'Dividend Yield (%)': 1.813119998008952, 'Enterprise Value/EBIT': -4.414532493347319, 'Enterprise Value/EBITDA': -4.423467827313108, 'Dividend Payout Ratio (%)': 0.3965120017011144, '5': -3.029025335543909}
P-values: {'Constant': 0.0017162125436510586, 'Price/Earnings': 0.0021577369083592927, 'Price/Book Value': 0.016444450987154965, 'Return on Assets': 0.14114002647710175, 'Return on Equity ': 0.009616383350726199, 'Free Cash Flow per Share': 0.06099843116721552, 'Price/Cash Flow': 0.7158618914903456, 'Dividend Yield (%)': 0.09716314531538746, 'Enterprise Value/EBIT': 0.001037876944201183, 'Enterprise Value/EBITDA': 0.0010226223082701583, 'Dividend Payout Ratio (%)': 0.6993112115908586, '5': 0.01146926665019282}
{'Constant': -394913540579.4387, 'Price/Earnings': 95883696620.14119, 'Price/Book Value': -450946652167.7015, 'Return on Assets': 87401981356.87575, 'Return on Equity ': -284459301810.1023, 'Free Cash Flow per Share': -59784682553.112434, 'Price/Cash Flow': -104514125598.76404, 'Dividend Yield (%)': 189641535101.04355, 'Enterprise Value/EBIT': -1438557958586.119, 'Enterprise Value/EBITDA': -174946012946.56168, 'Dividend Payout Ratio (%)': 42620040825.87626, '5': -0.033713962332554005}
this is the average adj r-square: 0.27819480454575807
