Namespace(end_date='2015-12-31', feature_names='Price/Earnings,Price/Book Value,Return on Assets,Return on Equity ,Free Cash Flow per Share,Price/Cash Flow,Dividend Yield (%),Enterprise Value/EBIT,Enterprise Value/EBITDA,Dividend Payout Ratio (%)', new_feature='6', path_to_file='./', start_date='2015-01-31', y='Return')
AAPL
this is Beta adj rsquare of AAPL and the value is -0.2707729144584774:
MSFT
this is Beta adj rsquare of MSFT and the value is -0.11240465592733173:
AMZN
AMZN
AMZN
this is Beta adj rsquare of AMZN and the value is -0.2767220970694637:
GOOGL
GOOGL
GOOGL
this is Beta adj rsquare of GOOGL and the value is -0.12280256456702943:
JNJ
this is Beta adj rsquare of JNJ and the value is 0.07890638448656917:
V
this is Beta adj rsquare of V and the value is -0.28175277709950763:
PG
this is Beta adj rsquare of PG and the value is 0.16893313670049281:
JPM
JPM
JPM
JPM
this is Beta adj rsquare of JPM and the value is 0.4990931126053276:
UNH
UNH
UNH
UNH
this is Beta adj rsquare of UNH and the value is -0.26931344851092875:
MA
this is Beta adj rsquare of MA and the value is 0.023577577685801376:
JLL
JLL
this is Beta adj rsquare of JLL and the value is -0.12872630835467103:
TRGP
this is Beta adj rsquare of TRGP and the value is -0.17028212002015874:
FTI
FTI
FTI
this is Beta adj rsquare of FTI and the value is 0.0:
OKE
this is Beta adj rsquare of OKE and the value is 0.04370639043915481:
SON
this is Beta adj rsquare of SON and the value is 0.0316990904747233:
DVN
this is Beta adj rsquare of DVN and the value is -0.6997823371657312:
['AAPL', 'MSFT', 'AMZN', 'GOOGL', 'JNJ', 'V', 'PG', 'JPM', 'UNH', 'MA', 'JLL', 'TRGP', 'FTI', 'OKE', 'SON', 'DVN']
['2014-12-31', '2015-01-31', '2015-02-28', '2015-03-31', '2015-04-30', '2015-05-31', '2015-06-30', '2015-07-31', '2015-08-31', '2015-09-30', '2015-10-31', '2015-11-30', '2015-12-31']
date now is: 2014-12-31
This ticker is: AAPL
This ticker is: MSFT
This ticker is: AMZN
This ticker is: GOOGL
This ticker is: JNJ
This ticker is: V
This ticker is: PG
This ticker is: JPM
This ticker is: UNH
This ticker is: MA
This ticker is: JLL
This ticker is: TRGP
This ticker is: FTI
This ticker is: OKE
This ticker is: SON
This ticker is: DVN
this is adj rsquare: 0.4986232979992762
date now is: 2015-01-31
This ticker is: AAPL
This ticker is: MSFT
This ticker is: AMZN
This ticker is: GOOGL
This ticker is: JNJ
This ticker is: V
This ticker is: PG
This ticker is: JPM
This ticker is: UNH
This ticker is: MA
This ticker is: JLL
This ticker is: TRGP
This ticker is: FTI
This ticker is: OKE
This ticker is: SON
This ticker is: DVN
this is adj rsquare: 0.06596336886534715
date now is: 2015-02-28
This ticker is: AAPL
This ticker is: MSFT
This ticker is: AMZN
This ticker is: GOOGL
This ticker is: JNJ
This ticker is: V
This ticker is: PG
This ticker is: JPM
This ticker is: UNH
This ticker is: MA
This ticker is: JLL
This ticker is: TRGP
This ticker is: FTI
This ticker is: OKE
This ticker is: SON
This ticker is: DVN
this is adj rsquare: -0.4945922857679834
date now is: 2015-03-31
This ticker is: AAPL
This ticker is: MSFT
This ticker is: AMZN
This ticker is: GOOGL
This ticker is: JNJ
This ticker is: V
This ticker is: PG
This ticker is: JPM
This ticker is: UNH
This ticker is: MA
This ticker is: JLL
This ticker is: TRGP
This ticker is: FTI
This ticker is: OKE
This ticker is: SON
This ticker is: DVN
this is adj rsquare: -0.18396423097635628
date now is: 2015-04-30
This ticker is: AAPL
This ticker is: MSFT
This ticker is: AMZN
This ticker is: GOOGL
This ticker is: JNJ
This ticker is: V
This ticker is: PG
This ticker is: JPM
This ticker is: UNH
This ticker is: MA
This ticker is: JLL
This ticker is: TRGP
This ticker is: FTI
This ticker is: OKE
This ticker is: SON
This ticker is: DVN
this is adj rsquare: 0.39561366965599376
date now is: 2015-05-31
This ticker is: AAPL
This ticker is: MSFT
This ticker is: AMZN
This ticker is: GOOGL
This ticker is: JNJ
This ticker is: V
This ticker is: PG
This ticker is: JPM
This ticker is: UNH
This ticker is: MA
This ticker is: JLL
This ticker is: TRGP
This ticker is: FTI
This ticker is: OKE
This ticker is: SON
This ticker is: DVN
this is adj rsquare: -0.3260262603474384
date now is: 2015-06-30
This ticker is: AAPL
This ticker is: MSFT
This ticker is: AMZN
This ticker is: GOOGL
This ticker is: JNJ
This ticker is: V
This ticker is: PG
This ticker is: JPM
This ticker is: UNH
This ticker is: MA
This ticker is: JLL
This ticker is: TRGP
This ticker is: FTI
This ticker is: OKE
This ticker is: SON
This ticker is: DVN
this is adj rsquare: -1.7217518486218668
date now is: 2015-07-31
This ticker is: AAPL
This ticker is: MSFT
This ticker is: AMZN
This ticker is: GOOGL
This ticker is: JNJ
This ticker is: V
This ticker is: PG
This ticker is: JPM
This ticker is: UNH
This ticker is: MA
This ticker is: JLL
This ticker is: TRGP
This ticker is: FTI
This ticker is: OKE
This ticker is: SON
This ticker is: DVN
this is adj rsquare: 0.8190419847502683
date now is: 2015-08-31
This ticker is: AAPL
This ticker is: MSFT
This ticker is: AMZN
This ticker is: GOOGL
This ticker is: JNJ
This ticker is: V
This ticker is: PG
This ticker is: JPM
This ticker is: UNH
This ticker is: MA
This ticker is: JLL
This ticker is: TRGP
This ticker is: FTI
This ticker is: OKE
This ticker is: SON
This ticker is: DVN
this is adj rsquare: 0.9743451179779865
date now is: 2015-09-30
This ticker is: AAPL
This ticker is: MSFT
This ticker is: AMZN
This ticker is: GOOGL
This ticker is: JNJ
This ticker is: V
This ticker is: PG
This ticker is: JPM
This ticker is: UNH
This ticker is: MA
This ticker is: JLL
This ticker is: TRGP
This ticker is: FTI
This ticker is: OKE
This ticker is: SON
This ticker is: DVN
this is adj rsquare: -0.7328364263107732
date now is: 2015-10-31
This ticker is: AAPL
This ticker is: MSFT
This ticker is: AMZN
This ticker is: GOOGL
This ticker is: JNJ
This ticker is: V
This ticker is: PG
This ticker is: JPM
This ticker is: UNH
This ticker is: MA
This ticker is: JLL
This ticker is: TRGP
This ticker is: FTI
This ticker is: OKE
This ticker is: SON
This ticker is: DVN
this is adj rsquare: 0.6751727264279768
date now is: 2015-11-30
This ticker is: AAPL
This ticker is: MSFT
This ticker is: AMZN
This ticker is: GOOGL
This ticker is: JNJ
This ticker is: V
This ticker is: PG
This ticker is: JPM
This ticker is: UNH
This ticker is: MA
This ticker is: JLL
This ticker is: TRGP
This ticker is: FTI
This ticker is: OKE
This ticker is: SON
This ticker is: DVN
this is adj rsquare: 0.8461823922739131
T-values: {'Constant': -0.5655344001236241, 'Price/Earnings': 0.3386696891217704, 'Price/Book Value': -3.3528546393514844, 'Return on Assets': -3.6370624239573637, 'Return on Equity ': -1.957059106124007, 'Free Cash Flow per Share': -0.8284794833411055, 'Price/Cash Flow': 1.4638909261785273, 'Dividend Yield (%)': 1.2829393750165006, 'Enterprise Value/EBIT': -3.9420441199452325, 'Enterprise Value/EBITDA': -0.7376224869428193, 'Dividend Payout Ratio (%)': 1.5200979739113034, '6': 0.36397767981391593}
P-values: {'Constant': 0.5830617001358536, 'Price/Earnings': 0.7412350152393177, 'Price/Book Value': 0.006444922226579406, 'Return on Assets': 0.003908093515268155, 'Return on Equity ': 0.0761955363296436, 'Free Cash Flow per Share': 0.4250102617486464, 'Price/Cash Flow': 0.17120728768172927, 'Dividend Yield (%)': 0.2258856885126404, 'Enterprise Value/EBIT': 0.002303934355897299, 'Enterprise Value/EBITDA': 0.476184685096404, 'Dividend Payout Ratio (%)': 0.1566955319732612, '6': 0.7227740482201981}
{'Constant': -56205677379.606026, 'Price/Earnings': 8288307144.54158, 'Price/Book Value': -432682165295.3215, 'Return on Assets': -222774536324.1121, 'Return on Equity ': -113979200577.58452, 'Free Cash Flow per Share': -48422373349.56738, 'Price/Cash Flow': 296329909157.73395, 'Dividend Yield (%)': 186661546684.55917, 'Enterprise Value/EBIT': -793129290098.1439, 'Enterprise Value/EBITDA': -25376996727.876354, 'Dividend Payout Ratio (%)': 396054047003.23016, '6': 0.0017722498586153956}
this is the average adj r-square: 0.0679809588271953
