Namespace(end_date='2015-12-31', feature_names='Price/Earnings,Price/Book Value,Return on Assets,Return on Equity ,Free Cash Flow per Share,Price/Cash Flow,Dividend Yield (%),Enterprise Value/EBIT,Enterprise Value/EBITDA,Dividend Payout Ratio (%)', new_feature='7', path_to_file='./', start_date='2015-01-31', y='Return')
this is Beta adj rsquare of AAPL and the value is -0.2707729144584774:
this is Beta adj rsquare of PG and the value is 0.16893313670049281:
this is Beta adj rsquare of VZ and the value is -0.1273086060547528:
this is Beta adj rsquare of AMAT and the value is 0.12736790808749276:
this is Beta adj rsquare of MSFT and the value is -0.11240465592733151:
this is Beta adj rsquare of JNJ and the value is 0.07890638448656895:
this is Beta adj rsquare of V and the value is -0.28175277709950763:
this is Beta adj rsquare of PG and the value is 0.16893313670049281:
this is Beta adj rsquare of MA and the value is 0.023577577685801376:
this is Beta adj rsquare of TRGP and the value is -0.17028212002015852:
this is Beta adj rsquare of OKE and the value is 0.04370639043915481:
this is Beta adj rsquare of SON and the value is 0.0316990904747233:
this is Beta adj rsquare of DVN and the value is -0.7903356508717236:
this is Beta adj rsquare of HD and the value is -0.014910960560976294:
this is Beta adj rsquare of INTC and the value is -0.11054408038716601:
['AAPL', 'PG', 'VZ', 'AMAT', 'MSFT', 'JNJ', 'V', 'PG', 'MA', 'TRGP', 'OKE', 'SON', 'DVN', 'HD', 'INTC']
['2014-12-31', '2015-01-31', '2015-02-28', '2015-03-31', '2015-04-30', '2015-05-31', '2015-06-30', '2015-07-31', '2015-08-31', '2015-09-30', '2015-10-31', '2015-11-30', '2015-12-31']
date now is: 2014-12-31
this is adj rsquare: 0.6636911608230367
date now is: 2015-01-31
this is adj rsquare: 0.35757207508537214
date now is: 2015-02-28
this is adj rsquare: 0.16290505522640042
date now is: 2015-03-31
this is adj rsquare: 0.7301467017390344
date now is: 2015-04-30
this is adj rsquare: 0.1981626774117271
date now is: 2015-05-31
this is adj rsquare: -0.6371518804778287
date now is: 2015-06-30
this is adj rsquare: -1.336515021687327
date now is: 2015-07-31
this is adj rsquare: 0.5946900108982569
date now is: 2015-08-31
this is adj rsquare: 0.5040395296301072
date now is: 2015-09-30
this is adj rsquare: 0.3179632872769089
date now is: 2015-10-31
this is adj rsquare: 0.04252126089585673
date now is: 2015-11-30
this is adj rsquare: 0.589925905431667
T-values: {'Constant': 1.1721792300174765, 'Price/Earnings': -0.5776607578484322, 'Price/Book Value': -0.7992249229682987, 'Return on Assets': -1.4491608837659724, 'Return on Equity ': -1.0022241851618812, 'Free Cash Flow per Share': 2.7608050944778957, 'Price/Cash Flow': 3.149703509853711, 'Dividend Yield (%)': -1.1882285243036428, 'Enterprise Value/EBIT': -2.2171565786058287, 'Enterprise Value/EBITDA': -0.2927127058316623, 'Dividend Payout Ratio (%)': 2.551199130546808, '7': 2.0739520769215924}
P-values: {'Constant': 0.2658866541291043, 'Price/Earnings': 0.5751267876499224, 'Price/Book Value': 0.44107641791496055, 'Return on Assets': 0.17519527110779667, 'Return on Equity ': 0.33777258619057504, 'Free Cash Flow per Share': 0.0185291763071222, 'Price/Cash Flow': 0.009247067862399299, 'Dividend Yield (%)': 0.2597650658221011, 'Enterprise Value/EBIT': 0.04860653132140236, 'Enterprise Value/EBITDA': 0.7751894435505049, 'Dividend Payout Ratio (%)': 0.026937512311836477, '7': 0.062346078522036136}
{'Constant': 164986754367.2131, 'Price/Earnings': -83211949981.45703, 'Price/Book Value': -34839107875.21554, 'Return on Assets': -326265610772.4845, 'Return on Equity ': -301678234298.4785, 'Free Cash Flow per Share': 488883116936.93365, 'Price/Cash Flow': 962685421646.204, 'Dividend Yield (%)': -291350057441.97284, 'Enterprise Value/EBIT': -1104785807252.8054, 'Enterprise Value/EBITDA': -18171531425.632915, 'Dividend Payout Ratio (%)': 497478531697.17865, '7': 0.02019473013833289}
this is the average adj r-square: 0.18232923018776767
