Namespace(end_date='2017-12-31', feature_names='Price/Earnings,Price/Book Value,Return on Assets,Return on Equity ,Free Cash Flow per Share,Price/Cash Flow,Dividend Yield (%),Enterprise Value/EBIT,Enterprise Value/EBITDA,Dividend Payout Ratio (%)', new_feature='0', path_to_file='./', start_date='2017-01-31', y='Return')
[*********************100%%**********************]  1 of 1 completed
this is Beta adj rsquare of AAPL and the value is -0.09534711813868735:
[*********************100%%**********************]  1 of 1 completed
this is Beta adj rsquare of PG and the value is -0.2649593437582849:
[*********************100%%**********************]  1 of 1 completed
this is Beta adj rsquare of VZ and the value is 0.08306957221843914:
[*********************100%%**********************]  1 of 1 completed
this is Beta adj rsquare of AMAT and the value is 0.10017691677618157:
[*********************100%%**********************]  1 of 1 completed
this is Beta adj rsquare of MSFT and the value is -0.17496204384347624:
[*********************100%%**********************]  1 of 1 completed
this is Beta adj rsquare of JNJ and the value is 0.08340912801663658:
[*********************100%%**********************]  1 of 1 completed
this is Beta adj rsquare of V and the value is -0.2273099975473325:
this is Beta adj rsquare of PG and the value is -0.2649593437582849:
[*********************100%%**********************]  1 of 1 completed
this is Beta adj rsquare of MA and the value is -0.05341727716583167:
[*********************100%%**********************]  1 of 1 completed
this is Beta adj rsquare of TRGP and the value is 0.027581366997183165:
[*********************100%%**********************]  1 of 1 completed
this is Beta adj rsquare of OKE and the value is -0.24177843210509242:
[*********************100%%**********************]  1 of 1 completed
this is Beta adj rsquare of SON and the value is -0.13780569358241923:
[*********************100%%**********************]  1 of 1 completed
this is Beta adj rsquare of DVN and the value is 0.3328759244780368:
[*********************100%%**********************]  1 of 1 completed
this is Beta adj rsquare of HD and the value is -0.24431788775277696:
[*********************100%%**********************]  1 of 1 completed
this is Beta adj rsquare of INTC and the value is 0.04288407782536907:
['AAPL', 'PG', 'VZ', 'AMAT', 'MSFT', 'JNJ', 'V', 'PG', 'MA', 'TRGP', 'OKE', 'SON', 'DVN', 'HD', 'INTC']
['2016-12-31', '2017-01-31', '2017-02-28', '2017-03-31', '2017-04-30', '2017-05-31', '2017-06-30', '2017-07-31', '2017-08-31', '2017-09-30', '2017-10-31', '2017-11-30', '2017-12-31']
date now is: 2016-12-31
this is adj rsquare: 0.8540363073570572
date now is: 2017-01-31
this is adj rsquare: 0.804738742956777
date now is: 2017-02-28
this is adj rsquare: -0.09986887768050257
date now is: 2017-03-31
this is adj rsquare: 0.7482737055278829
date now is: 2017-04-30
this is adj rsquare: 0.9567360060126203
date now is: 2017-05-31
this is adj rsquare: 0.839659844773276
date now is: 2017-06-30
this is adj rsquare: -0.8819401864616088
date now is: 2017-07-31
this is adj rsquare: 0.8828912646748153
date now is: 2017-08-31
this is adj rsquare: -0.3957992684353471
date now is: 2017-09-30
this is adj rsquare: -0.031173522629757366
date now is: 2017-10-31
this is adj rsquare: -0.6385235580163302
date now is: 2017-11-30
this is adj rsquare: 0.9692609476886545
T-values: {'Constant': 1.9844223348390495, 'Price/Earnings': 0.1258103499503889, 'Price/Book Value': -4.823860350467384, 'Return on Assets': -2.8131593943370916, 'Return on Equity ': 2.1351157203944737, 'Free Cash Flow per Share': -0.9822781415915462, 'Price/Cash Flow': 3.7283969325302335, 'Dividend Yield (%)': -2.8187000524325043, 'Enterprise Value/EBIT': 2.0684394285658394, 'Enterprise Value/EBITDA': -1.716197325553614, 'Dividend Payout Ratio (%)': -1.0647045174485703, '0': 0.9937704067315869}
P-values: {'Constant': 0.07271737796710558, 'Price/Earnings': 0.9021520565576087, 'Price/Book Value': 0.000532575888552354, 'Return on Assets': 0.016872883650646042, 'Return on Equity ': 0.056079156876135426, 'Free Cash Flow per Share': 0.3470743235561128, 'Price/Cash Flow': 0.0033327393651077174, 'Dividend Yield (%)': 0.01670647611352286, 'Enterprise Value/EBIT': 0.06294226373159496, 'Enterprise Value/EBITDA': 0.11411674823462095, 'Dividend Payout Ratio (%)': 0.3098228882067971, '0': 0.34169245867340703}
{'Constant': 0.011848434940711784, 'Price/Earnings': 0.0022809679095157215, 'Price/Book Value': -0.05111641452689853, 'Return on Assets': -0.03105975059659515, 'Return on Equity ': 0.03015432884001412, 'Free Cash Flow per Share': -0.008208846987900318, 'Price/Cash Flow': 0.029918673676964436, 'Dividend Yield (%)': -0.04583363470596896, 'Enterprise Value/EBIT': 0.03378290779705825, 'Enterprise Value/EBITDA': -0.018778259827933148, 'Dividend Payout Ratio (%)': -0.009533395033519356, '0': 0.011792710446900355}
this is the average adj r-square: 0.3340242838139614
