Namespace(end_date='2017-12-31', feature_names='Price/Earnings,Price/Book Value,Return on Assets,Return on Equity ,Free Cash Flow per Share,Price/Cash Flow,Dividend Yield (%),Enterprise Value/EBIT,Enterprise Value/EBITDA,Dividend Payout Ratio (%)', new_feature='3', path_to_file='./', start_date='2017-01-31', y='Return')
this is Beta adj rsquare of AAPL and the value is -0.0953471181386869:
this is Beta adj rsquare of PG and the value is -0.2649593437582849:
this is Beta adj rsquare of VZ and the value is 0.08306957221843891:
this is Beta adj rsquare of AMAT and the value is 0.10017691677618179:
this is Beta adj rsquare of MSFT and the value is -0.17496204384347558:
this is Beta adj rsquare of JNJ and the value is 0.08340912801663525:
this is Beta adj rsquare of V and the value is -0.22730999754733494:
this is Beta adj rsquare of PG and the value is -0.2649593437582849:
this is Beta adj rsquare of MA and the value is -0.05341727716583233:
this is Beta adj rsquare of TRGP and the value is 0.027581366997183387:
this is Beta adj rsquare of OKE and the value is -0.24177843210509264:
this is Beta adj rsquare of SON and the value is -0.13780569358241923:
this is Beta adj rsquare of DVN and the value is 0.3328759244780377:
this is Beta adj rsquare of HD and the value is -0.24431788775277674:
this is Beta adj rsquare of INTC and the value is 0.04288407782536907:
['AAPL', 'PG', 'VZ', 'AMAT', 'MSFT', 'JNJ', 'V', 'PG', 'MA', 'TRGP', 'OKE', 'SON', 'DVN', 'HD', 'INTC']
['2016-12-31', '2017-01-31', '2017-02-28', '2017-03-31', '2017-04-30', '2017-05-31', '2017-06-30', '2017-07-31', '2017-08-31', '2017-09-30', '2017-10-31', '2017-11-30', '2017-12-31']
date now is: 2016-12-31
this is adj rsquare: 0.7735658556764771
date now is: 2017-01-31
this is adj rsquare: 0.5544264836110225
date now is: 2017-02-28
this is adj rsquare: 0.27352682381348903
date now is: 2017-03-31
this is adj rsquare: 0.5076201577842884
date now is: 2017-04-30
this is adj rsquare: 0.834804837320223
date now is: 2017-05-31
this is adj rsquare: 0.6511600984141511
date now is: 2017-06-30
this is adj rsquare: 0.8297634967163292
date now is: 2017-07-31
this is adj rsquare: 0.9592149758696573
date now is: 2017-08-31
this is adj rsquare: 0.7781350924890487
date now is: 2017-09-30
this is adj rsquare: -0.20489557005623826
date now is: 2017-10-31
this is adj rsquare: -0.3161753753230041
date now is: 2017-11-30
this is adj rsquare: -0.06715310420270315
T-values: {'Constant': 1.9844223348390495, 'Price/Earnings': 1.3347354750093592, 'Price/Book Value': -3.2011434450020024, 'Return on Assets': -2.9411866232964656, 'Return on Equity ': 2.1456241296437604, 'Free Cash Flow per Share': -2.0474574165160644, 'Price/Cash Flow': 2.7786508106732857, 'Dividend Yield (%)': -1.9345401221459873, 'Enterprise Value/EBIT': 0.33971858631188123, 'Enterprise Value/EBITDA': -0.3684964246026094, 'Dividend Payout Ratio (%)': -0.46144739519175054, '3': -0.5792368701049433}
P-values: {'Constant': 0.07271737796710558, 'Price/Earnings': 0.20893148696098574, 'Price/Book Value': 0.008437484385003979, 'Return on Assets': 0.01341923878853027, 'Return on Equity ': 0.05506436158974525, 'Free Cash Flow per Share': 0.06526085333958717, 'Price/Cash Flow': 0.017947166130866554, 'Dividend Yield (%)': 0.07917322401991962, 'Enterprise Value/EBIT': 0.7404664104922145, 'Enterprise Value/EBITDA': 0.7194967258518534, 'Dividend Payout Ratio (%)': 0.6534686019010008, '3': 0.5740997448590734}
{'Constant': 0.011848434940711784, 'Price/Earnings': 0.01349059713308214, 'Price/Book Value': -0.06221774544881132, 'Return on Assets': -0.03548507127606359, 'Return on Equity ': 0.06114636573998521, 'Free Cash Flow per Share': -0.022182142456786402, 'Price/Cash Flow': 0.027692701108410944, 'Dividend Yield (%)': -0.06008786606300314, 'Enterprise Value/EBIT': 0.022186977235094052, 'Enterprise Value/EBITDA': -0.01363606142308417, 'Dividend Payout Ratio (%)': -0.007804964472897234, '3': -0.02273367350095343}
this is the average adj r-square: 0.464499481009395
