Namespace(end_date='2017-12-31', feature_names='Price/Earnings,Price/Book Value,Return on Assets,Return on Equity ,Free Cash Flow per Share,Price/Cash Flow,Dividend Yield (%),Enterprise Value/EBIT,Enterprise Value/EBITDA,Dividend Payout Ratio (%)', new_feature='', path_to_file='./', start_date='2017-01-31', y='Return')
this is Beta adj rsquare of AAPL and the value is -0.0953471181386869:
this is Beta adj rsquare of PG and the value is -0.2649593437582849:
this is Beta adj rsquare of VZ and the value is 0.08306957221843914:
this is Beta adj rsquare of AMAT and the value is 0.10017691677618179:
this is Beta adj rsquare of MSFT and the value is -0.17496204384347602:
this is Beta adj rsquare of JNJ and the value is 0.08340912801663547:
this is Beta adj rsquare of V and the value is -0.22730999754733516:
this is Beta adj rsquare of PG and the value is -0.2649593437582849:
this is Beta adj rsquare of MA and the value is -0.05341727716583233:
this is Beta adj rsquare of TRGP and the value is 0.027581366997183165:
this is Beta adj rsquare of OKE and the value is -0.2417784321050931:
this is Beta adj rsquare of SON and the value is -0.13780569358241923:
this is Beta adj rsquare of DVN and the value is 0.3328759244780376:
this is Beta adj rsquare of HD and the value is -0.24431788775277696:
this is Beta adj rsquare of INTC and the value is 0.04288407782536907:
['AAPL', 'PG', 'VZ', 'AMAT', 'MSFT', 'JNJ', 'V', 'PG', 'MA', 'TRGP', 'OKE', 'SON', 'DVN', 'HD', 'INTC']
['2016-12-31', '2017-01-31', '2017-02-28', '2017-03-31', '2017-04-30', '2017-05-31', '2017-06-30', '2017-07-31', '2017-08-31', '2017-09-30', '2017-10-31', '2017-11-30', '2017-12-31']
date now is: 2016-12-31
this is adj rsquare: 0.8133804321977881
date now is: 2017-01-31
this is adj rsquare: 0.7709037887181904
date now is: 2017-02-28
this is adj rsquare: 0.551888179638568
date now is: 2017-03-31
this is adj rsquare: 0.8387549488978866
date now is: 2017-04-30
this is adj rsquare: 0.36614173119019233
date now is: 2017-05-31
this is adj rsquare: 0.6023040383463826
date now is: 2017-06-30
this is adj rsquare: -0.6106147630264851
date now is: 2017-07-31
this is adj rsquare: 0.641960539377071
date now is: 2017-08-31
this is adj rsquare: 0.16247652794790146
date now is: 2017-09-30
this is adj rsquare: -0.6013168039883627
date now is: 2017-10-31
this is adj rsquare: -0.6672732335833478
date now is: 2017-11-30
this is adj rsquare: -0.2739255551472941
T-values: {'Constant': 1.9844223348390495, 'Price/Earnings': 1.5705671770985379, 'Price/Book Value': -2.850236366014413, 'Return on Assets': -3.260625072099234, 'Return on Equity ': 1.8674414083719229, 'Free Cash Flow per Share': -1.3454006462432884, 'Price/Cash Flow': 4.5044645161283485, 'Dividend Yield (%)': -2.504165619196907, 'Enterprise Value/EBIT': 1.7439352805603494, 'Enterprise Value/EBITDA': -1.6506166992076943, 'Dividend Payout Ratio (%)': 0.1609711880515423}
P-values: {'Constant': 0.07271737796710558, 'Price/Earnings': 0.14458332995209666, 'Price/Book Value': 0.01579005140852707, 'Return on Assets': 0.00759054866001596, 'Return on Equity ': 0.08869559924302825, 'Free Cash Flow per Share': 0.20557404955678646, 'Price/Cash Flow': 0.0008946105954024065, 'Dividend Yield (%)': 0.029288697434097184, 'Enterprise Value/EBIT': 0.10901112860999904, 'Enterprise Value/EBITDA': 0.12704919891602875, 'Dividend Payout Ratio (%)': 0.8750343718416232}
{'Constant': 0.011848434940711784, 'Price/Earnings': 0.01870089981106124, 'Price/Book Value': -0.04970415662237083, 'Return on Assets': -0.03664622850356188, 'Return on Equity ': 0.07336235560015168, 'Free Cash Flow per Share': -0.015846641799903013, 'Price/Cash Flow': 0.030593866430972273, 'Dividend Yield (%)': -0.06476355976746867, 'Enterprise Value/EBIT': 0.0664164117724161, 'Enterprise Value/EBITDA': -0.027202457602987354, 'Dividend Payout Ratio (%)': 0.0042076224621932015}
this is the average adj r-square: 0.21622331921404092
