Namespace(end_date='2013-12-31', feature_names='Price/Earnings,Price/Book Value,Return on Assets,Return on Equity ,Free Cash Flow per Share,Price/Cash Flow,Dividend Yield (%),Enterprise Value/EBIT,Enterprise Value/EBITDA,Dividend Payout Ratio (%)', new_feature='0', path_to_file='./', start_date='2013-01-31', y='Return')
this is Beta adj rsquare of AAPL and the value is 0.15240246887197229:
this is Beta adj rsquare of PG and the value is -0.1493478838168527:
[*********************100%%**********************]  1 of 1 completed
this is Beta adj rsquare of VZ and the value is -0.0707083914668225:
[*********************100%%**********************]  1 of 1 completed
this is Beta adj rsquare of AMAT and the value is -0.3078545591620332:
this is Beta adj rsquare of MSFT and the value is -0.06756665752111712:
this is Beta adj rsquare of JNJ and the value is -0.27374511305963867:
this is Beta adj rsquare of V and the value is -0.2770051302683778:
this is Beta adj rsquare of PG and the value is -0.1493478838168527:
this is Beta adj rsquare of MA and the value is 0.12701330746330908:
this is Beta adj rsquare of TRGP and the value is 0.38391735844520913:
this is Beta adj rsquare of OKE and the value is -0.03495061274511335:
this is Beta adj rsquare of SON and the value is -0.023160133031938424:
this is Beta adj rsquare of DVN and the value is -0.07468290782008036:
[*********************100%%**********************]  1 of 1 completed
this is Beta adj rsquare of HD and the value is -0.05201381208168665:
[*********************100%%**********************]  1 of 1 completed
this is Beta adj rsquare of INTC and the value is -0.07734999361718842:
['AAPL', 'PG', 'VZ', 'AMAT', 'MSFT', 'JNJ', 'V', 'PG', 'MA', 'TRGP', 'OKE', 'SON', 'DVN', 'HD', 'INTC']
['2012-12-31', '2013-01-31', '2013-02-28', '2013-03-31', '2013-04-30', '2013-05-31', '2013-06-30', '2013-07-31', '2013-08-31', '2013-09-30', '2013-10-31', '2013-11-30', '2013-12-31']
date now is: 2012-12-31
this is adj rsquare: 0.9324754816398237
date now is: 2013-01-31
this is adj rsquare: 0.49304748751181604
date now is: 2013-02-28
this is adj rsquare: 0.7016292062952559
date now is: 2013-03-31
this is adj rsquare: 0.980582819058065
date now is: 2013-04-30
this is adj rsquare: 0.579726390622348
date now is: 2013-05-31
this is adj rsquare: 0.8018250726503651
date now is: 2013-06-30
this is adj rsquare: 0.8679168854679662
date now is: 2013-07-31
this is adj rsquare: 0.8359914288225239
date now is: 2013-08-31
this is adj rsquare: -1.7548060831355534
date now is: 2013-09-30
this is adj rsquare: -0.08265618673030417
date now is: 2013-10-31
this is adj rsquare: 0.5717145272853688
date now is: 2013-11-30
this is adj rsquare: -1.0978919575390051
T-values: {'Constant': 3.5982808417317624, 'Price/Earnings': -0.10369778241456439, 'Price/Book Value': -0.5081629762089618, 'Return on Assets': -0.6258097537974306, 'Return on Equity ': -0.06881762390178943, 'Free Cash Flow per Share': -0.033608371643001095, 'Price/Cash Flow': 0.09893029901420357, 'Dividend Yield (%)': -1.0586659091318105, 'Enterprise Value/EBIT': -0.1214080275298029, 'Enterprise Value/EBITDA': 0.0755774871235758, 'Dividend Payout Ratio (%)': 0.358725583148212, '0': 0.04996865430718044}
P-values: {'Constant': 0.004182502824281321, 'Price/Earnings': 0.9192756653584837, 'Price/Book Value': 0.6213745603594023, 'Return on Assets': 0.5442057737300192, 'Return on Equity ': 0.9463698402851708, 'Free Cash Flow per Share': 0.9737915409328217, 'Price/Cash Flow': 0.9229734493085053, 'Dividend Yield (%)': 0.3124460096096908, 'Enterprise Value/EBIT': 0.9055572964660111, 'Enterprise Value/EBITDA': 0.9411122622604047, 'Dividend Payout Ratio (%)': 0.7265905543627622, '0': 0.9610431583506889}
{'Constant': 0.02907547644546313, 'Price/Earnings': -0.000911348843090028, 'Price/Book Value': -0.009147765534211122, 'Return on Assets': -0.010329963334973463, 'Return on Equity ': -0.0007037635597251501, 'Free Cash Flow per Share': -0.0005689742953823677, 'Price/Cash Flow': 0.00106123553769848, 'Dividend Yield (%)': -0.006276149623814794, 'Enterprise Value/EBIT': -0.010883870847642077, 'Enterprise Value/EBITDA': 0.006617661350044972, 'Dividend Payout Ratio (%)': 0.004251786108552695, '0': 0.0007421993434770969}
this is the average adj r-square: 0.31912958932905583
