Namespace(end_date='2013-12-31', feature_names='Price/Earnings,Price/Book Value,Return on Assets,Return on Equity ,Free Cash Flow per Share,Price/Cash Flow,Dividend Yield (%),Enterprise Value/EBIT,Enterprise Value/EBITDA,Dividend Payout Ratio (%)', new_feature='5', path_to_file='./', start_date='2013-01-31', y='Return')
this is Beta adj rsquare of AAPL and the value is 0.15240246887197229:
this is Beta adj rsquare of PG and the value is -0.1493478838168525:
this is Beta adj rsquare of VZ and the value is -0.07070839146682162:
this is Beta adj rsquare of AMAT and the value is -0.3078545591620332:
this is Beta adj rsquare of MSFT and the value is -0.06756665752111712:
this is Beta adj rsquare of JNJ and the value is -0.27374511305963867:
this is Beta adj rsquare of V and the value is -0.2770051302683776:
this is Beta adj rsquare of PG and the value is -0.1493478838168525:
this is Beta adj rsquare of MA and the value is 0.12701330746330897:
this is Beta adj rsquare of TRGP and the value is 0.38391735844520913:
this is Beta adj rsquare of OKE and the value is -0.03495061274511335:
this is Beta adj rsquare of SON and the value is -0.023160133031938424:
this is Beta adj rsquare of DVN and the value is -0.07468290782008014:
this is Beta adj rsquare of HD and the value is -0.05201381208168665:
this is Beta adj rsquare of INTC and the value is -0.07734999361718842:
['AAPL', 'PG', 'VZ', 'AMAT', 'MSFT', 'JNJ', 'V', 'PG', 'MA', 'TRGP', 'OKE', 'SON', 'DVN', 'HD', 'INTC']
['2012-12-31', '2013-01-31', '2013-02-28', '2013-03-31', '2013-04-30', '2013-05-31', '2013-06-30', '2013-07-31', '2013-08-31', '2013-09-30', '2013-10-31', '2013-11-30', '2013-12-31']
date now is: 2012-12-31
this is adj rsquare: -0.07905195409780652
date now is: 2013-01-31
this is adj rsquare: 0.5530247222616306
date now is: 2013-02-28
this is adj rsquare: 0.7945161871642168
date now is: 2013-03-31
this is adj rsquare: 0.9752012061434132
date now is: 2013-04-30
this is adj rsquare: 0.5658721807476688
date now is: 2013-05-31
this is adj rsquare: 0.8550077400570912
date now is: 2013-06-30
this is adj rsquare: 0.9935344846315333
date now is: 2013-07-31
this is adj rsquare: 0.9830262461333779
date now is: 2013-08-31
this is adj rsquare: -2.0287168528828188
date now is: 2013-09-30
this is adj rsquare: 0.6312245548231217
date now is: 2013-10-31
this is adj rsquare: 0.9610243696645884
date now is: 2013-11-30
this is adj rsquare: -1.3153555085786857
T-values: {'Constant': 3.5982808417317624, 'Price/Earnings': 0.3797309201281462, 'Price/Book Value': -0.05729827583618624, 'Return on Assets': -0.0433658916559247, 'Return on Equity ': -0.47490933528168233, 'Free Cash Flow per Share': -0.035847469148522444, 'Price/Cash Flow': 0.051552855937951274, 'Dividend Yield (%)': -0.1587041784534272, 'Enterprise Value/EBIT': 0.3453652118667701, 'Enterprise Value/EBITDA': -0.372711130312808, 'Dividend Payout Ratio (%)': -0.6188130432844364, '5': 0.2101771561624653}
P-values: {'Constant': 0.004182502824281321, 'Price/Earnings': 0.7113742426191325, 'Price/Book Value': 0.9553351794449721, 'Return on Assets': 0.9661870542710758, 'Return on Equity ': 0.6441408890815479, 'Free Cash Flow per Share': 0.9720462395785494, 'Price/Cash Flow': 0.9598092488841126, 'Dividend Yield (%)': 0.8767781508375089, 'Enterprise Value/EBIT': 0.7363338081091333, 'Enterprise Value/EBITDA': 0.716445209277091, 'Dividend Payout Ratio (%)': 0.5486399675928639, '5': 0.8373717746295516}
{'Constant': 0.02907547644546313, 'Price/Earnings': 0.005471622485775655, 'Price/Book Value': -0.0006842692947872496, 'Return on Assets': -0.0012733763805916308, 'Return on Equity ': -0.007973640368183918, 'Free Cash Flow per Share': -0.0006072033530928686, 'Price/Cash Flow': 0.0009430663846061062, 'Dividend Yield (%)': -0.0017333020581260343, 'Enterprise Value/EBIT': 0.01720479232558764, 'Enterprise Value/EBITDA': -0.02110542374129154, 'Dividend Payout Ratio (%)': -0.00868253912983581, '5': 0.0019809472620642976}
this is the average adj r-square: 0.32410894800561085
