Namespace(end_date=2020, feature_names='Price/Earnings,Price/Book Value,Return on Assets,Return on Equity ,Free Cash Flow per Share,Price/Cash Flow,Enterprise Value/EBITDA,Gross Margin,Net Margin,Sales per Share', new_feature='4', path_to_file='./Energy/', start_date=2016, y='3M Return')
['2015-12-31', '2016-03-31', '2016-06-30', '2016-09-30', '2016-12-31', '2017-03-31', '2017-06-30', '2017-09-30', '2017-12-31', '2018-03-31', '2018-06-30', '2018-09-30', '2018-12-31', '2019-03-31', '2019-06-30', '2019-09-30', '2019-12-31', '2020-03-31', '2020-06-30', '2020-09-30', '2020-12-31']
RIGHT NOW THE TICKER IS: APA
APA 2015-12-31 2020-12-31
this is Beta adj rsquare of APA and the value is -0.394282614744482:
RIGHT NOW THE TICKER IS: COP
COP 2015-12-31 2020-12-31
Y is: 0.08269177994795429
this is Beta adj rsquare of COP and the value is 0.0908948862198724:
RIGHT NOW THE TICKER IS: CTRA
CTRA 2015-12-31 2020-12-31
Y is: 0.13342143587831257
this is Beta adj rsquare of CTRA and the value is 0.29984597316859285:
RIGHT NOW THE TICKER IS: EOG
EOG 2015-12-31 2020-12-31
Y is: 0.149352384464291
this is Beta adj rsquare of EOG and the value is -0.4156557805736669:
RIGHT NOW THE TICKER IS: FANG
FANG 2015-12-31 2020-12-31
Y is: 0.18178282876161123
this is Beta adj rsquare of FANG and the value is 0.7043821933941866:
RIGHT NOW THE TICKER IS: HAL
HAL 2015-12-31 2020-12-31
Y is: 0.26791711555926545
this is Beta adj rsquare of HAL and the value is 0.5551802454883585:
RIGHT NOW THE TICKER IS: HES
HES 2015-12-31 2020-12-31
Y is: 0.14150041276979453
this is Beta adj rsquare of HES and the value is 0.6979752574318012:
RIGHT NOW THE TICKER IS: KMI
KMI 2015-12-31 2020-12-31
Y is: 0.048152221366917214
this is Beta adj rsquare of KMI and the value is 0.6860269664221814:
RIGHT NOW THE TICKER IS: MPC
MPC 2015-12-31 2020-12-31
Y is: 0.020978987974572316
this is Beta adj rsquare of MPC and the value is 0.6622010449487753:
RIGHT NOW THE TICKER IS: MRO
MRO 2015-12-31 2020-12-31
Y is: 0.3473967474227895
this is Beta adj rsquare of MRO and the value is 0.3558037081495674:
RIGHT NOW THE TICKER IS: OKE
OKE 2015-12-31 2020-12-31
Y is: 0.5890823775298242
this is Beta adj rsquare of OKE and the value is 0.5584012444611205:
RIGHT NOW THE TICKER IS: OXY
OXY 2015-12-31 2020-12-31
Y is: 0.10419402632793329
this is Beta adj rsquare of OXY and the value is 0.29636139295511865:
RIGHT NOW THE TICKER IS: PSX
PSX 2015-12-31 2020-12-31
Y is: -0.08372791669500856
this is Beta adj rsquare of PSX and the value is 0.7753712021940007:
RIGHT NOW THE TICKER IS: PXD
PXD 2015-12-31 2020-12-31
Y is: 0.07439250257249475
this is Beta adj rsquare of PXD and the value is 0.7189762582009598:
RIGHT NOW THE TICKER IS: SLB
SLB 2015-12-31 2020-12-31
Y is: 0.0722712112685382
this is Beta adj rsquare of SLB and the value is -0.16538802457622825:
RIGHT NOW THE TICKER IS: TRGP
TRGP 2015-12-31 2020-12-31
Y is: 0.41125246243430325
this is Beta adj rsquare of TRGP and the value is 0.8423061350583163:
RIGHT NOW THE TICKER IS: VLO
VLO 2015-12-31 2020-12-31
Y is: -0.20486435164776606
this is Beta adj rsquare of VLO and the value is -0.1568215313457475:
RIGHT NOW THE TICKER IS: WMB
WMB 2015-12-31 2020-12-31
Y is: 0.345986283231426
this is Beta adj rsquare of WMB and the value is 0.7909902629903571:
RIGHT NOW THE TICKER IS: XOM
XOM 2015-12-31 2020-12-31
Y is: 0.12142603146972486
this is Beta adj rsquare of XOM and the value is 0.0808038337784519:
RIGHT NOW THE TICKER IS: APA
APA 2015-12-31 2020-12-31
this is Beta adj rsquare of APA and the value is -0.394282614744482:
RIGHT NOW THE TICKER IS: COP
COP 2015-12-31 2020-12-31
Y is: -0.002981588485493236
this is Beta adj rsquare of COP and the value is 0.0908948862198724:
RIGHT NOW THE TICKER IS: CTRA
CTRA 2015-12-31 2020-12-31
Y is: 0.00233098160357037
this is Beta adj rsquare of CTRA and the value is 0.29984597316859285:
RIGHT NOW THE TICKER IS: EOG
EOG 2015-12-31 2020-12-31
Y is: 0.15931432758619746
this is Beta adj rsquare of EOG and the value is -0.4156557805736669:
RIGHT NOW THE TICKER IS: FANG
FANG 2015-12-31 2020-12-31
Y is: 0.0584365955986732
this is Beta adj rsquare of FANG and the value is 0.7043821933941866:
RIGHT NOW THE TICKER IS: HAL
HAL 2015-12-31 2020-12-31
Y is: -0.009052767479003188
this is Beta adj rsquare of HAL and the value is 0.5551802454883585:
RIGHT NOW THE TICKER IS: HES
HES 2015-12-31 2020-12-31
Y is: -0.10782029462158127
this is Beta adj rsquare of HES and the value is 0.6979752574318012:
RIGHT NOW THE TICKER IS: KMI
KMI 2015-12-31 2020-12-31
Y is: 0.23557692356677085
this is Beta adj rsquare of KMI and the value is 0.6860269664221814:
RIGHT NOW THE TICKER IS: MPC
MPC 2015-12-31 2020-12-31
Y is: 0.06928348607866597
this is Beta adj rsquare of MPC and the value is 0.6622010449487753:
RIGHT NOW THE TICKER IS: MRO
MRO 2015-12-31 2020-12-31
Y is: 0.053297813360157376
this is Beta adj rsquare of MRO and the value is 0.3558037081495674:
RIGHT NOW THE TICKER IS: OKE
OKE 2015-12-31 2020-12-31
Y is: 0.08303474316877768
this is Beta adj rsquare of OKE and the value is 0.5584012444611205:
RIGHT NOW THE TICKER IS: OXY
OXY 2015-12-31 2020-12-31
Y is: -0.03493911427936747
this is Beta adj rsquare of OXY and the value is 0.29636139295511865:
RIGHT NOW THE TICKER IS: PSX
PSX 2015-12-31 2020-12-31
Y is: 0.015250904584291236
this is Beta adj rsquare of PSX and the value is 0.7753712021940007:
RIGHT NOW THE TICKER IS: PXD
PXD 2015-12-31 2020-12-31
Y is: 0.22776261922788987
this is Beta adj rsquare of PXD and the value is 0.7189762582009598:
RIGHT NOW THE TICKER IS: SLB
SLB 2015-12-31 2020-12-31
Y is: -0.005564016580908326
this is Beta adj rsquare of SLB and the value is -0.16538802457622825:
RIGHT NOW THE TICKER IS: TRGP
TRGP 2015-12-31 2020-12-31
Y is: 0.1654010755020392
this is Beta adj rsquare of TRGP and the value is 0.8423061350583163:
RIGHT NOW THE TICKER IS: VLO
VLO 2015-12-31 2020-12-31
Y is: 0.03921568627450989
this is Beta adj rsquare of VLO and the value is -0.1568215313457475:
RIGHT NOW THE TICKER IS: WMB
WMB 2015-12-31 2020-12-31
Y is: 0.42071200806959297
this is Beta adj rsquare of WMB and the value is 0.7909902629903571:
RIGHT NOW THE TICKER IS: XOM
XOM 2015-12-31 2020-12-31
Y is: -0.06891400929900626
this is Beta adj rsquare of XOM and the value is 0.0808038337784519:
RIGHT NOW THE TICKER IS: APA
APA 2015-12-31 2020-12-31
this is Beta adj rsquare of APA and the value is -0.394282614744482:
RIGHT NOW THE TICKER IS: COP
COP 2015-12-31 2020-12-31
Y is: 0.15343910700809094
this is Beta adj rsquare of COP and the value is 0.0908948862198724:
RIGHT NOW THE TICKER IS: CTRA
CTRA 2015-12-31 2020-12-31
Y is: -0.09457359297918266
this is Beta adj rsquare of CTRA and the value is 0.29984597316859285:
RIGHT NOW THE TICKER IS: EOG
EOG 2015-12-31 2020-12-31
Y is: 0.04539343843663923
this is Beta adj rsquare of EOG and the value is -0.4156557805736669:
RIGHT NOW THE TICKER IS: FANG
FANG 2015-12-31 2020-12-31
Y is: 0.046819935780002986
this is Beta adj rsquare of FANG and the value is 0.7043821933941866:
RIGHT NOW THE TICKER IS: HAL
HAL 2015-12-31 2020-12-31
Y is: 0.20521387845990602
this is Beta adj rsquare of HAL and the value is 0.5551802454883585:
RIGHT NOW THE TICKER IS: HES
HES 2015-12-31 2020-12-31
Y is: 0.16169343820122717
this is Beta adj rsquare of HES and the value is 0.6979752574318012:
RIGHT NOW THE TICKER IS: KMI
KMI 2015-12-31 2020-12-31
Y is: -0.10462603389968039
this is Beta adj rsquare of KMI and the value is 0.6860269664221814:
RIGHT NOW THE TICKER IS: MPC
MPC 2015-12-31 2020-12-31
Y is: 0.2404532713683898
this is Beta adj rsquare of MPC and the value is 0.6622010449487753:
RIGHT NOW THE TICKER IS: MRO
MRO 2015-12-31 2020-12-31
Y is: 0.09487659750245903
this is Beta adj rsquare of MRO and the value is 0.3558037081495674:
RIGHT NOW THE TICKER IS: OKE
OKE 2015-12-31 2020-12-31
Y is: 0.11714342341432848
this is Beta adj rsquare of OKE and the value is 0.5584012444611205:
RIGHT NOW THE TICKER IS: OXY
OXY 2015-12-31 2020-12-31
Y is: -0.023176012814704716
this is Beta adj rsquare of OXY and the value is 0.29636139295511865:
RIGHT NOW THE TICKER IS: PSX
PSX 2015-12-31 2020-12-31
Y is: 0.07274984963794706
this is Beta adj rsquare of PSX and the value is 0.7753712021940007:
RIGHT NOW THE TICKER IS: PXD
PXD 2015-12-31 2020-12-31
Y is: -0.03005648669925065
this is Beta adj rsquare of PXD and the value is 0.7189762582009598:
RIGHT NOW THE TICKER IS: SLB
SLB 2015-12-31 2020-12-31
Y is: 0.06752285859367291
this is Beta adj rsquare of SLB and the value is -0.16538802457622825:
RIGHT NOW THE TICKER IS: TRGP
TRGP 2015-12-31 2020-12-31
Y is: 0.1417226430049281
this is Beta adj rsquare of TRGP and the value is 0.8423061350583163:
RIGHT NOW THE TICKER IS: VLO
VLO 2015-12-31 2020-12-31
Y is: 0.2890565980155513
this is Beta adj rsquare of VLO and the value is -0.1568215313457475:
RIGHT NOW THE TICKER IS: WMB
WMB 2015-12-31 2020-12-31
Y is: 0.013342006297416109
this is Beta adj rsquare of WMB and the value is 0.7909902629903571:
RIGHT NOW THE TICKER IS: XOM
XOM 2015-12-31 2020-12-31
Y is: 0.034143027023511685
this is Beta adj rsquare of XOM and the value is 0.0808038337784519:
RIGHT NOW THE TICKER IS: APA
APA 2015-12-31 2020-12-31
this is Beta adj rsquare of APA and the value is -0.394282614744482:
RIGHT NOW THE TICKER IS: COP
COP 2015-12-31 2020-12-31
Y is: -0.005384931413050964
this is Beta adj rsquare of COP and the value is 0.0908948862198724:
RIGHT NOW THE TICKER IS: CTRA
CTRA 2015-12-31 2020-12-31
Y is: 0.023544487272694203
this is Beta adj rsquare of CTRA and the value is 0.29984597316859285:
RIGHT NOW THE TICKER IS: EOG
EOG 2015-12-31 2020-12-31
Y is: -0.03511370401525771
this is Beta adj rsquare of EOG and the value is -0.4156557805736669:
RIGHT NOW THE TICKER IS: FANG
FANG 2015-12-31 2020-12-31
Y is: 0.026321034300115675
this is Beta adj rsquare of FANG and the value is 0.7043821933941866:
RIGHT NOW THE TICKER IS: HAL
HAL 2015-12-31 2020-12-31
Y is: -0.09022002319003053
this is Beta adj rsquare of HAL and the value is 0.5551802454883585:
RIGHT NOW THE TICKER IS: HES
HES 2015-12-31 2020-12-31
Y is: -0.22603951876881245
this is Beta adj rsquare of HES and the value is 0.6979752574318012:
RIGHT NOW THE TICKER IS: KMI
KMI 2015-12-31 2020-12-31
Y is: 0.04973446316652663
this is Beta adj rsquare of KMI and the value is 0.6860269664221814:
RIGHT NOW THE TICKER IS: MPC
MPC 2015-12-31 2020-12-31
Y is: 0.0037736335087261708
this is Beta adj rsquare of MPC and the value is 0.6622010449487753:
RIGHT NOW THE TICKER IS: MRO
MRO 2015-12-31 2020-12-31
Y is: -0.08723277422269482
this is Beta adj rsquare of MRO and the value is 0.3558037081495674:
RIGHT NOW THE TICKER IS: OKE
OKE 2015-12-31 2020-12-31
Y is: -0.034314600695682373
this is Beta adj rsquare of OKE and the value is 0.5584012444611205:
RIGHT NOW THE TICKER IS: OXY
OXY 2015-12-31 2020-12-31
Y is: -0.1104871876412169
this is Beta adj rsquare of OXY and the value is 0.29636139295511865:
RIGHT NOW THE TICKER IS: PSX
PSX 2015-12-31 2020-12-31
Y is: -0.08320798676877095
this is Beta adj rsquare of PSX and the value is 0.7753712021940007:
RIGHT NOW THE TICKER IS: PXD
PXD 2015-12-31 2020-12-31
Y is: 0.034208852961443714
this is Beta adj rsquare of PXD and the value is 0.7189762582009598:
RIGHT NOW THE TICKER IS: SLB
SLB 2015-12-31 2020-12-31
Y is: -0.06968432027136107
this is Beta adj rsquare of SLB and the value is -0.16538802457622825:
RIGHT NOW THE TICKER IS: TRGP
TRGP 2015-12-31 2020-12-31
Y is: 0.06830750583022094
this is Beta adj rsquare of TRGP and the value is 0.8423061350583163:
RIGHT NOW THE TICKER IS: VLO
VLO 2015-12-31 2020-12-31
Y is: -0.02971309701938807
this is Beta adj rsquare of VLO and the value is -0.1568215313457475:
RIGHT NOW THE TICKER IS: WMB
WMB 2015-12-31 2020-12-31
Y is: -0.049775185210048534
this is Beta adj rsquare of WMB and the value is 0.7909902629903571:
RIGHT NOW THE TICKER IS: XOM
XOM 2015-12-31 2020-12-31
Y is: -0.09140261250546167
this is Beta adj rsquare of XOM and the value is 0.0808038337784519:
RIGHT NOW THE TICKER IS: APA
APA 2015-12-31 2020-12-31
this is Beta adj rsquare of APA and the value is -0.394282614744482:
RIGHT NOW THE TICKER IS: COP
COP 2015-12-31 2020-12-31
Y is: -0.11850812059339155
this is Beta adj rsquare of COP and the value is 0.0908948862198724:
RIGHT NOW THE TICKER IS: CTRA
CTRA 2015-12-31 2020-12-31
Y is: 0.04893350413051456
this is Beta adj rsquare of CTRA and the value is 0.29984597316859285:
RIGHT NOW THE TICKER IS: EOG
EOG 2015-12-31 2020-12-31
Y is: -0.07206567082280291
this is Beta adj rsquare of EOG and the value is -0.4156557805736669:
RIGHT NOW THE TICKER IS: FANG
FANG 2015-12-31 2020-12-31
Y is: -0.14375244395131426
this is Beta adj rsquare of FANG and the value is 0.7043821933941866:
RIGHT NOW THE TICKER IS: HAL
HAL 2015-12-31 2020-12-31
Y is: -0.1320869766496492
this is Beta adj rsquare of HAL and the value is 0.5551802454883585:
RIGHT NOW THE TICKER IS: HES
HES 2015-12-31 2020-12-31
Y is: -0.09002282171761555
this is Beta adj rsquare of HES and the value is 0.6979752574318012:
RIGHT NOW THE TICKER IS: KMI
KMI 2015-12-31 2020-12-31
Y is: -0.11867525072992935
this is Beta adj rsquare of KMI and the value is 0.6860269664221814:
RIGHT NOW THE TICKER IS: MPC
MPC 2015-12-31 2020-12-31
Y is: 0.03541750856948256
this is Beta adj rsquare of MPC and the value is 0.6622010449487753:
RIGHT NOW THE TICKER IS: MRO
MRO 2015-12-31 2020-12-31
Y is: -0.24999998491021658
this is Beta adj rsquare of MRO and the value is 0.3558037081495674:
RIGHT NOW THE TICKER IS: OKE
OKE 2015-12-31 2020-12-31
Y is: -0.05916303861011796
this is Beta adj rsquare of OKE and the value is 0.5584012444611205:
RIGHT NOW THE TICKER IS: OXY
OXY 2015-12-31 2020-12-31
Y is: -0.05508209666741404
this is Beta adj rsquare of OXY and the value is 0.29636139295511865:
RIGHT NOW THE TICKER IS: PSX
PSX 2015-12-31 2020-12-31
Y is: 0.04380208491837645
this is Beta adj rsquare of PSX and the value is 0.7753712021940007:
RIGHT NOW THE TICKER IS: PXD
PXD 2015-12-31 2020-12-31
Y is: -0.14310258555487598
this is Beta adj rsquare of PXD and the value is 0.7189762582009598:
RIGHT NOW THE TICKER IS: SLB
SLB 2015-12-31 2020-12-31
Y is: -0.15697826345403698
this is Beta adj rsquare of SLB and the value is -0.16538802457622825:
RIGHT NOW THE TICKER IS: TRGP
TRGP 2015-12-31 2020-12-31
Y is: -0.2454090215104341
this is Beta adj rsquare of TRGP and the value is 0.8423061350583163:
RIGHT NOW THE TICKER IS: VLO
VLO 2015-12-31 2020-12-31
Y is: 0.017649693057573357
this is Beta adj rsquare of VLO and the value is -0.1568215313457475:
RIGHT NOW THE TICKER IS: WMB
WMB 2015-12-31 2020-12-31
Y is: 0.023318706674534173
this is Beta adj rsquare of WMB and the value is 0.7909902629903571:
RIGHT NOW THE TICKER IS: XOM
XOM 2015-12-31 2020-12-31
Y is: -0.01560783740952243
this is Beta adj rsquare of XOM and the value is 0.0808038337784519:
RIGHT NOW THE TICKER IS: APA
APA 2015-12-31 2020-12-31
this is Beta adj rsquare of APA and the value is -0.394282614744482:
RIGHT NOW THE TICKER IS: COP
COP 2015-12-31 2020-12-31
Y is: 0.1385350382033783
this is Beta adj rsquare of COP and the value is 0.0908948862198724:
RIGHT NOW THE TICKER IS: CTRA
CTRA 2015-12-31 2020-12-31
Y is: 0.06658692509466224
this is Beta adj rsquare of CTRA and the value is 0.29984597316859285:
RIGHT NOW THE TICKER IS: EOG
EOG 2015-12-31 2020-12-31
Y is: 0.06871411236601666
this is Beta adj rsquare of EOG and the value is -0.4156557805736669:
RIGHT NOW THE TICKER IS: FANG
FANG 2015-12-31 2020-12-31
Y is: 0.10302895819631175
this is Beta adj rsquare of FANG and the value is 0.7043821933941866:
RIGHT NOW THE TICKER IS: HAL
HAL 2015-12-31 2020-12-31
Y is: 0.07773354638237917
this is Beta adj rsquare of HAL and the value is 0.5551802454883585:
RIGHT NOW THE TICKER IS: HES
HES 2015-12-31 2020-12-31
Y is: 0.06883976592870922
this is Beta adj rsquare of HES and the value is 0.6979752574318012:
RIGHT NOW THE TICKER IS: KMI
KMI 2015-12-31 2020-12-31
Y is: 0.001043865236062258
this is Beta adj rsquare of KMI and the value is 0.6860269664221814:
RIGHT NOW THE TICKER IS: MPC
MPC 2015-12-31 2020-12-31
Y is: 0.07166061281837366
this is Beta adj rsquare of MPC and the value is 0.6622010449487753:
RIGHT NOW THE TICKER IS: MRO
MRO 2015-12-31 2020-12-31
Y is: 0.14430379604214694
this is Beta adj rsquare of MRO and the value is 0.3558037081495674:
RIGHT NOW THE TICKER IS: OKE
OKE 2015-12-31 2020-12-31
Y is: 0.0623082823908645
this is Beta adj rsquare of OKE and the value is 0.5584012444611205:
RIGHT NOW THE TICKER IS: OXY
OXY 2015-12-31 2020-12-31
Y is: 0.07249039969961579
this is Beta adj rsquare of OXY and the value is 0.29636139295511865:
RIGHT NOW THE TICKER IS: PSX
PSX 2015-12-31 2020-12-31
Y is: 0.10787275251643602
this is Beta adj rsquare of PSX and the value is 0.7753712021940007:
RIGHT NOW THE TICKER IS: PXD
PXD 2015-12-31 2020-12-31
Y is: -0.07544810381484068
this is Beta adj rsquare of PXD and the value is 0.7189762582009598:
RIGHT NOW THE TICKER IS: SLB
SLB 2015-12-31 2020-12-31
Y is: 0.05953836598383733
this is Beta adj rsquare of SLB and the value is -0.16538802457622825:
RIGHT NOW THE TICKER IS: TRGP
TRGP 2015-12-31 2020-12-31
Y is: 0.046460142448558006
this is Beta adj rsquare of TRGP and the value is 0.8423061350583163:
RIGHT NOW THE TICKER IS: VLO
VLO 2015-12-31 2020-12-31
Y is: 0.1403795041391105
this is Beta adj rsquare of VLO and the value is -0.1568215313457475:
RIGHT NOW THE TICKER IS: WMB
WMB 2015-12-31 2020-12-31
Y is: -0.008916791665818824
this is Beta adj rsquare of WMB and the value is 0.7909902629903571:
RIGHT NOW THE TICKER IS: XOM
XOM 2015-12-31 2020-12-31
Y is: 0.015483710492037783
this is Beta adj rsquare of XOM and the value is 0.0808038337784519:
RIGHT NOW THE TICKER IS: APA
APA 2015-12-31 2020-12-31
this is Beta adj rsquare of APA and the value is -0.394282614744482:
RIGHT NOW THE TICKER IS: COP
COP 2015-12-31 2020-12-31
Y is: 0.09670330122610693
this is Beta adj rsquare of COP and the value is 0.0908948862198724:
RIGHT NOW THE TICKER IS: CTRA
CTRA 2015-12-31 2020-12-31
Y is: 0.06915889276522336
this is Beta adj rsquare of CTRA and the value is 0.29984597316859285:
RIGHT NOW THE TICKER IS: EOG
EOG 2015-12-31 2020-12-31
Y is: 0.11546419314655765
this is Beta adj rsquare of EOG and the value is -0.4156557805736669:
RIGHT NOW THE TICKER IS: FANG
FANG 2015-12-31 2020-12-31
Y is: 0.288791355450426
this is Beta adj rsquare of FANG and the value is 0.7043821933941866:
RIGHT NOW THE TICKER IS: HAL
HAL 2015-12-31 2020-12-31
Y is: 0.0616988969781429
this is Beta adj rsquare of HAL and the value is 0.5551802454883585:
RIGHT NOW THE TICKER IS: HES
HES 2015-12-31 2020-12-31
Y is: 0.012369414344303165
this is Beta adj rsquare of HES and the value is 0.6979752574318012:
RIGHT NOW THE TICKER IS: KMI
KMI 2015-12-31 2020-12-31
Y is: -0.05787281505162567
this is Beta adj rsquare of KMI and the value is 0.6860269664221814:
RIGHT NOW THE TICKER IS: MPC
MPC 2015-12-31 2020-12-31
Y is: 0.17653354498281626
this is Beta adj rsquare of MPC and the value is 0.6622010449487753:
RIGHT NOW THE TICKER IS: MRO
MRO 2015-12-31 2020-12-31
Y is: 0.24852505761606336
this is Beta adj rsquare of MRO and the value is 0.3558037081495674:
RIGHT NOW THE TICKER IS: OKE
OKE 2015-12-31 2020-12-31
Y is: -0.03537265998682726
this is Beta adj rsquare of OKE and the value is 0.5584012444611205:
RIGHT NOW THE TICKER IS: OXY
OXY 2015-12-31 2020-12-31
Y is: 0.14717341087646796
this is Beta adj rsquare of OXY and the value is 0.29636139295511865:
RIGHT NOW THE TICKER IS: PSX
PSX 2015-12-31 2020-12-31
Y is: 0.10413711223629618
this is Beta adj rsquare of PSX and the value is 0.7753712021940007:
RIGHT NOW THE TICKER IS: PXD
PXD 2015-12-31 2020-12-31
Y is: 0.17154679388047445
this is Beta adj rsquare of PXD and the value is 0.7189762582009598:
RIGHT NOW THE TICKER IS: SLB
SLB 2015-12-31 2020-12-31
Y is: -0.03397366218472564
this is Beta adj rsquare of SLB and the value is -0.16538802457622825:
RIGHT NOW THE TICKER IS: TRGP
TRGP 2015-12-31 2020-12-31
Y is: 0.02367862473467497
this is Beta adj rsquare of TRGP and the value is 0.8423061350583163:
RIGHT NOW THE TICKER IS: VLO
VLO 2015-12-31 2020-12-31
Y is: 0.19472251784101124
this is Beta adj rsquare of VLO and the value is -0.1568215313457475:
RIGHT NOW THE TICKER IS: WMB
WMB 2015-12-31 2020-12-31
Y is: 0.015994653068158504
this is Beta adj rsquare of WMB and the value is 0.7909902629903571:
RIGHT NOW THE TICKER IS: XOM
XOM 2015-12-31 2020-12-31
Y is: 0.020248791958294543
this is Beta adj rsquare of XOM and the value is 0.0808038337784519:
RIGHT NOW THE TICKER IS: APA
APA 2015-12-31 2020-12-31
this is Beta adj rsquare of APA and the value is -0.394282614744482:
RIGHT NOW THE TICKER IS: COP
COP 2015-12-31 2020-12-31
Y is: 0.08016034933147931
this is Beta adj rsquare of COP and the value is 0.0908948862198724:
RIGHT NOW THE TICKER IS: CTRA
CTRA 2015-12-31 2020-12-31
Y is: -0.16153848872766974
this is Beta adj rsquare of CTRA and the value is 0.29984597316859285:
RIGHT NOW THE TICKER IS: EOG
EOG 2015-12-31 2020-12-31
Y is: -0.024464896019366522
this is Beta adj rsquare of EOG and the value is -0.4156557805736669:
RIGHT NOW THE TICKER IS: FANG
FANG 2015-12-31 2020-12-31
Y is: 0.0021385872718131527
this is Beta adj rsquare of FANG and the value is 0.7043821933941866:
RIGHT NOW THE TICKER IS: HAL
HAL 2015-12-31 2020-12-31
Y is: -0.039492538313042114
this is Beta adj rsquare of HAL and the value is 0.5551802454883585:
RIGHT NOW THE TICKER IS: HES
HES 2015-12-31 2020-12-31
Y is: 0.06635764967724134
this is Beta adj rsquare of HES and the value is 0.6979752574318012:
RIGHT NOW THE TICKER IS: KMI
KMI 2015-12-31 2020-12-31
Y is: -0.16657439546441566
this is Beta adj rsquare of KMI and the value is 0.6860269664221814:
RIGHT NOW THE TICKER IS: MPC
MPC 2015-12-31 2020-12-31
Y is: 0.1080630022833835
this is Beta adj rsquare of MPC and the value is 0.6622010449487753:
RIGHT NOW THE TICKER IS: MRO
MRO 2015-12-31 2020-12-31
Y is: -0.047253463082608804
this is Beta adj rsquare of MRO and the value is 0.3558037081495674:
RIGHT NOW THE TICKER IS: OKE
OKE 2015-12-31 2020-12-31
Y is: 0.06492043697802607
this is Beta adj rsquare of OKE and the value is 0.5584012444611205:
RIGHT NOW THE TICKER IS: OXY
OXY 2015-12-31 2020-12-31
Y is: -0.11811029249394389
this is Beta adj rsquare of OXY and the value is 0.29636139295511865:
RIGHT NOW THE TICKER IS: PSX
PSX 2015-12-31 2020-12-31
Y is: -0.05170542044525328
this is Beta adj rsquare of PSX and the value is 0.7753712021940007:
RIGHT NOW THE TICKER IS: PXD
PXD 2015-12-31 2020-12-31
Y is: -0.006190380598412926
this is Beta adj rsquare of PXD and the value is 0.7189762582009598:
RIGHT NOW THE TICKER IS: SLB
SLB 2015-12-31 2020-12-31
Y is: -0.03872979127452669
this is Beta adj rsquare of SLB and the value is -0.16538802457622825:
RIGHT NOW THE TICKER IS: TRGP
TRGP 2015-12-31 2020-12-31
Y is: -0.09128455877927166
this is Beta adj rsquare of TRGP and the value is 0.8423061350583163:
RIGHT NOW THE TICKER IS: VLO
VLO 2015-12-31 2020-12-31
Y is: 0.009356902912534215
this is Beta adj rsquare of VLO and the value is -0.1568215313457475:
RIGHT NOW THE TICKER IS: WMB
WMB 2015-12-31 2020-12-31
Y is: -0.18465067901048837
this is Beta adj rsquare of WMB and the value is 0.7909902629903571:
RIGHT NOW THE TICKER IS: XOM
XOM 2015-12-31 2020-12-31
Y is: -0.10796268346714566
this is Beta adj rsquare of XOM and the value is 0.0808038337784519:
RIGHT NOW THE TICKER IS: APA
APA 2015-12-31 2020-12-31
this is Beta adj rsquare of APA and the value is -0.394282614744482:
RIGHT NOW THE TICKER IS: COP
COP 2015-12-31 2020-12-31
Y is: 0.17422839722624084
this is Beta adj rsquare of COP and the value is 0.0908948862198724:
RIGHT NOW THE TICKER IS: CTRA
CTRA 2015-12-31 2020-12-31
Y is: -0.007506268082230094
this is Beta adj rsquare of CTRA and the value is 0.29984597316859285:
RIGHT NOW THE TICKER IS: EOG
EOG 2015-12-31 2020-12-31
Y is: 0.18200821006078516
this is Beta adj rsquare of EOG and the value is -0.4156557805736669:
RIGHT NOW THE TICKER IS: FANG
FANG 2015-12-31 2020-12-31
Y is: 0.039914723483587045
this is Beta adj rsquare of FANG and the value is 0.7043821933941866:
RIGHT NOW THE TICKER IS: HAL
HAL 2015-12-31 2020-12-31
Y is: -0.04005107176011369
this is Beta adj rsquare of HAL and the value is 0.5551802454883585:
RIGHT NOW THE TICKER IS: HES
HES 2015-12-31 2020-12-31
Y is: 0.3214144765126703
this is Beta adj rsquare of HES and the value is 0.6979752574318012:
RIGHT NOW THE TICKER IS: KMI
KMI 2015-12-31 2020-12-31
Y is: 0.1733067452825261
this is Beta adj rsquare of KMI and the value is 0.6860269664221814:
RIGHT NOW THE TICKER IS: MPC
MPC 2015-12-31 2020-12-31
Y is: -0.04035011521836185
this is Beta adj rsquare of MPC and the value is 0.6622010449487753:
RIGHT NOW THE TICKER IS: MRO
MRO 2015-12-31 2020-12-31
Y is: 0.29324251058176487
this is Beta adj rsquare of MRO and the value is 0.3558037081495674:
RIGHT NOW THE TICKER IS: OKE
OKE 2015-12-31 2020-12-31
Y is: 0.22680962890741752
this is Beta adj rsquare of OKE and the value is 0.5584012444611205:
RIGHT NOW THE TICKER IS: OXY
OXY 2015-12-31 2020-12-31
Y is: 0.28817736275457784
this is Beta adj rsquare of OXY and the value is 0.29636139295511865:
RIGHT NOW THE TICKER IS: PSX
PSX 2015-12-31 2020-12-31
Y is: 0.1708715565317307
this is Beta adj rsquare of PSX and the value is 0.7753712021940007:
RIGHT NOW THE TICKER IS: PXD
PXD 2015-12-31 2020-12-31
Y is: 0.10164167445535877
this is Beta adj rsquare of PXD and the value is 0.7189762582009598:
RIGHT NOW THE TICKER IS: SLB
SLB 2015-12-31 2020-12-31
Y is: 0.034732942920633114
this is Beta adj rsquare of SLB and the value is -0.16538802457622825:
RIGHT NOW THE TICKER IS: TRGP
TRGP 2015-12-31 2020-12-31
Y is: 0.12477276541969995
this is Beta adj rsquare of TRGP and the value is 0.8423061350583163:
RIGHT NOW THE TICKER IS: VLO
VLO 2015-12-31 2020-12-31
Y is: 0.1946750656623859
this is Beta adj rsquare of VLO and the value is -0.1568215313457475:
RIGHT NOW THE TICKER IS: WMB
WMB 2015-12-31 2020-12-31
Y is: 0.09050683607236576
this is Beta adj rsquare of WMB and the value is 0.7909902629903571:
RIGHT NOW THE TICKER IS: XOM
XOM 2015-12-31 2020-12-31
Y is: 0.10883263208894078
this is Beta adj rsquare of XOM and the value is 0.0808038337784519:
RIGHT NOW THE TICKER IS: APA
APA 2015-12-31 2020-12-31
this is Beta adj rsquare of APA and the value is -0.394282614744482:
RIGHT NOW THE TICKER IS: COP
COP 2015-12-31 2020-12-31
Y is: 0.11174947532846558
this is Beta adj rsquare of COP and the value is 0.0908948862198724:
RIGHT NOW THE TICKER IS: CTRA
CTRA 2015-12-31 2020-12-31
Y is: -0.05378146303902831
this is Beta adj rsquare of CTRA and the value is 0.29984597316859285:
RIGHT NOW THE TICKER IS: EOG
EOG 2015-12-31 2020-12-31
Y is: 0.02523506696092026
this is Beta adj rsquare of EOG and the value is -0.4156557805736669:
RIGHT NOW THE TICKER IS: FANG
FANG 2015-12-31 2020-12-31
Y is: 0.027513832299689733
this is Beta adj rsquare of FANG and the value is 0.7043821933941866:
RIGHT NOW THE TICKER IS: HAL
HAL 2015-12-31 2020-12-31
Y is: -0.10053267767273655
this is Beta adj rsquare of HAL and the value is 0.5551802454883585:
RIGHT NOW THE TICKER IS: HES
HES 2015-12-31 2020-12-31
Y is: 0.07011515150547387
this is Beta adj rsquare of HES and the value is 0.6979752574318012:
RIGHT NOW THE TICKER IS: KMI
KMI 2015-12-31 2020-12-31
Y is: 0.003395555499905001
this is Beta adj rsquare of KMI and the value is 0.6860269664221814:
RIGHT NOW THE TICKER IS: MPC
MPC 2015-12-31 2020-12-31
Y is: 0.13982321902146277
this is Beta adj rsquare of MPC and the value is 0.6622010449487753:
RIGHT NOW THE TICKER IS: MRO
MRO 2015-12-31 2020-12-31
Y is: 0.1160115055362485
this is Beta adj rsquare of MRO and the value is 0.3558037081495674:
RIGHT NOW THE TICKER IS: OKE
OKE 2015-12-31 2020-12-31
Y is: -0.029213817299659883
this is Beta adj rsquare of OKE and the value is 0.5584012444611205:
RIGHT NOW THE TICKER IS: OXY
OXY 2015-12-31 2020-12-31
Y is: -0.018044958541151845
this is Beta adj rsquare of OXY and the value is 0.29636139295511865:
RIGHT NOW THE TICKER IS: PSX
PSX 2015-12-31 2020-12-31
Y is: 0.0036506426054854213
this is Beta adj rsquare of PSX and the value is 0.7753712021940007:
RIGHT NOW THE TICKER IS: PXD
PXD 2015-12-31 2020-12-31
Y is: -0.07952865469717763
this is Beta adj rsquare of PXD and the value is 0.7189762582009598:
RIGHT NOW THE TICKER IS: SLB
SLB 2015-12-31 2020-12-31
Y is: -0.09115322574403384
this is Beta adj rsquare of SLB and the value is -0.16538802457622825:
RIGHT NOW THE TICKER IS: TRGP
TRGP 2015-12-31 2020-12-31
Y is: 0.1378056064562958
this is Beta adj rsquare of TRGP and the value is 0.8423061350583163:
RIGHT NOW THE TICKER IS: VLO
VLO 2015-12-31 2020-12-31
Y is: 0.02634664008574572
this is Beta adj rsquare of VLO and the value is -0.1568215313457475:
RIGHT NOW THE TICKER IS: WMB
WMB 2015-12-31 2020-12-31
Y is: 0.0029509377316470076
this is Beta adj rsquare of WMB and the value is 0.7909902629903571:
RIGHT NOW THE TICKER IS: XOM
XOM 2015-12-31 2020-12-31
Y is: 0.027680323863312095
this is Beta adj rsquare of XOM and the value is 0.0808038337784519:
RIGHT NOW THE TICKER IS: APA
APA 2015-12-31 2020-12-31
this is Beta adj rsquare of APA and the value is -0.394282614744482:
RIGHT NOW THE TICKER IS: COP
COP 2015-12-31 2020-12-31
Y is: -0.19444448003952308
this is Beta adj rsquare of COP and the value is 0.0908948862198724:
RIGHT NOW THE TICKER IS: CTRA
CTRA 2015-12-31 2020-12-31
Y is: -0.007548848705077993
this is Beta adj rsquare of CTRA and the value is 0.29984597316859285:
RIGHT NOW THE TICKER IS: EOG
EOG 2015-12-31 2020-12-31
Y is: -0.31637532889316966
this is Beta adj rsquare of EOG and the value is -0.4156557805736669:
RIGHT NOW THE TICKER IS: FANG
FANG 2015-12-31 2020-12-31
Y is: -0.3142984298086685
this is Beta adj rsquare of FANG and the value is 0.7043821933941866:
RIGHT NOW THE TICKER IS: HAL
HAL 2015-12-31 2020-12-31
Y is: -0.3441894713975818
this is Beta adj rsquare of HAL and the value is 0.5551802454883585:
RIGHT NOW THE TICKER IS: HES
HES 2015-12-31 2020-12-31
Y is: -0.4341995115396987
this is Beta adj rsquare of HES and the value is 0.6979752574318012:
RIGHT NOW THE TICKER IS: KMI
KMI 2015-12-31 2020-12-31
Y is: -0.13254368237276326
this is Beta adj rsquare of KMI and the value is 0.6860269664221814:
RIGHT NOW THE TICKER IS: MPC
MPC 2015-12-31 2020-12-31
Y is: -0.26209831910998727
this is Beta adj rsquare of MPC and the value is 0.6622010449487753:
RIGHT NOW THE TICKER IS: MRO
MRO 2015-12-31 2020-12-31
Y is: -0.3840206301706004
this is Beta adj rsquare of MRO and the value is 0.3558037081495674:
RIGHT NOW THE TICKER IS: OKE
OKE 2015-12-31 2020-12-31
Y is: -0.20415990508443593
this is Beta adj rsquare of OKE and the value is 0.5584012444611205:
RIGHT NOW THE TICKER IS: OXY
OXY 2015-12-31 2020-12-31
Y is: -0.2530120185482405
this is Beta adj rsquare of OXY and the value is 0.29636139295511865:
RIGHT NOW THE TICKER IS: PSX
PSX 2015-12-31 2020-12-31
Y is: -0.23571681517995002
this is Beta adj rsquare of PSX and the value is 0.7753712021940007:
RIGHT NOW THE TICKER IS: PXD
PXD 2015-12-31 2020-12-31
Y is: -0.24496238343700916
this is Beta adj rsquare of PXD and the value is 0.7189762582009598:
RIGHT NOW THE TICKER IS: SLB
SLB 2015-12-31 2020-12-31
Y is: -0.40774781819598127
this is Beta adj rsquare of SLB and the value is -0.16538802457622825:
RIGHT NOW THE TICKER IS: TRGP
TRGP 2015-12-31 2020-12-31
Y is: -0.36032677003540803
this is Beta adj rsquare of TRGP and the value is 0.8423061350583163:
RIGHT NOW THE TICKER IS: VLO
VLO 2015-12-31 2020-12-31
Y is: -0.3409230661916208
this is Beta adj rsquare of VLO and the value is -0.1568215313457475:
RIGHT NOW THE TICKER IS: WMB
WMB 2015-12-31 2020-12-31
Y is: -0.18904013225593042
this is Beta adj rsquare of WMB and the value is 0.7909902629903571:
RIGHT NOW THE TICKER IS: XOM
XOM 2015-12-31 2020-12-31
Y is: -0.19795336234034877
this is Beta adj rsquare of XOM and the value is 0.0808038337784519:
RIGHT NOW THE TICKER IS: APA
APA 2015-12-31 2020-12-31
this is Beta adj rsquare of APA and the value is -0.394282614744482:
RIGHT NOW THE TICKER IS: COP
COP 2015-12-31 2020-12-31
Y is: 0.07040897348971953
this is Beta adj rsquare of COP and the value is 0.0908948862198724:
RIGHT NOW THE TICKER IS: CTRA
CTRA 2015-12-31 2020-12-31
Y is: 0.16778523203557105
this is Beta adj rsquare of CTRA and the value is 0.29984597316859285:
RIGHT NOW THE TICKER IS: EOG
EOG 2015-12-31 2020-12-31
Y is: 0.09138861718119373
this is Beta adj rsquare of EOG and the value is -0.4156557805736669:
RIGHT NOW THE TICKER IS: FANG
FANG 2015-12-31 2020-12-31
Y is: 0.09525352882141713
this is Beta adj rsquare of FANG and the value is 0.7043821933941866:
RIGHT NOW THE TICKER IS: HAL
HAL 2015-12-31 2020-12-31
Y is: 0.10233255534845176
this is Beta adj rsquare of HAL and the value is 0.5551802454883585:
RIGHT NOW THE TICKER IS: HES
HES 2015-12-31 2020-12-31
Y is: 0.48716048252435384
this is Beta adj rsquare of HES and the value is 0.6979752574318012:
RIGHT NOW THE TICKER IS: KMI
KMI 2015-12-31 2020-12-31
Y is: 0.30104031729451175
this is Beta adj rsquare of KMI and the value is 0.6860269664221814:
RIGHT NOW THE TICKER IS: MPC
MPC 2015-12-31 2020-12-31
Y is: 0.014234878435530396
this is Beta adj rsquare of MPC and the value is 0.6622010449487753:
RIGHT NOW THE TICKER IS: MRO
MRO 2015-12-31 2020-12-31
Y is: 0.16527189028356193
this is Beta adj rsquare of MRO and the value is 0.3558037081495674:
RIGHT NOW THE TICKER IS: OKE
OKE 2015-12-31 2020-12-31
Y is: 0.2945318878635992
this is Beta adj rsquare of OKE and the value is 0.5584012444611205:
RIGHT NOW THE TICKER IS: OXY
OXY 2015-12-31 2020-12-31
Y is: 0.07852713907218822
this is Beta adj rsquare of OXY and the value is 0.29636139295511865:
RIGHT NOW THE TICKER IS: PSX
PSX 2015-12-31 2020-12-31
Y is: 0.10470106190719997
this is Beta adj rsquare of PSX and the value is 0.7753712021940007:
RIGHT NOW THE TICKER IS: PXD
PXD 2015-12-31 2020-12-31
Y is: 0.15784666843401918
this is Beta adj rsquare of PXD and the value is 0.7189762582009598:
RIGHT NOW THE TICKER IS: SLB
SLB 2015-12-31 2020-12-31
Y is: 0.20759416528972463
this is Beta adj rsquare of SLB and the value is -0.16538802457622825:
RIGHT NOW THE TICKER IS: TRGP
TRGP 2015-12-31 2020-12-31
Y is: 0.15352578314876042
this is Beta adj rsquare of TRGP and the value is 0.8423061350583163:
RIGHT NOW THE TICKER IS: VLO
VLO 2015-12-31 2020-12-31
Y is: 0.13151928037622462
this is Beta adj rsquare of VLO and the value is -0.1568215313457475:
RIGHT NOW THE TICKER IS: WMB
WMB 2015-12-31 2020-12-31
Y is: 0.3024943449922364
this is Beta adj rsquare of WMB and the value is 0.7909902629903571:
RIGHT NOW THE TICKER IS: XOM
XOM 2015-12-31 2020-12-31
Y is: 0.18492447805947765
this is Beta adj rsquare of XOM and the value is 0.0808038337784519:
RIGHT NOW THE TICKER IS: APA
APA 2015-12-31 2020-12-31
this is Beta adj rsquare of APA and the value is -0.394282614744482:
RIGHT NOW THE TICKER IS: COP
COP 2015-12-31 2020-12-31
Y is: -0.08600536481115995
this is Beta adj rsquare of COP and the value is 0.0908948862198724:
RIGHT NOW THE TICKER IS: CTRA
CTRA 2015-12-31 2020-12-31
Y is: -0.12030656134497164
this is Beta adj rsquare of CTRA and the value is 0.29984597316859285:
RIGHT NOW THE TICKER IS: EOG
EOG 2015-12-31 2020-12-31
Y is: -0.021222910659694172
this is Beta adj rsquare of EOG and the value is -0.4156557805736669:
RIGHT NOW THE TICKER IS: FANG
FANG 2015-12-31 2020-12-31
Y is: 0.07327885876940798
this is Beta adj rsquare of FANG and the value is 0.7043821933941866:
RIGHT NOW THE TICKER IS: HAL
HAL 2015-12-31 2020-12-31
Y is: -0.22389077258557977
this is Beta adj rsquare of HAL and the value is 0.5551802454883585:
RIGHT NOW THE TICKER IS: HES
HES 2015-12-31 2020-12-31
Y is: 0.0554540955997469
this is Beta adj rsquare of HES and the value is 0.6979752574318012:
RIGHT NOW THE TICKER IS: KMI
KMI 2015-12-31 2020-12-31
Y is: 0.04347820699317295
this is Beta adj rsquare of KMI and the value is 0.6860269664221814:
RIGHT NOW THE TICKER IS: MPC
MPC 2015-12-31 2020-12-31
Y is: -0.06633245626100504
this is Beta adj rsquare of MPC and the value is 0.6622010449487753:
RIGHT NOW THE TICKER IS: MRO
MRO 2015-12-31 2020-12-31
Y is: -0.1496109624954285
this is Beta adj rsquare of MRO and the value is 0.3558037081495674:
RIGHT NOW THE TICKER IS: OKE
OKE 2015-12-31 2020-12-31
Y is: -0.01474797871285205
this is Beta adj rsquare of OKE and the value is 0.5584012444611205:
RIGHT NOW THE TICKER IS: OXY
OXY 2015-12-31 2020-12-31
Y is: -0.24048336711242146
this is Beta adj rsquare of OXY and the value is 0.29636139295511865:
RIGHT NOW THE TICKER IS: PSX
PSX 2015-12-31 2020-12-31
Y is: -0.017127217450655152
this is Beta adj rsquare of PSX and the value is 0.7753712021940007:
RIGHT NOW THE TICKER IS: PXD
PXD 2015-12-31 2020-12-31
Y is: 0.01037563595823654
this is Beta adj rsquare of PXD and the value is 0.7189762582009598:
RIGHT NOW THE TICKER IS: SLB
SLB 2015-12-31 2020-12-31
Y is: -0.08790447654771039
this is Beta adj rsquare of SLB and the value is -0.16538802457622825:
RIGHT NOW THE TICKER IS: TRGP
TRGP 2015-12-31 2020-12-31
Y is: -0.05511434314262942
this is Beta adj rsquare of TRGP and the value is 0.8423061350583163:
RIGHT NOW THE TICKER IS: VLO
VLO 2015-12-31 2020-12-31
Y is: 0.0091948457203892
this is Beta adj rsquare of VLO and the value is -0.1568215313457475:
RIGHT NOW THE TICKER IS: WMB
WMB 2015-12-31 2020-12-31
Y is: -0.023676825002950208
this is Beta adj rsquare of WMB and the value is 0.7909902629903571:
RIGHT NOW THE TICKER IS: XOM
XOM 2015-12-31 2020-12-31
Y is: -0.05160898070348685
this is Beta adj rsquare of XOM and the value is 0.0808038337784519:
RIGHT NOW THE TICKER IS: APA
APA 2015-12-31 2020-12-31
this is Beta adj rsquare of APA and the value is -0.394282614744482:
RIGHT NOW THE TICKER IS: COP
COP 2015-12-31 2020-12-31
Y is: -0.0659016468485848
this is Beta adj rsquare of COP and the value is 0.0908948862198724:
RIGHT NOW THE TICKER IS: CTRA
CTRA 2015-12-31 2020-12-31
Y is: -0.23475608033859097
this is Beta adj rsquare of CTRA and the value is 0.29984597316859285:
RIGHT NOW THE TICKER IS: EOG
EOG 2015-12-31 2020-12-31
Y is: -0.20330615818888864
this is Beta adj rsquare of EOG and the value is -0.4156557805736669:
RIGHT NOW THE TICKER IS: FANG
FANG 2015-12-31 2020-12-31
Y is: -0.17491050146902776
this is Beta adj rsquare of FANG and the value is 0.7043821933941866:
RIGHT NOW THE TICKER IS: HAL
HAL 2015-12-31 2020-12-31
Y is: -0.17106417892708536
this is Beta adj rsquare of HAL and the value is 0.5551802454883585:
RIGHT NOW THE TICKER IS: HES
HES 2015-12-31 2020-12-31
Y is: -0.04860783651756839
this is Beta adj rsquare of HES and the value is 0.6979752574318012:
RIGHT NOW THE TICKER IS: KMI
KMI 2015-12-31 2020-12-31
Y is: -0.012930965577928166
this is Beta adj rsquare of KMI and the value is 0.6860269664221814:
RIGHT NOW THE TICKER IS: MPC
MPC 2015-12-31 2020-12-31
Y is: 0.08715101715815021
this is Beta adj rsquare of MPC and the value is 0.6622010449487753:
RIGHT NOW THE TICKER IS: MRO
MRO 2015-12-31 2020-12-31
Y is: -0.13652354505104436
this is Beta adj rsquare of MRO and the value is 0.3558037081495674:
RIGHT NOW THE TICKER IS: OKE
OKE 2015-12-31 2020-12-31
Y is: 0.07091999790665637
this is Beta adj rsquare of OKE and the value is 0.5584012444611205:
RIGHT NOW THE TICKER IS: OXY
OXY 2015-12-31 2020-12-31
Y is: -0.11555285798825554
this is Beta adj rsquare of OXY and the value is 0.29636139295511865:
RIGHT NOW THE TICKER IS: PSX
PSX 2015-12-31 2020-12-31
Y is: 0.09471884245920315
this is Beta adj rsquare of PSX and the value is 0.7753712021940007:
RIGHT NOW THE TICKER IS: PXD
PXD 2015-12-31 2020-12-31
Y is: -0.18256859388960178
this is Beta adj rsquare of PXD and the value is 0.7189762582009598:
RIGHT NOW THE TICKER IS: SLB
SLB 2015-12-31 2020-12-31
Y is: -0.14016112919641877
this is Beta adj rsquare of SLB and the value is -0.16538802457622825:
RIGHT NOW THE TICKER IS: TRGP
TRGP 2015-12-31 2020-12-31
Y is: 0.023178805051374596
this is Beta adj rsquare of TRGP and the value is 0.8423061350583163:
RIGHT NOW THE TICKER IS: VLO
VLO 2015-12-31 2020-12-31
Y is: -0.004321957060438253
this is Beta adj rsquare of VLO and the value is -0.1568215313457475:
RIGHT NOW THE TICKER IS: WMB
WMB 2015-12-31 2020-12-31
Y is: -0.1419401326545966
this is Beta adj rsquare of WMB and the value is 0.7909902629903571:
RIGHT NOW THE TICKER IS: XOM
XOM 2015-12-31 2020-12-31
Y is: -0.07855926998350371
this is Beta adj rsquare of XOM and the value is 0.0808038337784519:
RIGHT NOW THE TICKER IS: APA
APA 2015-12-31 2020-12-31
this is Beta adj rsquare of APA and the value is -0.394282614744482:
RIGHT NOW THE TICKER IS: COP
COP 2015-12-31 2020-12-31
Y is: 0.1412776290230311
this is Beta adj rsquare of COP and the value is 0.0908948862198724:
RIGHT NOW THE TICKER IS: CTRA
CTRA 2015-12-31 2020-12-31
Y is: -0.009106422890789334
this is Beta adj rsquare of CTRA and the value is 0.29984597316859285:
RIGHT NOW THE TICKER IS: EOG
EOG 2015-12-31 2020-12-31
Y is: 0.12853679275966146
this is Beta adj rsquare of EOG and the value is -0.4156557805736669:
RIGHT NOW THE TICKER IS: FANG
FANG 2015-12-31 2020-12-31
Y is: 0.03281055308738012
this is Beta adj rsquare of FANG and the value is 0.7043821933941866:
RIGHT NOW THE TICKER IS: HAL
HAL 2015-12-31 2020-12-31
Y is: 0.29814317337677276
this is Beta adj rsquare of HAL and the value is 0.5551802454883585:
RIGHT NOW THE TICKER IS: HES
HES 2015-12-31 2020-12-31
Y is: 0.10466266640655064
this is Beta adj rsquare of HES and the value is 0.6979752574318012:
RIGHT NOW THE TICKER IS: KMI
KMI 2015-12-31 2020-12-31
Y is: 0.027171249362366368
this is Beta adj rsquare of KMI and the value is 0.6860269664221814:
RIGHT NOW THE TICKER IS: MPC
MPC 2015-12-31 2020-12-31
Y is: -0.008230452674897082
this is Beta adj rsquare of MPC and the value is 0.6622010449487753:
RIGHT NOW THE TICKER IS: MRO
MRO 2015-12-31 2020-12-31
Y is: 0.10676441866907194
this is Beta adj rsquare of MRO and the value is 0.3558037081495674:
RIGHT NOW THE TICKER IS: OKE
OKE 2015-12-31 2020-12-31
Y is: 0.02686925854173272
this is Beta adj rsquare of OKE and the value is 0.5584012444611205:
RIGHT NOW THE TICKER IS: OXY
OXY 2015-12-31 2020-12-31
Y is: -0.0733078940126668
this is Beta adj rsquare of OXY and the value is 0.29636139295511865:
RIGHT NOW THE TICKER IS: PSX
PSX 2015-12-31 2020-12-31
Y is: 0.0879883008004978
this is Beta adj rsquare of PSX and the value is 0.7753712021940007:
RIGHT NOW THE TICKER IS: PXD
PXD 2015-12-31 2020-12-31
Y is: 0.20354614898156953
this is Beta adj rsquare of PXD and the value is 0.7189762582009598:
RIGHT NOW THE TICKER IS: SLB
SLB 2015-12-31 2020-12-31
Y is: 0.1764706736061339
this is Beta adj rsquare of SLB and the value is -0.16538802457622825:
RIGHT NOW THE TICKER IS: TRGP
TRGP 2015-12-31 2020-12-31
Y is: 0.016430263684194424
this is Beta adj rsquare of TRGP and the value is 0.8423061350583163:
RIGHT NOW THE TICKER IS: VLO
VLO 2015-12-31 2020-12-31
Y is: 0.09866264515339651
this is Beta adj rsquare of VLO and the value is -0.1568215313457475:
RIGHT NOW THE TICKER IS: WMB
WMB 2015-12-31 2020-12-31
Y is: -0.014131344976510696
this is Beta adj rsquare of WMB and the value is 0.7909902629903571:
RIGHT NOW THE TICKER IS: XOM
XOM 2015-12-31 2020-12-31
Y is: -0.011754734795073829
this is Beta adj rsquare of XOM and the value is 0.0808038337784519:
APA 2015-12-31 2016-03-31
COP 2015-12-31 2016-03-31
CTRA 2015-12-31 2016-03-31
EOG 2015-12-31 2016-03-31
FANG 2015-12-31 2016-03-31
HAL 2015-12-31 2016-03-31
HES 2015-12-31 2016-03-31
KMI 2015-12-31 2016-03-31
MPC 2015-12-31 2016-03-31
MRO 2015-12-31 2016-03-31
OKE 2015-12-31 2016-03-31
OXY 2015-12-31 2016-03-31
PSX 2015-12-31 2016-03-31
PXD 2015-12-31 2016-03-31
SLB 2015-12-31 2016-03-31
TRGP 2015-12-31 2016-03-31
VLO 2015-12-31 2016-03-31
WMB 2015-12-31 2016-03-31
XOM 2015-12-31 2016-03-31
this is adj rsquare: 0.32020310143582076
APA 2016-03-31 2016-06-30
COP 2016-03-31 2016-06-30
CTRA 2016-03-31 2016-06-30
EOG 2016-03-31 2016-06-30
FANG 2016-03-31 2016-06-30
HAL 2016-03-31 2016-06-30
HES 2016-03-31 2016-06-30
KMI 2016-03-31 2016-06-30
MPC 2016-03-31 2016-06-30
MRO 2016-03-31 2016-06-30
OKE 2016-03-31 2016-06-30
OXY 2016-03-31 2016-06-30
PSX 2016-03-31 2016-06-30
PXD 2016-03-31 2016-06-30
SLB 2016-03-31 2016-06-30
TRGP 2016-03-31 2016-06-30
VLO 2016-03-31 2016-06-30
WMB 2016-03-31 2016-06-30
XOM 2016-03-31 2016-06-30
this is adj rsquare: 0.5274836902784437
APA 2016-06-30 2016-09-30
COP 2016-06-30 2016-09-30
CTRA 2016-06-30 2016-09-30
EOG 2016-06-30 2016-09-30
FANG 2016-06-30 2016-09-30
HAL 2016-06-30 2016-09-30
HES 2016-06-30 2016-09-30
KMI 2016-06-30 2016-09-30
MPC 2016-06-30 2016-09-30
MRO 2016-06-30 2016-09-30
OKE 2016-06-30 2016-09-30
OXY 2016-06-30 2016-09-30
PSX 2016-06-30 2016-09-30
PXD 2016-06-30 2016-09-30
SLB 2016-06-30 2016-09-30
TRGP 2016-06-30 2016-09-30
VLO 2016-06-30 2016-09-30
WMB 2016-06-30 2016-09-30
XOM 2016-06-30 2016-09-30
this is adj rsquare: -0.43964363979753185
APA 2016-09-30 2016-12-31
COP 2016-09-30 2016-12-31
CTRA 2016-09-30 2016-12-31
EOG 2016-09-30 2016-12-31
FANG 2016-09-30 2016-12-31
HAL 2016-09-30 2016-12-31
HES 2016-09-30 2016-12-31
KMI 2016-09-30 2016-12-31
MPC 2016-09-30 2016-12-31
MRO 2016-09-30 2016-12-31
OKE 2016-09-30 2016-12-31
OXY 2016-09-30 2016-12-31
PSX 2016-09-30 2016-12-31
PXD 2016-09-30 2016-12-31
SLB 2016-09-30 2016-12-31
TRGP 2016-09-30 2016-12-31
VLO 2016-09-30 2016-12-31
WMB 2016-09-30 2016-12-31
XOM 2016-09-30 2016-12-31
this is adj rsquare: -0.19407051578510015
APA 2016-12-31 2017-03-31
COP 2016-12-31 2017-03-31
CTRA 2016-12-31 2017-03-31
EOG 2016-12-31 2017-03-31
FANG 2016-12-31 2017-03-31
HAL 2016-12-31 2017-03-31
HES 2016-12-31 2017-03-31
KMI 2016-12-31 2017-03-31
MPC 2016-12-31 2017-03-31
MRO 2016-12-31 2017-03-31
OKE 2016-12-31 2017-03-31
OXY 2016-12-31 2017-03-31
PSX 2016-12-31 2017-03-31
PXD 2016-12-31 2017-03-31
SLB 2016-12-31 2017-03-31
TRGP 2016-12-31 2017-03-31
VLO 2016-12-31 2017-03-31
WMB 2016-12-31 2017-03-31
XOM 2016-12-31 2017-03-31
this is adj rsquare: 0.6301078344295041
APA 2017-03-31 2017-06-30
COP 2017-03-31 2017-06-30
CTRA 2017-03-31 2017-06-30
EOG 2017-03-31 2017-06-30
FANG 2017-03-31 2017-06-30
HAL 2017-03-31 2017-06-30
HES 2017-03-31 2017-06-30
KMI 2017-03-31 2017-06-30
MPC 2017-03-31 2017-06-30
MRO 2017-03-31 2017-06-30
OKE 2017-03-31 2017-06-30
OXY 2017-03-31 2017-06-30
PSX 2017-03-31 2017-06-30
PXD 2017-03-31 2017-06-30
SLB 2017-03-31 2017-06-30
TRGP 2017-03-31 2017-06-30
VLO 2017-03-31 2017-06-30
WMB 2017-03-31 2017-06-30
XOM 2017-03-31 2017-06-30
this is adj rsquare: -0.3953447175995548
APA 2017-06-30 2017-09-30
COP 2017-06-30 2017-09-30
CTRA 2017-06-30 2017-09-30
EOG 2017-06-30 2017-09-30
FANG 2017-06-30 2017-09-30
HAL 2017-06-30 2017-09-30
HES 2017-06-30 2017-09-30
KMI 2017-06-30 2017-09-30
MPC 2017-06-30 2017-09-30
MRO 2017-06-30 2017-09-30
OKE 2017-06-30 2017-09-30
OXY 2017-06-30 2017-09-30
PSX 2017-06-30 2017-09-30
PXD 2017-06-30 2017-09-30
SLB 2017-06-30 2017-09-30
TRGP 2017-06-30 2017-09-30
VLO 2017-06-30 2017-09-30
WMB 2017-06-30 2017-09-30
XOM 2017-06-30 2017-09-30
this is adj rsquare: -0.18718975534064253
APA 2017-09-30 2017-12-31
COP 2017-09-30 2017-12-31
CTRA 2017-09-30 2017-12-31
EOG 2017-09-30 2017-12-31
FANG 2017-09-30 2017-12-31
HAL 2017-09-30 2017-12-31
HES 2017-09-30 2017-12-31
KMI 2017-09-30 2017-12-31
MPC 2017-09-30 2017-12-31
MRO 2017-09-30 2017-12-31
OKE 2017-09-30 2017-12-31
OXY 2017-09-30 2017-12-31
PSX 2017-09-30 2017-12-31
PXD 2017-09-30 2017-12-31
SLB 2017-09-30 2017-12-31
TRGP 2017-09-30 2017-12-31
VLO 2017-09-30 2017-12-31
WMB 2017-09-30 2017-12-31
XOM 2017-09-30 2017-12-31
this is adj rsquare: 0.14216157316855782
APA 2017-12-31 2018-03-31
COP 2017-12-31 2018-03-31
CTRA 2017-12-31 2018-03-31
EOG 2017-12-31 2018-03-31
FANG 2017-12-31 2018-03-31
HAL 2017-12-31 2018-03-31
HES 2017-12-31 2018-03-31
KMI 2017-12-31 2018-03-31
MPC 2017-12-31 2018-03-31
MRO 2017-12-31 2018-03-31
OKE 2017-12-31 2018-03-31
OXY 2017-12-31 2018-03-31
PSX 2017-12-31 2018-03-31
PXD 2017-12-31 2018-03-31
SLB 2017-12-31 2018-03-31
TRGP 2017-12-31 2018-03-31
VLO 2017-12-31 2018-03-31
WMB 2017-12-31 2018-03-31
XOM 2017-12-31 2018-03-31
this is adj rsquare: -0.4460935130975836
APA 2018-03-31 2018-06-30
COP 2018-03-31 2018-06-30
CTRA 2018-03-31 2018-06-30
EOG 2018-03-31 2018-06-30
FANG 2018-03-31 2018-06-30
HAL 2018-03-31 2018-06-30
HES 2018-03-31 2018-06-30
KMI 2018-03-31 2018-06-30
MPC 2018-03-31 2018-06-30
MRO 2018-03-31 2018-06-30
OKE 2018-03-31 2018-06-30
OXY 2018-03-31 2018-06-30
PSX 2018-03-31 2018-06-30
PXD 2018-03-31 2018-06-30
SLB 2018-03-31 2018-06-30
TRGP 2018-03-31 2018-06-30
VLO 2018-03-31 2018-06-30
WMB 2018-03-31 2018-06-30
XOM 2018-03-31 2018-06-30
this is adj rsquare: 0.5045159039840439
APA 2018-06-30 2018-09-30
COP 2018-06-30 2018-09-30
CTRA 2018-06-30 2018-09-30
EOG 2018-06-30 2018-09-30
FANG 2018-06-30 2018-09-30
HAL 2018-06-30 2018-09-30
HES 2018-06-30 2018-09-30
KMI 2018-06-30 2018-09-30
MPC 2018-06-30 2018-09-30
MRO 2018-06-30 2018-09-30
OKE 2018-06-30 2018-09-30
OXY 2018-06-30 2018-09-30
PSX 2018-06-30 2018-09-30
PXD 2018-06-30 2018-09-30
SLB 2018-06-30 2018-09-30
TRGP 2018-06-30 2018-09-30
VLO 2018-06-30 2018-09-30
WMB 2018-06-30 2018-09-30
XOM 2018-06-30 2018-09-30
this is adj rsquare: 0.3594090305458978
APA 2018-09-30 2018-12-31
COP 2018-09-30 2018-12-31
CTRA 2018-09-30 2018-12-31
EOG 2018-09-30 2018-12-31
FANG 2018-09-30 2018-12-31
HAL 2018-09-30 2018-12-31
HES 2018-09-30 2018-12-31
KMI 2018-09-30 2018-12-31
MPC 2018-09-30 2018-12-31
MRO 2018-09-30 2018-12-31
OKE 2018-09-30 2018-12-31
OXY 2018-09-30 2018-12-31
PSX 2018-09-30 2018-12-31
PXD 2018-09-30 2018-12-31
SLB 2018-09-30 2018-12-31
TRGP 2018-09-30 2018-12-31
VLO 2018-09-30 2018-12-31
WMB 2018-09-30 2018-12-31
XOM 2018-09-30 2018-12-31
this is adj rsquare: 0.41771748123629604
APA 2018-12-31 2019-03-31
COP 2018-12-31 2019-03-31
CTRA 2018-12-31 2019-03-31
EOG 2018-12-31 2019-03-31
FANG 2018-12-31 2019-03-31
HAL 2018-12-31 2019-03-31
HES 2018-12-31 2019-03-31
KMI 2018-12-31 2019-03-31
MPC 2018-12-31 2019-03-31
MRO 2018-12-31 2019-03-31
OKE 2018-12-31 2019-03-31
OXY 2018-12-31 2019-03-31
PSX 2018-12-31 2019-03-31
PXD 2018-12-31 2019-03-31
SLB 2018-12-31 2019-03-31
TRGP 2018-12-31 2019-03-31
VLO 2018-12-31 2019-03-31
WMB 2018-12-31 2019-03-31
XOM 2018-12-31 2019-03-31
this is adj rsquare: -0.08989146446998264
APA 2019-03-31 2019-06-30
COP 2019-03-31 2019-06-30
CTRA 2019-03-31 2019-06-30
EOG 2019-03-31 2019-06-30
FANG 2019-03-31 2019-06-30
HAL 2019-03-31 2019-06-30
HES 2019-03-31 2019-06-30
KMI 2019-03-31 2019-06-30
MPC 2019-03-31 2019-06-30
MRO 2019-03-31 2019-06-30
OKE 2019-03-31 2019-06-30
OXY 2019-03-31 2019-06-30
PSX 2019-03-31 2019-06-30
PXD 2019-03-31 2019-06-30
SLB 2019-03-31 2019-06-30
TRGP 2019-03-31 2019-06-30
VLO 2019-03-31 2019-06-30
WMB 2019-03-31 2019-06-30
XOM 2019-03-31 2019-06-30
this is adj rsquare: 0.038830329678302467
APA 2019-06-30 2019-09-30
COP 2019-06-30 2019-09-30
CTRA 2019-06-30 2019-09-30
EOG 2019-06-30 2019-09-30
FANG 2019-06-30 2019-09-30
HAL 2019-06-30 2019-09-30
HES 2019-06-30 2019-09-30
KMI 2019-06-30 2019-09-30
MPC 2019-06-30 2019-09-30
MRO 2019-06-30 2019-09-30
OKE 2019-06-30 2019-09-30
OXY 2019-06-30 2019-09-30
PSX 2019-06-30 2019-09-30
PXD 2019-06-30 2019-09-30
SLB 2019-06-30 2019-09-30
TRGP 2019-06-30 2019-09-30
VLO 2019-06-30 2019-09-30
WMB 2019-06-30 2019-09-30
XOM 2019-06-30 2019-09-30
this is adj rsquare: 0.2144882754125058
APA 2019-09-30 2019-12-31
COP 2019-09-30 2019-12-31
CTRA 2019-09-30 2019-12-31
EOG 2019-09-30 2019-12-31
FANG 2019-09-30 2019-12-31
HAL 2019-09-30 2019-12-31
HES 2019-09-30 2019-12-31
KMI 2019-09-30 2019-12-31
MPC 2019-09-30 2019-12-31
MRO 2019-09-30 2019-12-31
OKE 2019-09-30 2019-12-31
OXY 2019-09-30 2019-12-31
PSX 2019-09-30 2019-12-31
PXD 2019-09-30 2019-12-31
SLB 2019-09-30 2019-12-31
TRGP 2019-09-30 2019-12-31
VLO 2019-09-30 2019-12-31
WMB 2019-09-30 2019-12-31
XOM 2019-09-30 2019-12-31
this is adj rsquare: -0.03279326467904742
APA 2019-12-31 2020-03-31
COP 2019-12-31 2020-03-31
CTRA 2019-12-31 2020-03-31
EOG 2019-12-31 2020-03-31
FANG 2019-12-31 2020-03-31
HAL 2019-12-31 2020-03-31
HES 2019-12-31 2020-03-31
KMI 2019-12-31 2020-03-31
MPC 2019-12-31 2020-03-31
MRO 2019-12-31 2020-03-31
OKE 2019-12-31 2020-03-31
OXY 2019-12-31 2020-03-31
PSX 2019-12-31 2020-03-31
PXD 2019-12-31 2020-03-31
SLB 2019-12-31 2020-03-31
TRGP 2019-12-31 2020-03-31
VLO 2019-12-31 2020-03-31
WMB 2019-12-31 2020-03-31
XOM 2019-12-31 2020-03-31
this is adj rsquare: 0.3991164587590801
APA 2020-03-31 2020-06-30
COP 2020-03-31 2020-06-30
CTRA 2020-03-31 2020-06-30
EOG 2020-03-31 2020-06-30
FANG 2020-03-31 2020-06-30
HAL 2020-03-31 2020-06-30
HES 2020-03-31 2020-06-30
KMI 2020-03-31 2020-06-30
MPC 2020-03-31 2020-06-30
MRO 2020-03-31 2020-06-30
OKE 2020-03-31 2020-06-30
OXY 2020-03-31 2020-06-30
PSX 2020-03-31 2020-06-30
PXD 2020-03-31 2020-06-30
SLB 2020-03-31 2020-06-30
TRGP 2020-03-31 2020-06-30
VLO 2020-03-31 2020-06-30
WMB 2020-03-31 2020-06-30
XOM 2020-03-31 2020-06-30
this is adj rsquare: 0.5720260098125969
APA 2020-06-30 2020-09-30
COP 2020-06-30 2020-09-30
CTRA 2020-06-30 2020-09-30
EOG 2020-06-30 2020-09-30
FANG 2020-06-30 2020-09-30
HAL 2020-06-30 2020-09-30
HES 2020-06-30 2020-09-30
KMI 2020-06-30 2020-09-30
MPC 2020-06-30 2020-09-30
MRO 2020-06-30 2020-09-30
OKE 2020-06-30 2020-09-30
OXY 2020-06-30 2020-09-30
PSX 2020-06-30 2020-09-30
PXD 2020-06-30 2020-09-30
SLB 2020-06-30 2020-09-30
TRGP 2020-06-30 2020-09-30
VLO 2020-06-30 2020-09-30
WMB 2020-06-30 2020-09-30
XOM 2020-06-30 2020-09-30
this is adj rsquare: 0.10327654319788893
APA 2020-09-30 2020-12-31
COP 2020-09-30 2020-12-31
CTRA 2020-09-30 2020-12-31
EOG 2020-09-30 2020-12-31
FANG 2020-09-30 2020-12-31
HAL 2020-09-30 2020-12-31
HES 2020-09-30 2020-12-31
KMI 2020-09-30 2020-12-31
MPC 2020-09-30 2020-12-31
MRO 2020-09-30 2020-12-31
OKE 2020-09-30 2020-12-31
OXY 2020-09-30 2020-12-31
PSX 2020-09-30 2020-12-31
PXD 2020-09-30 2020-12-31
SLB 2020-09-30 2020-12-31
TRGP 2020-09-30 2020-12-31
VLO 2020-09-30 2020-12-31
WMB 2020-09-30 2020-12-31
XOM 2020-09-30 2020-12-31
this is adj rsquare: 0.29049965955992463
12
20
T-values: {'Constant': 0.368756930649545, 'Price/Earnings': 1.229139069009125, 'Price/Book Value': 0.010482835015177544, 'Return on Assets': -1.0885054067543134, 'Return on Equity ': -1.0586301381902343, 'Free Cash Flow per Share': -0.04149211508211244, 'Price/Cash Flow': 0.7069753933300338, 'Enterprise Value/EBITDA': 1.0570365579266237, 'Gross Margin': -0.9461773072327959, 'Net Margin': -1.0842425791034667, 'Sales per Share': -0.8407579970096595, '4': -0.2635618683060078}
P-values: {'Constant': 0.7163859434330164, 'Price/Earnings': 0.23402537834895965, 'Price/Book Value': 0.9917453499199369, 'Return on Assets': 0.28998700283069045, 'Return on Equity ': 0.30304211670724546, 'Free Cash Flow per Share': 0.9673365005765734, 'Price/Cash Flow': 0.48816268383278116, 'Enterprise Value/EBITDA': 0.3037501796840204, 'Gross Margin': 0.3559369929261852, 'Net Margin': 0.2918244111868661, 'Sales per Share': 0.41093992910110466, '4': 0.794954777465009}
{'Constant': 0.01953690163576572, 'Price/Earnings': 0.045409683467634826, 'Price/Book Value': 0.00014215366883457773, 'Return on Assets': -0.19688773258334993, 'Return on Equity ': -0.18160014664807464, 'Free Cash Flow per Share': -0.0008117642014693234, 'Price/Cash Flow': 0.03362314568390474, 'Enterprise Value/EBITDA': 0.09492362901287733, 'Gross Margin': -0.04046410517520283, 'Net Margin': -0.12444244087130425, 'Sales per Share': -0.042176664137883194, '4': -0.005088676811640072}
this is the average adj r-square: 0.13674045103647098
this is the median adj r-square: 0.17832492429053182
