Namespace(end_date=2020, feature_names='Price/Earnings,Price/Book Value,Return on Assets,Return on Equity ,Free Cash Flow per Share,Price/Cash Flow,Enterprise Value/EBITDA,Gross Margin,Net Margin,Sales per Share', new_feature='6', path_to_file='./Information Technology/', start_date=2016, y='3M Return')
['2015-12-31', '2016-03-31', '2016-06-30', '2016-09-30', '2016-12-31', '2017-03-31', '2017-06-30', '2017-09-30', '2017-12-31', '2018-03-31', '2018-06-30', '2018-09-30', '2018-12-31', '2019-03-31', '2019-06-30', '2019-09-30', '2019-12-31', '2020-03-31', '2020-06-30', '2020-09-30', '2020-12-31']
AAPL 2015-12-31 2020-12-31
this is Beta adj rsquare of AAPL and the value is 0.8813101957913481:
AKAM 2015-12-31 2020-12-31
Y is: 0.00647832665698389
this is Beta adj rsquare of AKAM and the value is 0.11586027574901248:
AMD 2015-12-31 2020-12-31
Y is: 0.8035087854321392
this is Beta adj rsquare of AMD and the value is -0.17041415311570485:
ANET 2015-12-31 2020-12-31
Y is: 0.020285242634702216
this is Beta adj rsquare of ANET and the value is 0.5396752276228274:
ANSS 2015-12-31 2020-12-31
Y is: 0.0144198628295229
this is Beta adj rsquare of ANSS and the value is 0.5382620108499158:
APH 2015-12-31 2020-12-31
Y is: -0.008474539369694889
this is Beta adj rsquare of APH and the value is 0.3140198926512108:
CDNS 2015-12-31 2020-12-31
Y is: 0.030534322124006863
this is Beta adj rsquare of CDNS and the value is 0.811930546864862:
CDW 2015-12-31 2020-12-31
Y is: -0.03421682334807985
this is Beta adj rsquare of CDW and the value is 0.8602511425579046:
CTSH 2015-12-31 2020-12-31
Y is: -0.08708132405159297
this is Beta adj rsquare of CTSH and the value is 0.5135969527344856:
ENPH 2015-12-31 2020-12-31
Y is: -0.14592271472203056
this is Beta adj rsquare of ENPH and the value is 0.03731977664501884:
EPAM 2015-12-31 2020-12-31
Y is: -0.13874381765634236
this is Beta adj rsquare of EPAM and the value is 0.6559454610583783:
FFIV 2015-12-31 2020-12-31
Y is: 0.07548415662682295
this is Beta adj rsquare of FFIV and the value is 0.495549106572971:
FSLR 2015-12-31 2020-12-31
Y is: -0.291952699314725
this is Beta adj rsquare of FSLR and the value is 0.3414433324124698:
FTNT 2015-12-31 2020-12-31
Y is: 0.0313418077919676
this is Beta adj rsquare of FTNT and the value is 0.43138975693924775:
GEN 2015-12-31 2020-12-31
Y is: 0.11751914327457746
this is Beta adj rsquare of GEN and the value is 0.19597154018614127:
GLW 2015-12-31 2020-12-31
Y is: -0.01962660887464074
this is Beta adj rsquare of GLW and the value is 0.10084410221480222:
IBM 2015-12-31 2020-12-31
Y is: 0.002178958736785752
this is Beta adj rsquare of IBM and the value is 0.4775260496125704:
INTC 2015-12-31 2020-12-31
Y is: 0.013910379726893574
this is Beta adj rsquare of INTC and the value is 0.28904752204964057:
IT 2015-12-31 2020-12-31
Y is: 0.0902071105275144
this is Beta adj rsquare of IT and the value is 0.2541863674920317:
JNPR 2015-12-31 2020-12-31
Y is: -0.11838496396187792
this is Beta adj rsquare of JNPR and the value is 0.6587468767449851:
KLAC 2015-12-31 2020-12-31
Y is: 0.006043159678067012
this is Beta adj rsquare of KLAC and the value is -0.19967415018242907:
LRCX 2015-12-31 2020-12-31
Y is: 0.017675534036844853
this is Beta adj rsquare of LRCX and the value is 0.44602602875118924:
MCHP 2015-12-31 2020-12-31
Y is: 0.053111981702749445
this is Beta adj rsquare of MCHP and the value is 0.7452010054091582:
MPWR 2015-12-31 2020-12-31
Y is: 0.07353866043463575
this is Beta adj rsquare of MPWR and the value is 0.1975105773760334:
MSFT 2015-12-31 2020-12-31
Y is: -0.07351079860477261
this is Beta adj rsquare of MSFT and the value is 0.3596390774740955:
MSI 2015-12-31 2020-12-31
Y is: -0.12853363434336307
this is Beta adj rsquare of MSI and the value is 0.02847046283537502:
NOW 2015-12-31 2020-12-31
Y is: 0.08532202018085822
this is Beta adj rsquare of NOW and the value is 0.37433221156549623:
NXPI 2015-12-31 2020-12-31
Y is: -0.03367464373023654
this is Beta adj rsquare of NXPI and the value is 0.5383316086218445:
ON 2015-12-31 2020-12-31
Y is: -0.08029201725881985
this is Beta adj rsquare of ON and the value is 0.8818496660953365:
PTC 2015-12-31 2020-12-31
Y is: 0.13329318467978002
this is Beta adj rsquare of PTC and the value is 0.34108017296103843:
QCOM 2015-12-31 2020-12-31
Y is: 0.04751662757484598
this is Beta adj rsquare of QCOM and the value is 0.4206804738219305:
ROP 2015-12-31 2020-12-31
Y is: -0.06680530956089126
this is Beta adj rsquare of ROP and the value is 0.7891508146447418:
STX 2015-12-31 2020-12-31
Y is: -0.2928882417745109
this is Beta adj rsquare of STX and the value is 0.4090594995523239:
SWKS 2015-12-31 2020-12-31
Y is: -0.18767653992567845
this is Beta adj rsquare of SWKS and the value is 0.5111243173802645:
TDY 2015-12-31 2020-12-31
Y is: 0.12378039184999912
this is Beta adj rsquare of TDY and the value is 0.254368866808522:
TEL 2015-12-31 2020-12-31
Y is: -0.07768084142169929
this is Beta adj rsquare of TEL and the value is -0.09601555140796458:
TER 2015-12-31 2020-12-31
Y is: -0.08800368712839168
this is Beta adj rsquare of TER and the value is 0.7986514495551866:
TRMB 2015-12-31 2020-12-31
Y is: -0.01774188065503901
this is Beta adj rsquare of TRMB and the value is 0.7346244217980923:
TXN 2015-12-31 2020-12-31
Y is: 0.09108330762299044
this is Beta adj rsquare of TXN and the value is 0.6447479986937558:
TYL 2015-12-31 2020-12-31
Y is: 0.2962445060469818
this is Beta adj rsquare of TYL and the value is 0.5176941688789067:
VRSN 2015-12-31 2020-12-31
Y is: -0.02349222734975054
this is Beta adj rsquare of VRSN and the value is 0.23662172601974207:
WDC 2015-12-31 2020-12-31
Y is: 0.0004232989491090855
this is Beta adj rsquare of WDC and the value is 0.16548500761738583:
ZBRA 2015-12-31 2020-12-31
Y is: -0.273913065592448
this is Beta adj rsquare of ZBRA and the value is 0.7614645086255803:
ADI 2015-12-31 2020-12-31
Y is: -0.04308158973178067
this is Beta adj rsquare of ADI and the value is -0.96459941431624:
ADSK 2015-12-31 2020-12-31
Y is: -0.07151435234835468
this is Beta adj rsquare of ADSK and the value is 0.3570497614853787:
AMAT 2015-12-31 2020-12-31
Y is: 0.13172799659955214
this is Beta adj rsquare of AMAT and the value is 0.4955338053336983:
AVGO 2015-12-31 2020-12-31
Y is: 0.005825203213491115
this is Beta adj rsquare of AVGO and the value is 0.08053920359488742:
CRM 2015-12-31 2020-12-31
Y is: 0.07557905583997426
this is Beta adj rsquare of CRM and the value is 0.01347874113503389:
CSCO 2015-12-31 2020-12-31
Y is: 0.007727475448161769
this is Beta adj rsquare of CSCO and the value is -0.14197776957655206:
HPE 2015-12-31 2020-12-31
Y is: 0.030456901648967527
this is Beta adj rsquare of HPE and the value is -0.1204479784453254:
HPQ 2015-12-31 2020-12-31
Y is: 0.01866887188376065
this is Beta adj rsquare of HPQ and the value is 0.7601369757258228:
INTU 2015-12-31 2020-12-31
Y is: 0.07306988095401379
this is Beta adj rsquare of INTU and the value is -0.3540070727512068:
KEYS 2015-12-31 2020-12-31
Y is: 0.04866620016613332
this is Beta adj rsquare of KEYS and the value is -0.7128449548436042:
NTAP 2015-12-31 2020-12-31
Y is: -0.09893736432244749
this is Beta adj rsquare of NTAP and the value is 0.2281586704915658:
NVDA 2015-12-31 2020-12-31
Y is: 0.3193936826345414
this is Beta adj rsquare of NVDA and the value is 0.10105922733508799:
PANW 2015-12-31 2020-12-31
Y is: -0.2482530293276417
this is Beta adj rsquare of PANW and the value is 0.08584846800005907:
SNPS 2015-12-31 2020-12-31
Y is: 0.11643276969945893
this is Beta adj rsquare of SNPS and the value is -0.012343140533690011:
ACN 2015-12-31 2020-12-31
Y is: -0.018284233816742046
this is Beta adj rsquare of ACN and the value is -0.8083734122150465:
ADBE 2015-12-31 2020-12-31
Y is: 0.021215328347819806
this is Beta adj rsquare of ADBE and the value is 0.026761106325881023:
JBL 2015-12-31 2020-12-31
Y is: -0.04151536717202675
this is Beta adj rsquare of JBL and the value is -0.09086523823915194:
MU 2015-12-31 2020-12-31
Y is: 0.3142311249230434
this is Beta adj rsquare of MU and the value is -0.024422390028261853:
ORCL 2015-12-31 2020-12-31
Y is: 0.0004888892162862035
this is Beta adj rsquare of ORCL and the value is -0.6009101335295961:
AAPL 2015-12-31 2016-03-31
AKAM 2015-12-31 2016-03-31
AMD 2015-12-31 2016-03-31
ANET 2015-12-31 2016-03-31
ANSS 2015-12-31 2016-03-31
APH 2015-12-31 2016-03-31
CDNS 2015-12-31 2016-03-31
CDW 2015-12-31 2016-03-31
CTSH 2015-12-31 2016-03-31
ENPH 2015-12-31 2016-03-31
EPAM 2015-12-31 2016-03-31
FFIV 2015-12-31 2016-03-31
FSLR 2015-12-31 2016-03-31
FTNT 2015-12-31 2016-03-31
GEN 2015-12-31 2016-03-31
GLW 2015-12-31 2016-03-31
IBM 2015-12-31 2016-03-31
INTC 2015-12-31 2016-03-31
IT 2015-12-31 2016-03-31
JNPR 2015-12-31 2016-03-31
KLAC 2015-12-31 2016-03-31
LRCX 2015-12-31 2016-03-31
MCHP 2015-12-31 2016-03-31
MPWR 2015-12-31 2016-03-31
MSFT 2015-12-31 2016-03-31
MSI 2015-12-31 2016-03-31
NOW 2015-12-31 2016-03-31
NXPI 2015-12-31 2016-03-31
ON 2015-12-31 2016-03-31
PTC 2015-12-31 2016-03-31
QCOM 2015-12-31 2016-03-31
ROP 2015-12-31 2016-03-31
STX 2015-12-31 2016-03-31
SWKS 2015-12-31 2016-03-31
TDY 2015-12-31 2016-03-31
TEL 2015-12-31 2016-03-31
TER 2015-12-31 2016-03-31
TRMB 2015-12-31 2016-03-31
TXN 2015-12-31 2016-03-31
TYL 2015-12-31 2016-03-31
VRSN 2015-12-31 2016-03-31
WDC 2015-12-31 2016-03-31
ZBRA 2015-12-31 2016-03-31
ADI 2015-12-31 2016-03-31
ADSK 2015-12-31 2016-03-31
AMAT 2015-12-31 2016-03-31
AVGO 2015-12-31 2016-03-31
CRM 2015-12-31 2016-03-31
CSCO 2015-12-31 2016-03-31
HPE 2015-12-31 2016-03-31
HPQ 2015-12-31 2016-03-31
INTU 2015-12-31 2016-03-31
KEYS 2015-12-31 2016-03-31
NTAP 2015-12-31 2016-03-31
NVDA 2015-12-31 2016-03-31
PANW 2015-12-31 2016-03-31
SNPS 2015-12-31 2016-03-31
ACN 2015-12-31 2016-03-31
ADBE 2015-12-31 2016-03-31
JBL 2015-12-31 2016-03-31
MU 2015-12-31 2016-03-31
ORCL 2015-12-31 2016-03-31
this is adj rsquare: 0.1952022921477583
AAPL 2016-03-31 2016-06-30
AKAM 2016-03-31 2016-06-30
AMD 2016-03-31 2016-06-30
ANET 2016-03-31 2016-06-30
ANSS 2016-03-31 2016-06-30
APH 2016-03-31 2016-06-30
CDNS 2016-03-31 2016-06-30
CDW 2016-03-31 2016-06-30
CTSH 2016-03-31 2016-06-30
ENPH 2016-03-31 2016-06-30
EPAM 2016-03-31 2016-06-30
FFIV 2016-03-31 2016-06-30
FSLR 2016-03-31 2016-06-30
FTNT 2016-03-31 2016-06-30
GEN 2016-03-31 2016-06-30
GLW 2016-03-31 2016-06-30
IBM 2016-03-31 2016-06-30
INTC 2016-03-31 2016-06-30
IT 2016-03-31 2016-06-30
JNPR 2016-03-31 2016-06-30
KLAC 2016-03-31 2016-06-30
LRCX 2016-03-31 2016-06-30
MCHP 2016-03-31 2016-06-30
MPWR 2016-03-31 2016-06-30
MSFT 2016-03-31 2016-06-30
MSI 2016-03-31 2016-06-30
NOW 2016-03-31 2016-06-30
NXPI 2016-03-31 2016-06-30
ON 2016-03-31 2016-06-30
PTC 2016-03-31 2016-06-30
QCOM 2016-03-31 2016-06-30
ROP 2016-03-31 2016-06-30
STX 2016-03-31 2016-06-30
SWKS 2016-03-31 2016-06-30
TDY 2016-03-31 2016-06-30
TEL 2016-03-31 2016-06-30
TER 2016-03-31 2016-06-30
TRMB 2016-03-31 2016-06-30
TXN 2016-03-31 2016-06-30
TYL 2016-03-31 2016-06-30
VRSN 2016-03-31 2016-06-30
WDC 2016-03-31 2016-06-30
ZBRA 2016-03-31 2016-06-30
ADI 2016-03-31 2016-06-30
ADSK 2016-03-31 2016-06-30
AMAT 2016-03-31 2016-06-30
AVGO 2016-03-31 2016-06-30
CRM 2016-03-31 2016-06-30
CSCO 2016-03-31 2016-06-30
HPE 2016-03-31 2016-06-30
HPQ 2016-03-31 2016-06-30
INTU 2016-03-31 2016-06-30
KEYS 2016-03-31 2016-06-30
NTAP 2016-03-31 2016-06-30
NVDA 2016-03-31 2016-06-30
PANW 2016-03-31 2016-06-30
SNPS 2016-03-31 2016-06-30
ACN 2016-03-31 2016-06-30
ADBE 2016-03-31 2016-06-30
JBL 2016-03-31 2016-06-30
MU 2016-03-31 2016-06-30
ORCL 2016-03-31 2016-06-30
this is adj rsquare: -0.08366984641800346
AAPL 2016-06-30 2016-09-30
AKAM 2016-06-30 2016-09-30
AMD 2016-06-30 2016-09-30
ANET 2016-06-30 2016-09-30
ANSS 2016-06-30 2016-09-30
APH 2016-06-30 2016-09-30
CDNS 2016-06-30 2016-09-30
CDW 2016-06-30 2016-09-30
CTSH 2016-06-30 2016-09-30
ENPH 2016-06-30 2016-09-30
EPAM 2016-06-30 2016-09-30
FFIV 2016-06-30 2016-09-30
FSLR 2016-06-30 2016-09-30
FTNT 2016-06-30 2016-09-30
GEN 2016-06-30 2016-09-30
GLW 2016-06-30 2016-09-30
IBM 2016-06-30 2016-09-30
INTC 2016-06-30 2016-09-30
IT 2016-06-30 2016-09-30
JNPR 2016-06-30 2016-09-30
KLAC 2016-06-30 2016-09-30
LRCX 2016-06-30 2016-09-30
MCHP 2016-06-30 2016-09-30
MPWR 2016-06-30 2016-09-30
MSFT 2016-06-30 2016-09-30
MSI 2016-06-30 2016-09-30
NOW 2016-06-30 2016-09-30
NXPI 2016-06-30 2016-09-30
ON 2016-06-30 2016-09-30
PTC 2016-06-30 2016-09-30
QCOM 2016-06-30 2016-09-30
ROP 2016-06-30 2016-09-30
STX 2016-06-30 2016-09-30
SWKS 2016-06-30 2016-09-30
TDY 2016-06-30 2016-09-30
TEL 2016-06-30 2016-09-30
TER 2016-06-30 2016-09-30
TRMB 2016-06-30 2016-09-30
TXN 2016-06-30 2016-09-30
TYL 2016-06-30 2016-09-30
VRSN 2016-06-30 2016-09-30
WDC 2016-06-30 2016-09-30
ZBRA 2016-06-30 2016-09-30
ADI 2016-06-30 2016-09-30
ADSK 2016-06-30 2016-09-30
AMAT 2016-06-30 2016-09-30
AVGO 2016-06-30 2016-09-30
CRM 2016-06-30 2016-09-30
CSCO 2016-06-30 2016-09-30
HPE 2016-06-30 2016-09-30
HPQ 2016-06-30 2016-09-30
INTU 2016-06-30 2016-09-30
KEYS 2016-06-30 2016-09-30
NTAP 2016-06-30 2016-09-30
NVDA 2016-06-30 2016-09-30
PANW 2016-06-30 2016-09-30
SNPS 2016-06-30 2016-09-30
ACN 2016-06-30 2016-09-30
ADBE 2016-06-30 2016-09-30
JBL 2016-06-30 2016-09-30
MU 2016-06-30 2016-09-30
ORCL 2016-06-30 2016-09-30
this is adj rsquare: 0.12357955318930303
AAPL 2016-09-30 2016-12-31
AKAM 2016-09-30 2016-12-31
AMD 2016-09-30 2016-12-31
ANET 2016-09-30 2016-12-31
ANSS 2016-09-30 2016-12-31
APH 2016-09-30 2016-12-31
CDNS 2016-09-30 2016-12-31
CDW 2016-09-30 2016-12-31
CTSH 2016-09-30 2016-12-31
ENPH 2016-09-30 2016-12-31
EPAM 2016-09-30 2016-12-31
FFIV 2016-09-30 2016-12-31
FSLR 2016-09-30 2016-12-31
FTNT 2016-09-30 2016-12-31
GEN 2016-09-30 2016-12-31
GLW 2016-09-30 2016-12-31
IBM 2016-09-30 2016-12-31
INTC 2016-09-30 2016-12-31
IT 2016-09-30 2016-12-31
JNPR 2016-09-30 2016-12-31
KLAC 2016-09-30 2016-12-31
LRCX 2016-09-30 2016-12-31
MCHP 2016-09-30 2016-12-31
MPWR 2016-09-30 2016-12-31
MSFT 2016-09-30 2016-12-31
MSI 2016-09-30 2016-12-31
NOW 2016-09-30 2016-12-31
NXPI 2016-09-30 2016-12-31
ON 2016-09-30 2016-12-31
PTC 2016-09-30 2016-12-31
QCOM 2016-09-30 2016-12-31
ROP 2016-09-30 2016-12-31
STX 2016-09-30 2016-12-31
SWKS 2016-09-30 2016-12-31
TDY 2016-09-30 2016-12-31
TEL 2016-09-30 2016-12-31
TER 2016-09-30 2016-12-31
TRMB 2016-09-30 2016-12-31
TXN 2016-09-30 2016-12-31
TYL 2016-09-30 2016-12-31
VRSN 2016-09-30 2016-12-31
WDC 2016-09-30 2016-12-31
ZBRA 2016-09-30 2016-12-31
ADI 2016-09-30 2016-12-31
ADSK 2016-09-30 2016-12-31
AMAT 2016-09-30 2016-12-31
AVGO 2016-09-30 2016-12-31
CRM 2016-09-30 2016-12-31
CSCO 2016-09-30 2016-12-31
HPE 2016-09-30 2016-12-31
HPQ 2016-09-30 2016-12-31
INTU 2016-09-30 2016-12-31
KEYS 2016-09-30 2016-12-31
NTAP 2016-09-30 2016-12-31
NVDA 2016-09-30 2016-12-31
PANW 2016-09-30 2016-12-31
SNPS 2016-09-30 2016-12-31
ACN 2016-09-30 2016-12-31
ADBE 2016-09-30 2016-12-31
JBL 2016-09-30 2016-12-31
MU 2016-09-30 2016-12-31
ORCL 2016-09-30 2016-12-31
this is adj rsquare: -0.09579377940572886
AAPL 2016-12-31 2017-03-31
AKAM 2016-12-31 2017-03-31
AMD 2016-12-31 2017-03-31
ANET 2016-12-31 2017-03-31
ANSS 2016-12-31 2017-03-31
APH 2016-12-31 2017-03-31
CDNS 2016-12-31 2017-03-31
CDW 2016-12-31 2017-03-31
CTSH 2016-12-31 2017-03-31
ENPH 2016-12-31 2017-03-31
EPAM 2016-12-31 2017-03-31
FFIV 2016-12-31 2017-03-31
FSLR 2016-12-31 2017-03-31
FTNT 2016-12-31 2017-03-31
GEN 2016-12-31 2017-03-31
GLW 2016-12-31 2017-03-31
IBM 2016-12-31 2017-03-31
INTC 2016-12-31 2017-03-31
IT 2016-12-31 2017-03-31
JNPR 2016-12-31 2017-03-31
KLAC 2016-12-31 2017-03-31
LRCX 2016-12-31 2017-03-31
MCHP 2016-12-31 2017-03-31
MPWR 2016-12-31 2017-03-31
MSFT 2016-12-31 2017-03-31
MSI 2016-12-31 2017-03-31
NOW 2016-12-31 2017-03-31
NXPI 2016-12-31 2017-03-31
ON 2016-12-31 2017-03-31
PTC 2016-12-31 2017-03-31
QCOM 2016-12-31 2017-03-31
ROP 2016-12-31 2017-03-31
STX 2016-12-31 2017-03-31
SWKS 2016-12-31 2017-03-31
TDY 2016-12-31 2017-03-31
TEL 2016-12-31 2017-03-31
TER 2016-12-31 2017-03-31
TRMB 2016-12-31 2017-03-31
TXN 2016-12-31 2017-03-31
TYL 2016-12-31 2017-03-31
VRSN 2016-12-31 2017-03-31
WDC 2016-12-31 2017-03-31
ZBRA 2016-12-31 2017-03-31
ADI 2016-12-31 2017-03-31
ADSK 2016-12-31 2017-03-31
AMAT 2016-12-31 2017-03-31
AVGO 2016-12-31 2017-03-31
CRM 2016-12-31 2017-03-31
CSCO 2016-12-31 2017-03-31
HPE 2016-12-31 2017-03-31
HPQ 2016-12-31 2017-03-31
INTU 2016-12-31 2017-03-31
KEYS 2016-12-31 2017-03-31
NTAP 2016-12-31 2017-03-31
NVDA 2016-12-31 2017-03-31
PANW 2016-12-31 2017-03-31
SNPS 2016-12-31 2017-03-31
ACN 2016-12-31 2017-03-31
ADBE 2016-12-31 2017-03-31
JBL 2016-12-31 2017-03-31
MU 2016-12-31 2017-03-31
ORCL 2016-12-31 2017-03-31
this is adj rsquare: 0.04835533289678884
AAPL 2017-03-31 2017-06-30
AKAM 2017-03-31 2017-06-30
AMD 2017-03-31 2017-06-30
ANET 2017-03-31 2017-06-30
ANSS 2017-03-31 2017-06-30
APH 2017-03-31 2017-06-30
CDNS 2017-03-31 2017-06-30
CDW 2017-03-31 2017-06-30
CTSH 2017-03-31 2017-06-30
ENPH 2017-03-31 2017-06-30
EPAM 2017-03-31 2017-06-30
FFIV 2017-03-31 2017-06-30
FSLR 2017-03-31 2017-06-30
FTNT 2017-03-31 2017-06-30
GEN 2017-03-31 2017-06-30
GLW 2017-03-31 2017-06-30
IBM 2017-03-31 2017-06-30
INTC 2017-03-31 2017-06-30
IT 2017-03-31 2017-06-30
JNPR 2017-03-31 2017-06-30
KLAC 2017-03-31 2017-06-30
LRCX 2017-03-31 2017-06-30
MCHP 2017-03-31 2017-06-30
MPWR 2017-03-31 2017-06-30
MSFT 2017-03-31 2017-06-30
MSI 2017-03-31 2017-06-30
NOW 2017-03-31 2017-06-30
NXPI 2017-03-31 2017-06-30
ON 2017-03-31 2017-06-30
PTC 2017-03-31 2017-06-30
QCOM 2017-03-31 2017-06-30
ROP 2017-03-31 2017-06-30
STX 2017-03-31 2017-06-30
SWKS 2017-03-31 2017-06-30
TDY 2017-03-31 2017-06-30
TEL 2017-03-31 2017-06-30
TER 2017-03-31 2017-06-30
TRMB 2017-03-31 2017-06-30
TXN 2017-03-31 2017-06-30
TYL 2017-03-31 2017-06-30
VRSN 2017-03-31 2017-06-30
WDC 2017-03-31 2017-06-30
ZBRA 2017-03-31 2017-06-30
ADI 2017-03-31 2017-06-30
ADSK 2017-03-31 2017-06-30
AMAT 2017-03-31 2017-06-30
AVGO 2017-03-31 2017-06-30
CRM 2017-03-31 2017-06-30
CSCO 2017-03-31 2017-06-30
HPE 2017-03-31 2017-06-30
HPQ 2017-03-31 2017-06-30
INTU 2017-03-31 2017-06-30
KEYS 2017-03-31 2017-06-30
NTAP 2017-03-31 2017-06-30
NVDA 2017-03-31 2017-06-30
PANW 2017-03-31 2017-06-30
SNPS 2017-03-31 2017-06-30
ACN 2017-03-31 2017-06-30
ADBE 2017-03-31 2017-06-30
JBL 2017-03-31 2017-06-30
MU 2017-03-31 2017-06-30
ORCL 2017-03-31 2017-06-30
this is adj rsquare: 0.08958206197951946
AAPL 2017-06-30 2017-09-30
AKAM 2017-06-30 2017-09-30
AMD 2017-06-30 2017-09-30
ANET 2017-06-30 2017-09-30
ANSS 2017-06-30 2017-09-30
APH 2017-06-30 2017-09-30
CDNS 2017-06-30 2017-09-30
CDW 2017-06-30 2017-09-30
CTSH 2017-06-30 2017-09-30
ENPH 2017-06-30 2017-09-30
EPAM 2017-06-30 2017-09-30
FFIV 2017-06-30 2017-09-30
FSLR 2017-06-30 2017-09-30
FTNT 2017-06-30 2017-09-30
GEN 2017-06-30 2017-09-30
GLW 2017-06-30 2017-09-30
IBM 2017-06-30 2017-09-30
INTC 2017-06-30 2017-09-30
IT 2017-06-30 2017-09-30
JNPR 2017-06-30 2017-09-30
KLAC 2017-06-30 2017-09-30
LRCX 2017-06-30 2017-09-30
MCHP 2017-06-30 2017-09-30
MPWR 2017-06-30 2017-09-30
MSFT 2017-06-30 2017-09-30
MSI 2017-06-30 2017-09-30
NOW 2017-06-30 2017-09-30
NXPI 2017-06-30 2017-09-30
ON 2017-06-30 2017-09-30
PTC 2017-06-30 2017-09-30
QCOM 2017-06-30 2017-09-30
ROP 2017-06-30 2017-09-30
STX 2017-06-30 2017-09-30
SWKS 2017-06-30 2017-09-30
TDY 2017-06-30 2017-09-30
TEL 2017-06-30 2017-09-30
TER 2017-06-30 2017-09-30
TRMB 2017-06-30 2017-09-30
TXN 2017-06-30 2017-09-30
TYL 2017-06-30 2017-09-30
VRSN 2017-06-30 2017-09-30
WDC 2017-06-30 2017-09-30
ZBRA 2017-06-30 2017-09-30
ADI 2017-06-30 2017-09-30
ADSK 2017-06-30 2017-09-30
AMAT 2017-06-30 2017-09-30
AVGO 2017-06-30 2017-09-30
CRM 2017-06-30 2017-09-30
CSCO 2017-06-30 2017-09-30
HPE 2017-06-30 2017-09-30
HPQ 2017-06-30 2017-09-30
INTU 2017-06-30 2017-09-30
KEYS 2017-06-30 2017-09-30
NTAP 2017-06-30 2017-09-30
NVDA 2017-06-30 2017-09-30
PANW 2017-06-30 2017-09-30
SNPS 2017-06-30 2017-09-30
ACN 2017-06-30 2017-09-30
ADBE 2017-06-30 2017-09-30
JBL 2017-06-30 2017-09-30
MU 2017-06-30 2017-09-30
ORCL 2017-06-30 2017-09-30
this is adj rsquare: 0.1622594906242356
AAPL 2017-09-30 2017-12-31
AKAM 2017-09-30 2017-12-31
AMD 2017-09-30 2017-12-31
ANET 2017-09-30 2017-12-31
ANSS 2017-09-30 2017-12-31
APH 2017-09-30 2017-12-31
CDNS 2017-09-30 2017-12-31
CDW 2017-09-30 2017-12-31
CTSH 2017-09-30 2017-12-31
ENPH 2017-09-30 2017-12-31
EPAM 2017-09-30 2017-12-31
FFIV 2017-09-30 2017-12-31
FSLR 2017-09-30 2017-12-31
FTNT 2017-09-30 2017-12-31
GEN 2017-09-30 2017-12-31
GLW 2017-09-30 2017-12-31
IBM 2017-09-30 2017-12-31
INTC 2017-09-30 2017-12-31
IT 2017-09-30 2017-12-31
JNPR 2017-09-30 2017-12-31
KLAC 2017-09-30 2017-12-31
LRCX 2017-09-30 2017-12-31
MCHP 2017-09-30 2017-12-31
MPWR 2017-09-30 2017-12-31
MSFT 2017-09-30 2017-12-31
MSI 2017-09-30 2017-12-31
NOW 2017-09-30 2017-12-31
NXPI 2017-09-30 2017-12-31
ON 2017-09-30 2017-12-31
PTC 2017-09-30 2017-12-31
QCOM 2017-09-30 2017-12-31
ROP 2017-09-30 2017-12-31
STX 2017-09-30 2017-12-31
SWKS 2017-09-30 2017-12-31
TDY 2017-09-30 2017-12-31
TEL 2017-09-30 2017-12-31
TER 2017-09-30 2017-12-31
TRMB 2017-09-30 2017-12-31
TXN 2017-09-30 2017-12-31
TYL 2017-09-30 2017-12-31
VRSN 2017-09-30 2017-12-31
WDC 2017-09-30 2017-12-31
ZBRA 2017-09-30 2017-12-31
ADI 2017-09-30 2017-12-31
ADSK 2017-09-30 2017-12-31
AMAT 2017-09-30 2017-12-31
AVGO 2017-09-30 2017-12-31
CRM 2017-09-30 2017-12-31
CSCO 2017-09-30 2017-12-31
HPE 2017-09-30 2017-12-31
HPQ 2017-09-30 2017-12-31
INTU 2017-09-30 2017-12-31
KEYS 2017-09-30 2017-12-31
NTAP 2017-09-30 2017-12-31
NVDA 2017-09-30 2017-12-31
PANW 2017-09-30 2017-12-31
SNPS 2017-09-30 2017-12-31
ACN 2017-09-30 2017-12-31
ADBE 2017-09-30 2017-12-31
JBL 2017-09-30 2017-12-31
MU 2017-09-30 2017-12-31
ORCL 2017-09-30 2017-12-31
this is adj rsquare: 0.0836150332294846
AAPL 2017-12-31 2018-03-31
AKAM 2017-12-31 2018-03-31
AMD 2017-12-31 2018-03-31
ANET 2017-12-31 2018-03-31
ANSS 2017-12-31 2018-03-31
APH 2017-12-31 2018-03-31
CDNS 2017-12-31 2018-03-31
CDW 2017-12-31 2018-03-31
CTSH 2017-12-31 2018-03-31
ENPH 2017-12-31 2018-03-31
EPAM 2017-12-31 2018-03-31
FFIV 2017-12-31 2018-03-31
FSLR 2017-12-31 2018-03-31
FTNT 2017-12-31 2018-03-31
GEN 2017-12-31 2018-03-31
GLW 2017-12-31 2018-03-31
IBM 2017-12-31 2018-03-31
INTC 2017-12-31 2018-03-31
IT 2017-12-31 2018-03-31
JNPR 2017-12-31 2018-03-31
KLAC 2017-12-31 2018-03-31
LRCX 2017-12-31 2018-03-31
MCHP 2017-12-31 2018-03-31
MPWR 2017-12-31 2018-03-31
MSFT 2017-12-31 2018-03-31
MSI 2017-12-31 2018-03-31
NOW 2017-12-31 2018-03-31
NXPI 2017-12-31 2018-03-31
ON 2017-12-31 2018-03-31
PTC 2017-12-31 2018-03-31
QCOM 2017-12-31 2018-03-31
ROP 2017-12-31 2018-03-31
STX 2017-12-31 2018-03-31
SWKS 2017-12-31 2018-03-31
TDY 2017-12-31 2018-03-31
TEL 2017-12-31 2018-03-31
TER 2017-12-31 2018-03-31
TRMB 2017-12-31 2018-03-31
TXN 2017-12-31 2018-03-31
TYL 2017-12-31 2018-03-31
VRSN 2017-12-31 2018-03-31
WDC 2017-12-31 2018-03-31
ZBRA 2017-12-31 2018-03-31
ADI 2017-12-31 2018-03-31
ADSK 2017-12-31 2018-03-31
AMAT 2017-12-31 2018-03-31
AVGO 2017-12-31 2018-03-31
CRM 2017-12-31 2018-03-31
CSCO 2017-12-31 2018-03-31
HPE 2017-12-31 2018-03-31
HPQ 2017-12-31 2018-03-31
INTU 2017-12-31 2018-03-31
KEYS 2017-12-31 2018-03-31
NTAP 2017-12-31 2018-03-31
NVDA 2017-12-31 2018-03-31
PANW 2017-12-31 2018-03-31
SNPS 2017-12-31 2018-03-31
ACN 2017-12-31 2018-03-31
ADBE 2017-12-31 2018-03-31
JBL 2017-12-31 2018-03-31
MU 2017-12-31 2018-03-31
ORCL 2017-12-31 2018-03-31
this is adj rsquare: 0.17100590271074234
AAPL 2018-03-31 2018-06-30
AKAM 2018-03-31 2018-06-30
AMD 2018-03-31 2018-06-30
ANET 2018-03-31 2018-06-30
ANSS 2018-03-31 2018-06-30
APH 2018-03-31 2018-06-30
CDNS 2018-03-31 2018-06-30
CDW 2018-03-31 2018-06-30
CTSH 2018-03-31 2018-06-30
ENPH 2018-03-31 2018-06-30
EPAM 2018-03-31 2018-06-30
FFIV 2018-03-31 2018-06-30
FSLR 2018-03-31 2018-06-30
FTNT 2018-03-31 2018-06-30
GEN 2018-03-31 2018-06-30
GLW 2018-03-31 2018-06-30
IBM 2018-03-31 2018-06-30
INTC 2018-03-31 2018-06-30
IT 2018-03-31 2018-06-30
JNPR 2018-03-31 2018-06-30
KLAC 2018-03-31 2018-06-30
LRCX 2018-03-31 2018-06-30
MCHP 2018-03-31 2018-06-30
MPWR 2018-03-31 2018-06-30
MSFT 2018-03-31 2018-06-30
MSI 2018-03-31 2018-06-30
NOW 2018-03-31 2018-06-30
NXPI 2018-03-31 2018-06-30
ON 2018-03-31 2018-06-30
PTC 2018-03-31 2018-06-30
QCOM 2018-03-31 2018-06-30
ROP 2018-03-31 2018-06-30
STX 2018-03-31 2018-06-30
SWKS 2018-03-31 2018-06-30
TDY 2018-03-31 2018-06-30
TEL 2018-03-31 2018-06-30
TER 2018-03-31 2018-06-30
TRMB 2018-03-31 2018-06-30
TXN 2018-03-31 2018-06-30
TYL 2018-03-31 2018-06-30
VRSN 2018-03-31 2018-06-30
WDC 2018-03-31 2018-06-30
ZBRA 2018-03-31 2018-06-30
ADI 2018-03-31 2018-06-30
ADSK 2018-03-31 2018-06-30
AMAT 2018-03-31 2018-06-30
AVGO 2018-03-31 2018-06-30
CRM 2018-03-31 2018-06-30
CSCO 2018-03-31 2018-06-30
HPE 2018-03-31 2018-06-30
HPQ 2018-03-31 2018-06-30
INTU 2018-03-31 2018-06-30
KEYS 2018-03-31 2018-06-30
NTAP 2018-03-31 2018-06-30
NVDA 2018-03-31 2018-06-30
PANW 2018-03-31 2018-06-30
SNPS 2018-03-31 2018-06-30
ACN 2018-03-31 2018-06-30
ADBE 2018-03-31 2018-06-30
JBL 2018-03-31 2018-06-30
MU 2018-03-31 2018-06-30
ORCL 2018-03-31 2018-06-30
this is adj rsquare: 0.015846608848540278
AAPL 2018-06-30 2018-09-30
AKAM 2018-06-30 2018-09-30
AMD 2018-06-30 2018-09-30
ANET 2018-06-30 2018-09-30
ANSS 2018-06-30 2018-09-30
APH 2018-06-30 2018-09-30
CDNS 2018-06-30 2018-09-30
CDW 2018-06-30 2018-09-30
CTSH 2018-06-30 2018-09-30
ENPH 2018-06-30 2018-09-30
EPAM 2018-06-30 2018-09-30
FFIV 2018-06-30 2018-09-30
FSLR 2018-06-30 2018-09-30
FTNT 2018-06-30 2018-09-30
GEN 2018-06-30 2018-09-30
GLW 2018-06-30 2018-09-30
IBM 2018-06-30 2018-09-30
INTC 2018-06-30 2018-09-30
IT 2018-06-30 2018-09-30
JNPR 2018-06-30 2018-09-30
KLAC 2018-06-30 2018-09-30
LRCX 2018-06-30 2018-09-30
MCHP 2018-06-30 2018-09-30
MPWR 2018-06-30 2018-09-30
MSFT 2018-06-30 2018-09-30
MSI 2018-06-30 2018-09-30
NOW 2018-06-30 2018-09-30
NXPI 2018-06-30 2018-09-30
ON 2018-06-30 2018-09-30
PTC 2018-06-30 2018-09-30
QCOM 2018-06-30 2018-09-30
ROP 2018-06-30 2018-09-30
STX 2018-06-30 2018-09-30
SWKS 2018-06-30 2018-09-30
TDY 2018-06-30 2018-09-30
TEL 2018-06-30 2018-09-30
TER 2018-06-30 2018-09-30
TRMB 2018-06-30 2018-09-30
TXN 2018-06-30 2018-09-30
TYL 2018-06-30 2018-09-30
VRSN 2018-06-30 2018-09-30
WDC 2018-06-30 2018-09-30
ZBRA 2018-06-30 2018-09-30
ADI 2018-06-30 2018-09-30
ADSK 2018-06-30 2018-09-30
AMAT 2018-06-30 2018-09-30
AVGO 2018-06-30 2018-09-30
CRM 2018-06-30 2018-09-30
CSCO 2018-06-30 2018-09-30
HPE 2018-06-30 2018-09-30
HPQ 2018-06-30 2018-09-30
INTU 2018-06-30 2018-09-30
KEYS 2018-06-30 2018-09-30
NTAP 2018-06-30 2018-09-30
NVDA 2018-06-30 2018-09-30
PANW 2018-06-30 2018-09-30
SNPS 2018-06-30 2018-09-30
ACN 2018-06-30 2018-09-30
ADBE 2018-06-30 2018-09-30
JBL 2018-06-30 2018-09-30
MU 2018-06-30 2018-09-30
ORCL 2018-06-30 2018-09-30
this is adj rsquare: -0.027623519017835774
AAPL 2018-09-30 2018-12-31
AKAM 2018-09-30 2018-12-31
AMD 2018-09-30 2018-12-31
ANET 2018-09-30 2018-12-31
ANSS 2018-09-30 2018-12-31
APH 2018-09-30 2018-12-31
CDNS 2018-09-30 2018-12-31
CDW 2018-09-30 2018-12-31
CTSH 2018-09-30 2018-12-31
ENPH 2018-09-30 2018-12-31
EPAM 2018-09-30 2018-12-31
FFIV 2018-09-30 2018-12-31
FSLR 2018-09-30 2018-12-31
FTNT 2018-09-30 2018-12-31
GEN 2018-09-30 2018-12-31
GLW 2018-09-30 2018-12-31
IBM 2018-09-30 2018-12-31
INTC 2018-09-30 2018-12-31
IT 2018-09-30 2018-12-31
JNPR 2018-09-30 2018-12-31
KLAC 2018-09-30 2018-12-31
LRCX 2018-09-30 2018-12-31
MCHP 2018-09-30 2018-12-31
MPWR 2018-09-30 2018-12-31
MSFT 2018-09-30 2018-12-31
MSI 2018-09-30 2018-12-31
NOW 2018-09-30 2018-12-31
NXPI 2018-09-30 2018-12-31
ON 2018-09-30 2018-12-31
PTC 2018-09-30 2018-12-31
QCOM 2018-09-30 2018-12-31
ROP 2018-09-30 2018-12-31
STX 2018-09-30 2018-12-31
SWKS 2018-09-30 2018-12-31
TDY 2018-09-30 2018-12-31
TEL 2018-09-30 2018-12-31
TER 2018-09-30 2018-12-31
TRMB 2018-09-30 2018-12-31
TXN 2018-09-30 2018-12-31
TYL 2018-09-30 2018-12-31
VRSN 2018-09-30 2018-12-31
WDC 2018-09-30 2018-12-31
ZBRA 2018-09-30 2018-12-31
ADI 2018-09-30 2018-12-31
ADSK 2018-09-30 2018-12-31
AMAT 2018-09-30 2018-12-31
AVGO 2018-09-30 2018-12-31
CRM 2018-09-30 2018-12-31
CSCO 2018-09-30 2018-12-31
HPE 2018-09-30 2018-12-31
HPQ 2018-09-30 2018-12-31
INTU 2018-09-30 2018-12-31
KEYS 2018-09-30 2018-12-31
NTAP 2018-09-30 2018-12-31
NVDA 2018-09-30 2018-12-31
PANW 2018-09-30 2018-12-31
SNPS 2018-09-30 2018-12-31
ACN 2018-09-30 2018-12-31
ADBE 2018-09-30 2018-12-31
JBL 2018-09-30 2018-12-31
MU 2018-09-30 2018-12-31
ORCL 2018-09-30 2018-12-31
this is adj rsquare: 0.03681614042291925
AAPL 2018-12-31 2019-03-31
AKAM 2018-12-31 2019-03-31
AMD 2018-12-31 2019-03-31
ANET 2018-12-31 2019-03-31
ANSS 2018-12-31 2019-03-31
APH 2018-12-31 2019-03-31
CDNS 2018-12-31 2019-03-31
CDW 2018-12-31 2019-03-31
CTSH 2018-12-31 2019-03-31
ENPH 2018-12-31 2019-03-31
EPAM 2018-12-31 2019-03-31
FFIV 2018-12-31 2019-03-31
FSLR 2018-12-31 2019-03-31
FTNT 2018-12-31 2019-03-31
GEN 2018-12-31 2019-03-31
GLW 2018-12-31 2019-03-31
IBM 2018-12-31 2019-03-31
INTC 2018-12-31 2019-03-31
IT 2018-12-31 2019-03-31
JNPR 2018-12-31 2019-03-31
KLAC 2018-12-31 2019-03-31
LRCX 2018-12-31 2019-03-31
MCHP 2018-12-31 2019-03-31
MPWR 2018-12-31 2019-03-31
MSFT 2018-12-31 2019-03-31
MSI 2018-12-31 2019-03-31
NOW 2018-12-31 2019-03-31
NXPI 2018-12-31 2019-03-31
ON 2018-12-31 2019-03-31
PTC 2018-12-31 2019-03-31
QCOM 2018-12-31 2019-03-31
ROP 2018-12-31 2019-03-31
STX 2018-12-31 2019-03-31
SWKS 2018-12-31 2019-03-31
TDY 2018-12-31 2019-03-31
TEL 2018-12-31 2019-03-31
TER 2018-12-31 2019-03-31
TRMB 2018-12-31 2019-03-31
TXN 2018-12-31 2019-03-31
TYL 2018-12-31 2019-03-31
VRSN 2018-12-31 2019-03-31
WDC 2018-12-31 2019-03-31
ZBRA 2018-12-31 2019-03-31
ADI 2018-12-31 2019-03-31
ADSK 2018-12-31 2019-03-31
AMAT 2018-12-31 2019-03-31
AVGO 2018-12-31 2019-03-31
CRM 2018-12-31 2019-03-31
CSCO 2018-12-31 2019-03-31
HPE 2018-12-31 2019-03-31
HPQ 2018-12-31 2019-03-31
INTU 2018-12-31 2019-03-31
KEYS 2018-12-31 2019-03-31
NTAP 2018-12-31 2019-03-31
NVDA 2018-12-31 2019-03-31
PANW 2018-12-31 2019-03-31
SNPS 2018-12-31 2019-03-31
ACN 2018-12-31 2019-03-31
ADBE 2018-12-31 2019-03-31
JBL 2018-12-31 2019-03-31
MU 2018-12-31 2019-03-31
ORCL 2018-12-31 2019-03-31
this is adj rsquare: 0.21181672223108983
AAPL 2019-03-31 2019-06-30
AKAM 2019-03-31 2019-06-30
AMD 2019-03-31 2019-06-30
ANET 2019-03-31 2019-06-30
ANSS 2019-03-31 2019-06-30
APH 2019-03-31 2019-06-30
CDNS 2019-03-31 2019-06-30
CDW 2019-03-31 2019-06-30
CTSH 2019-03-31 2019-06-30
ENPH 2019-03-31 2019-06-30
EPAM 2019-03-31 2019-06-30
FFIV 2019-03-31 2019-06-30
FSLR 2019-03-31 2019-06-30
FTNT 2019-03-31 2019-06-30
GEN 2019-03-31 2019-06-30
GLW 2019-03-31 2019-06-30
IBM 2019-03-31 2019-06-30
INTC 2019-03-31 2019-06-30
IT 2019-03-31 2019-06-30
JNPR 2019-03-31 2019-06-30
KLAC 2019-03-31 2019-06-30
LRCX 2019-03-31 2019-06-30
MCHP 2019-03-31 2019-06-30
MPWR 2019-03-31 2019-06-30
MSFT 2019-03-31 2019-06-30
MSI 2019-03-31 2019-06-30
NOW 2019-03-31 2019-06-30
NXPI 2019-03-31 2019-06-30
ON 2019-03-31 2019-06-30
PTC 2019-03-31 2019-06-30
QCOM 2019-03-31 2019-06-30
ROP 2019-03-31 2019-06-30
STX 2019-03-31 2019-06-30
SWKS 2019-03-31 2019-06-30
TDY 2019-03-31 2019-06-30
TEL 2019-03-31 2019-06-30
TER 2019-03-31 2019-06-30
TRMB 2019-03-31 2019-06-30
TXN 2019-03-31 2019-06-30
TYL 2019-03-31 2019-06-30
VRSN 2019-03-31 2019-06-30
WDC 2019-03-31 2019-06-30
ZBRA 2019-03-31 2019-06-30
ADI 2019-03-31 2019-06-30
ADSK 2019-03-31 2019-06-30
AMAT 2019-03-31 2019-06-30
AVGO 2019-03-31 2019-06-30
CRM 2019-03-31 2019-06-30
CSCO 2019-03-31 2019-06-30
HPE 2019-03-31 2019-06-30
HPQ 2019-03-31 2019-06-30
INTU 2019-03-31 2019-06-30
KEYS 2019-03-31 2019-06-30
NTAP 2019-03-31 2019-06-30
NVDA 2019-03-31 2019-06-30
PANW 2019-03-31 2019-06-30
SNPS 2019-03-31 2019-06-30
ACN 2019-03-31 2019-06-30
ADBE 2019-03-31 2019-06-30
JBL 2019-03-31 2019-06-30
MU 2019-03-31 2019-06-30
ORCL 2019-03-31 2019-06-30
this is adj rsquare: 0.10998658997552124
AAPL 2019-06-30 2019-09-30
AKAM 2019-06-30 2019-09-30
AMD 2019-06-30 2019-09-30
ANET 2019-06-30 2019-09-30
ANSS 2019-06-30 2019-09-30
APH 2019-06-30 2019-09-30
CDNS 2019-06-30 2019-09-30
CDW 2019-06-30 2019-09-30
CTSH 2019-06-30 2019-09-30
ENPH 2019-06-30 2019-09-30
EPAM 2019-06-30 2019-09-30
FFIV 2019-06-30 2019-09-30
FSLR 2019-06-30 2019-09-30
FTNT 2019-06-30 2019-09-30
GEN 2019-06-30 2019-09-30
GLW 2019-06-30 2019-09-30
IBM 2019-06-30 2019-09-30
INTC 2019-06-30 2019-09-30
IT 2019-06-30 2019-09-30
JNPR 2019-06-30 2019-09-30
KLAC 2019-06-30 2019-09-30
LRCX 2019-06-30 2019-09-30
MCHP 2019-06-30 2019-09-30
MPWR 2019-06-30 2019-09-30
MSFT 2019-06-30 2019-09-30
MSI 2019-06-30 2019-09-30
NOW 2019-06-30 2019-09-30
NXPI 2019-06-30 2019-09-30
ON 2019-06-30 2019-09-30
PTC 2019-06-30 2019-09-30
QCOM 2019-06-30 2019-09-30
ROP 2019-06-30 2019-09-30
STX 2019-06-30 2019-09-30
SWKS 2019-06-30 2019-09-30
TDY 2019-06-30 2019-09-30
TEL 2019-06-30 2019-09-30
TER 2019-06-30 2019-09-30
TRMB 2019-06-30 2019-09-30
TXN 2019-06-30 2019-09-30
TYL 2019-06-30 2019-09-30
VRSN 2019-06-30 2019-09-30
WDC 2019-06-30 2019-09-30
ZBRA 2019-06-30 2019-09-30
ADI 2019-06-30 2019-09-30
ADSK 2019-06-30 2019-09-30
AMAT 2019-06-30 2019-09-30
AVGO 2019-06-30 2019-09-30
CRM 2019-06-30 2019-09-30
CSCO 2019-06-30 2019-09-30
HPE 2019-06-30 2019-09-30
HPQ 2019-06-30 2019-09-30
INTU 2019-06-30 2019-09-30
KEYS 2019-06-30 2019-09-30
NTAP 2019-06-30 2019-09-30
NVDA 2019-06-30 2019-09-30
PANW 2019-06-30 2019-09-30
SNPS 2019-06-30 2019-09-30
ACN 2019-06-30 2019-09-30
ADBE 2019-06-30 2019-09-30
JBL 2019-06-30 2019-09-30
MU 2019-06-30 2019-09-30
ORCL 2019-06-30 2019-09-30
this is adj rsquare: -0.0851849937467688
AAPL 2019-09-30 2019-12-31
AKAM 2019-09-30 2019-12-31
AMD 2019-09-30 2019-12-31
ANET 2019-09-30 2019-12-31
ANSS 2019-09-30 2019-12-31
APH 2019-09-30 2019-12-31
CDNS 2019-09-30 2019-12-31
CDW 2019-09-30 2019-12-31
CTSH 2019-09-30 2019-12-31
ENPH 2019-09-30 2019-12-31
EPAM 2019-09-30 2019-12-31
FFIV 2019-09-30 2019-12-31
FSLR 2019-09-30 2019-12-31
FTNT 2019-09-30 2019-12-31
GEN 2019-09-30 2019-12-31
GLW 2019-09-30 2019-12-31
IBM 2019-09-30 2019-12-31
INTC 2019-09-30 2019-12-31
IT 2019-09-30 2019-12-31
JNPR 2019-09-30 2019-12-31
KLAC 2019-09-30 2019-12-31
LRCX 2019-09-30 2019-12-31
MCHP 2019-09-30 2019-12-31
MPWR 2019-09-30 2019-12-31
MSFT 2019-09-30 2019-12-31
MSI 2019-09-30 2019-12-31
NOW 2019-09-30 2019-12-31
NXPI 2019-09-30 2019-12-31
ON 2019-09-30 2019-12-31
PTC 2019-09-30 2019-12-31
QCOM 2019-09-30 2019-12-31
ROP 2019-09-30 2019-12-31
STX 2019-09-30 2019-12-31
SWKS 2019-09-30 2019-12-31
TDY 2019-09-30 2019-12-31
TEL 2019-09-30 2019-12-31
TER 2019-09-30 2019-12-31
TRMB 2019-09-30 2019-12-31
TXN 2019-09-30 2019-12-31
TYL 2019-09-30 2019-12-31
VRSN 2019-09-30 2019-12-31
WDC 2019-09-30 2019-12-31
ZBRA 2019-09-30 2019-12-31
ADI 2019-09-30 2019-12-31
ADSK 2019-09-30 2019-12-31
AMAT 2019-09-30 2019-12-31
AVGO 2019-09-30 2019-12-31
CRM 2019-09-30 2019-12-31
CSCO 2019-09-30 2019-12-31
HPE 2019-09-30 2019-12-31
HPQ 2019-09-30 2019-12-31
INTU 2019-09-30 2019-12-31
KEYS 2019-09-30 2019-12-31
NTAP 2019-09-30 2019-12-31
NVDA 2019-09-30 2019-12-31
PANW 2019-09-30 2019-12-31
SNPS 2019-09-30 2019-12-31
ACN 2019-09-30 2019-12-31
ADBE 2019-09-30 2019-12-31
JBL 2019-09-30 2019-12-31
MU 2019-09-30 2019-12-31
ORCL 2019-09-30 2019-12-31
this is adj rsquare: 0.036078762270155273
AAPL 2019-12-31 2020-03-31
AKAM 2019-12-31 2020-03-31
AMD 2019-12-31 2020-03-31
ANET 2019-12-31 2020-03-31
ANSS 2019-12-31 2020-03-31
APH 2019-12-31 2020-03-31
CDNS 2019-12-31 2020-03-31
CDW 2019-12-31 2020-03-31
CTSH 2019-12-31 2020-03-31
ENPH 2019-12-31 2020-03-31
EPAM 2019-12-31 2020-03-31
FFIV 2019-12-31 2020-03-31
FSLR 2019-12-31 2020-03-31
FTNT 2019-12-31 2020-03-31
GEN 2019-12-31 2020-03-31
GLW 2019-12-31 2020-03-31
IBM 2019-12-31 2020-03-31
INTC 2019-12-31 2020-03-31
IT 2019-12-31 2020-03-31
JNPR 2019-12-31 2020-03-31
KLAC 2019-12-31 2020-03-31
LRCX 2019-12-31 2020-03-31
MCHP 2019-12-31 2020-03-31
MPWR 2019-12-31 2020-03-31
MSFT 2019-12-31 2020-03-31
MSI 2019-12-31 2020-03-31
NOW 2019-12-31 2020-03-31
NXPI 2019-12-31 2020-03-31
ON 2019-12-31 2020-03-31
PTC 2019-12-31 2020-03-31
QCOM 2019-12-31 2020-03-31
ROP 2019-12-31 2020-03-31
STX 2019-12-31 2020-03-31
SWKS 2019-12-31 2020-03-31
TDY 2019-12-31 2020-03-31
TEL 2019-12-31 2020-03-31
TER 2019-12-31 2020-03-31
TRMB 2019-12-31 2020-03-31
TXN 2019-12-31 2020-03-31
TYL 2019-12-31 2020-03-31
VRSN 2019-12-31 2020-03-31
WDC 2019-12-31 2020-03-31
ZBRA 2019-12-31 2020-03-31
ADI 2019-12-31 2020-03-31
ADSK 2019-12-31 2020-03-31
AMAT 2019-12-31 2020-03-31
AVGO 2019-12-31 2020-03-31
CRM 2019-12-31 2020-03-31
CSCO 2019-12-31 2020-03-31
HPE 2019-12-31 2020-03-31
HPQ 2019-12-31 2020-03-31
INTU 2019-12-31 2020-03-31
KEYS 2019-12-31 2020-03-31
NTAP 2019-12-31 2020-03-31
NVDA 2019-12-31 2020-03-31
PANW 2019-12-31 2020-03-31
SNPS 2019-12-31 2020-03-31
ACN 2019-12-31 2020-03-31
ADBE 2019-12-31 2020-03-31
JBL 2019-12-31 2020-03-31
MU 2019-12-31 2020-03-31
ORCL 2019-12-31 2020-03-31
this is adj rsquare: 0.03935034073792876
AAPL 2020-03-31 2020-06-30
AKAM 2020-03-31 2020-06-30
AMD 2020-03-31 2020-06-30
ANET 2020-03-31 2020-06-30
ANSS 2020-03-31 2020-06-30
APH 2020-03-31 2020-06-30
CDNS 2020-03-31 2020-06-30
CDW 2020-03-31 2020-06-30
CTSH 2020-03-31 2020-06-30
ENPH 2020-03-31 2020-06-30
EPAM 2020-03-31 2020-06-30
FFIV 2020-03-31 2020-06-30
FSLR 2020-03-31 2020-06-30
FTNT 2020-03-31 2020-06-30
GEN 2020-03-31 2020-06-30
GLW 2020-03-31 2020-06-30
IBM 2020-03-31 2020-06-30
INTC 2020-03-31 2020-06-30
IT 2020-03-31 2020-06-30
JNPR 2020-03-31 2020-06-30
KLAC 2020-03-31 2020-06-30
LRCX 2020-03-31 2020-06-30
MCHP 2020-03-31 2020-06-30
MPWR 2020-03-31 2020-06-30
MSFT 2020-03-31 2020-06-30
MSI 2020-03-31 2020-06-30
NOW 2020-03-31 2020-06-30
NXPI 2020-03-31 2020-06-30
ON 2020-03-31 2020-06-30
PTC 2020-03-31 2020-06-30
QCOM 2020-03-31 2020-06-30
ROP 2020-03-31 2020-06-30
STX 2020-03-31 2020-06-30
SWKS 2020-03-31 2020-06-30
TDY 2020-03-31 2020-06-30
TEL 2020-03-31 2020-06-30
TER 2020-03-31 2020-06-30
TRMB 2020-03-31 2020-06-30
TXN 2020-03-31 2020-06-30
TYL 2020-03-31 2020-06-30
VRSN 2020-03-31 2020-06-30
WDC 2020-03-31 2020-06-30
ZBRA 2020-03-31 2020-06-30
ADI 2020-03-31 2020-06-30
ADSK 2020-03-31 2020-06-30
AMAT 2020-03-31 2020-06-30
AVGO 2020-03-31 2020-06-30
CRM 2020-03-31 2020-06-30
CSCO 2020-03-31 2020-06-30
HPE 2020-03-31 2020-06-30
HPQ 2020-03-31 2020-06-30
INTU 2020-03-31 2020-06-30
KEYS 2020-03-31 2020-06-30
NTAP 2020-03-31 2020-06-30
NVDA 2020-03-31 2020-06-30
PANW 2020-03-31 2020-06-30
SNPS 2020-03-31 2020-06-30
ACN 2020-03-31 2020-06-30
ADBE 2020-03-31 2020-06-30
JBL 2020-03-31 2020-06-30
MU 2020-03-31 2020-06-30
ORCL 2020-03-31 2020-06-30
this is adj rsquare: 0.06692185433416886
AAPL 2020-06-30 2020-09-30
AKAM 2020-06-30 2020-09-30
AMD 2020-06-30 2020-09-30
ANET 2020-06-30 2020-09-30
ANSS 2020-06-30 2020-09-30
APH 2020-06-30 2020-09-30
CDNS 2020-06-30 2020-09-30
CDW 2020-06-30 2020-09-30
CTSH 2020-06-30 2020-09-30
ENPH 2020-06-30 2020-09-30
EPAM 2020-06-30 2020-09-30
FFIV 2020-06-30 2020-09-30
FSLR 2020-06-30 2020-09-30
FTNT 2020-06-30 2020-09-30
GEN 2020-06-30 2020-09-30
GLW 2020-06-30 2020-09-30
IBM 2020-06-30 2020-09-30
INTC 2020-06-30 2020-09-30
IT 2020-06-30 2020-09-30
JNPR 2020-06-30 2020-09-30
KLAC 2020-06-30 2020-09-30
LRCX 2020-06-30 2020-09-30
MCHP 2020-06-30 2020-09-30
MPWR 2020-06-30 2020-09-30
MSFT 2020-06-30 2020-09-30
MSI 2020-06-30 2020-09-30
NOW 2020-06-30 2020-09-30
NXPI 2020-06-30 2020-09-30
ON 2020-06-30 2020-09-30
PTC 2020-06-30 2020-09-30
QCOM 2020-06-30 2020-09-30
ROP 2020-06-30 2020-09-30
STX 2020-06-30 2020-09-30
SWKS 2020-06-30 2020-09-30
TDY 2020-06-30 2020-09-30
TEL 2020-06-30 2020-09-30
TER 2020-06-30 2020-09-30
TRMB 2020-06-30 2020-09-30
TXN 2020-06-30 2020-09-30
TYL 2020-06-30 2020-09-30
VRSN 2020-06-30 2020-09-30
WDC 2020-06-30 2020-09-30
ZBRA 2020-06-30 2020-09-30
ADI 2020-06-30 2020-09-30
ADSK 2020-06-30 2020-09-30
AMAT 2020-06-30 2020-09-30
AVGO 2020-06-30 2020-09-30
CRM 2020-06-30 2020-09-30
CSCO 2020-06-30 2020-09-30
HPE 2020-06-30 2020-09-30
HPQ 2020-06-30 2020-09-30
INTU 2020-06-30 2020-09-30
KEYS 2020-06-30 2020-09-30
NTAP 2020-06-30 2020-09-30
NVDA 2020-06-30 2020-09-30
PANW 2020-06-30 2020-09-30
SNPS 2020-06-30 2020-09-30
ACN 2020-06-30 2020-09-30
ADBE 2020-06-30 2020-09-30
JBL 2020-06-30 2020-09-30
MU 2020-06-30 2020-09-30
ORCL 2020-06-30 2020-09-30
this is adj rsquare: 0.022353575379245094
AAPL 2020-09-30 2020-12-31
AKAM 2020-09-30 2020-12-31
AMD 2020-09-30 2020-12-31
ANET 2020-09-30 2020-12-31
ANSS 2020-09-30 2020-12-31
APH 2020-09-30 2020-12-31
CDNS 2020-09-30 2020-12-31
CDW 2020-09-30 2020-12-31
CTSH 2020-09-30 2020-12-31
ENPH 2020-09-30 2020-12-31
EPAM 2020-09-30 2020-12-31
FFIV 2020-09-30 2020-12-31
FSLR 2020-09-30 2020-12-31
FTNT 2020-09-30 2020-12-31
GEN 2020-09-30 2020-12-31
GLW 2020-09-30 2020-12-31
IBM 2020-09-30 2020-12-31
INTC 2020-09-30 2020-12-31
IT 2020-09-30 2020-12-31
JNPR 2020-09-30 2020-12-31
KLAC 2020-09-30 2020-12-31
LRCX 2020-09-30 2020-12-31
MCHP 2020-09-30 2020-12-31
MPWR 2020-09-30 2020-12-31
MSFT 2020-09-30 2020-12-31
MSI 2020-09-30 2020-12-31
NOW 2020-09-30 2020-12-31
NXPI 2020-09-30 2020-12-31
ON 2020-09-30 2020-12-31
PTC 2020-09-30 2020-12-31
QCOM 2020-09-30 2020-12-31
ROP 2020-09-30 2020-12-31
STX 2020-09-30 2020-12-31
SWKS 2020-09-30 2020-12-31
TDY 2020-09-30 2020-12-31
TEL 2020-09-30 2020-12-31
TER 2020-09-30 2020-12-31
TRMB 2020-09-30 2020-12-31
TXN 2020-09-30 2020-12-31
TYL 2020-09-30 2020-12-31
VRSN 2020-09-30 2020-12-31
WDC 2020-09-30 2020-12-31
ZBRA 2020-09-30 2020-12-31
ADI 2020-09-30 2020-12-31
ADSK 2020-09-30 2020-12-31
AMAT 2020-09-30 2020-12-31
AVGO 2020-09-30 2020-12-31
CRM 2020-09-30 2020-12-31
CSCO 2020-09-30 2020-12-31
HPE 2020-09-30 2020-12-31
HPQ 2020-09-30 2020-12-31
INTU 2020-09-30 2020-12-31
KEYS 2020-09-30 2020-12-31
NTAP 2020-09-30 2020-12-31
NVDA 2020-09-30 2020-12-31
PANW 2020-09-30 2020-12-31
SNPS 2020-09-30 2020-12-31
ACN 2020-09-30 2020-12-31
ADBE 2020-09-30 2020-12-31
JBL 2020-09-30 2020-12-31
MU 2020-09-30 2020-12-31
ORCL 2020-09-30 2020-12-31
this is adj rsquare: 0.1536393299651594
12
20
T-values: {'Constant': 2.789435676776757, 'Price/Earnings': -1.223520237683716, 'Price/Book Value': -2.98466711437289, 'Return on Assets': -0.15480393839124573, 'Return on Equity ': 0.044821174458180436, 'Free Cash Flow per Share': 1.3243172376603707, 'Price/Cash Flow': 0.8536867965890268, 'Enterprise Value/EBITDA': -1.2606051881621152, 'Gross Margin': 2.2971438992721596, 'Net Margin': -0.021066839597736326, 'Sales per Share': 2.43514077547214, '6': 0.3908980370702641}
P-values: {'Constant': 0.011689479687232244, 'Price/Earnings': 0.23609099243224563, 'Price/Book Value': 0.007615796678811435, 'Return on Assets': 0.8786085314249483, 'Return on Equity ': 0.9647175704027313, 'Free Cash Flow per Share': 0.2011084525850714, 'Price/Cash Flow': 0.40391340646741114, 'Enterprise Value/EBITDA': 0.22271277097097833, 'Gross Margin': 0.033145973989108804, 'Net Margin': 0.9834120061803595, 'Sales per Share': 0.024911310620988066, '6': 0.7002212293821946}
{'Constant': 0.0685578957663326, 'Price/Earnings': -0.007950256985793594, 'Price/Book Value': -0.016566562856809637, 'Return on Assets': -0.0029783712973761507, 'Return on Equity ': 0.0008415942488991148, 'Free Cash Flow per Share': 0.017624292670393636, 'Price/Cash Flow': 0.006941386973914177, 'Enterprise Value/EBITDA': -0.009132984860627266, 'Gross Margin': 0.020351424892635958, 'Net Margin': -0.0002772927814313292, 'Sales per Share': 0.029551380069039047, '6': 0.005396799261889406}
this is the average adj r-square: 0.06370687261771116
this is the median adj r-square: 0.05763859361547885
