Namespace(end_date=2020, feature_names='Price/Earnings,Price/Book Value,Return on Assets,Return on Equity ,Free Cash Flow per Share,Price/Cash Flow,Enterprise Value/EBITDA,Gross Margin,Net Margin,Sales per Share', new_feature='', path_to_file='./Information Technology/', start_date=2016, y='3M Return')
['2015-12-31', '2016-03-31', '2016-06-30', '2016-09-30', '2016-12-31', '2017-03-31', '2017-06-30', '2017-09-30', '2017-12-31', '2018-03-31', '2018-06-30', '2018-09-30', '2018-12-31', '2019-03-31', '2019-06-30', '2019-09-30', '2019-12-31', '2020-03-31', '2020-06-30', '2020-09-30', '2020-12-31']
AAPL 2015-12-31 2020-12-31
this is Beta adj rsquare of AAPL and the value is 0.8488396515317467:
AKAM 2015-12-31 2020-12-31
Y is: 0.00647832665698389
this is Beta adj rsquare of AKAM and the value is 0.21128537797568314:
AMD 2015-12-31 2020-12-31
Y is: 0.8035087854321392
this is Beta adj rsquare of AMD and the value is -0.037516997409825725:
ANET 2015-12-31 2020-12-31
Y is: 0.020285242634702216
this is Beta adj rsquare of ANET and the value is 0.5681091627509287:
ANSS 2015-12-31 2020-12-31
Y is: 0.0144198628295229
this is Beta adj rsquare of ANSS and the value is 0.5384855913789599:
APH 2015-12-31 2020-12-31
Y is: -0.008474539369694889
this is Beta adj rsquare of APH and the value is 0.12504421291077084:
CDNS 2015-12-31 2020-12-31
Y is: 0.030534322124006863
this is Beta adj rsquare of CDNS and the value is 0.8016295489707139:
CDW 2015-12-31 2020-12-31
Y is: -0.03421682334807985
this is Beta adj rsquare of CDW and the value is 0.7870029784321468:
CTSH 2015-12-31 2020-12-31
Y is: -0.08708132405159297
this is Beta adj rsquare of CTSH and the value is 0.3474727965783251:
ENPH 2015-12-31 2020-12-31
Y is: -0.14592271472203056
this is Beta adj rsquare of ENPH and the value is 0.15750111976741:
EPAM 2015-12-31 2020-12-31
Y is: -0.13874381765634236
this is Beta adj rsquare of EPAM and the value is 0.644250102879766:
FFIV 2015-12-31 2020-12-31
Y is: 0.07548415662682295
this is Beta adj rsquare of FFIV and the value is 0.5554846552459902:
FSLR 2015-12-31 2020-12-31
Y is: -0.291952699314725
this is Beta adj rsquare of FSLR and the value is -0.26218656343891333:
FTNT 2015-12-31 2020-12-31
Y is: 0.0313418077919676
this is Beta adj rsquare of FTNT and the value is 0.45481939104508506:
GEN 2015-12-31 2020-12-31
Y is: 0.11751914327457746
this is Beta adj rsquare of GEN and the value is 0.2836594475660803:
GLW 2015-12-31 2020-12-31
Y is: -0.01962660887464074
this is Beta adj rsquare of GLW and the value is 0.21290451148986356:
IBM 2015-12-31 2020-12-31
Y is: 0.002178958736785752
this is Beta adj rsquare of IBM and the value is 0.5378154210564254:
INTC 2015-12-31 2020-12-31
Y is: 0.013910379726893574
this is Beta adj rsquare of INTC and the value is 0.2873388126543972:
IT 2015-12-31 2020-12-31
Y is: 0.0902071105275144
this is Beta adj rsquare of IT and the value is 0.29987255147021974:
JNPR 2015-12-31 2020-12-31
Y is: -0.11838496396187792
this is Beta adj rsquare of JNPR and the value is 0.5459557455623212:
KLAC 2015-12-31 2020-12-31
Y is: 0.006043159678067012
this is Beta adj rsquare of KLAC and the value is -0.06531941279935816:
LRCX 2015-12-31 2020-12-31
Y is: 0.017675534036844853
this is Beta adj rsquare of LRCX and the value is 0.48334236907287464:
MCHP 2015-12-31 2020-12-31
Y is: 0.053111981702749445
this is Beta adj rsquare of MCHP and the value is 0.7448568343173636:
MPWR 2015-12-31 2020-12-31
Y is: 0.07353866043463575
this is Beta adj rsquare of MPWR and the value is 0.25049751434533263:
MSFT 2015-12-31 2020-12-31
Y is: -0.07351079860477261
this is Beta adj rsquare of MSFT and the value is 0.43944167824699165:
MSI 2015-12-31 2020-12-31
Y is: -0.12853363434336307
this is Beta adj rsquare of MSI and the value is 0.12049000986194836:
NOW 2015-12-31 2020-12-31
Y is: 0.08532202018085822
this is Beta adj rsquare of NOW and the value is -0.06656439038995576:
NXPI 2015-12-31 2020-12-31
Y is: -0.03367464373023654
this is Beta adj rsquare of NXPI and the value is 0.5945436450023504:
ON 2015-12-31 2020-12-31
Y is: -0.08029201725881985
this is Beta adj rsquare of ON and the value is 0.8616407334440139:
PTC 2015-12-31 2020-12-31
Y is: 0.13329318467978002
this is Beta adj rsquare of PTC and the value is 0.3088437730326483:
QCOM 2015-12-31 2020-12-31
Y is: 0.04751662757484598
this is Beta adj rsquare of QCOM and the value is 0.47840504090538305:
ROP 2015-12-31 2020-12-31
Y is: -0.06680530956089126
this is Beta adj rsquare of ROP and the value is 0.8152655690131638:
STX 2015-12-31 2020-12-31
Y is: -0.2928882417745109
this is Beta adj rsquare of STX and the value is 0.4505942543373712:
SWKS 2015-12-31 2020-12-31
Y is: -0.18767653992567845
this is Beta adj rsquare of SWKS and the value is 0.4081158076080078:
TDY 2015-12-31 2020-12-31
Y is: 0.12378039184999912
this is Beta adj rsquare of TDY and the value is 0.22183193664251988:
TEL 2015-12-31 2020-12-31
Y is: -0.07768084142169929
this is Beta adj rsquare of TEL and the value is -0.0665946069818606:
TER 2015-12-31 2020-12-31
Y is: -0.08800368712839168
this is Beta adj rsquare of TER and the value is 0.8073387188570381:
TRMB 2015-12-31 2020-12-31
Y is: -0.01774188065503901
this is Beta adj rsquare of TRMB and the value is 0.7657467743448042:
TXN 2015-12-31 2020-12-31
Y is: 0.09108330762299044
this is Beta adj rsquare of TXN and the value is 0.6875225826263398:
TYL 2015-12-31 2020-12-31
Y is: 0.2962445060469818
this is Beta adj rsquare of TYL and the value is 0.43298394503003623:
VRSN 2015-12-31 2020-12-31
Y is: -0.02349222734975054
this is Beta adj rsquare of VRSN and the value is 0.256830001761132:
WDC 2015-12-31 2020-12-31
Y is: 0.0004232989491090855
this is Beta adj rsquare of WDC and the value is 0.21976030379616507:
ZBRA 2015-12-31 2020-12-31
Y is: -0.273913065592448
this is Beta adj rsquare of ZBRA and the value is 0.576673526307454:
ADI 2015-12-31 2020-12-31
Y is: -0.04308158973178067
this is Beta adj rsquare of ADI and the value is -0.7267458052017504:
ADSK 2015-12-31 2020-12-31
Y is: -0.07151435234835468
this is Beta adj rsquare of ADSK and the value is 0.4198096118855379:
AMAT 2015-12-31 2020-12-31
Y is: 0.13172799659955214
this is Beta adj rsquare of AMAT and the value is 0.17462390364100389:
AVGO 2015-12-31 2020-12-31
Y is: 0.005825203213491115
this is Beta adj rsquare of AVGO and the value is 0.1953599617121885:
CRM 2015-12-31 2020-12-31
Y is: 0.07557905583997426
this is Beta adj rsquare of CRM and the value is -0.2566497802603087:
CSCO 2015-12-31 2020-12-31
Y is: 0.007727475448161769
this is Beta adj rsquare of CSCO and the value is -0.44541729759759563:
HPE 2015-12-31 2020-12-31
Y is: 0.030456901648967527
this is Beta adj rsquare of HPE and the value is -0.04550235221907628:
HPQ 2015-12-31 2020-12-31
Y is: 0.01866887188376065
this is Beta adj rsquare of HPQ and the value is 0.6920943145787599:
INTU 2015-12-31 2020-12-31
Y is: 0.07306988095401379
this is Beta adj rsquare of INTU and the value is -0.22362052246916564:
KEYS 2015-12-31 2020-12-31
Y is: 0.04866620016613332
this is Beta adj rsquare of KEYS and the value is -0.5885209229661601:
NTAP 2015-12-31 2020-12-31
Y is: -0.09893736432244749
this is Beta adj rsquare of NTAP and the value is 0.1144302343693413:
NVDA 2015-12-31 2020-12-31
Y is: 0.3193936826345414
this is Beta adj rsquare of NVDA and the value is 0.21323039646535769:
PANW 2015-12-31 2020-12-31
Y is: -0.2482530293276417
this is Beta adj rsquare of PANW and the value is 0.1578685370068944:
SNPS 2015-12-31 2020-12-31
Y is: 0.11643276969945893
this is Beta adj rsquare of SNPS and the value is -0.19069228735535781:
ACN 2015-12-31 2020-12-31
Y is: -0.018284233816742046
this is Beta adj rsquare of ACN and the value is -0.5828707098086665:
ADBE 2015-12-31 2020-12-31
Y is: 0.021215328347819806
this is Beta adj rsquare of ADBE and the value is -0.04203893827920435:
JBL 2015-12-31 2020-12-31
Y is: -0.04151536717202675
this is Beta adj rsquare of JBL and the value is -0.41743833679060516:
MU 2015-12-31 2020-12-31
Y is: 0.3142311249230434
this is Beta adj rsquare of MU and the value is 0.1004887549105501:
ORCL 2015-12-31 2020-12-31
Y is: 0.0004888892162862035
this is Beta adj rsquare of ORCL and the value is -0.6884682892721536:
AAPL 2015-12-31 2016-03-31
AKAM 2015-12-31 2016-03-31
AMD 2015-12-31 2016-03-31
ANET 2015-12-31 2016-03-31
ANSS 2015-12-31 2016-03-31
APH 2015-12-31 2016-03-31
CDNS 2015-12-31 2016-03-31
CDW 2015-12-31 2016-03-31
CTSH 2015-12-31 2016-03-31
ENPH 2015-12-31 2016-03-31
EPAM 2015-12-31 2016-03-31
FFIV 2015-12-31 2016-03-31
FSLR 2015-12-31 2016-03-31
FTNT 2015-12-31 2016-03-31
GEN 2015-12-31 2016-03-31
GLW 2015-12-31 2016-03-31
IBM 2015-12-31 2016-03-31
INTC 2015-12-31 2016-03-31
IT 2015-12-31 2016-03-31
JNPR 2015-12-31 2016-03-31
KLAC 2015-12-31 2016-03-31
LRCX 2015-12-31 2016-03-31
MCHP 2015-12-31 2016-03-31
MPWR 2015-12-31 2016-03-31
MSFT 2015-12-31 2016-03-31
MSI 2015-12-31 2016-03-31
NOW 2015-12-31 2016-03-31
NXPI 2015-12-31 2016-03-31
ON 2015-12-31 2016-03-31
PTC 2015-12-31 2016-03-31
QCOM 2015-12-31 2016-03-31
ROP 2015-12-31 2016-03-31
STX 2015-12-31 2016-03-31
SWKS 2015-12-31 2016-03-31
TDY 2015-12-31 2016-03-31
TEL 2015-12-31 2016-03-31
TER 2015-12-31 2016-03-31
TRMB 2015-12-31 2016-03-31
TXN 2015-12-31 2016-03-31
TYL 2015-12-31 2016-03-31
VRSN 2015-12-31 2016-03-31
WDC 2015-12-31 2016-03-31
ZBRA 2015-12-31 2016-03-31
ADI 2015-12-31 2016-03-31
ADSK 2015-12-31 2016-03-31
AMAT 2015-12-31 2016-03-31
AVGO 2015-12-31 2016-03-31
CRM 2015-12-31 2016-03-31
CSCO 2015-12-31 2016-03-31
HPE 2015-12-31 2016-03-31
HPQ 2015-12-31 2016-03-31
INTU 2015-12-31 2016-03-31
KEYS 2015-12-31 2016-03-31
NTAP 2015-12-31 2016-03-31
NVDA 2015-12-31 2016-03-31
PANW 2015-12-31 2016-03-31
SNPS 2015-12-31 2016-03-31
ACN 2015-12-31 2016-03-31
ADBE 2015-12-31 2016-03-31
JBL 2015-12-31 2016-03-31
MU 2015-12-31 2016-03-31
ORCL 2015-12-31 2016-03-31
this is adj rsquare: 0.15538145328523234
AAPL 2016-03-31 2016-06-30
AKAM 2016-03-31 2016-06-30
AMD 2016-03-31 2016-06-30
ANET 2016-03-31 2016-06-30
ANSS 2016-03-31 2016-06-30
APH 2016-03-31 2016-06-30
CDNS 2016-03-31 2016-06-30
CDW 2016-03-31 2016-06-30
CTSH 2016-03-31 2016-06-30
ENPH 2016-03-31 2016-06-30
EPAM 2016-03-31 2016-06-30
FFIV 2016-03-31 2016-06-30
FSLR 2016-03-31 2016-06-30
FTNT 2016-03-31 2016-06-30
GEN 2016-03-31 2016-06-30
GLW 2016-03-31 2016-06-30
IBM 2016-03-31 2016-06-30
INTC 2016-03-31 2016-06-30
IT 2016-03-31 2016-06-30
JNPR 2016-03-31 2016-06-30
KLAC 2016-03-31 2016-06-30
LRCX 2016-03-31 2016-06-30
MCHP 2016-03-31 2016-06-30
MPWR 2016-03-31 2016-06-30
MSFT 2016-03-31 2016-06-30
MSI 2016-03-31 2016-06-30
NOW 2016-03-31 2016-06-30
NXPI 2016-03-31 2016-06-30
ON 2016-03-31 2016-06-30
PTC 2016-03-31 2016-06-30
QCOM 2016-03-31 2016-06-30
ROP 2016-03-31 2016-06-30
STX 2016-03-31 2016-06-30
SWKS 2016-03-31 2016-06-30
TDY 2016-03-31 2016-06-30
TEL 2016-03-31 2016-06-30
TER 2016-03-31 2016-06-30
TRMB 2016-03-31 2016-06-30
TXN 2016-03-31 2016-06-30
TYL 2016-03-31 2016-06-30
VRSN 2016-03-31 2016-06-30
WDC 2016-03-31 2016-06-30
ZBRA 2016-03-31 2016-06-30
ADI 2016-03-31 2016-06-30
ADSK 2016-03-31 2016-06-30
AMAT 2016-03-31 2016-06-30
AVGO 2016-03-31 2016-06-30
CRM 2016-03-31 2016-06-30
CSCO 2016-03-31 2016-06-30
HPE 2016-03-31 2016-06-30
HPQ 2016-03-31 2016-06-30
INTU 2016-03-31 2016-06-30
KEYS 2016-03-31 2016-06-30
NTAP 2016-03-31 2016-06-30
NVDA 2016-03-31 2016-06-30
PANW 2016-03-31 2016-06-30
SNPS 2016-03-31 2016-06-30
ACN 2016-03-31 2016-06-30
ADBE 2016-03-31 2016-06-30
JBL 2016-03-31 2016-06-30
MU 2016-03-31 2016-06-30
ORCL 2016-03-31 2016-06-30
this is adj rsquare: -0.12220188021953149
AAPL 2016-06-30 2016-09-30
AKAM 2016-06-30 2016-09-30
AMD 2016-06-30 2016-09-30
ANET 2016-06-30 2016-09-30
ANSS 2016-06-30 2016-09-30
APH 2016-06-30 2016-09-30
CDNS 2016-06-30 2016-09-30
CDW 2016-06-30 2016-09-30
CTSH 2016-06-30 2016-09-30
ENPH 2016-06-30 2016-09-30
EPAM 2016-06-30 2016-09-30
FFIV 2016-06-30 2016-09-30
FSLR 2016-06-30 2016-09-30
FTNT 2016-06-30 2016-09-30
GEN 2016-06-30 2016-09-30
GLW 2016-06-30 2016-09-30
IBM 2016-06-30 2016-09-30
INTC 2016-06-30 2016-09-30
IT 2016-06-30 2016-09-30
JNPR 2016-06-30 2016-09-30
KLAC 2016-06-30 2016-09-30
LRCX 2016-06-30 2016-09-30
MCHP 2016-06-30 2016-09-30
MPWR 2016-06-30 2016-09-30
MSFT 2016-06-30 2016-09-30
MSI 2016-06-30 2016-09-30
NOW 2016-06-30 2016-09-30
NXPI 2016-06-30 2016-09-30
ON 2016-06-30 2016-09-30
PTC 2016-06-30 2016-09-30
QCOM 2016-06-30 2016-09-30
ROP 2016-06-30 2016-09-30
STX 2016-06-30 2016-09-30
SWKS 2016-06-30 2016-09-30
TDY 2016-06-30 2016-09-30
TEL 2016-06-30 2016-09-30
TER 2016-06-30 2016-09-30
TRMB 2016-06-30 2016-09-30
TXN 2016-06-30 2016-09-30
TYL 2016-06-30 2016-09-30
VRSN 2016-06-30 2016-09-30
WDC 2016-06-30 2016-09-30
ZBRA 2016-06-30 2016-09-30
ADI 2016-06-30 2016-09-30
ADSK 2016-06-30 2016-09-30
AMAT 2016-06-30 2016-09-30
AVGO 2016-06-30 2016-09-30
CRM 2016-06-30 2016-09-30
CSCO 2016-06-30 2016-09-30
HPE 2016-06-30 2016-09-30
HPQ 2016-06-30 2016-09-30
INTU 2016-06-30 2016-09-30
KEYS 2016-06-30 2016-09-30
NTAP 2016-06-30 2016-09-30
NVDA 2016-06-30 2016-09-30
PANW 2016-06-30 2016-09-30
SNPS 2016-06-30 2016-09-30
ACN 2016-06-30 2016-09-30
ADBE 2016-06-30 2016-09-30
JBL 2016-06-30 2016-09-30
MU 2016-06-30 2016-09-30
ORCL 2016-06-30 2016-09-30
this is adj rsquare: 0.1962774366154595
AAPL 2016-09-30 2016-12-31
AKAM 2016-09-30 2016-12-31
AMD 2016-09-30 2016-12-31
ANET 2016-09-30 2016-12-31
ANSS 2016-09-30 2016-12-31
APH 2016-09-30 2016-12-31
CDNS 2016-09-30 2016-12-31
CDW 2016-09-30 2016-12-31
CTSH 2016-09-30 2016-12-31
ENPH 2016-09-30 2016-12-31
EPAM 2016-09-30 2016-12-31
FFIV 2016-09-30 2016-12-31
FSLR 2016-09-30 2016-12-31
FTNT 2016-09-30 2016-12-31
GEN 2016-09-30 2016-12-31
GLW 2016-09-30 2016-12-31
IBM 2016-09-30 2016-12-31
INTC 2016-09-30 2016-12-31
IT 2016-09-30 2016-12-31
JNPR 2016-09-30 2016-12-31
KLAC 2016-09-30 2016-12-31
LRCX 2016-09-30 2016-12-31
MCHP 2016-09-30 2016-12-31
MPWR 2016-09-30 2016-12-31
MSFT 2016-09-30 2016-12-31
MSI 2016-09-30 2016-12-31
NOW 2016-09-30 2016-12-31
NXPI 2016-09-30 2016-12-31
ON 2016-09-30 2016-12-31
PTC 2016-09-30 2016-12-31
QCOM 2016-09-30 2016-12-31
ROP 2016-09-30 2016-12-31
STX 2016-09-30 2016-12-31
SWKS 2016-09-30 2016-12-31
TDY 2016-09-30 2016-12-31
TEL 2016-09-30 2016-12-31
TER 2016-09-30 2016-12-31
TRMB 2016-09-30 2016-12-31
TXN 2016-09-30 2016-12-31
TYL 2016-09-30 2016-12-31
VRSN 2016-09-30 2016-12-31
WDC 2016-09-30 2016-12-31
ZBRA 2016-09-30 2016-12-31
ADI 2016-09-30 2016-12-31
ADSK 2016-09-30 2016-12-31
AMAT 2016-09-30 2016-12-31
AVGO 2016-09-30 2016-12-31
CRM 2016-09-30 2016-12-31
CSCO 2016-09-30 2016-12-31
HPE 2016-09-30 2016-12-31
HPQ 2016-09-30 2016-12-31
INTU 2016-09-30 2016-12-31
KEYS 2016-09-30 2016-12-31
NTAP 2016-09-30 2016-12-31
NVDA 2016-09-30 2016-12-31
PANW 2016-09-30 2016-12-31
SNPS 2016-09-30 2016-12-31
ACN 2016-09-30 2016-12-31
ADBE 2016-09-30 2016-12-31
JBL 2016-09-30 2016-12-31
MU 2016-09-30 2016-12-31
ORCL 2016-09-30 2016-12-31
this is adj rsquare: -0.15133705895742433
AAPL 2016-12-31 2017-03-31
AKAM 2016-12-31 2017-03-31
AMD 2016-12-31 2017-03-31
ANET 2016-12-31 2017-03-31
ANSS 2016-12-31 2017-03-31
APH 2016-12-31 2017-03-31
CDNS 2016-12-31 2017-03-31
CDW 2016-12-31 2017-03-31
CTSH 2016-12-31 2017-03-31
ENPH 2016-12-31 2017-03-31
EPAM 2016-12-31 2017-03-31
FFIV 2016-12-31 2017-03-31
FSLR 2016-12-31 2017-03-31
FTNT 2016-12-31 2017-03-31
GEN 2016-12-31 2017-03-31
GLW 2016-12-31 2017-03-31
IBM 2016-12-31 2017-03-31
INTC 2016-12-31 2017-03-31
IT 2016-12-31 2017-03-31
JNPR 2016-12-31 2017-03-31
KLAC 2016-12-31 2017-03-31
LRCX 2016-12-31 2017-03-31
MCHP 2016-12-31 2017-03-31
MPWR 2016-12-31 2017-03-31
MSFT 2016-12-31 2017-03-31
MSI 2016-12-31 2017-03-31
NOW 2016-12-31 2017-03-31
NXPI 2016-12-31 2017-03-31
ON 2016-12-31 2017-03-31
PTC 2016-12-31 2017-03-31
QCOM 2016-12-31 2017-03-31
ROP 2016-12-31 2017-03-31
STX 2016-12-31 2017-03-31
SWKS 2016-12-31 2017-03-31
TDY 2016-12-31 2017-03-31
TEL 2016-12-31 2017-03-31
TER 2016-12-31 2017-03-31
TRMB 2016-12-31 2017-03-31
TXN 2016-12-31 2017-03-31
TYL 2016-12-31 2017-03-31
VRSN 2016-12-31 2017-03-31
WDC 2016-12-31 2017-03-31
ZBRA 2016-12-31 2017-03-31
ADI 2016-12-31 2017-03-31
ADSK 2016-12-31 2017-03-31
AMAT 2016-12-31 2017-03-31
AVGO 2016-12-31 2017-03-31
CRM 2016-12-31 2017-03-31
CSCO 2016-12-31 2017-03-31
HPE 2016-12-31 2017-03-31
HPQ 2016-12-31 2017-03-31
INTU 2016-12-31 2017-03-31
KEYS 2016-12-31 2017-03-31
NTAP 2016-12-31 2017-03-31
NVDA 2016-12-31 2017-03-31
PANW 2016-12-31 2017-03-31
SNPS 2016-12-31 2017-03-31
ACN 2016-12-31 2017-03-31
ADBE 2016-12-31 2017-03-31
JBL 2016-12-31 2017-03-31
MU 2016-12-31 2017-03-31
ORCL 2016-12-31 2017-03-31
this is adj rsquare: 0.043727067342286596
AAPL 2017-03-31 2017-06-30
AKAM 2017-03-31 2017-06-30
AMD 2017-03-31 2017-06-30
ANET 2017-03-31 2017-06-30
ANSS 2017-03-31 2017-06-30
APH 2017-03-31 2017-06-30
CDNS 2017-03-31 2017-06-30
CDW 2017-03-31 2017-06-30
CTSH 2017-03-31 2017-06-30
ENPH 2017-03-31 2017-06-30
EPAM 2017-03-31 2017-06-30
FFIV 2017-03-31 2017-06-30
FSLR 2017-03-31 2017-06-30
FTNT 2017-03-31 2017-06-30
GEN 2017-03-31 2017-06-30
GLW 2017-03-31 2017-06-30
IBM 2017-03-31 2017-06-30
INTC 2017-03-31 2017-06-30
IT 2017-03-31 2017-06-30
JNPR 2017-03-31 2017-06-30
KLAC 2017-03-31 2017-06-30
LRCX 2017-03-31 2017-06-30
MCHP 2017-03-31 2017-06-30
MPWR 2017-03-31 2017-06-30
MSFT 2017-03-31 2017-06-30
MSI 2017-03-31 2017-06-30
NOW 2017-03-31 2017-06-30
NXPI 2017-03-31 2017-06-30
ON 2017-03-31 2017-06-30
PTC 2017-03-31 2017-06-30
QCOM 2017-03-31 2017-06-30
ROP 2017-03-31 2017-06-30
STX 2017-03-31 2017-06-30
SWKS 2017-03-31 2017-06-30
TDY 2017-03-31 2017-06-30
TEL 2017-03-31 2017-06-30
TER 2017-03-31 2017-06-30
TRMB 2017-03-31 2017-06-30
TXN 2017-03-31 2017-06-30
TYL 2017-03-31 2017-06-30
VRSN 2017-03-31 2017-06-30
WDC 2017-03-31 2017-06-30
ZBRA 2017-03-31 2017-06-30
ADI 2017-03-31 2017-06-30
ADSK 2017-03-31 2017-06-30
AMAT 2017-03-31 2017-06-30
AVGO 2017-03-31 2017-06-30
CRM 2017-03-31 2017-06-30
CSCO 2017-03-31 2017-06-30
HPE 2017-03-31 2017-06-30
HPQ 2017-03-31 2017-06-30
INTU 2017-03-31 2017-06-30
KEYS 2017-03-31 2017-06-30
NTAP 2017-03-31 2017-06-30
NVDA 2017-03-31 2017-06-30
PANW 2017-03-31 2017-06-30
SNPS 2017-03-31 2017-06-30
ACN 2017-03-31 2017-06-30
ADBE 2017-03-31 2017-06-30
JBL 2017-03-31 2017-06-30
MU 2017-03-31 2017-06-30
ORCL 2017-03-31 2017-06-30
this is adj rsquare: 0.04933804826479715
AAPL 2017-06-30 2017-09-30
AKAM 2017-06-30 2017-09-30
AMD 2017-06-30 2017-09-30
ANET 2017-06-30 2017-09-30
ANSS 2017-06-30 2017-09-30
APH 2017-06-30 2017-09-30
CDNS 2017-06-30 2017-09-30
CDW 2017-06-30 2017-09-30
CTSH 2017-06-30 2017-09-30
ENPH 2017-06-30 2017-09-30
EPAM 2017-06-30 2017-09-30
FFIV 2017-06-30 2017-09-30
FSLR 2017-06-30 2017-09-30
FTNT 2017-06-30 2017-09-30
GEN 2017-06-30 2017-09-30
GLW 2017-06-30 2017-09-30
IBM 2017-06-30 2017-09-30
INTC 2017-06-30 2017-09-30
IT 2017-06-30 2017-09-30
JNPR 2017-06-30 2017-09-30
KLAC 2017-06-30 2017-09-30
LRCX 2017-06-30 2017-09-30
MCHP 2017-06-30 2017-09-30
MPWR 2017-06-30 2017-09-30
MSFT 2017-06-30 2017-09-30
MSI 2017-06-30 2017-09-30
NOW 2017-06-30 2017-09-30
NXPI 2017-06-30 2017-09-30
ON 2017-06-30 2017-09-30
PTC 2017-06-30 2017-09-30
QCOM 2017-06-30 2017-09-30
ROP 2017-06-30 2017-09-30
STX 2017-06-30 2017-09-30
SWKS 2017-06-30 2017-09-30
TDY 2017-06-30 2017-09-30
TEL 2017-06-30 2017-09-30
TER 2017-06-30 2017-09-30
TRMB 2017-06-30 2017-09-30
TXN 2017-06-30 2017-09-30
TYL 2017-06-30 2017-09-30
VRSN 2017-06-30 2017-09-30
WDC 2017-06-30 2017-09-30
ZBRA 2017-06-30 2017-09-30
ADI 2017-06-30 2017-09-30
ADSK 2017-06-30 2017-09-30
AMAT 2017-06-30 2017-09-30
AVGO 2017-06-30 2017-09-30
CRM 2017-06-30 2017-09-30
CSCO 2017-06-30 2017-09-30
HPE 2017-06-30 2017-09-30
HPQ 2017-06-30 2017-09-30
INTU 2017-06-30 2017-09-30
KEYS 2017-06-30 2017-09-30
NTAP 2017-06-30 2017-09-30
NVDA 2017-06-30 2017-09-30
PANW 2017-06-30 2017-09-30
SNPS 2017-06-30 2017-09-30
ACN 2017-06-30 2017-09-30
ADBE 2017-06-30 2017-09-30
JBL 2017-06-30 2017-09-30
MU 2017-06-30 2017-09-30
ORCL 2017-06-30 2017-09-30
this is adj rsquare: 0.21737052462296835
AAPL 2017-09-30 2017-12-31
AKAM 2017-09-30 2017-12-31
AMD 2017-09-30 2017-12-31
ANET 2017-09-30 2017-12-31
ANSS 2017-09-30 2017-12-31
APH 2017-09-30 2017-12-31
CDNS 2017-09-30 2017-12-31
CDW 2017-09-30 2017-12-31
CTSH 2017-09-30 2017-12-31
ENPH 2017-09-30 2017-12-31
EPAM 2017-09-30 2017-12-31
FFIV 2017-09-30 2017-12-31
FSLR 2017-09-30 2017-12-31
FTNT 2017-09-30 2017-12-31
GEN 2017-09-30 2017-12-31
GLW 2017-09-30 2017-12-31
IBM 2017-09-30 2017-12-31
INTC 2017-09-30 2017-12-31
IT 2017-09-30 2017-12-31
JNPR 2017-09-30 2017-12-31
KLAC 2017-09-30 2017-12-31
LRCX 2017-09-30 2017-12-31
MCHP 2017-09-30 2017-12-31
MPWR 2017-09-30 2017-12-31
MSFT 2017-09-30 2017-12-31
MSI 2017-09-30 2017-12-31
NOW 2017-09-30 2017-12-31
NXPI 2017-09-30 2017-12-31
ON 2017-09-30 2017-12-31
PTC 2017-09-30 2017-12-31
QCOM 2017-09-30 2017-12-31
ROP 2017-09-30 2017-12-31
STX 2017-09-30 2017-12-31
SWKS 2017-09-30 2017-12-31
TDY 2017-09-30 2017-12-31
TEL 2017-09-30 2017-12-31
TER 2017-09-30 2017-12-31
TRMB 2017-09-30 2017-12-31
TXN 2017-09-30 2017-12-31
TYL 2017-09-30 2017-12-31
VRSN 2017-09-30 2017-12-31
WDC 2017-09-30 2017-12-31
ZBRA 2017-09-30 2017-12-31
ADI 2017-09-30 2017-12-31
ADSK 2017-09-30 2017-12-31
AMAT 2017-09-30 2017-12-31
AVGO 2017-09-30 2017-12-31
CRM 2017-09-30 2017-12-31
CSCO 2017-09-30 2017-12-31
HPE 2017-09-30 2017-12-31
HPQ 2017-09-30 2017-12-31
INTU 2017-09-30 2017-12-31
KEYS 2017-09-30 2017-12-31
NTAP 2017-09-30 2017-12-31
NVDA 2017-09-30 2017-12-31
PANW 2017-09-30 2017-12-31
SNPS 2017-09-30 2017-12-31
ACN 2017-09-30 2017-12-31
ADBE 2017-09-30 2017-12-31
JBL 2017-09-30 2017-12-31
MU 2017-09-30 2017-12-31
ORCL 2017-09-30 2017-12-31
this is adj rsquare: 0.14101573895521513
AAPL 2017-12-31 2018-03-31
AKAM 2017-12-31 2018-03-31
AMD 2017-12-31 2018-03-31
ANET 2017-12-31 2018-03-31
ANSS 2017-12-31 2018-03-31
APH 2017-12-31 2018-03-31
CDNS 2017-12-31 2018-03-31
CDW 2017-12-31 2018-03-31
CTSH 2017-12-31 2018-03-31
ENPH 2017-12-31 2018-03-31
EPAM 2017-12-31 2018-03-31
FFIV 2017-12-31 2018-03-31
FSLR 2017-12-31 2018-03-31
FTNT 2017-12-31 2018-03-31
GEN 2017-12-31 2018-03-31
GLW 2017-12-31 2018-03-31
IBM 2017-12-31 2018-03-31
INTC 2017-12-31 2018-03-31
IT 2017-12-31 2018-03-31
JNPR 2017-12-31 2018-03-31
KLAC 2017-12-31 2018-03-31
LRCX 2017-12-31 2018-03-31
MCHP 2017-12-31 2018-03-31
MPWR 2017-12-31 2018-03-31
MSFT 2017-12-31 2018-03-31
MSI 2017-12-31 2018-03-31
NOW 2017-12-31 2018-03-31
NXPI 2017-12-31 2018-03-31
ON 2017-12-31 2018-03-31
PTC 2017-12-31 2018-03-31
QCOM 2017-12-31 2018-03-31
ROP 2017-12-31 2018-03-31
STX 2017-12-31 2018-03-31
SWKS 2017-12-31 2018-03-31
TDY 2017-12-31 2018-03-31
TEL 2017-12-31 2018-03-31
TER 2017-12-31 2018-03-31
TRMB 2017-12-31 2018-03-31
TXN 2017-12-31 2018-03-31
TYL 2017-12-31 2018-03-31
VRSN 2017-12-31 2018-03-31
WDC 2017-12-31 2018-03-31
ZBRA 2017-12-31 2018-03-31
ADI 2017-12-31 2018-03-31
ADSK 2017-12-31 2018-03-31
AMAT 2017-12-31 2018-03-31
AVGO 2017-12-31 2018-03-31
CRM 2017-12-31 2018-03-31
CSCO 2017-12-31 2018-03-31
HPE 2017-12-31 2018-03-31
HPQ 2017-12-31 2018-03-31
INTU 2017-12-31 2018-03-31
KEYS 2017-12-31 2018-03-31
NTAP 2017-12-31 2018-03-31
NVDA 2017-12-31 2018-03-31
PANW 2017-12-31 2018-03-31
SNPS 2017-12-31 2018-03-31
ACN 2017-12-31 2018-03-31
ADBE 2017-12-31 2018-03-31
JBL 2017-12-31 2018-03-31
MU 2017-12-31 2018-03-31
ORCL 2017-12-31 2018-03-31
this is adj rsquare: 0.09506119853990391
AAPL 2018-03-31 2018-06-30
AKAM 2018-03-31 2018-06-30
AMD 2018-03-31 2018-06-30
ANET 2018-03-31 2018-06-30
ANSS 2018-03-31 2018-06-30
APH 2018-03-31 2018-06-30
CDNS 2018-03-31 2018-06-30
CDW 2018-03-31 2018-06-30
CTSH 2018-03-31 2018-06-30
ENPH 2018-03-31 2018-06-30
EPAM 2018-03-31 2018-06-30
FFIV 2018-03-31 2018-06-30
FSLR 2018-03-31 2018-06-30
FTNT 2018-03-31 2018-06-30
GEN 2018-03-31 2018-06-30
GLW 2018-03-31 2018-06-30
IBM 2018-03-31 2018-06-30
INTC 2018-03-31 2018-06-30
IT 2018-03-31 2018-06-30
JNPR 2018-03-31 2018-06-30
KLAC 2018-03-31 2018-06-30
LRCX 2018-03-31 2018-06-30
MCHP 2018-03-31 2018-06-30
MPWR 2018-03-31 2018-06-30
MSFT 2018-03-31 2018-06-30
MSI 2018-03-31 2018-06-30
NOW 2018-03-31 2018-06-30
NXPI 2018-03-31 2018-06-30
ON 2018-03-31 2018-06-30
PTC 2018-03-31 2018-06-30
QCOM 2018-03-31 2018-06-30
ROP 2018-03-31 2018-06-30
STX 2018-03-31 2018-06-30
SWKS 2018-03-31 2018-06-30
TDY 2018-03-31 2018-06-30
TEL 2018-03-31 2018-06-30
TER 2018-03-31 2018-06-30
TRMB 2018-03-31 2018-06-30
TXN 2018-03-31 2018-06-30
TYL 2018-03-31 2018-06-30
VRSN 2018-03-31 2018-06-30
WDC 2018-03-31 2018-06-30
ZBRA 2018-03-31 2018-06-30
ADI 2018-03-31 2018-06-30
ADSK 2018-03-31 2018-06-30
AMAT 2018-03-31 2018-06-30
AVGO 2018-03-31 2018-06-30
CRM 2018-03-31 2018-06-30
CSCO 2018-03-31 2018-06-30
HPE 2018-03-31 2018-06-30
HPQ 2018-03-31 2018-06-30
INTU 2018-03-31 2018-06-30
KEYS 2018-03-31 2018-06-30
NTAP 2018-03-31 2018-06-30
NVDA 2018-03-31 2018-06-30
PANW 2018-03-31 2018-06-30
SNPS 2018-03-31 2018-06-30
ACN 2018-03-31 2018-06-30
ADBE 2018-03-31 2018-06-30
JBL 2018-03-31 2018-06-30
MU 2018-03-31 2018-06-30
ORCL 2018-03-31 2018-06-30
this is adj rsquare: 0.15374840547286095
AAPL 2018-06-30 2018-09-30
AKAM 2018-06-30 2018-09-30
AMD 2018-06-30 2018-09-30
ANET 2018-06-30 2018-09-30
ANSS 2018-06-30 2018-09-30
APH 2018-06-30 2018-09-30
CDNS 2018-06-30 2018-09-30
CDW 2018-06-30 2018-09-30
CTSH 2018-06-30 2018-09-30
ENPH 2018-06-30 2018-09-30
EPAM 2018-06-30 2018-09-30
FFIV 2018-06-30 2018-09-30
FSLR 2018-06-30 2018-09-30
FTNT 2018-06-30 2018-09-30
GEN 2018-06-30 2018-09-30
GLW 2018-06-30 2018-09-30
IBM 2018-06-30 2018-09-30
INTC 2018-06-30 2018-09-30
IT 2018-06-30 2018-09-30
JNPR 2018-06-30 2018-09-30
KLAC 2018-06-30 2018-09-30
LRCX 2018-06-30 2018-09-30
MCHP 2018-06-30 2018-09-30
MPWR 2018-06-30 2018-09-30
MSFT 2018-06-30 2018-09-30
MSI 2018-06-30 2018-09-30
NOW 2018-06-30 2018-09-30
NXPI 2018-06-30 2018-09-30
ON 2018-06-30 2018-09-30
PTC 2018-06-30 2018-09-30
QCOM 2018-06-30 2018-09-30
ROP 2018-06-30 2018-09-30
STX 2018-06-30 2018-09-30
SWKS 2018-06-30 2018-09-30
TDY 2018-06-30 2018-09-30
TEL 2018-06-30 2018-09-30
TER 2018-06-30 2018-09-30
TRMB 2018-06-30 2018-09-30
TXN 2018-06-30 2018-09-30
TYL 2018-06-30 2018-09-30
VRSN 2018-06-30 2018-09-30
WDC 2018-06-30 2018-09-30
ZBRA 2018-06-30 2018-09-30
ADI 2018-06-30 2018-09-30
ADSK 2018-06-30 2018-09-30
AMAT 2018-06-30 2018-09-30
AVGO 2018-06-30 2018-09-30
CRM 2018-06-30 2018-09-30
CSCO 2018-06-30 2018-09-30
HPE 2018-06-30 2018-09-30
HPQ 2018-06-30 2018-09-30
INTU 2018-06-30 2018-09-30
KEYS 2018-06-30 2018-09-30
NTAP 2018-06-30 2018-09-30
NVDA 2018-06-30 2018-09-30
PANW 2018-06-30 2018-09-30
SNPS 2018-06-30 2018-09-30
ACN 2018-06-30 2018-09-30
ADBE 2018-06-30 2018-09-30
JBL 2018-06-30 2018-09-30
MU 2018-06-30 2018-09-30
ORCL 2018-06-30 2018-09-30
this is adj rsquare: 0.06374544144419159
AAPL 2018-09-30 2018-12-31
AKAM 2018-09-30 2018-12-31
AMD 2018-09-30 2018-12-31
ANET 2018-09-30 2018-12-31
ANSS 2018-09-30 2018-12-31
APH 2018-09-30 2018-12-31
CDNS 2018-09-30 2018-12-31
CDW 2018-09-30 2018-12-31
CTSH 2018-09-30 2018-12-31
ENPH 2018-09-30 2018-12-31
EPAM 2018-09-30 2018-12-31
FFIV 2018-09-30 2018-12-31
FSLR 2018-09-30 2018-12-31
FTNT 2018-09-30 2018-12-31
GEN 2018-09-30 2018-12-31
GLW 2018-09-30 2018-12-31
IBM 2018-09-30 2018-12-31
INTC 2018-09-30 2018-12-31
IT 2018-09-30 2018-12-31
JNPR 2018-09-30 2018-12-31
KLAC 2018-09-30 2018-12-31
LRCX 2018-09-30 2018-12-31
MCHP 2018-09-30 2018-12-31
MPWR 2018-09-30 2018-12-31
MSFT 2018-09-30 2018-12-31
MSI 2018-09-30 2018-12-31
NOW 2018-09-30 2018-12-31
NXPI 2018-09-30 2018-12-31
ON 2018-09-30 2018-12-31
PTC 2018-09-30 2018-12-31
QCOM 2018-09-30 2018-12-31
ROP 2018-09-30 2018-12-31
STX 2018-09-30 2018-12-31
SWKS 2018-09-30 2018-12-31
TDY 2018-09-30 2018-12-31
TEL 2018-09-30 2018-12-31
TER 2018-09-30 2018-12-31
TRMB 2018-09-30 2018-12-31
TXN 2018-09-30 2018-12-31
TYL 2018-09-30 2018-12-31
VRSN 2018-09-30 2018-12-31
WDC 2018-09-30 2018-12-31
ZBRA 2018-09-30 2018-12-31
ADI 2018-09-30 2018-12-31
ADSK 2018-09-30 2018-12-31
AMAT 2018-09-30 2018-12-31
AVGO 2018-09-30 2018-12-31
CRM 2018-09-30 2018-12-31
CSCO 2018-09-30 2018-12-31
HPE 2018-09-30 2018-12-31
HPQ 2018-09-30 2018-12-31
INTU 2018-09-30 2018-12-31
KEYS 2018-09-30 2018-12-31
NTAP 2018-09-30 2018-12-31
NVDA 2018-09-30 2018-12-31
PANW 2018-09-30 2018-12-31
SNPS 2018-09-30 2018-12-31
ACN 2018-09-30 2018-12-31
ADBE 2018-09-30 2018-12-31
JBL 2018-09-30 2018-12-31
MU 2018-09-30 2018-12-31
ORCL 2018-09-30 2018-12-31
this is adj rsquare: 0.04307987412787828
AAPL 2018-12-31 2019-03-31
AKAM 2018-12-31 2019-03-31
AMD 2018-12-31 2019-03-31
ANET 2018-12-31 2019-03-31
ANSS 2018-12-31 2019-03-31
APH 2018-12-31 2019-03-31
CDNS 2018-12-31 2019-03-31
CDW 2018-12-31 2019-03-31
CTSH 2018-12-31 2019-03-31
ENPH 2018-12-31 2019-03-31
EPAM 2018-12-31 2019-03-31
FFIV 2018-12-31 2019-03-31
FSLR 2018-12-31 2019-03-31
FTNT 2018-12-31 2019-03-31
GEN 2018-12-31 2019-03-31
GLW 2018-12-31 2019-03-31
IBM 2018-12-31 2019-03-31
INTC 2018-12-31 2019-03-31
IT 2018-12-31 2019-03-31
JNPR 2018-12-31 2019-03-31
KLAC 2018-12-31 2019-03-31
LRCX 2018-12-31 2019-03-31
MCHP 2018-12-31 2019-03-31
MPWR 2018-12-31 2019-03-31
MSFT 2018-12-31 2019-03-31
MSI 2018-12-31 2019-03-31
NOW 2018-12-31 2019-03-31
NXPI 2018-12-31 2019-03-31
ON 2018-12-31 2019-03-31
PTC 2018-12-31 2019-03-31
QCOM 2018-12-31 2019-03-31
ROP 2018-12-31 2019-03-31
STX 2018-12-31 2019-03-31
SWKS 2018-12-31 2019-03-31
TDY 2018-12-31 2019-03-31
TEL 2018-12-31 2019-03-31
TER 2018-12-31 2019-03-31
TRMB 2018-12-31 2019-03-31
TXN 2018-12-31 2019-03-31
TYL 2018-12-31 2019-03-31
VRSN 2018-12-31 2019-03-31
WDC 2018-12-31 2019-03-31
ZBRA 2018-12-31 2019-03-31
ADI 2018-12-31 2019-03-31
ADSK 2018-12-31 2019-03-31
AMAT 2018-12-31 2019-03-31
AVGO 2018-12-31 2019-03-31
CRM 2018-12-31 2019-03-31
CSCO 2018-12-31 2019-03-31
HPE 2018-12-31 2019-03-31
HPQ 2018-12-31 2019-03-31
INTU 2018-12-31 2019-03-31
KEYS 2018-12-31 2019-03-31
NTAP 2018-12-31 2019-03-31
NVDA 2018-12-31 2019-03-31
PANW 2018-12-31 2019-03-31
SNPS 2018-12-31 2019-03-31
ACN 2018-12-31 2019-03-31
ADBE 2018-12-31 2019-03-31
JBL 2018-12-31 2019-03-31
MU 2018-12-31 2019-03-31
ORCL 2018-12-31 2019-03-31
this is adj rsquare: 0.2623390519297798
AAPL 2019-03-31 2019-06-30
AKAM 2019-03-31 2019-06-30
AMD 2019-03-31 2019-06-30
ANET 2019-03-31 2019-06-30
ANSS 2019-03-31 2019-06-30
APH 2019-03-31 2019-06-30
CDNS 2019-03-31 2019-06-30
CDW 2019-03-31 2019-06-30
CTSH 2019-03-31 2019-06-30
ENPH 2019-03-31 2019-06-30
EPAM 2019-03-31 2019-06-30
FFIV 2019-03-31 2019-06-30
FSLR 2019-03-31 2019-06-30
FTNT 2019-03-31 2019-06-30
GEN 2019-03-31 2019-06-30
GLW 2019-03-31 2019-06-30
IBM 2019-03-31 2019-06-30
INTC 2019-03-31 2019-06-30
IT 2019-03-31 2019-06-30
JNPR 2019-03-31 2019-06-30
KLAC 2019-03-31 2019-06-30
LRCX 2019-03-31 2019-06-30
MCHP 2019-03-31 2019-06-30
MPWR 2019-03-31 2019-06-30
MSFT 2019-03-31 2019-06-30
MSI 2019-03-31 2019-06-30
NOW 2019-03-31 2019-06-30
NXPI 2019-03-31 2019-06-30
ON 2019-03-31 2019-06-30
PTC 2019-03-31 2019-06-30
QCOM 2019-03-31 2019-06-30
ROP 2019-03-31 2019-06-30
STX 2019-03-31 2019-06-30
SWKS 2019-03-31 2019-06-30
TDY 2019-03-31 2019-06-30
TEL 2019-03-31 2019-06-30
TER 2019-03-31 2019-06-30
TRMB 2019-03-31 2019-06-30
TXN 2019-03-31 2019-06-30
TYL 2019-03-31 2019-06-30
VRSN 2019-03-31 2019-06-30
WDC 2019-03-31 2019-06-30
ZBRA 2019-03-31 2019-06-30
ADI 2019-03-31 2019-06-30
ADSK 2019-03-31 2019-06-30
AMAT 2019-03-31 2019-06-30
AVGO 2019-03-31 2019-06-30
CRM 2019-03-31 2019-06-30
CSCO 2019-03-31 2019-06-30
HPE 2019-03-31 2019-06-30
HPQ 2019-03-31 2019-06-30
INTU 2019-03-31 2019-06-30
KEYS 2019-03-31 2019-06-30
NTAP 2019-03-31 2019-06-30
NVDA 2019-03-31 2019-06-30
PANW 2019-03-31 2019-06-30
SNPS 2019-03-31 2019-06-30
ACN 2019-03-31 2019-06-30
ADBE 2019-03-31 2019-06-30
JBL 2019-03-31 2019-06-30
MU 2019-03-31 2019-06-30
ORCL 2019-03-31 2019-06-30
this is adj rsquare: 0.11582376359121926
AAPL 2019-06-30 2019-09-30
AKAM 2019-06-30 2019-09-30
AMD 2019-06-30 2019-09-30
ANET 2019-06-30 2019-09-30
ANSS 2019-06-30 2019-09-30
APH 2019-06-30 2019-09-30
CDNS 2019-06-30 2019-09-30
CDW 2019-06-30 2019-09-30
CTSH 2019-06-30 2019-09-30
ENPH 2019-06-30 2019-09-30
EPAM 2019-06-30 2019-09-30
FFIV 2019-06-30 2019-09-30
FSLR 2019-06-30 2019-09-30
FTNT 2019-06-30 2019-09-30
GEN 2019-06-30 2019-09-30
GLW 2019-06-30 2019-09-30
IBM 2019-06-30 2019-09-30
INTC 2019-06-30 2019-09-30
IT 2019-06-30 2019-09-30
JNPR 2019-06-30 2019-09-30
KLAC 2019-06-30 2019-09-30
LRCX 2019-06-30 2019-09-30
MCHP 2019-06-30 2019-09-30
MPWR 2019-06-30 2019-09-30
MSFT 2019-06-30 2019-09-30
MSI 2019-06-30 2019-09-30
NOW 2019-06-30 2019-09-30
NXPI 2019-06-30 2019-09-30
ON 2019-06-30 2019-09-30
PTC 2019-06-30 2019-09-30
QCOM 2019-06-30 2019-09-30
ROP 2019-06-30 2019-09-30
STX 2019-06-30 2019-09-30
SWKS 2019-06-30 2019-09-30
TDY 2019-06-30 2019-09-30
TEL 2019-06-30 2019-09-30
TER 2019-06-30 2019-09-30
TRMB 2019-06-30 2019-09-30
TXN 2019-06-30 2019-09-30
TYL 2019-06-30 2019-09-30
VRSN 2019-06-30 2019-09-30
WDC 2019-06-30 2019-09-30
ZBRA 2019-06-30 2019-09-30
ADI 2019-06-30 2019-09-30
ADSK 2019-06-30 2019-09-30
AMAT 2019-06-30 2019-09-30
AVGO 2019-06-30 2019-09-30
CRM 2019-06-30 2019-09-30
CSCO 2019-06-30 2019-09-30
HPE 2019-06-30 2019-09-30
HPQ 2019-06-30 2019-09-30
INTU 2019-06-30 2019-09-30
KEYS 2019-06-30 2019-09-30
NTAP 2019-06-30 2019-09-30
NVDA 2019-06-30 2019-09-30
PANW 2019-06-30 2019-09-30
SNPS 2019-06-30 2019-09-30
ACN 2019-06-30 2019-09-30
ADBE 2019-06-30 2019-09-30
JBL 2019-06-30 2019-09-30
MU 2019-06-30 2019-09-30
ORCL 2019-06-30 2019-09-30
this is adj rsquare: -0.057722379150155545
AAPL 2019-09-30 2019-12-31
AKAM 2019-09-30 2019-12-31
AMD 2019-09-30 2019-12-31
ANET 2019-09-30 2019-12-31
ANSS 2019-09-30 2019-12-31
APH 2019-09-30 2019-12-31
CDNS 2019-09-30 2019-12-31
CDW 2019-09-30 2019-12-31
CTSH 2019-09-30 2019-12-31
ENPH 2019-09-30 2019-12-31
EPAM 2019-09-30 2019-12-31
FFIV 2019-09-30 2019-12-31
FSLR 2019-09-30 2019-12-31
FTNT 2019-09-30 2019-12-31
GEN 2019-09-30 2019-12-31
GLW 2019-09-30 2019-12-31
IBM 2019-09-30 2019-12-31
INTC 2019-09-30 2019-12-31
IT 2019-09-30 2019-12-31
JNPR 2019-09-30 2019-12-31
KLAC 2019-09-30 2019-12-31
LRCX 2019-09-30 2019-12-31
MCHP 2019-09-30 2019-12-31
MPWR 2019-09-30 2019-12-31
MSFT 2019-09-30 2019-12-31
MSI 2019-09-30 2019-12-31
NOW 2019-09-30 2019-12-31
NXPI 2019-09-30 2019-12-31
ON 2019-09-30 2019-12-31
PTC 2019-09-30 2019-12-31
QCOM 2019-09-30 2019-12-31
ROP 2019-09-30 2019-12-31
STX 2019-09-30 2019-12-31
SWKS 2019-09-30 2019-12-31
TDY 2019-09-30 2019-12-31
TEL 2019-09-30 2019-12-31
TER 2019-09-30 2019-12-31
TRMB 2019-09-30 2019-12-31
TXN 2019-09-30 2019-12-31
TYL 2019-09-30 2019-12-31
VRSN 2019-09-30 2019-12-31
WDC 2019-09-30 2019-12-31
ZBRA 2019-09-30 2019-12-31
ADI 2019-09-30 2019-12-31
ADSK 2019-09-30 2019-12-31
AMAT 2019-09-30 2019-12-31
AVGO 2019-09-30 2019-12-31
CRM 2019-09-30 2019-12-31
CSCO 2019-09-30 2019-12-31
HPE 2019-09-30 2019-12-31
HPQ 2019-09-30 2019-12-31
INTU 2019-09-30 2019-12-31
KEYS 2019-09-30 2019-12-31
NTAP 2019-09-30 2019-12-31
NVDA 2019-09-30 2019-12-31
PANW 2019-09-30 2019-12-31
SNPS 2019-09-30 2019-12-31
ACN 2019-09-30 2019-12-31
ADBE 2019-09-30 2019-12-31
JBL 2019-09-30 2019-12-31
MU 2019-09-30 2019-12-31
ORCL 2019-09-30 2019-12-31
this is adj rsquare: 0.11199194672801371
AAPL 2019-12-31 2020-03-31
AKAM 2019-12-31 2020-03-31
AMD 2019-12-31 2020-03-31
ANET 2019-12-31 2020-03-31
ANSS 2019-12-31 2020-03-31
APH 2019-12-31 2020-03-31
CDNS 2019-12-31 2020-03-31
CDW 2019-12-31 2020-03-31
CTSH 2019-12-31 2020-03-31
ENPH 2019-12-31 2020-03-31
EPAM 2019-12-31 2020-03-31
FFIV 2019-12-31 2020-03-31
FSLR 2019-12-31 2020-03-31
FTNT 2019-12-31 2020-03-31
GEN 2019-12-31 2020-03-31
GLW 2019-12-31 2020-03-31
IBM 2019-12-31 2020-03-31
INTC 2019-12-31 2020-03-31
IT 2019-12-31 2020-03-31
JNPR 2019-12-31 2020-03-31
KLAC 2019-12-31 2020-03-31
LRCX 2019-12-31 2020-03-31
MCHP 2019-12-31 2020-03-31
MPWR 2019-12-31 2020-03-31
MSFT 2019-12-31 2020-03-31
MSI 2019-12-31 2020-03-31
NOW 2019-12-31 2020-03-31
NXPI 2019-12-31 2020-03-31
ON 2019-12-31 2020-03-31
PTC 2019-12-31 2020-03-31
QCOM 2019-12-31 2020-03-31
ROP 2019-12-31 2020-03-31
STX 2019-12-31 2020-03-31
SWKS 2019-12-31 2020-03-31
TDY 2019-12-31 2020-03-31
TEL 2019-12-31 2020-03-31
TER 2019-12-31 2020-03-31
TRMB 2019-12-31 2020-03-31
TXN 2019-12-31 2020-03-31
TYL 2019-12-31 2020-03-31
VRSN 2019-12-31 2020-03-31
WDC 2019-12-31 2020-03-31
ZBRA 2019-12-31 2020-03-31
ADI 2019-12-31 2020-03-31
ADSK 2019-12-31 2020-03-31
AMAT 2019-12-31 2020-03-31
AVGO 2019-12-31 2020-03-31
CRM 2019-12-31 2020-03-31
CSCO 2019-12-31 2020-03-31
HPE 2019-12-31 2020-03-31
HPQ 2019-12-31 2020-03-31
INTU 2019-12-31 2020-03-31
KEYS 2019-12-31 2020-03-31
NTAP 2019-12-31 2020-03-31
NVDA 2019-12-31 2020-03-31
PANW 2019-12-31 2020-03-31
SNPS 2019-12-31 2020-03-31
ACN 2019-12-31 2020-03-31
ADBE 2019-12-31 2020-03-31
JBL 2019-12-31 2020-03-31
MU 2019-12-31 2020-03-31
ORCL 2019-12-31 2020-03-31
this is adj rsquare: 0.0328931964696807
AAPL 2020-03-31 2020-06-30
AKAM 2020-03-31 2020-06-30
AMD 2020-03-31 2020-06-30
ANET 2020-03-31 2020-06-30
ANSS 2020-03-31 2020-06-30
APH 2020-03-31 2020-06-30
CDNS 2020-03-31 2020-06-30
CDW 2020-03-31 2020-06-30
CTSH 2020-03-31 2020-06-30
ENPH 2020-03-31 2020-06-30
EPAM 2020-03-31 2020-06-30
FFIV 2020-03-31 2020-06-30
FSLR 2020-03-31 2020-06-30
FTNT 2020-03-31 2020-06-30
GEN 2020-03-31 2020-06-30
GLW 2020-03-31 2020-06-30
IBM 2020-03-31 2020-06-30
INTC 2020-03-31 2020-06-30
IT 2020-03-31 2020-06-30
JNPR 2020-03-31 2020-06-30
KLAC 2020-03-31 2020-06-30
LRCX 2020-03-31 2020-06-30
MCHP 2020-03-31 2020-06-30
MPWR 2020-03-31 2020-06-30
MSFT 2020-03-31 2020-06-30
MSI 2020-03-31 2020-06-30
NOW 2020-03-31 2020-06-30
NXPI 2020-03-31 2020-06-30
ON 2020-03-31 2020-06-30
PTC 2020-03-31 2020-06-30
QCOM 2020-03-31 2020-06-30
ROP 2020-03-31 2020-06-30
STX 2020-03-31 2020-06-30
SWKS 2020-03-31 2020-06-30
TDY 2020-03-31 2020-06-30
TEL 2020-03-31 2020-06-30
TER 2020-03-31 2020-06-30
TRMB 2020-03-31 2020-06-30
TXN 2020-03-31 2020-06-30
TYL 2020-03-31 2020-06-30
VRSN 2020-03-31 2020-06-30
WDC 2020-03-31 2020-06-30
ZBRA 2020-03-31 2020-06-30
ADI 2020-03-31 2020-06-30
ADSK 2020-03-31 2020-06-30
AMAT 2020-03-31 2020-06-30
AVGO 2020-03-31 2020-06-30
CRM 2020-03-31 2020-06-30
CSCO 2020-03-31 2020-06-30
HPE 2020-03-31 2020-06-30
HPQ 2020-03-31 2020-06-30
INTU 2020-03-31 2020-06-30
KEYS 2020-03-31 2020-06-30
NTAP 2020-03-31 2020-06-30
NVDA 2020-03-31 2020-06-30
PANW 2020-03-31 2020-06-30
SNPS 2020-03-31 2020-06-30
ACN 2020-03-31 2020-06-30
ADBE 2020-03-31 2020-06-30
JBL 2020-03-31 2020-06-30
MU 2020-03-31 2020-06-30
ORCL 2020-03-31 2020-06-30
this is adj rsquare: 0.08754077420185613
AAPL 2020-06-30 2020-09-30
AKAM 2020-06-30 2020-09-30
AMD 2020-06-30 2020-09-30
ANET 2020-06-30 2020-09-30
ANSS 2020-06-30 2020-09-30
APH 2020-06-30 2020-09-30
CDNS 2020-06-30 2020-09-30
CDW 2020-06-30 2020-09-30
CTSH 2020-06-30 2020-09-30
ENPH 2020-06-30 2020-09-30
EPAM 2020-06-30 2020-09-30
FFIV 2020-06-30 2020-09-30
FSLR 2020-06-30 2020-09-30
FTNT 2020-06-30 2020-09-30
GEN 2020-06-30 2020-09-30
GLW 2020-06-30 2020-09-30
IBM 2020-06-30 2020-09-30
INTC 2020-06-30 2020-09-30
IT 2020-06-30 2020-09-30
JNPR 2020-06-30 2020-09-30
KLAC 2020-06-30 2020-09-30
LRCX 2020-06-30 2020-09-30
MCHP 2020-06-30 2020-09-30
MPWR 2020-06-30 2020-09-30
MSFT 2020-06-30 2020-09-30
MSI 2020-06-30 2020-09-30
NOW 2020-06-30 2020-09-30
NXPI 2020-06-30 2020-09-30
ON 2020-06-30 2020-09-30
PTC 2020-06-30 2020-09-30
QCOM 2020-06-30 2020-09-30
ROP 2020-06-30 2020-09-30
STX 2020-06-30 2020-09-30
SWKS 2020-06-30 2020-09-30
TDY 2020-06-30 2020-09-30
TEL 2020-06-30 2020-09-30
TER 2020-06-30 2020-09-30
TRMB 2020-06-30 2020-09-30
TXN 2020-06-30 2020-09-30
TYL 2020-06-30 2020-09-30
VRSN 2020-06-30 2020-09-30
WDC 2020-06-30 2020-09-30
ZBRA 2020-06-30 2020-09-30
ADI 2020-06-30 2020-09-30
ADSK 2020-06-30 2020-09-30
AMAT 2020-06-30 2020-09-30
AVGO 2020-06-30 2020-09-30
CRM 2020-06-30 2020-09-30
CSCO 2020-06-30 2020-09-30
HPE 2020-06-30 2020-09-30
HPQ 2020-06-30 2020-09-30
INTU 2020-06-30 2020-09-30
KEYS 2020-06-30 2020-09-30
NTAP 2020-06-30 2020-09-30
NVDA 2020-06-30 2020-09-30
PANW 2020-06-30 2020-09-30
SNPS 2020-06-30 2020-09-30
ACN 2020-06-30 2020-09-30
ADBE 2020-06-30 2020-09-30
JBL 2020-06-30 2020-09-30
MU 2020-06-30 2020-09-30
ORCL 2020-06-30 2020-09-30
this is adj rsquare: -0.015367408774285884
AAPL 2020-09-30 2020-12-31
AKAM 2020-09-30 2020-12-31
AMD 2020-09-30 2020-12-31
ANET 2020-09-30 2020-12-31
ANSS 2020-09-30 2020-12-31
APH 2020-09-30 2020-12-31
CDNS 2020-09-30 2020-12-31
CDW 2020-09-30 2020-12-31
CTSH 2020-09-30 2020-12-31
ENPH 2020-09-30 2020-12-31
EPAM 2020-09-30 2020-12-31
FFIV 2020-09-30 2020-12-31
FSLR 2020-09-30 2020-12-31
FTNT 2020-09-30 2020-12-31
GEN 2020-09-30 2020-12-31
GLW 2020-09-30 2020-12-31
IBM 2020-09-30 2020-12-31
INTC 2020-09-30 2020-12-31
IT 2020-09-30 2020-12-31
JNPR 2020-09-30 2020-12-31
KLAC 2020-09-30 2020-12-31
LRCX 2020-09-30 2020-12-31
MCHP 2020-09-30 2020-12-31
MPWR 2020-09-30 2020-12-31
MSFT 2020-09-30 2020-12-31
MSI 2020-09-30 2020-12-31
NOW 2020-09-30 2020-12-31
NXPI 2020-09-30 2020-12-31
ON 2020-09-30 2020-12-31
PTC 2020-09-30 2020-12-31
QCOM 2020-09-30 2020-12-31
ROP 2020-09-30 2020-12-31
STX 2020-09-30 2020-12-31
SWKS 2020-09-30 2020-12-31
TDY 2020-09-30 2020-12-31
TEL 2020-09-30 2020-12-31
TER 2020-09-30 2020-12-31
TRMB 2020-09-30 2020-12-31
TXN 2020-09-30 2020-12-31
TYL 2020-09-30 2020-12-31
VRSN 2020-09-30 2020-12-31
WDC 2020-09-30 2020-12-31
ZBRA 2020-09-30 2020-12-31
ADI 2020-09-30 2020-12-31
ADSK 2020-09-30 2020-12-31
AMAT 2020-09-30 2020-12-31
AVGO 2020-09-30 2020-12-31
CRM 2020-09-30 2020-12-31
CSCO 2020-09-30 2020-12-31
HPE 2020-09-30 2020-12-31
HPQ 2020-09-30 2020-12-31
INTU 2020-09-30 2020-12-31
KEYS 2020-09-30 2020-12-31
NTAP 2020-09-30 2020-12-31
NVDA 2020-09-30 2020-12-31
PANW 2020-09-30 2020-12-31
SNPS 2020-09-30 2020-12-31
ACN 2020-09-30 2020-12-31
ADBE 2020-09-30 2020-12-31
JBL 2020-09-30 2020-12-31
MU 2020-09-30 2020-12-31
ORCL 2020-09-30 2020-12-31
this is adj rsquare: 0.1314820896604908
11
20
T-values: {'Constant': 2.7148183327327833, 'Price/Earnings': -1.246687721098764, 'Price/Book Value': -1.5996651250032818, 'Return on Assets': 0.928420994322196, 'Return on Equity ': 1.2789811187807913, 'Free Cash Flow per Share': 2.8162535109750366, 'Price/Cash Flow': -0.3705667287950855, 'Enterprise Value/EBITDA': -2.2478521903330684, 'Gross Margin': 3.6477894102973014, 'Net Margin': 1.1248800195431123, 'Sales per Share': 3.752859025639155}
P-values: {'Constant': 0.013742537166747577, 'Price/Earnings': 0.22766316645426374, 'Price/Book Value': 0.12616962824998496, 'Return on Assets': 0.3648346228964464, 'Return on Equity ': 0.21630454762801948, 'Free Cash Flow per Share': 0.01102598499619285, 'Price/Cash Flow': 0.7150593578386315, 'Enterprise Value/EBITDA': 0.03665300923228635, 'Gross Margin': 0.001711730222033452, 'Net Margin': 0.27465019783827543, 'Sales per Share': 0.0013471636999555308}
{'Constant': 0.06555603314839528, 'Price/Earnings': -0.010286477147694262, 'Price/Book Value': -0.010362724219148717, 'Return on Assets': 0.021668002039408576, 'Return on Equity ': 0.024335273963918456, 'Free Cash Flow per Share': 0.03856972669159935, 'Price/Cash Flow': -0.003162317337804621, 'Enterprise Value/EBITDA': -0.01989757201468646, 'Gross Margin': 0.028686167937519574, 'Net Margin': 0.02180433692700674, 'Sales per Share': 0.04093415267033195}
this is the average adj r-square: 0.07770936420752184
this is the median adj r-square: 0.09130098637088002
