Namespace(end_date=2020, feature_names='Price/Earnings,Price/Book Value,Return on Assets,Return on Equity ,Free Cash Flow per Share,Price/Cash Flow,Enterprise Value/EBITDA,Gross Margin,Net Margin,Sales per Share', new_feature='0', path_to_file='./Health Care/', start_date=2016, y='3M Return')
['2015-12-31', '2016-03-31', '2016-06-30', '2016-09-30', '2016-12-31', '2017-03-31', '2017-06-30', '2017-09-30', '2017-12-31', '2018-03-31', '2018-06-30', '2018-09-30', '2018-12-31', '2019-03-31', '2019-06-30', '2019-09-30', '2019-12-31', '2020-03-31', '2020-06-30', '2020-09-30', '2020-12-31']
RIGHT NOW THE TICKER IS: ABBV
ABBV 2015-12-31 2020-12-31
this is Beta adj rsquare of ABBV and the value is 0.20418202793679663:
RIGHT NOW THE TICKER IS: ABT
ABT 2015-12-31 2020-12-31
Y is: -0.060243852437338874
this is Beta adj rsquare of ABT and the value is 0.5018202914036695:
RIGHT NOW THE TICKER IS: ALGN
ALGN 2015-12-31 2020-12-31
Y is: 0.10813042160353925
this is Beta adj rsquare of ALGN and the value is 0.16878681718891775:
RIGHT NOW THE TICKER IS: AMGN
AMGN 2015-12-31 2020-12-31
Y is: 0.014806918756434584
this is Beta adj rsquare of AMGN and the value is 0.20016905962101317:
RIGHT NOW THE TICKER IS: BAX
BAX 2015-12-31 2020-12-31
Y is: 0.10077894851793268
this is Beta adj rsquare of BAX and the value is 0.3347725893403628:
RIGHT NOW THE TICKER IS: BDX
BDX 2015-12-31 2020-12-31
Y is: 0.11704656433501603
this is Beta adj rsquare of BDX and the value is 0.6835948391647606:
RIGHT NOW THE TICKER IS: BIO
BIO 2015-12-31 2020-12-31
Y is: 0.046079600610797966
this is Beta adj rsquare of BIO and the value is 0.06614721952324554:
RIGHT NOW THE TICKER IS: BMY
BMY 2015-12-31 2020-12-31
Y is: 0.15137761148957174
this is Beta adj rsquare of BMY and the value is 0.6123036284390682:
RIGHT NOW THE TICKER IS: BSX
BSX 2015-12-31 2020-12-31
Y is: 0.24242432231576672
this is Beta adj rsquare of BSX and the value is 0.6120274548921644:
RIGHT NOW THE TICKER IS: CAH
CAH 2015-12-31 2020-12-31
Y is: -0.04807803488388329
this is Beta adj rsquare of CAH and the value is 0.2751232804362137:
RIGHT NOW THE TICKER IS: COR
COR 2015-12-31 2020-12-31
Y is: -0.08353556443677967
this is Beta adj rsquare of COR and the value is 0.6476311459131318:
RIGHT NOW THE TICKER IS: CRL
CRL 2015-12-31 2020-12-31
Y is: 0.08559388716131888
this is Beta adj rsquare of CRL and the value is 0.5538220776020599:
RIGHT NOW THE TICKER IS: CTLT
CTLT 2015-12-31 2020-12-31
Y is: -0.13798276320391945
this is Beta adj rsquare of CTLT and the value is 0.566587913433146:
RIGHT NOW THE TICKER IS: CVS
CVS 2015-12-31 2020-12-31
Y is: -0.07702694721478576
this is Beta adj rsquare of CVS and the value is 0.3587165407358577:
RIGHT NOW THE TICKER IS: DGX
DGX 2015-12-31 2020-12-31
Y is: 0.13939828046573788
this is Beta adj rsquare of DGX and the value is 0.11554195895458352:
RIGHT NOW THE TICKER IS: DHR
DHR 2015-12-31 2020-12-31
Y is: 0.06472699693608175
this is Beta adj rsquare of DHR and the value is 0.7532990013083523:
RIGHT NOW THE TICKER IS: DXCM
DXCM 2015-12-31 2020-12-31
Y is: 0.1681637101032456
this is Beta adj rsquare of DXCM and the value is 0.6726695835827309:
RIGHT NOW THE TICKER IS: EW
EW 2015-12-31 2020-12-31
Y is: 0.13059737678481476
this is Beta adj rsquare of EW and the value is 0.27434873274791327:
RIGHT NOW THE TICKER IS: GILD
GILD 2015-12-31 2020-12-31
Y is: -0.09187897218950336
this is Beta adj rsquare of GILD and the value is 0.2722409092460103:
RIGHT NOW THE TICKER IS: HSIC
HSIC 2015-12-31 2020-12-31
Y is: 0.024155792022306777
this is Beta adj rsquare of HSIC and the value is 0.6931491373377539:
RIGHT NOW THE TICKER IS: TMO
TMO 2015-12-31 2020-12-31
Y is: 0.04357651196078294
this is Beta adj rsquare of TMO and the value is -0.04486046391419074:
RIGHT NOW THE TICKER IS: UHS
UHS 2015-12-31 2020-12-31
Y is: 0.07520850538009327
this is Beta adj rsquare of UHS and the value is 0.5024693400009542:
RIGHT NOW THE TICKER IS: VRTX
VRTX 2015-12-31 2020-12-31
Y is: 0.08214868480042026
this is Beta adj rsquare of VRTX and the value is 0.5663032879569134:
RIGHT NOW THE TICKER IS: VTRS
VTRS 2015-12-31 2020-12-31
Y is: -0.06709809920254295
this is Beta adj rsquare of VTRS and the value is 0.03600027721580179:
RIGHT NOW THE TICKER IS: IDXX
IDXX 2015-12-31 2020-12-31
Y is: 0.18564863345483662
this is Beta adj rsquare of IDXX and the value is 0.6618712458635663:
RIGHT NOW THE TICKER IS: ILMN
ILMN 2015-12-31 2020-12-31
Y is: -0.13404475754564582
this is Beta adj rsquare of ILMN and the value is 0.6348492488831166:
RIGHT NOW THE TICKER IS: INCY
INCY 2015-12-31 2020-12-31
Y is: 0.10362911563033084
this is Beta adj rsquare of INCY and the value is -0.3272244593738205:
RIGHT NOW THE TICKER IS: WST
WST 2015-12-31 2020-12-31
Y is: 0.09463354857867312
this is Beta adj rsquare of WST and the value is 0.6008166662156231:
RIGHT NOW THE TICKER IS: ZTS
ZTS 2015-12-31 2020-12-31
Y is: 0.07060674766824171
this is Beta adj rsquare of ZTS and the value is -0.2369268063356269:
RIGHT NOW THE TICKER IS: ISRG
ISRG 2015-12-31 2020-12-31
Y is: 0.10042423394271394
this is Beta adj rsquare of ISRG and the value is -0.642545239256263:
RIGHT NOW THE TICKER IS: JNJ
JNJ 2015-12-31 2020-12-31
Y is: 0.1210721485489692
this is Beta adj rsquare of JNJ and the value is 0.5669847367649026:
RIGHT NOW THE TICKER IS: ABBV
ABBV 2015-12-31 2020-12-31
this is Beta adj rsquare of ABBV and the value is 0.20418202793679663:
RIGHT NOW THE TICKER IS: ABT
ABT 2015-12-31 2020-12-31
Y is: 0.07580766823023
this is Beta adj rsquare of ABT and the value is 0.5018202914036695:
RIGHT NOW THE TICKER IS: ALGN
ALGN 2015-12-31 2020-12-31
Y is: 0.163873326482191
this is Beta adj rsquare of ALGN and the value is 0.16878681718891775:
RIGHT NOW THE TICKER IS: AMGN
AMGN 2015-12-31 2020-12-31
Y is: 0.09635231186458904
this is Beta adj rsquare of AMGN and the value is 0.20016905962101317:
RIGHT NOW THE TICKER IS: BAX
BAX 2015-12-31 2020-12-31
Y is: 0.052631516788379074
this is Beta adj rsquare of BAX and the value is 0.3347725893403628:
RIGHT NOW THE TICKER IS: BDX
BDX 2015-12-31 2020-12-31
Y is: 0.05979127323547706
this is Beta adj rsquare of BDX and the value is 0.6835948391647606:
RIGHT NOW THE TICKER IS: BIO
BIO 2015-12-31 2020-12-31
Y is: 0.1453642334293792
this is Beta adj rsquare of BIO and the value is 0.06614721952324554:
RIGHT NOW THE TICKER IS: BMY
BMY 2015-12-31 2020-12-31
Y is: -0.26689332519807896
this is Beta adj rsquare of BMY and the value is 0.6123036284390682:
RIGHT NOW THE TICKER IS: BSX
BSX 2015-12-31 2020-12-31
Y is: 0.018399588463226424
this is Beta adj rsquare of BSX and the value is 0.6120274548921644:
RIGHT NOW THE TICKER IS: CAH
CAH 2015-12-31 2020-12-31
Y is: -0.003973915901795633
this is Beta adj rsquare of CAH and the value is 0.2751232804362137:
RIGHT NOW THE TICKER IS: COR
COR 2015-12-31 2020-12-31
Y is: 0.018406443394980654
this is Beta adj rsquare of COR and the value is 0.6476311459131318:
RIGHT NOW THE TICKER IS: CRL
CRL 2015-12-31 2020-12-31
Y is: 0.010916956208535389
this is Beta adj rsquare of CRL and the value is 0.5538220776020599:
RIGHT NOW THE TICKER IS: CTLT
CTLT 2015-12-31 2020-12-31
Y is: 0.12396695997579443
this is Beta adj rsquare of CTLT and the value is 0.566587913433146:
RIGHT NOW THE TICKER IS: CVS
CVS 2015-12-31 2020-12-31
Y is: -0.07050344840831002
this is Beta adj rsquare of CVS and the value is 0.3587165407358577:
RIGHT NOW THE TICKER IS: DGX
DGX 2015-12-31 2020-12-31
Y is: 0.039552799981106945
this is Beta adj rsquare of DGX and the value is 0.11554195895458352:
RIGHT NOW THE TICKER IS: DHR
DHR 2015-12-31 2020-12-31
Y is: 0.023726824470118313
this is Beta adj rsquare of DHR and the value is 0.7532990013083523:
RIGHT NOW THE TICKER IS: DXCM
DXCM 2015-12-31 2020-12-31
Y is: 0.10500443260791403
this is Beta adj rsquare of DXCM and the value is 0.6726695835827309:
RIGHT NOW THE TICKER IS: EW
EW 2015-12-31 2020-12-31
Y is: 0.208864036426478
this is Beta adj rsquare of EW and the value is 0.27434873274791327:
RIGHT NOW THE TICKER IS: GILD
GILD 2015-12-31 2020-12-31
Y is: -0.05154633800943953
this is Beta adj rsquare of GILD and the value is 0.2722409092460103:
RIGHT NOW THE TICKER IS: HSIC
HSIC 2015-12-31 2020-12-31
Y is: -0.07816743563991557
this is Beta adj rsquare of HSIC and the value is 0.6931491373377539:
RIGHT NOW THE TICKER IS: TMO
TMO 2015-12-31 2020-12-31
Y is: 0.07647538895404482
this is Beta adj rsquare of TMO and the value is -0.04486046391419074:
RIGHT NOW THE TICKER IS: UHS
UHS 2015-12-31 2020-12-31
Y is: -0.08113351519472645
this is Beta adj rsquare of UHS and the value is 0.5024693400009542:
RIGHT NOW THE TICKER IS: VRTX
VRTX 2015-12-31 2020-12-31
Y is: 0.013834021016579268
this is Beta adj rsquare of VRTX and the value is 0.5663032879569134:
RIGHT NOW THE TICKER IS: VTRS
VTRS 2015-12-31 2020-12-31
Y is: -0.11840893958918963
this is Beta adj rsquare of VTRS and the value is 0.03600027721580179:
RIGHT NOW THE TICKER IS: IDXX
IDXX 2015-12-31 2020-12-31
Y is: 0.2139780596164138
this is Beta adj rsquare of IDXX and the value is 0.6618712458635663:
RIGHT NOW THE TICKER IS: ILMN
ILMN 2015-12-31 2020-12-31
Y is: 0.2940589638371709
this is Beta adj rsquare of ILMN and the value is 0.6348492488831166:
RIGHT NOW THE TICKER IS: INCY
INCY 2015-12-31 2020-12-31
Y is: 0.17891969189762724
this is Beta adj rsquare of INCY and the value is -0.3272244593738205:
RIGHT NOW THE TICKER IS: WST
WST 2015-12-31 2020-12-31
Y is: -0.018186574899431873
this is Beta adj rsquare of WST and the value is 0.6008166662156231:
RIGHT NOW THE TICKER IS: ZTS
ZTS 2015-12-31 2020-12-31
Y is: 0.09587019226363958
this is Beta adj rsquare of ZTS and the value is -0.2369268063356269:
RIGHT NOW THE TICKER IS: ISRG
ISRG 2015-12-31 2020-12-31
Y is: 0.09588609621965505
this is Beta adj rsquare of ISRG and the value is -0.642545239256263:
RIGHT NOW THE TICKER IS: JNJ
JNJ 2015-12-31 2020-12-31
Y is: -0.02613360031810741
this is Beta adj rsquare of JNJ and the value is 0.5669847367649026:
RIGHT NOW THE TICKER IS: ABBV
ABBV 2015-12-31 2020-12-31
this is Beta adj rsquare of ABBV and the value is 0.20418202793679663:
RIGHT NOW THE TICKER IS: ABT
ABT 2015-12-31 2020-12-31
Y is: -0.09174748129860266
this is Beta adj rsquare of ABT and the value is 0.5018202914036695:
RIGHT NOW THE TICKER IS: ALGN
ALGN 2015-12-31 2020-12-31
Y is: 0.02538663736979152
this is Beta adj rsquare of ALGN and the value is 0.16878681718891775:
RIGHT NOW THE TICKER IS: AMGN
AMGN 2015-12-31 2020-12-31
Y is: -0.123493742259007
this is Beta adj rsquare of AMGN and the value is 0.20016905962101317:
RIGHT NOW THE TICKER IS: BAX
BAX 2015-12-31 2020-12-31
Y is: -0.0684873618915256
this is Beta adj rsquare of BAX and the value is 0.3347725893403628:
RIGHT NOW THE TICKER IS: BDX
BDX 2015-12-31 2020-12-31
Y is: -0.07889615435689934
this is Beta adj rsquare of BDX and the value is 0.6835948391647606:
RIGHT NOW THE TICKER IS: BIO
BIO 2015-12-31 2020-12-31
Y is: 0.11275258834001578
this is Beta adj rsquare of BIO and the value is 0.06614721952324554:
RIGHT NOW THE TICKER IS: BMY
BMY 2015-12-31 2020-12-31
Y is: 0.08382790451144562
this is Beta adj rsquare of BMY and the value is 0.6123036284390682:
RIGHT NOW THE TICKER IS: BSX
BSX 2015-12-31 2020-12-31
Y is: -0.09117647671664186
this is Beta adj rsquare of BSX and the value is 0.6120274548921644:
RIGHT NOW THE TICKER IS: CAH
CAH 2015-12-31 2020-12-31
Y is: -0.07374512165497182
this is Beta adj rsquare of CAH and the value is 0.2751232804362137:
RIGHT NOW THE TICKER IS: COR
COR 2015-12-31 2020-12-31
Y is: -0.032062346831260635
this is Beta adj rsquare of COR and the value is 0.6476311459131318:
RIGHT NOW THE TICKER IS: CRL
CRL 2015-12-31 2020-12-31
Y is: -0.085793067082649
this is Beta adj rsquare of CRL and the value is 0.5538220776020599:
RIGHT NOW THE TICKER IS: CTLT
CTLT 2015-12-31 2020-12-31
Y is: 0.043343611659096615
this is Beta adj rsquare of CTLT and the value is 0.566587913433146:
RIGHT NOW THE TICKER IS: CVS
CVS 2015-12-31 2020-12-31
Y is: -0.11327109162415228
this is Beta adj rsquare of CVS and the value is 0.3587165407358577:
RIGHT NOW THE TICKER IS: DGX
DGX 2015-12-31 2020-12-31
Y is: 0.08590339723976914
this is Beta adj rsquare of DGX and the value is 0.11554195895458352:
RIGHT NOW THE TICKER IS: DHR
DHR 2015-12-31 2020-12-31
Y is: -0.007016176761676873
this is Beta adj rsquare of DHR and the value is 0.7532990013083523:
RIGHT NOW THE TICKER IS: DXCM
DXCM 2015-12-31 2020-12-31
Y is: -0.3189596364488346
this is Beta adj rsquare of DXCM and the value is 0.6726695835827309:
RIGHT NOW THE TICKER IS: EW
EW 2015-12-31 2020-12-31
Y is: -0.22279365684470764
this is Beta adj rsquare of EW and the value is 0.27434873274791327:
RIGHT NOW THE TICKER IS: GILD
GILD 2015-12-31 2020-12-31
Y is: -0.09491913391717999
this is Beta adj rsquare of GILD and the value is 0.2722409092460103:
RIGHT NOW THE TICKER IS: HSIC
HSIC 2015-12-31 2020-12-31
Y is: -0.06914960667518188
this is Beta adj rsquare of HSIC and the value is 0.6931491373377539:
RIGHT NOW THE TICKER IS: TMO
TMO 2015-12-31 2020-12-31
Y is: -0.11291331403712679
this is Beta adj rsquare of TMO and the value is -0.04486046391419074:
RIGHT NOW THE TICKER IS: UHS
UHS 2015-12-31 2020-12-31
Y is: -0.13666615647180946
this is Beta adj rsquare of UHS and the value is 0.5024693400009542:
RIGHT NOW THE TICKER IS: VRTX
VRTX 2015-12-31 2020-12-31
Y is: -0.1552574367351195
this is Beta adj rsquare of VRTX and the value is 0.5663032879569134:
RIGHT NOW THE TICKER IS: VTRS
VTRS 2015-12-31 2020-12-31
Y is: 0.0007870565276706376
this is Beta adj rsquare of VTRS and the value is 0.03600027721580179:
RIGHT NOW THE TICKER IS: IDXX
IDXX 2015-12-31 2020-12-31
Y is: 0.04027315843997603
this is Beta adj rsquare of IDXX and the value is 0.6618712458635663:
RIGHT NOW THE TICKER IS: ILMN
ILMN 2015-12-31 2020-12-31
Y is: -0.2951668462790007
this is Beta adj rsquare of ILMN and the value is 0.6348492488831166:
RIGHT NOW THE TICKER IS: INCY
INCY 2015-12-31 2020-12-31
Y is: 0.06342131370744641
this is Beta adj rsquare of INCY and the value is -0.3272244593738205:
RIGHT NOW THE TICKER IS: WST
WST 2015-12-31 2020-12-31
Y is: 0.13865774269872055
this is Beta adj rsquare of WST and the value is 0.6008166662156231:
RIGHT NOW THE TICKER IS: ZTS
ZTS 2015-12-31 2020-12-31
Y is: 0.029225158754415226
this is Beta adj rsquare of ZTS and the value is -0.2369268063356269:
RIGHT NOW THE TICKER IS: ISRG
