Namespace(end_date=2020, feature_names='Price/Earnings,Price/Book Value,Return on Assets,Return on Equity ,Free Cash Flow per Share,Price/Cash Flow,Enterprise Value/EBITDA,Gross Margin,Net Margin,Sales per Share', new_feature='1', path_to_file='./Health Care/', start_date=2016, y='3M Return')
['2015-12-31', '2016-03-31', '2016-06-30', '2016-09-30', '2016-12-31', '2017-03-31', '2017-06-30', '2017-09-30', '2017-12-31', '2018-03-31', '2018-06-30', '2018-09-30', '2018-12-31', '2019-03-31', '2019-06-30', '2019-09-30', '2019-12-31', '2020-03-31', '2020-06-30', '2020-09-30', '2020-12-31']
RIGHT NOW THE TICKER IS: ABBV
ABBV 2015-12-31 2020-12-31
this is Beta adj rsquare of ABBV and the value is 0.05360023836752725:
RIGHT NOW THE TICKER IS: ABT
ABT 2015-12-31 2020-12-31
Y is: -0.060243852437338874
this is Beta adj rsquare of ABT and the value is 0.5683913648389294:
RIGHT NOW THE TICKER IS: ALGN
ALGN 2015-12-31 2020-12-31
Y is: 0.10813042160353925
this is Beta adj rsquare of ALGN and the value is 0.5055232386043378:
RIGHT NOW THE TICKER IS: AMGN
AMGN 2015-12-31 2020-12-31
Y is: 0.014806918756434584
this is Beta adj rsquare of AMGN and the value is 0.11082635834079824:
RIGHT NOW THE TICKER IS: BAX
BAX 2015-12-31 2020-12-31
Y is: 0.10077894851793268
this is Beta adj rsquare of BAX and the value is 0.3518372401641716:
RIGHT NOW THE TICKER IS: BDX
BDX 2015-12-31 2020-12-31
Y is: 0.11704656433501603
this is Beta adj rsquare of BDX and the value is 0.5978507088286057:
RIGHT NOW THE TICKER IS: BIO
BIO 2015-12-31 2020-12-31
Y is: 0.046079600610797966
this is Beta adj rsquare of BIO and the value is 0.22810038434580215:
RIGHT NOW THE TICKER IS: BMY
BMY 2015-12-31 2020-12-31
Y is: 0.15137761148957174
this is Beta adj rsquare of BMY and the value is -0.18080959033888488:
RIGHT NOW THE TICKER IS: BSX
BSX 2015-12-31 2020-12-31
Y is: 0.24242432231576672
this is Beta adj rsquare of BSX and the value is 0.41639157875380495:
RIGHT NOW THE TICKER IS: CAH
CAH 2015-12-31 2020-12-31
Y is: -0.04807803488388329
this is Beta adj rsquare of CAH and the value is -0.05566506344796518:
RIGHT NOW THE TICKER IS: COR
COR 2015-12-31 2020-12-31
Y is: -0.08353556443677967
this is Beta adj rsquare of COR and the value is -0.01880087456580548:
RIGHT NOW THE TICKER IS: CRL
CRL 2015-12-31 2020-12-31
Y is: 0.08559388716131888
this is Beta adj rsquare of CRL and the value is 0.14786647766643446:
RIGHT NOW THE TICKER IS: CTLT
CTLT 2015-12-31 2020-12-31
Y is: -0.13798276320391945
this is Beta adj rsquare of CTLT and the value is 0.5914312755182619:
RIGHT NOW THE TICKER IS: CVS
CVS 2015-12-31 2020-12-31
Y is: -0.07702694721478576
this is Beta adj rsquare of CVS and the value is 0.35606918981339564:
RIGHT NOW THE TICKER IS: DGX
DGX 2015-12-31 2020-12-31
Y is: 0.13939828046573788
this is Beta adj rsquare of DGX and the value is 0.1642858455287688:
RIGHT NOW THE TICKER IS: DHR
DHR 2015-12-31 2020-12-31
Y is: 0.06472699693608175
this is Beta adj rsquare of DHR and the value is 0.7718079693356729:
RIGHT NOW THE TICKER IS: DXCM
DXCM 2015-12-31 2020-12-31
Y is: 0.1681637101032456
this is Beta adj rsquare of DXCM and the value is 0.7325371621910511:
RIGHT NOW THE TICKER IS: EW
EW 2015-12-31 2020-12-31
Y is: 0.13059737678481476
this is Beta adj rsquare of EW and the value is 0.42205323618731794:
RIGHT NOW THE TICKER IS: GILD
GILD 2015-12-31 2020-12-31
Y is: -0.09187897218950336
this is Beta adj rsquare of GILD and the value is 0.3120200102541245:
RIGHT NOW THE TICKER IS: HSIC
HSIC 2015-12-31 2020-12-31
Y is: 0.024155792022306777
this is Beta adj rsquare of HSIC and the value is 0.8129909085040133:
RIGHT NOW THE TICKER IS: TMO
TMO 2015-12-31 2020-12-31
Y is: 0.04357651196078294
this is Beta adj rsquare of TMO and the value is 0.17524311262364844:
RIGHT NOW THE TICKER IS: UHS
UHS 2015-12-31 2020-12-31
Y is: 0.07520850538009327
this is Beta adj rsquare of UHS and the value is 0.44307374237537345:
RIGHT NOW THE TICKER IS: VRTX
VRTX 2015-12-31 2020-12-31
Y is: 0.08214868480042026
this is Beta adj rsquare of VRTX and the value is 0.6135467226473343:
RIGHT NOW THE TICKER IS: VTRS
VTRS 2015-12-31 2020-12-31
Y is: -0.06709809920254295
this is Beta adj rsquare of VTRS and the value is -0.01485069742639844:
RIGHT NOW THE TICKER IS: IDXX
IDXX 2015-12-31 2020-12-31
Y is: 0.18564863345483662
this is Beta adj rsquare of IDXX and the value is 0.6217388580495834:
RIGHT NOW THE TICKER IS: ILMN
ILMN 2015-12-31 2020-12-31
Y is: -0.13404475754564582
this is Beta adj rsquare of ILMN and the value is 0.4734298404121826:
RIGHT NOW THE TICKER IS: INCY
INCY 2015-12-31 2020-12-31
Y is: 0.10362911563033084
this is Beta adj rsquare of INCY and the value is 0.01773678312884175:
RIGHT NOW THE TICKER IS: WST
WST 2015-12-31 2020-12-31
Y is: 0.09463354857867312
this is Beta adj rsquare of WST and the value is 0.5889598625203527:
RIGHT NOW THE TICKER IS: ZTS
ZTS 2015-12-31 2020-12-31
Y is: 0.07060674766824171
this is Beta adj rsquare of ZTS and the value is -0.11740582433857827:
RIGHT NOW THE TICKER IS: ISRG
ISRG 2015-12-31 2020-12-31
Y is: 0.10042423394271394
this is Beta adj rsquare of ISRG and the value is -0.5665130502839089:
RIGHT NOW THE TICKER IS: JNJ
JNJ 2015-12-31 2020-12-31
Y is: 0.1210721485489692
this is Beta adj rsquare of JNJ and the value is 0.5643926715270848:
RIGHT NOW THE TICKER IS: ABBV
ABBV 2015-12-31 2020-12-31
this is Beta adj rsquare of ABBV and the value is 0.05360023836752725:
RIGHT NOW THE TICKER IS: ABT
ABT 2015-12-31 2020-12-31
Y is: 0.07580766823023
this is Beta adj rsquare of ABT and the value is 0.5683913648389294:
RIGHT NOW THE TICKER IS: ALGN
ALGN 2015-12-31 2020-12-31
Y is: 0.163873326482191
this is Beta adj rsquare of ALGN and the value is 0.5055232386043378:
RIGHT NOW THE TICKER IS: AMGN
AMGN 2015-12-31 2020-12-31
Y is: 0.09635231186458904
this is Beta adj rsquare of AMGN and the value is 0.11082635834079824:
RIGHT NOW THE TICKER IS: BAX
BAX 2015-12-31 2020-12-31
Y is: 0.052631516788379074
this is Beta adj rsquare of BAX and the value is 0.3518372401641716:
RIGHT NOW THE TICKER IS: BDX
BDX 2015-12-31 2020-12-31
Y is: 0.05979127323547706
this is Beta adj rsquare of BDX and the value is 0.5978507088286057:
RIGHT NOW THE TICKER IS: BIO
BIO 2015-12-31 2020-12-31
Y is: 0.1453642334293792
this is Beta adj rsquare of BIO and the value is 0.22810038434580215:
RIGHT NOW THE TICKER IS: BMY
BMY 2015-12-31 2020-12-31
Y is: -0.26689332519807896
this is Beta adj rsquare of BMY and the value is -0.18080959033888488:
RIGHT NOW THE TICKER IS: BSX
BSX 2015-12-31 2020-12-31
Y is: 0.018399588463226424
this is Beta adj rsquare of BSX and the value is 0.41639157875380495:
RIGHT NOW THE TICKER IS: CAH
CAH 2015-12-31 2020-12-31
Y is: -0.003973915901795633
this is Beta adj rsquare of CAH and the value is -0.05566506344796518:
RIGHT NOW THE TICKER IS: COR
COR 2015-12-31 2020-12-31
Y is: 0.018406443394980654
this is Beta adj rsquare of COR and the value is -0.01880087456580548:
RIGHT NOW THE TICKER IS: CRL
CRL 2015-12-31 2020-12-31
Y is: 0.010916956208535389
this is Beta adj rsquare of CRL and the value is 0.14786647766643446:
RIGHT NOW THE TICKER IS: CTLT
CTLT 2015-12-31 2020-12-31
Y is: 0.12396695997579443
this is Beta adj rsquare of CTLT and the value is 0.5914312755182619:
RIGHT NOW THE TICKER IS: CVS
CVS 2015-12-31 2020-12-31
Y is: -0.07050344840831002
this is Beta adj rsquare of CVS and the value is 0.35606918981339564:
RIGHT NOW THE TICKER IS: DGX
DGX 2015-12-31 2020-12-31
Y is: 0.039552799981106945
this is Beta adj rsquare of DGX and the value is 0.1642858455287688:
RIGHT NOW THE TICKER IS: DHR
DHR 2015-12-31 2020-12-31
Y is: 0.023726824470118313
this is Beta adj rsquare of DHR and the value is 0.7718079693356729:
RIGHT NOW THE TICKER IS: DXCM
DXCM 2015-12-31 2020-12-31
Y is: 0.10500443260791403
this is Beta adj rsquare of DXCM and the value is 0.7325371621910511:
RIGHT NOW THE TICKER IS: EW
EW 2015-12-31 2020-12-31
Y is: 0.208864036426478
this is Beta adj rsquare of EW and the value is 0.42205323618731794:
RIGHT NOW THE TICKER IS: GILD
GILD 2015-12-31 2020-12-31
Y is: -0.05154633800943953
this is Beta adj rsquare of GILD and the value is 0.3120200102541245:
RIGHT NOW THE TICKER IS: HSIC
HSIC 2015-12-31 2020-12-31
Y is: -0.07816743563991557
this is Beta adj rsquare of HSIC and the value is 0.8129909085040133:
RIGHT NOW THE TICKER IS: TMO
TMO 2015-12-31 2020-12-31
Y is: 0.07647538895404482
this is Beta adj rsquare of TMO and the value is 0.17524311262364844:
RIGHT NOW THE TICKER IS: UHS
UHS 2015-12-31 2020-12-31
Y is: -0.08113351519472645
this is Beta adj rsquare of UHS and the value is 0.44307374237537345:
RIGHT NOW THE TICKER IS: VRTX
VRTX 2015-12-31 2020-12-31
Y is: 0.013834021016579268
this is Beta adj rsquare of VRTX and the value is 0.6135467226473343:
RIGHT NOW THE TICKER IS: VTRS
VTRS 2015-12-31 2020-12-31
Y is: -0.11840893958918963
this is Beta adj rsquare of VTRS and the value is -0.01485069742639844:
RIGHT NOW THE TICKER IS: IDXX
IDXX 2015-12-31 2020-12-31
Y is: 0.2139780596164138
this is Beta adj rsquare of IDXX and the value is 0.6217388580495834:
RIGHT NOW THE TICKER IS: ILMN
ILMN 2015-12-31 2020-12-31
Y is: 0.2940589638371709
this is Beta adj rsquare of ILMN and the value is 0.4734298404121826:
RIGHT NOW THE TICKER IS: INCY
INCY 2015-12-31 2020-12-31
Y is: 0.17891969189762724
this is Beta adj rsquare of INCY and the value is 0.01773678312884175:
RIGHT NOW THE TICKER IS: WST
WST 2015-12-31 2020-12-31
Y is: -0.018186574899431873
this is Beta adj rsquare of WST and the value is 0.5889598625203527:
RIGHT NOW THE TICKER IS: ZTS
ZTS 2015-12-31 2020-12-31
Y is: 0.09587019226363958
this is Beta adj rsquare of ZTS and the value is -0.11740582433857827:
RIGHT NOW THE TICKER IS: ISRG
ISRG 2015-12-31 2020-12-31
Y is: 0.09588609621965505
this is Beta adj rsquare of ISRG and the value is -0.5665130502839089:
RIGHT NOW THE TICKER IS: JNJ
JNJ 2015-12-31 2020-12-31
Y is: -0.02613360031810741
this is Beta adj rsquare of JNJ and the value is 0.5643926715270848:
RIGHT NOW THE TICKER IS: ABBV
ABBV 2015-12-31 2020-12-31
this is Beta adj rsquare of ABBV and the value is 0.05360023836752725:
RIGHT NOW THE TICKER IS: ABT
ABT 2015-12-31 2020-12-31
Y is: -0.09174748129860266
this is Beta adj rsquare of ABT and the value is 0.5683913648389294:
RIGHT NOW THE TICKER IS: ALGN
ALGN 2015-12-31 2020-12-31
Y is: 0.02538663736979152
this is Beta adj rsquare of ALGN and the value is 0.5055232386043378:
RIGHT NOW THE TICKER IS: AMGN
AMGN 2015-12-31 2020-12-31
Y is: -0.123493742259007
this is Beta adj rsquare of AMGN and the value is 0.11082635834079824:
RIGHT NOW THE TICKER IS: BAX
BAX 2015-12-31 2020-12-31
Y is: -0.0684873618915256
this is Beta adj rsquare of BAX and the value is 0.3518372401641716:
RIGHT NOW THE TICKER IS: BDX
BDX 2015-12-31 2020-12-31
Y is: -0.07889615435689934
this is Beta adj rsquare of BDX and the value is 0.5978507088286057:
RIGHT NOW THE TICKER IS: BIO
BIO 2015-12-31 2020-12-31
Y is: 0.11275258834001578
this is Beta adj rsquare of BIO and the value is 0.22810038434580215:
RIGHT NOW THE TICKER IS: BMY
BMY 2015-12-31 2020-12-31
Y is: 0.08382790451144562
this is Beta adj rsquare of BMY and the value is -0.18080959033888488:
RIGHT NOW THE TICKER IS: BSX
BSX 2015-12-31 2020-12-31
Y is: -0.09117647671664186
this is Beta adj rsquare of BSX and the value is 0.41639157875380495:
RIGHT NOW THE TICKER IS: CAH
CAH 2015-12-31 2020-12-31
Y is: -0.07374512165497182
this is Beta adj rsquare of CAH and the value is -0.05566506344796518:
RIGHT NOW THE TICKER IS: COR
COR 2015-12-31 2020-12-31
Y is: -0.032062346831260635
this is Beta adj rsquare of COR and the value is -0.01880087456580548:
RIGHT NOW THE TICKER IS: CRL
CRL 2015-12-31 2020-12-31
Y is: -0.085793067082649
this is Beta adj rsquare of CRL and the value is 0.14786647766643446:
RIGHT NOW THE TICKER IS: CTLT
CTLT 2015-12-31 2020-12-31
Y is: 0.043343611659096615
this is Beta adj rsquare of CTLT and the value is 0.5914312755182619:
RIGHT NOW THE TICKER IS: CVS
CVS 2015-12-31 2020-12-31
Y is: -0.11327109162415228
this is Beta adj rsquare of CVS and the value is 0.35606918981339564:
RIGHT NOW THE TICKER IS: DGX
DGX 2015-12-31 2020-12-31
Y is: 0.08590339723976914
this is Beta adj rsquare of DGX and the value is 0.1642858455287688:
RIGHT NOW THE TICKER IS: DHR
DHR 2015-12-31 2020-12-31
Y is: -0.007016176761676873
this is Beta adj rsquare of DHR and the value is 0.7718079693356729:
RIGHT NOW THE TICKER IS: DXCM
DXCM 2015-12-31 2020-12-31
Y is: -0.3189596364488346
this is Beta adj rsquare of DXCM and the value is 0.7325371621910511:
RIGHT NOW THE TICKER IS: EW
EW 2015-12-31 2020-12-31
Y is: -0.22279365684470764
this is Beta adj rsquare of EW and the value is 0.42205323618731794:
RIGHT NOW THE TICKER IS: GILD
GILD 2015-12-31 2020-12-31
Y is: -0.09491913391717999
this is Beta adj rsquare of GILD and the value is 0.3120200102541245:
RIGHT NOW THE TICKER IS: HSIC
HSIC 2015-12-31 2020-12-31
Y is: -0.06914960667518188
this is Beta adj rsquare of HSIC and the value is 0.8129909085040133:
RIGHT NOW THE TICKER IS: TMO
TMO 2015-12-31 2020-12-31
Y is: -0.11291331403712679
this is Beta adj rsquare of TMO and the value is 0.17524311262364844:
RIGHT NOW THE TICKER IS: UHS
UHS 2015-12-31 2020-12-31
Y is: -0.13666615647180946
this is Beta adj rsquare of UHS and the value is 0.44307374237537345:
RIGHT NOW THE TICKER IS: VRTX
VRTX 2015-12-31 2020-12-31
Y is: -0.1552574367351195
this is Beta adj rsquare of VRTX and the value is 0.6135467226473343:
RIGHT NOW THE TICKER IS: VTRS
VTRS 2015-12-31 2020-12-31
Y is: 0.0007870565276706376
this is Beta adj rsquare of VTRS and the value is -0.01485069742639844:
RIGHT NOW THE TICKER IS: IDXX
IDXX 2015-12-31 2020-12-31
Y is: 0.04027315843997603
this is Beta adj rsquare of IDXX and the value is 0.6217388580495834:
RIGHT NOW THE TICKER IS: ILMN
ILMN 2015-12-31 2020-12-31
Y is: -0.2951668462790007
this is Beta adj rsquare of ILMN and the value is 0.4734298404121826:
RIGHT NOW THE TICKER IS: INCY
INCY 2015-12-31 2020-12-31
Y is: 0.06342131370744641
this is Beta adj rsquare of INCY and the value is 0.01773678312884175:
RIGHT NOW THE TICKER IS: WST
WST 2015-12-31 2020-12-31
Y is: 0.13865774269872055
this is Beta adj rsquare of WST and the value is 0.5889598625203527:
RIGHT NOW THE TICKER IS: ZTS
ZTS 2015-12-31 2020-12-31
Y is: 0.029225158754415226
this is Beta adj rsquare of ZTS and the value is -0.11740582433857827:
RIGHT NOW THE TICKER IS: ISRG
ISRG 2015-12-31 2020-12-31
Y is: -0.12507760914019206
this is Beta adj rsquare of ISRG and the value is -0.5665130502839089:
RIGHT NOW THE TICKER IS: JNJ
JNJ 2015-12-31 2020-12-31
Y is: -0.02471851550695614
this is Beta adj rsquare of JNJ and the value is 0.5643926715270848:
RIGHT NOW THE TICKER IS: ABBV
ABBV 2015-12-31 2020-12-31
this is Beta adj rsquare of ABBV and the value is 0.05360023836752725:
RIGHT NOW THE TICKER IS: ABT
ABT 2015-12-31 2020-12-31
Y is: 0.1562093211100144
this is Beta adj rsquare of ABT and the value is 0.5683913648389294:
RIGHT NOW THE TICKER IS: ALGN
ALGN 2015-12-31 2020-12-31
Y is: 0.19327995799348763
this is Beta adj rsquare of ALGN and the value is 0.5055232386043378:
RIGHT NOW THE TICKER IS: AMGN
AMGN 2015-12-31 2020-12-31
Y is: 0.12215306607093979
this is Beta adj rsquare of AMGN and the value is 0.11082635834079824:
RIGHT NOW THE TICKER IS: BAX
BAX 2015-12-31 2020-12-31
Y is: 0.16959856634833081
this is Beta adj rsquare of BAX and the value is 0.3518372401641716:
RIGHT NOW THE TICKER IS: BDX
BDX 2015-12-31 2020-12-31
Y is: 0.10806403446128687
this is Beta adj rsquare of BDX and the value is 0.5978507088286057:
RIGHT NOW THE TICKER IS: BIO
BIO 2015-12-31 2020-12-31
Y is: 0.09359226285298528
this is Beta adj rsquare of BIO and the value is 0.22810038434580215:
RIGHT NOW THE TICKER IS: BMY
BMY 2015-12-31 2020-12-31
Y is: -0.06947292357974477
this is Beta adj rsquare of BMY and the value is -0.18080959033888488:
RIGHT NOW THE TICKER IS: BSX
BSX 2015-12-31 2020-12-31
Y is: 0.1497920390280758
this is Beta adj rsquare of BSX and the value is 0.41639157875380495:
RIGHT NOW THE TICKER IS: CAH
CAH 2015-12-31 2020-12-31
Y is: 0.1331110416641048
this is Beta adj rsquare of CAH and the value is -0.05566506344796518:
RIGHT NOW THE TICKER IS: COR
COR 2015-12-31 2020-12-31
Y is: 0.13185825855830902
this is Beta adj rsquare of COR and the value is -0.01880087456580548:
RIGHT NOW THE TICKER IS: CRL
CRL 2015-12-31 2020-12-31
Y is: 0.18060105087170752
this is Beta adj rsquare of CRL and the value is 0.14786647766643446:
RIGHT NOW THE TICKER IS: CTLT
CTLT 2015-12-31 2020-12-31
Y is: 0.050445128209772205
this is Beta adj rsquare of CTLT and the value is 0.5914312755182619:
RIGHT NOW THE TICKER IS: CVS
CVS 2015-12-31 2020-12-31
Y is: -0.005195838842753098
this is Beta adj rsquare of CVS and the value is 0.35606918981339564:
RIGHT NOW THE TICKER IS: DGX
DGX 2015-12-31 2020-12-31
Y is: 0.0684439696527761
this is Beta adj rsquare of DGX and the value is 0.1642858455287688:
RIGHT NOW THE TICKER IS: DHR
DHR 2015-12-31 2020-12-31
Y is: 0.09879237996934842
this is Beta adj rsquare of DHR and the value is 0.7718079693356729:
RIGHT NOW THE TICKER IS: DXCM
DXCM 2015-12-31 2020-12-31
Y is: 0.4192630196670326
this is Beta adj rsquare of DXCM and the value is 0.7325371621910511:
RIGHT NOW THE TICKER IS: EW
EW 2015-12-31 2020-12-31
Y is: 0.003948761247301036
this is Beta adj rsquare of EW and the value is 0.42205323618731794:
RIGHT NOW THE TICKER IS: GILD
GILD 2015-12-31 2020-12-31
Y is: -0.05152914969913913
this is Beta adj rsquare of GILD and the value is 0.3120200102541245:
RIGHT NOW THE TICKER IS: HSIC
HSIC 2015-12-31 2020-12-31
Y is: 0.12036117405805813
this is Beta adj rsquare of HSIC and the value is 0.8129909085040133:
RIGHT NOW THE TICKER IS: TMO
TMO 2015-12-31 2020-12-31
Y is: 0.08858964889646836
this is Beta adj rsquare of TMO and the value is 0.17524311262364844:
RIGHT NOW THE TICKER IS: UHS
UHS 2015-12-31 2020-12-31
Y is: 0.16986275767405767
this is Beta adj rsquare of UHS and the value is 0.44307374237537345:
RIGHT NOW THE TICKER IS: VRTX
VRTX 2015-12-31 2020-12-31
Y is: 0.484321992561366
this is Beta adj rsquare of VRTX and the value is 0.6135467226473343:
RIGHT NOW THE TICKER IS: VTRS
VTRS 2015-12-31 2020-12-31
Y is: 0.02201835174287159
this is Beta adj rsquare of VTRS and the value is -0.01485069742639844:
RIGHT NOW THE TICKER IS: IDXX
IDXX 2015-12-31 2020-12-31
Y is: 0.31841054861574336
this is Beta adj rsquare of IDXX and the value is 0.6217388580495834:
RIGHT NOW THE TICKER IS: ILMN
ILMN 2015-12-31 2020-12-31
Y is: 0.33270859369944494
this is Beta adj rsquare of ILMN and the value is 0.4734298404121826:
RIGHT NOW THE TICKER IS: INCY
INCY 2015-12-31 2020-12-31
Y is: 0.33310065467313943
this is Beta adj rsquare of INCY and the value is 0.01773678312884175:
RIGHT NOW THE TICKER IS: WST
WST 2015-12-31 2020-12-31
Y is: -0.037958283050800845
this is Beta adj rsquare of WST and the value is 0.5889598625203527:
RIGHT NOW THE TICKER IS: ZTS
ZTS 2015-12-31 2020-12-31
Y is: -0.002988975360746604
this is Beta adj rsquare of ZTS and the value is -0.11740582433857827:
RIGHT NOW THE TICKER IS: ISRG
ISRG 2015-12-31 2020-12-31
Y is: 0.20861909727072026
this is Beta adj rsquare of ISRG and the value is -0.5665130502839089:
RIGHT NOW THE TICKER IS: JNJ
JNJ 2015-12-31 2020-12-31
Y is: 0.08106938669825858
this is Beta adj rsquare of JNJ and the value is 0.5643926715270848:
RIGHT NOW THE TICKER IS: ABBV
ABBV 2015-12-31 2020-12-31
this is Beta adj rsquare of ABBV and the value is 0.05360023836752725:
RIGHT NOW THE TICKER IS: ABT
ABT 2015-12-31 2020-12-31
Y is: 0.0945733118074803
this is Beta adj rsquare of ABT and the value is 0.5683913648389294:
RIGHT NOW THE TICKER IS: ALGN
ALGN 2015-12-31 2020-12-31
Y is: 0.30869145074823745
this is Beta adj rsquare of ALGN and the value is 0.5055232386043378:
RIGHT NOW THE TICKER IS: AMGN
AMGN 2015-12-31 2020-12-31
Y is: 0.04973479636162481
this is Beta adj rsquare of AMGN and the value is 0.11082635834079824:
RIGHT NOW THE TICKER IS: BAX
BAX 2015-12-31 2020-12-31
Y is: 0.16737370233357085
this is Beta adj rsquare of BAX and the value is 0.3518372401641716:
RIGHT NOW THE TICKER IS: BDX
BDX 2015-12-31 2020-12-31
Y is: 0.06361758918673566
this is Beta adj rsquare of BDX and the value is 0.5978507088286057:
RIGHT NOW THE TICKER IS: BIO
BIO 2015-12-31 2020-12-31
Y is: 0.13529648698792807
this is Beta adj rsquare of BIO and the value is 0.22810038434580215:
RIGHT NOW THE TICKER IS: BMY
BMY 2015-12-31 2020-12-31
Y is: 0.02464141460588487
this is Beta adj rsquare of BMY and the value is -0.18080959033888488:
RIGHT NOW THE TICKER IS: BSX
BSX 2015-12-31 2020-12-31
Y is: 0.11459583345188729
this is Beta adj rsquare of BSX and the value is 0.41639157875380495:
RIGHT NOW THE TICKER IS: CAH
CAH 2015-12-31 2020-12-31
Y is: -0.04451262718541682
this is Beta adj rsquare of CAH and the value is -0.05566506344796518:
RIGHT NOW THE TICKER IS: COR
COR 2015-12-31 2020-12-31
Y is: 0.06813557942708326
this is Beta adj rsquare of COR and the value is -0.01880087456580548:
RIGHT NOW THE TICKER IS: CRL
CRL 2015-12-31 2020-12-31
Y is: 0.12451367379235467
this is Beta adj rsquare of CRL and the value is 0.14786647766643446:
RIGHT NOW THE TICKER IS: CTLT
CTLT 2015-12-31 2020-12-31
Y is: 0.23940673913693544
this is Beta adj rsquare of CTLT and the value is 0.5914312755182619:
RIGHT NOW THE TICKER IS: CVS
CVS 2015-12-31 2020-12-31
Y is: 0.024968141203473238
this is Beta adj rsquare of CVS and the value is 0.35606918981339564:
RIGHT NOW THE TICKER IS: DGX
DGX 2015-12-31 2020-12-31
Y is: 0.132090853429226
this is Beta adj rsquare of DGX and the value is 0.1642858455287688:
RIGHT NOW THE TICKER IS: DHR
DHR 2015-12-31 2020-12-31
Y is: -0.013328718267861306
this is Beta adj rsquare of DHR and the value is 0.7718079693356729:
RIGHT NOW THE TICKER IS: DXCM
DXCM 2015-12-31 2020-12-31
Y is: -0.1366694367079484
this is Beta adj rsquare of DXCM and the value is 0.7325371621910511:
RIGHT NOW THE TICKER IS: EW
EW 2015-12-31 2020-12-31
Y is: 0.25693634593444603
this is Beta adj rsquare of EW and the value is 0.42205323618731794:
RIGHT NOW THE TICKER IS: GILD
GILD 2015-12-31 2020-12-31
Y is: 0.04210837290127056
this is Beta adj rsquare of GILD and the value is 0.3120200102541245:
RIGHT NOW THE TICKER IS: HSIC
HSIC 2015-12-31 2020-12-31
Y is: 0.07677834523786231
this is Beta adj rsquare of HSIC and the value is 0.8129909085040133:
RIGHT NOW THE TICKER IS: TMO
TMO 2015-12-31 2020-12-31
Y is: 0.13587235864510694
this is Beta adj rsquare of TMO and the value is 0.17524311262364844:
RIGHT NOW THE TICKER IS: UHS
UHS 2015-12-31 2020-12-31
Y is: -0.01904375391968227
this is Beta adj rsquare of UHS and the value is 0.44307374237537345:
RIGHT NOW THE TICKER IS: VRTX
VRTX 2015-12-31 2020-12-31
Y is: 0.17850934536305485
this is Beta adj rsquare of VRTX and the value is 0.6135467226473343:
RIGHT NOW THE TICKER IS: VTRS
VTRS 2015-12-31 2020-12-31
Y is: -0.004360143019343954
this is Beta adj rsquare of VTRS and the value is -0.01485069742639844:
RIGHT NOW THE TICKER IS: IDXX
IDXX 2015-12-31 2020-12-31
Y is: 0.04404629410587946
this is Beta adj rsquare of IDXX and the value is 0.6217388580495834:
RIGHT NOW THE TICKER IS: ILMN
ILMN 2015-12-31 2020-12-31
Y is: 0.01687766580587091
this is Beta adj rsquare of ILMN and the value is 0.4734298404121826:
RIGHT NOW THE TICKER IS: INCY
INCY 2015-12-31 2020-12-31
Y is: -0.05805337482707296
this is Beta adj rsquare of INCY and the value is 0.01773678312884175:
RIGHT NOW THE TICKER IS: WST
WST 2015-12-31 2020-12-31
Y is: 0.15819134831714865
this is Beta adj rsquare of WST and the value is 0.5889598625203527:
RIGHT NOW THE TICKER IS: ZTS
ZTS 2015-12-31 2020-12-31
Y is: 0.1688214786687514
this is Beta adj rsquare of ZTS and the value is -0.11740582433857827:
RIGHT NOW THE TICKER IS: ISRG
ISRG 2015-12-31 2020-12-31
Y is: 0.2203609254104446
this is Beta adj rsquare of ISRG and the value is -0.5665130502839089:
RIGHT NOW THE TICKER IS: JNJ
JNJ 2015-12-31 2020-12-31
Y is: 0.062143637452650946
this is Beta adj rsquare of JNJ and the value is 0.5643926715270848:
RIGHT NOW THE TICKER IS: ABBV
ABBV 2015-12-31 2020-12-31
this is Beta adj rsquare of ABBV and the value is 0.05360023836752725:
RIGHT NOW THE TICKER IS: ABT
ABT 2015-12-31 2020-12-31
Y is: 0.09771651800778791
this is Beta adj rsquare of ABT and the value is 0.5683913648389294:
RIGHT NOW THE TICKER IS: ALGN
ALGN 2015-12-31 2020-12-31
Y is: 0.240807422935591
this is Beta adj rsquare of ALGN and the value is 0.5055232386043378:
RIGHT NOW THE TICKER IS: AMGN
AMGN 2015-12-31 2020-12-31
Y is: 0.08256402237388771
this is Beta adj rsquare of AMGN and the value is 0.11082635834079824:
RIGHT NOW THE TICKER IS: BAX
BAX 2015-12-31 2020-12-31
Y is: 0.036504774546606056
this is Beta adj rsquare of BAX and the value is 0.3518372401641716:
RIGHT NOW THE TICKER IS: BDX
BDX 2015-12-31 2020-12-31
Y is: 0.004305219345983602
this is Beta adj rsquare of BDX and the value is 0.5978507088286057:
RIGHT NOW THE TICKER IS: BIO
BIO 2015-12-31 2020-12-31
Y is: -0.018072539357575912
this is Beta adj rsquare of BIO and the value is 0.22810038434580215:
RIGHT NOW THE TICKER IS: BMY
BMY 2015-12-31 2020-12-31
Y is: 0.14393396055389518
this is Beta adj rsquare of BMY and the value is -0.18080959033888488:
RIGHT NOW THE TICKER IS: BSX
BSX 2015-12-31 2020-12-31
Y is: 0.05230883112760032
this is Beta adj rsquare of BSX and the value is 0.41639157875380495:
RIGHT NOW THE TICKER IS: CAH
CAH 2015-12-31 2020-12-31
Y is: -0.1411704345288859
this is Beta adj rsquare of CAH and the value is -0.05566506344796518:
RIGHT NOW THE TICKER IS: COR
COR 2015-12-31 2020-12-31
Y is: -0.12461651255068906
this is Beta adj rsquare of COR and the value is -0.01880087456580548:
RIGHT NOW THE TICKER IS: CRL
CRL 2015-12-31 2020-12-31
Y is: 0.06791888298123094
this is Beta adj rsquare of CRL and the value is 0.14786647766643446:
RIGHT NOW THE TICKER IS: CTLT
CTLT 2015-12-31 2020-12-31
Y is: 0.13732193459717545
this is Beta adj rsquare of CTLT and the value is 0.5914312755182619:
RIGHT NOW THE TICKER IS: CVS
CVS 2015-12-31 2020-12-31
Y is: 0.010688548597280967
this is Beta adj rsquare of CVS and the value is 0.35606918981339564:
RIGHT NOW THE TICKER IS: DGX
DGX 2015-12-31 2020-12-31
Y is: -0.1576106845562556
this is Beta adj rsquare of DGX and the value is 0.1642858455287688:
RIGHT NOW THE TICKER IS: DHR
DHR 2015-12-31 2020-12-31
Y is: 0.01647114347769607
this is Beta adj rsquare of DHR and the value is 0.7718079693356729:
RIGHT NOW THE TICKER IS: DXCM
DXCM 2015-12-31 2020-12-31
Y is: -0.33110048824995053
this is Beta adj rsquare of DXCM and the value is 0.7325371621910511:
RIGHT NOW THE TICKER IS: EW
EW 2015-12-31 2020-12-31
Y is: -0.07552432648607443
this is Beta adj rsquare of EW and the value is 0.42205323618731794:
RIGHT NOW THE TICKER IS: GILD
GILD 2015-12-31 2020-12-31
Y is: 0.14467360893434678
this is Beta adj rsquare of GILD and the value is 0.3120200102541245:
RIGHT NOW THE TICKER IS: HSIC
HSIC 2015-12-31 2020-12-31
Y is: -0.10403234824773588
this is Beta adj rsquare of HSIC and the value is 0.8129909085040133:
RIGHT NOW THE TICKER IS: TMO
TMO 2015-12-31 2020-12-31
Y is: 0.08442709706240992
this is Beta adj rsquare of TMO and the value is 0.17524311262364844:
RIGHT NOW THE TICKER IS: UHS
UHS 2015-12-31 2020-12-31
Y is: -0.09125163190171781
this is Beta adj rsquare of UHS and the value is 0.44307374237537345:
RIGHT NOW THE TICKER IS: VRTX
VRTX 2015-12-31 2020-12-31
Y is: 0.17979358304371584
this is Beta adj rsquare of VRTX and the value is 0.6135467226473343:
RIGHT NOW THE TICKER IS: VTRS
VTRS 2015-12-31 2020-12-31
Y is: -0.19191135791235236
this is Beta adj rsquare of VTRS and the value is -0.01485069742639844:
RIGHT NOW THE TICKER IS: IDXX
IDXX 2015-12-31 2020-12-31
Y is: -0.03673641892607882
this is Beta adj rsquare of IDXX and the value is 0.6217388580495834:
RIGHT NOW THE TICKER IS: ILMN
ILMN 2015-12-31 2020-12-31
Y is: 0.1479944216429281
this is Beta adj rsquare of ILMN and the value is 0.4734298404121826:
RIGHT NOW THE TICKER IS: INCY
INCY 2015-12-31 2020-12-31
Y is: -0.07282984299602102
this is Beta adj rsquare of INCY and the value is 0.01773678312884175:
RIGHT NOW THE TICKER IS: WST
WST 2015-12-31 2020-12-31
Y is: 0.018408861140090993
this is Beta adj rsquare of WST and the value is 0.5889598625203527:
RIGHT NOW THE TICKER IS: ZTS
ZTS 2015-12-31 2020-12-31
Y is: 0.022122430743646504
this is Beta adj rsquare of ZTS and the value is -0.11740582433857827:
RIGHT NOW THE TICKER IS: ISRG
ISRG 2015-12-31 2020-12-31
Y is: 0.11814572165534587
this is Beta adj rsquare of ISRG and the value is -0.5665130502839089:
RIGHT NOW THE TICKER IS: JNJ
JNJ 2015-12-31 2020-12-31
Y is: -0.017234854448631043
this is Beta adj rsquare of JNJ and the value is 0.5643926715270848:
RIGHT NOW THE TICKER IS: ABBV
ABBV 2015-12-31 2020-12-31
this is Beta adj rsquare of ABBV and the value is 0.05360023836752725:
RIGHT NOW THE TICKER IS: ABT
ABT 2015-12-31 2020-12-31
Y is: 0.0695277181790912
this is Beta adj rsquare of ABT and the value is 0.5683913648389294:
RIGHT NOW THE TICKER IS: ALGN
ALGN 2015-12-31 2020-12-31
Y is: 0.19283833867531586
this is Beta adj rsquare of ALGN and the value is 0.5055232386043378:
RIGHT NOW THE TICKER IS: AMGN
AMGN 2015-12-31 2020-12-31
Y is: -0.06731028831950936
this is Beta adj rsquare of AMGN and the value is 0.11082635834079824:
RIGHT NOW THE TICKER IS: BAX
BAX 2015-12-31 2020-12-31
