Namespace(end_date=2019, feature_names='Price/Earnings,Price/Book Value,Return on Assets,Return on Equity ,Free Cash Flow per Share,Price/Cash Flow,Enterprise Value/EBITDA,Gross Margin,Net Margin,Sales per Share', new_feature='9', path_to_file='./Information Technology/', start_date=2016, y='3M Return')
['2015-12-31', '2016-03-31', '2016-06-30', '2016-09-30', '2016-12-31', '2017-03-31', '2017-06-30', '2017-09-30', '2017-12-31', '2018-03-31', '2018-06-30', '2018-09-30', '2018-12-31', '2019-03-31', '2019-06-30', '2019-09-30', '2019-12-31']
AAPL 2015-12-31 2019-12-31
this is Beta adj rsquare of AAPL and the value is 0.9524988707833495:
AKAM 2015-12-31 2019-12-31
Y is: 0.00647832665698389
this is Beta adj rsquare of AKAM and the value is 0.3509687309822378:
AMD 2015-12-31 2019-12-31
Y is: 0.8035087854321392
this is Beta adj rsquare of AMD and the value is 0.9332035564447089:
ANET 2015-12-31 2019-12-31
Y is: 0.020285242634702216
this is Beta adj rsquare of ANET and the value is 0.8053322225701826:
ANSS 2015-12-31 2019-12-31
Y is: 0.0144198628295229
this is Beta adj rsquare of ANSS and the value is 0.8639369788294198:
APH 2015-12-31 2019-12-31
Y is: -0.008474539369694889
this is Beta adj rsquare of APH and the value is -0.4228190496216311:
CDNS 2015-12-31 2019-12-31
Y is: 0.030534322124006863
this is Beta adj rsquare of CDNS and the value is 0.5532911819298879:
CDW 2015-12-31 2019-12-31
Y is: -0.03421682334807985
this is Beta adj rsquare of CDW and the value is 0.9689533381274172:
CTSH 2015-12-31 2019-12-31
Y is: -0.08708132405159297
this is Beta adj rsquare of CTSH and the value is 0.3784686028113251:
ENPH 2015-12-31 2019-12-31
Y is: -0.14592271472203056
this is Beta adj rsquare of ENPH and the value is 0.7011248174623588:
EPAM 2015-12-31 2019-12-31
Y is: -0.13874381765634236
this is Beta adj rsquare of EPAM and the value is 0.29331493003008835:
FFIV 2015-12-31 2019-12-31
Y is: 0.07548415662682295
this is Beta adj rsquare of FFIV and the value is 0.2690344518687451:
FSLR 2015-12-31 2019-12-31
Y is: -0.291952699314725
this is Beta adj rsquare of FSLR and the value is 0.6572441306120268:
FTNT 2015-12-31 2019-12-31
Y is: 0.0313418077919676
this is Beta adj rsquare of FTNT and the value is 0.2700486687150845:
GEN 2015-12-31 2019-12-31
Y is: 0.11751914327457746
this is Beta adj rsquare of GEN and the value is -0.03784083123616222:
GLW 2015-12-31 2019-12-31
Y is: -0.01962660887464074
this is Beta adj rsquare of GLW and the value is 0.3199715395993048:
IBM 2015-12-31 2019-12-31
Y is: 0.002178958736785752
this is Beta adj rsquare of IBM and the value is 0.21369163886244746:
INTC 2015-12-31 2019-12-31
Y is: 0.013910379726893574
this is Beta adj rsquare of INTC and the value is -0.23719251108490536:
IT 2015-12-31 2019-12-31
Y is: 0.0902071105275144
this is Beta adj rsquare of IT and the value is 0.2042626972908883:
JNPR 2015-12-31 2019-12-31
Y is: -0.11838496396187792
this is Beta adj rsquare of JNPR and the value is 0.39288904138284164:
KLAC 2015-12-31 2019-12-31
Y is: 0.006043159678067012
this is Beta adj rsquare of KLAC and the value is 0.8509139583925233:
LRCX 2015-12-31 2019-12-31
Y is: 0.017675534036844853
this is Beta adj rsquare of LRCX and the value is 0.5278400908239469:
MCHP 2015-12-31 2019-12-31
Y is: 0.053111981702749445
this is Beta adj rsquare of MCHP and the value is 0.5314360981902215:
MPWR 2015-12-31 2019-12-31
Y is: 0.07353866043463575
this is Beta adj rsquare of MPWR and the value is -1.2249166937907416:
MSFT 2015-12-31 2019-12-31
Y is: -0.07351079860477261
this is Beta adj rsquare of MSFT and the value is 0.20005692121505925:
MSI 2015-12-31 2019-12-31
Y is: -0.12853363434336307
this is Beta adj rsquare of MSI and the value is 0.1465233412397947:
NOW 2015-12-31 2019-12-31
Y is: 0.08532202018085822
this is Beta adj rsquare of NOW and the value is 0.024067088983912965:
NXPI 2015-12-31 2019-12-31
Y is: -0.03367464373023654
this is Beta adj rsquare of NXPI and the value is 0.7114914251328592:
ON 2015-12-31 2019-12-31
Y is: -0.08029201725881985
this is Beta adj rsquare of ON and the value is 0.8668206441415993:
PTC 2015-12-31 2019-12-31
Y is: 0.13329318467978002
this is Beta adj rsquare of PTC and the value is 0.3727747684155013:
QCOM 2015-12-31 2019-12-31
Y is: 0.04751662757484598
this is Beta adj rsquare of QCOM and the value is 0.2832471855198103:
ROP 2015-12-31 2019-12-31
Y is: -0.06680530956089126
this is Beta adj rsquare of ROP and the value is 0.9816624849205249:
STX 2015-12-31 2019-12-31
Y is: -0.2928882417745109
this is Beta adj rsquare of STX and the value is 0.490044820074343:
SWKS 2015-12-31 2019-12-31
Y is: -0.18767653992567845
this is Beta adj rsquare of SWKS and the value is 0.8764013419043934:
TDY 2015-12-31 2019-12-31
Y is: 0.12378039184999912
this is Beta adj rsquare of TDY and the value is 0.2184900864586211:
TEL 2015-12-31 2019-12-31
Y is: -0.07768084142169929
this is Beta adj rsquare of TEL and the value is 0.5264980570841236:
TER 2015-12-31 2019-12-31
Y is: -0.08800368712839168
this is Beta adj rsquare of TER and the value is 0.9562322036299956:
TRMB 2015-12-31 2019-12-31
Y is: -0.01774188065503901
this is Beta adj rsquare of TRMB and the value is 0.5282153432301303:
TXN 2015-12-31 2019-12-31
Y is: 0.09108330762299044
this is Beta adj rsquare of TXN and the value is 0.2575206510264043:
TYL 2015-12-31 2019-12-31
Y is: 0.2962445060469818
this is Beta adj rsquare of TYL and the value is 0.3490424248629682:
VRSN 2015-12-31 2019-12-31
Y is: -0.02349222734975054
this is Beta adj rsquare of VRSN and the value is 0.10876266644690269:
WDC 2015-12-31 2019-12-31
Y is: 0.0004232989491090855
this is Beta adj rsquare of WDC and the value is 0.8178093256612022:
ZBRA 2015-12-31 2019-12-31
Y is: -0.273913065592448
this is Beta adj rsquare of ZBRA and the value is 0.7575329101041224:
ADI 2015-12-31 2019-12-31
Y is: -0.04308158973178067
this is Beta adj rsquare of ADI and the value is -1.6754473285869582:
ADSK 2015-12-31 2019-12-31
Y is: -0.07151435234835468
this is Beta adj rsquare of ADSK and the value is 0.17514559277350017:
AMAT 2015-12-31 2019-12-31
Y is: 0.13172799659955214
this is Beta adj rsquare of AMAT and the value is 0.5474897918236308:
AVGO 2015-12-31 2019-12-31
Y is: 0.005825203213491115
this is Beta adj rsquare of AVGO and the value is 0.16937128006453916:
CRM 2015-12-31 2019-12-31
Y is: 0.07557905583997426
this is Beta adj rsquare of CRM and the value is 0.3074342758934423:
CSCO 2015-12-31 2019-12-31
Y is: 0.007727475448161769
this is Beta adj rsquare of CSCO and the value is 0.022065306985984523:
HPE 2015-12-31 2019-12-31
Y is: 0.030456901648967527
this is Beta adj rsquare of HPE and the value is -0.03740703273699553:
HPQ 2015-12-31 2019-12-31
Y is: 0.01866887188376065
this is Beta adj rsquare of HPQ and the value is 0.5499270450877759:
INTU 2015-12-31 2019-12-31
Y is: 0.07306988095401379
this is Beta adj rsquare of INTU and the value is -1.4081376514339703:
KEYS 2015-12-31 2019-12-31
Y is: 0.04866620016613332
this is Beta adj rsquare of KEYS and the value is -2.0924811382165402:
NTAP 2015-12-31 2019-12-31
Y is: -0.09893736432244749
this is Beta adj rsquare of NTAP and the value is 0.3726909511621599:
NVDA 2015-12-31 2019-12-31
Y is: 0.3193936826345414
this is Beta adj rsquare of NVDA and the value is -0.43643419502834635:
PANW 2015-12-31 2019-12-31
Y is: -0.2482530293276417
this is Beta adj rsquare of PANW and the value is 0.5109445521436773:
SNPS 2015-12-31 2019-12-31
Y is: 0.11643276969945893
this is Beta adj rsquare of SNPS and the value is -0.3112686144068564:
ACN 2015-12-31 2019-12-31
Y is: -0.018284233816742046
this is Beta adj rsquare of ACN and the value is -0.3726485892082141:
ADBE 2015-12-31 2019-12-31
Y is: 0.021215328347819806
this is Beta adj rsquare of ADBE and the value is -0.05092004730584332:
JBL 2015-12-31 2019-12-31
Y is: -0.04151536717202675
this is Beta adj rsquare of JBL and the value is 0.802627148736188:
MU 2015-12-31 2019-12-31
Y is: 0.3142311249230434
this is Beta adj rsquare of MU and the value is 0.8172021785045991:
ORCL 2015-12-31 2019-12-31
Y is: 0.0004888892162862035
this is Beta adj rsquare of ORCL and the value is -1.312954022852141:
AAPL 2015-12-31 2016-03-31
AKAM 2015-12-31 2016-03-31
AMD 2015-12-31 2016-03-31
ANET 2015-12-31 2016-03-31
ANSS 2015-12-31 2016-03-31
APH 2015-12-31 2016-03-31
CDNS 2015-12-31 2016-03-31
CDW 2015-12-31 2016-03-31
CTSH 2015-12-31 2016-03-31
ENPH 2015-12-31 2016-03-31
EPAM 2015-12-31 2016-03-31
FFIV 2015-12-31 2016-03-31
FSLR 2015-12-31 2016-03-31
FTNT 2015-12-31 2016-03-31
GEN 2015-12-31 2016-03-31
GLW 2015-12-31 2016-03-31
IBM 2015-12-31 2016-03-31
INTC 2015-12-31 2016-03-31
IT 2015-12-31 2016-03-31
JNPR 2015-12-31 2016-03-31
KLAC 2015-12-31 2016-03-31
LRCX 2015-12-31 2016-03-31
MCHP 2015-12-31 2016-03-31
MPWR 2015-12-31 2016-03-31
MSFT 2015-12-31 2016-03-31
MSI 2015-12-31 2016-03-31
NOW 2015-12-31 2016-03-31
NXPI 2015-12-31 2016-03-31
ON 2015-12-31 2016-03-31
PTC 2015-12-31 2016-03-31
QCOM 2015-12-31 2016-03-31
ROP 2015-12-31 2016-03-31
STX 2015-12-31 2016-03-31
SWKS 2015-12-31 2016-03-31
TDY 2015-12-31 2016-03-31
TEL 2015-12-31 2016-03-31
TER 2015-12-31 2016-03-31
TRMB 2015-12-31 2016-03-31
TXN 2015-12-31 2016-03-31
TYL 2015-12-31 2016-03-31
VRSN 2015-12-31 2016-03-31
WDC 2015-12-31 2016-03-31
ZBRA 2015-12-31 2016-03-31
ADI 2015-12-31 2016-03-31
ADSK 2015-12-31 2016-03-31
AMAT 2015-12-31 2016-03-31
AVGO 2015-12-31 2016-03-31
CRM 2015-12-31 2016-03-31
CSCO 2015-12-31 2016-03-31
HPE 2015-12-31 2016-03-31
HPQ 2015-12-31 2016-03-31
INTU 2015-12-31 2016-03-31
KEYS 2015-12-31 2016-03-31
NTAP 2015-12-31 2016-03-31
NVDA 2015-12-31 2016-03-31
PANW 2015-12-31 2016-03-31
SNPS 2015-12-31 2016-03-31
ACN 2015-12-31 2016-03-31
ADBE 2015-12-31 2016-03-31
JBL 2015-12-31 2016-03-31
MU 2015-12-31 2016-03-31
ORCL 2015-12-31 2016-03-31
this is adj rsquare: 0.1303221535405582
AAPL 2016-03-31 2016-06-30
AKAM 2016-03-31 2016-06-30
AMD 2016-03-31 2016-06-30
ANET 2016-03-31 2016-06-30
ANSS 2016-03-31 2016-06-30
APH 2016-03-31 2016-06-30
CDNS 2016-03-31 2016-06-30
CDW 2016-03-31 2016-06-30
CTSH 2016-03-31 2016-06-30
ENPH 2016-03-31 2016-06-30
EPAM 2016-03-31 2016-06-30
FFIV 2016-03-31 2016-06-30
FSLR 2016-03-31 2016-06-30
FTNT 2016-03-31 2016-06-30
GEN 2016-03-31 2016-06-30
GLW 2016-03-31 2016-06-30
IBM 2016-03-31 2016-06-30
INTC 2016-03-31 2016-06-30
IT 2016-03-31 2016-06-30
JNPR 2016-03-31 2016-06-30
KLAC 2016-03-31 2016-06-30
LRCX 2016-03-31 2016-06-30
MCHP 2016-03-31 2016-06-30
MPWR 2016-03-31 2016-06-30
MSFT 2016-03-31 2016-06-30
MSI 2016-03-31 2016-06-30
NOW 2016-03-31 2016-06-30
NXPI 2016-03-31 2016-06-30
ON 2016-03-31 2016-06-30
PTC 2016-03-31 2016-06-30
QCOM 2016-03-31 2016-06-30
ROP 2016-03-31 2016-06-30
STX 2016-03-31 2016-06-30
SWKS 2016-03-31 2016-06-30
TDY 2016-03-31 2016-06-30
TEL 2016-03-31 2016-06-30
TER 2016-03-31 2016-06-30
TRMB 2016-03-31 2016-06-30
TXN 2016-03-31 2016-06-30
TYL 2016-03-31 2016-06-30
VRSN 2016-03-31 2016-06-30
WDC 2016-03-31 2016-06-30
ZBRA 2016-03-31 2016-06-30
ADI 2016-03-31 2016-06-30
ADSK 2016-03-31 2016-06-30
AMAT 2016-03-31 2016-06-30
AVGO 2016-03-31 2016-06-30
CRM 2016-03-31 2016-06-30
CSCO 2016-03-31 2016-06-30
HPE 2016-03-31 2016-06-30
HPQ 2016-03-31 2016-06-30
INTU 2016-03-31 2016-06-30
KEYS 2016-03-31 2016-06-30
NTAP 2016-03-31 2016-06-30
NVDA 2016-03-31 2016-06-30
PANW 2016-03-31 2016-06-30
SNPS 2016-03-31 2016-06-30
ACN 2016-03-31 2016-06-30
ADBE 2016-03-31 2016-06-30
JBL 2016-03-31 2016-06-30
MU 2016-03-31 2016-06-30
ORCL 2016-03-31 2016-06-30
this is adj rsquare: 0.37038809611047696
AAPL 2016-06-30 2016-09-30
AKAM 2016-06-30 2016-09-30
AMD 2016-06-30 2016-09-30
ANET 2016-06-30 2016-09-30
ANSS 2016-06-30 2016-09-30
APH 2016-06-30 2016-09-30
CDNS 2016-06-30 2016-09-30
CDW 2016-06-30 2016-09-30
CTSH 2016-06-30 2016-09-30
ENPH 2016-06-30 2016-09-30
EPAM 2016-06-30 2016-09-30
FFIV 2016-06-30 2016-09-30
FSLR 2016-06-30 2016-09-30
FTNT 2016-06-30 2016-09-30
GEN 2016-06-30 2016-09-30
GLW 2016-06-30 2016-09-30
IBM 2016-06-30 2016-09-30
INTC 2016-06-30 2016-09-30
IT 2016-06-30 2016-09-30
JNPR 2016-06-30 2016-09-30
KLAC 2016-06-30 2016-09-30
LRCX 2016-06-30 2016-09-30
MCHP 2016-06-30 2016-09-30
MPWR 2016-06-30 2016-09-30
MSFT 2016-06-30 2016-09-30
MSI 2016-06-30 2016-09-30
NOW 2016-06-30 2016-09-30
NXPI 2016-06-30 2016-09-30
ON 2016-06-30 2016-09-30
PTC 2016-06-30 2016-09-30
QCOM 2016-06-30 2016-09-30
ROP 2016-06-30 2016-09-30
STX 2016-06-30 2016-09-30
SWKS 2016-06-30 2016-09-30
TDY 2016-06-30 2016-09-30
TEL 2016-06-30 2016-09-30
TER 2016-06-30 2016-09-30
TRMB 2016-06-30 2016-09-30
TXN 2016-06-30 2016-09-30
TYL 2016-06-30 2016-09-30
VRSN 2016-06-30 2016-09-30
WDC 2016-06-30 2016-09-30
ZBRA 2016-06-30 2016-09-30
ADI 2016-06-30 2016-09-30
ADSK 2016-06-30 2016-09-30
AMAT 2016-06-30 2016-09-30
AVGO 2016-06-30 2016-09-30
CRM 2016-06-30 2016-09-30
CSCO 2016-06-30 2016-09-30
HPE 2016-06-30 2016-09-30
HPQ 2016-06-30 2016-09-30
INTU 2016-06-30 2016-09-30
KEYS 2016-06-30 2016-09-30
NTAP 2016-06-30 2016-09-30
NVDA 2016-06-30 2016-09-30
PANW 2016-06-30 2016-09-30
SNPS 2016-06-30 2016-09-30
ACN 2016-06-30 2016-09-30
ADBE 2016-06-30 2016-09-30
JBL 2016-06-30 2016-09-30
MU 2016-06-30 2016-09-30
ORCL 2016-06-30 2016-09-30
this is adj rsquare: 0.2585953095481254
AAPL 2016-09-30 2016-12-31
AKAM 2016-09-30 2016-12-31
AMD 2016-09-30 2016-12-31
ANET 2016-09-30 2016-12-31
ANSS 2016-09-30 2016-12-31
APH 2016-09-30 2016-12-31
CDNS 2016-09-30 2016-12-31
CDW 2016-09-30 2016-12-31
CTSH 2016-09-30 2016-12-31
ENPH 2016-09-30 2016-12-31
EPAM 2016-09-30 2016-12-31
FFIV 2016-09-30 2016-12-31
FSLR 2016-09-30 2016-12-31
FTNT 2016-09-30 2016-12-31
GEN 2016-09-30 2016-12-31
GLW 2016-09-30 2016-12-31
IBM 2016-09-30 2016-12-31
INTC 2016-09-30 2016-12-31
IT 2016-09-30 2016-12-31
JNPR 2016-09-30 2016-12-31
KLAC 2016-09-30 2016-12-31
LRCX 2016-09-30 2016-12-31
MCHP 2016-09-30 2016-12-31
MPWR 2016-09-30 2016-12-31
MSFT 2016-09-30 2016-12-31
MSI 2016-09-30 2016-12-31
NOW 2016-09-30 2016-12-31
NXPI 2016-09-30 2016-12-31
ON 2016-09-30 2016-12-31
PTC 2016-09-30 2016-12-31
QCOM 2016-09-30 2016-12-31
ROP 2016-09-30 2016-12-31
STX 2016-09-30 2016-12-31
SWKS 2016-09-30 2016-12-31
TDY 2016-09-30 2016-12-31
TEL 2016-09-30 2016-12-31
TER 2016-09-30 2016-12-31
TRMB 2016-09-30 2016-12-31
TXN 2016-09-30 2016-12-31
TYL 2016-09-30 2016-12-31
VRSN 2016-09-30 2016-12-31
WDC 2016-09-30 2016-12-31
ZBRA 2016-09-30 2016-12-31
ADI 2016-09-30 2016-12-31
ADSK 2016-09-30 2016-12-31
AMAT 2016-09-30 2016-12-31
AVGO 2016-09-30 2016-12-31
CRM 2016-09-30 2016-12-31
CSCO 2016-09-30 2016-12-31
HPE 2016-09-30 2016-12-31
HPQ 2016-09-30 2016-12-31
INTU 2016-09-30 2016-12-31
KEYS 2016-09-30 2016-12-31
NTAP 2016-09-30 2016-12-31
NVDA 2016-09-30 2016-12-31
PANW 2016-09-30 2016-12-31
SNPS 2016-09-30 2016-12-31
ACN 2016-09-30 2016-12-31
ADBE 2016-09-30 2016-12-31
JBL 2016-09-30 2016-12-31
MU 2016-09-30 2016-12-31
ORCL 2016-09-30 2016-12-31
this is adj rsquare: 0.23894798410954587
AAPL 2016-12-31 2017-03-31
AKAM 2016-12-31 2017-03-31
AMD 2016-12-31 2017-03-31
ANET 2016-12-31 2017-03-31
ANSS 2016-12-31 2017-03-31
APH 2016-12-31 2017-03-31
CDNS 2016-12-31 2017-03-31
CDW 2016-12-31 2017-03-31
CTSH 2016-12-31 2017-03-31
ENPH 2016-12-31 2017-03-31
EPAM 2016-12-31 2017-03-31
FFIV 2016-12-31 2017-03-31
FSLR 2016-12-31 2017-03-31
FTNT 2016-12-31 2017-03-31
GEN 2016-12-31 2017-03-31
GLW 2016-12-31 2017-03-31
IBM 2016-12-31 2017-03-31
INTC 2016-12-31 2017-03-31
IT 2016-12-31 2017-03-31
JNPR 2016-12-31 2017-03-31
KLAC 2016-12-31 2017-03-31
LRCX 2016-12-31 2017-03-31
MCHP 2016-12-31 2017-03-31
MPWR 2016-12-31 2017-03-31
MSFT 2016-12-31 2017-03-31
MSI 2016-12-31 2017-03-31
NOW 2016-12-31 2017-03-31
NXPI 2016-12-31 2017-03-31
ON 2016-12-31 2017-03-31
PTC 2016-12-31 2017-03-31
QCOM 2016-12-31 2017-03-31
ROP 2016-12-31 2017-03-31
STX 2016-12-31 2017-03-31
SWKS 2016-12-31 2017-03-31
TDY 2016-12-31 2017-03-31
TEL 2016-12-31 2017-03-31
TER 2016-12-31 2017-03-31
TRMB 2016-12-31 2017-03-31
TXN 2016-12-31 2017-03-31
TYL 2016-12-31 2017-03-31
VRSN 2016-12-31 2017-03-31
WDC 2016-12-31 2017-03-31
ZBRA 2016-12-31 2017-03-31
ADI 2016-12-31 2017-03-31
ADSK 2016-12-31 2017-03-31
AMAT 2016-12-31 2017-03-31
AVGO 2016-12-31 2017-03-31
CRM 2016-12-31 2017-03-31
CSCO 2016-12-31 2017-03-31
HPE 2016-12-31 2017-03-31
HPQ 2016-12-31 2017-03-31
INTU 2016-12-31 2017-03-31
KEYS 2016-12-31 2017-03-31
NTAP 2016-12-31 2017-03-31
NVDA 2016-12-31 2017-03-31
PANW 2016-12-31 2017-03-31
SNPS 2016-12-31 2017-03-31
ACN 2016-12-31 2017-03-31
ADBE 2016-12-31 2017-03-31
JBL 2016-12-31 2017-03-31
MU 2016-12-31 2017-03-31
ORCL 2016-12-31 2017-03-31
this is adj rsquare: 0.13012113976657347
AAPL 2017-03-31 2017-06-30
AKAM 2017-03-31 2017-06-30
AMD 2017-03-31 2017-06-30
ANET 2017-03-31 2017-06-30
ANSS 2017-03-31 2017-06-30
APH 2017-03-31 2017-06-30
CDNS 2017-03-31 2017-06-30
CDW 2017-03-31 2017-06-30
CTSH 2017-03-31 2017-06-30
ENPH 2017-03-31 2017-06-30
EPAM 2017-03-31 2017-06-30
FFIV 2017-03-31 2017-06-30
FSLR 2017-03-31 2017-06-30
FTNT 2017-03-31 2017-06-30
GEN 2017-03-31 2017-06-30
GLW 2017-03-31 2017-06-30
IBM 2017-03-31 2017-06-30
INTC 2017-03-31 2017-06-30
IT 2017-03-31 2017-06-30
JNPR 2017-03-31 2017-06-30
KLAC 2017-03-31 2017-06-30
LRCX 2017-03-31 2017-06-30
MCHP 2017-03-31 2017-06-30
MPWR 2017-03-31 2017-06-30
MSFT 2017-03-31 2017-06-30
MSI 2017-03-31 2017-06-30
NOW 2017-03-31 2017-06-30
NXPI 2017-03-31 2017-06-30
ON 2017-03-31 2017-06-30
PTC 2017-03-31 2017-06-30
QCOM 2017-03-31 2017-06-30
ROP 2017-03-31 2017-06-30
STX 2017-03-31 2017-06-30
SWKS 2017-03-31 2017-06-30
TDY 2017-03-31 2017-06-30
TEL 2017-03-31 2017-06-30
TER 2017-03-31 2017-06-30
TRMB 2017-03-31 2017-06-30
TXN 2017-03-31 2017-06-30
TYL 2017-03-31 2017-06-30
VRSN 2017-03-31 2017-06-30
WDC 2017-03-31 2017-06-30
ZBRA 2017-03-31 2017-06-30
ADI 2017-03-31 2017-06-30
ADSK 2017-03-31 2017-06-30
AMAT 2017-03-31 2017-06-30
AVGO 2017-03-31 2017-06-30
CRM 2017-03-31 2017-06-30
CSCO 2017-03-31 2017-06-30
HPE 2017-03-31 2017-06-30
HPQ 2017-03-31 2017-06-30
INTU 2017-03-31 2017-06-30
KEYS 2017-03-31 2017-06-30
NTAP 2017-03-31 2017-06-30
NVDA 2017-03-31 2017-06-30
PANW 2017-03-31 2017-06-30
SNPS 2017-03-31 2017-06-30
ACN 2017-03-31 2017-06-30
ADBE 2017-03-31 2017-06-30
JBL 2017-03-31 2017-06-30
MU 2017-03-31 2017-06-30
ORCL 2017-03-31 2017-06-30
this is adj rsquare: 0.13006957120996177
AAPL 2017-06-30 2017-09-30
AKAM 2017-06-30 2017-09-30
AMD 2017-06-30 2017-09-30
ANET 2017-06-30 2017-09-30
ANSS 2017-06-30 2017-09-30
APH 2017-06-30 2017-09-30
CDNS 2017-06-30 2017-09-30
CDW 2017-06-30 2017-09-30
CTSH 2017-06-30 2017-09-30
ENPH 2017-06-30 2017-09-30
EPAM 2017-06-30 2017-09-30
FFIV 2017-06-30 2017-09-30
FSLR 2017-06-30 2017-09-30
FTNT 2017-06-30 2017-09-30
GEN 2017-06-30 2017-09-30
GLW 2017-06-30 2017-09-30
IBM 2017-06-30 2017-09-30
INTC 2017-06-30 2017-09-30
IT 2017-06-30 2017-09-30
JNPR 2017-06-30 2017-09-30
KLAC 2017-06-30 2017-09-30
LRCX 2017-06-30 2017-09-30
MCHP 2017-06-30 2017-09-30
MPWR 2017-06-30 2017-09-30
MSFT 2017-06-30 2017-09-30
MSI 2017-06-30 2017-09-30
NOW 2017-06-30 2017-09-30
NXPI 2017-06-30 2017-09-30
ON 2017-06-30 2017-09-30
PTC 2017-06-30 2017-09-30
QCOM 2017-06-30 2017-09-30
ROP 2017-06-30 2017-09-30
STX 2017-06-30 2017-09-30
SWKS 2017-06-30 2017-09-30
TDY 2017-06-30 2017-09-30
TEL 2017-06-30 2017-09-30
TER 2017-06-30 2017-09-30
TRMB 2017-06-30 2017-09-30
TXN 2017-06-30 2017-09-30
TYL 2017-06-30 2017-09-30
VRSN 2017-06-30 2017-09-30
WDC 2017-06-30 2017-09-30
ZBRA 2017-06-30 2017-09-30
ADI 2017-06-30 2017-09-30
ADSK 2017-06-30 2017-09-30
AMAT 2017-06-30 2017-09-30
AVGO 2017-06-30 2017-09-30
CRM 2017-06-30 2017-09-30
CSCO 2017-06-30 2017-09-30
HPE 2017-06-30 2017-09-30
HPQ 2017-06-30 2017-09-30
INTU 2017-06-30 2017-09-30
KEYS 2017-06-30 2017-09-30
NTAP 2017-06-30 2017-09-30
NVDA 2017-06-30 2017-09-30
PANW 2017-06-30 2017-09-30
SNPS 2017-06-30 2017-09-30
ACN 2017-06-30 2017-09-30
ADBE 2017-06-30 2017-09-30
JBL 2017-06-30 2017-09-30
MU 2017-06-30 2017-09-30
ORCL 2017-06-30 2017-09-30
this is adj rsquare: 0.37872714429882126
AAPL 2017-09-30 2017-12-31
AKAM 2017-09-30 2017-12-31
AMD 2017-09-30 2017-12-31
ANET 2017-09-30 2017-12-31
ANSS 2017-09-30 2017-12-31
APH 2017-09-30 2017-12-31
CDNS 2017-09-30 2017-12-31
CDW 2017-09-30 2017-12-31
CTSH 2017-09-30 2017-12-31
ENPH 2017-09-30 2017-12-31
EPAM 2017-09-30 2017-12-31
FFIV 2017-09-30 2017-12-31
FSLR 2017-09-30 2017-12-31
FTNT 2017-09-30 2017-12-31
GEN 2017-09-30 2017-12-31
GLW 2017-09-30 2017-12-31
IBM 2017-09-30 2017-12-31
INTC 2017-09-30 2017-12-31
IT 2017-09-30 2017-12-31
JNPR 2017-09-30 2017-12-31
KLAC 2017-09-30 2017-12-31
LRCX 2017-09-30 2017-12-31
MCHP 2017-09-30 2017-12-31
MPWR 2017-09-30 2017-12-31
MSFT 2017-09-30 2017-12-31
MSI 2017-09-30 2017-12-31
NOW 2017-09-30 2017-12-31
NXPI 2017-09-30 2017-12-31
ON 2017-09-30 2017-12-31
PTC 2017-09-30 2017-12-31
QCOM 2017-09-30 2017-12-31
ROP 2017-09-30 2017-12-31
STX 2017-09-30 2017-12-31
SWKS 2017-09-30 2017-12-31
TDY 2017-09-30 2017-12-31
TEL 2017-09-30 2017-12-31
TER 2017-09-30 2017-12-31
TRMB 2017-09-30 2017-12-31
TXN 2017-09-30 2017-12-31
TYL 2017-09-30 2017-12-31
VRSN 2017-09-30 2017-12-31
WDC 2017-09-30 2017-12-31
ZBRA 2017-09-30 2017-12-31
ADI 2017-09-30 2017-12-31
ADSK 2017-09-30 2017-12-31
AMAT 2017-09-30 2017-12-31
AVGO 2017-09-30 2017-12-31
CRM 2017-09-30 2017-12-31
CSCO 2017-09-30 2017-12-31
HPE 2017-09-30 2017-12-31
HPQ 2017-09-30 2017-12-31
INTU 2017-09-30 2017-12-31
KEYS 2017-09-30 2017-12-31
NTAP 2017-09-30 2017-12-31
NVDA 2017-09-30 2017-12-31
PANW 2017-09-30 2017-12-31
SNPS 2017-09-30 2017-12-31
ACN 2017-09-30 2017-12-31
ADBE 2017-09-30 2017-12-31
JBL 2017-09-30 2017-12-31
MU 2017-09-30 2017-12-31
ORCL 2017-09-30 2017-12-31
this is adj rsquare: 0.16726376570314305
AAPL 2017-12-31 2018-03-31
AKAM 2017-12-31 2018-03-31
AMD 2017-12-31 2018-03-31
ANET 2017-12-31 2018-03-31
ANSS 2017-12-31 2018-03-31
APH 2017-12-31 2018-03-31
CDNS 2017-12-31 2018-03-31
CDW 2017-12-31 2018-03-31
CTSH 2017-12-31 2018-03-31
ENPH 2017-12-31 2018-03-31
EPAM 2017-12-31 2018-03-31
FFIV 2017-12-31 2018-03-31
FSLR 2017-12-31 2018-03-31
FTNT 2017-12-31 2018-03-31
GEN 2017-12-31 2018-03-31
GLW 2017-12-31 2018-03-31
IBM 2017-12-31 2018-03-31
INTC 2017-12-31 2018-03-31
IT 2017-12-31 2018-03-31
JNPR 2017-12-31 2018-03-31
KLAC 2017-12-31 2018-03-31
LRCX 2017-12-31 2018-03-31
MCHP 2017-12-31 2018-03-31
MPWR 2017-12-31 2018-03-31
MSFT 2017-12-31 2018-03-31
MSI 2017-12-31 2018-03-31
NOW 2017-12-31 2018-03-31
NXPI 2017-12-31 2018-03-31
ON 2017-12-31 2018-03-31
PTC 2017-12-31 2018-03-31
QCOM 2017-12-31 2018-03-31
ROP 2017-12-31 2018-03-31
STX 2017-12-31 2018-03-31
SWKS 2017-12-31 2018-03-31
TDY 2017-12-31 2018-03-31
TEL 2017-12-31 2018-03-31
TER 2017-12-31 2018-03-31
TRMB 2017-12-31 2018-03-31
TXN 2017-12-31 2018-03-31
TYL 2017-12-31 2018-03-31
VRSN 2017-12-31 2018-03-31
WDC 2017-12-31 2018-03-31
ZBRA 2017-12-31 2018-03-31
ADI 2017-12-31 2018-03-31
ADSK 2017-12-31 2018-03-31
AMAT 2017-12-31 2018-03-31
AVGO 2017-12-31 2018-03-31
CRM 2017-12-31 2018-03-31
CSCO 2017-12-31 2018-03-31
HPE 2017-12-31 2018-03-31
HPQ 2017-12-31 2018-03-31
INTU 2017-12-31 2018-03-31
KEYS 2017-12-31 2018-03-31
NTAP 2017-12-31 2018-03-31
NVDA 2017-12-31 2018-03-31
PANW 2017-12-31 2018-03-31
SNPS 2017-12-31 2018-03-31
ACN 2017-12-31 2018-03-31
ADBE 2017-12-31 2018-03-31
JBL 2017-12-31 2018-03-31
MU 2017-12-31 2018-03-31
ORCL 2017-12-31 2018-03-31
this is adj rsquare: 0.21496263381727065
AAPL 2018-03-31 2018-06-30
AKAM 2018-03-31 2018-06-30
AMD 2018-03-31 2018-06-30
ANET 2018-03-31 2018-06-30
ANSS 2018-03-31 2018-06-30
APH 2018-03-31 2018-06-30
CDNS 2018-03-31 2018-06-30
CDW 2018-03-31 2018-06-30
CTSH 2018-03-31 2018-06-30
ENPH 2018-03-31 2018-06-30
EPAM 2018-03-31 2018-06-30
FFIV 2018-03-31 2018-06-30
FSLR 2018-03-31 2018-06-30
FTNT 2018-03-31 2018-06-30
GEN 2018-03-31 2018-06-30
GLW 2018-03-31 2018-06-30
IBM 2018-03-31 2018-06-30
INTC 2018-03-31 2018-06-30
IT 2018-03-31 2018-06-30
JNPR 2018-03-31 2018-06-30
KLAC 2018-03-31 2018-06-30
LRCX 2018-03-31 2018-06-30
MCHP 2018-03-31 2018-06-30
MPWR 2018-03-31 2018-06-30
MSFT 2018-03-31 2018-06-30
MSI 2018-03-31 2018-06-30
NOW 2018-03-31 2018-06-30
NXPI 2018-03-31 2018-06-30
ON 2018-03-31 2018-06-30
PTC 2018-03-31 2018-06-30
QCOM 2018-03-31 2018-06-30
ROP 2018-03-31 2018-06-30
STX 2018-03-31 2018-06-30
SWKS 2018-03-31 2018-06-30
TDY 2018-03-31 2018-06-30
TEL 2018-03-31 2018-06-30
TER 2018-03-31 2018-06-30
TRMB 2018-03-31 2018-06-30
TXN 2018-03-31 2018-06-30
TYL 2018-03-31 2018-06-30
VRSN 2018-03-31 2018-06-30
WDC 2018-03-31 2018-06-30
ZBRA 2018-03-31 2018-06-30
ADI 2018-03-31 2018-06-30
ADSK 2018-03-31 2018-06-30
AMAT 2018-03-31 2018-06-30
AVGO 2018-03-31 2018-06-30
CRM 2018-03-31 2018-06-30
CSCO 2018-03-31 2018-06-30
HPE 2018-03-31 2018-06-30
HPQ 2018-03-31 2018-06-30
INTU 2018-03-31 2018-06-30
KEYS 2018-03-31 2018-06-30
NTAP 2018-03-31 2018-06-30
NVDA 2018-03-31 2018-06-30
PANW 2018-03-31 2018-06-30
SNPS 2018-03-31 2018-06-30
ACN 2018-03-31 2018-06-30
ADBE 2018-03-31 2018-06-30
JBL 2018-03-31 2018-06-30
MU 2018-03-31 2018-06-30
ORCL 2018-03-31 2018-06-30
this is adj rsquare: 0.30213118576957854
AAPL 2018-06-30 2018-09-30
AKAM 2018-06-30 2018-09-30
AMD 2018-06-30 2018-09-30
ANET 2018-06-30 2018-09-30
ANSS 2018-06-30 2018-09-30
APH 2018-06-30 2018-09-30
CDNS 2018-06-30 2018-09-30
CDW 2018-06-30 2018-09-30
CTSH 2018-06-30 2018-09-30
ENPH 2018-06-30 2018-09-30
EPAM 2018-06-30 2018-09-30
FFIV 2018-06-30 2018-09-30
FSLR 2018-06-30 2018-09-30
FTNT 2018-06-30 2018-09-30
GEN 2018-06-30 2018-09-30
GLW 2018-06-30 2018-09-30
IBM 2018-06-30 2018-09-30
INTC 2018-06-30 2018-09-30
IT 2018-06-30 2018-09-30
JNPR 2018-06-30 2018-09-30
KLAC 2018-06-30 2018-09-30
LRCX 2018-06-30 2018-09-30
MCHP 2018-06-30 2018-09-30
MPWR 2018-06-30 2018-09-30
MSFT 2018-06-30 2018-09-30
MSI 2018-06-30 2018-09-30
NOW 2018-06-30 2018-09-30
NXPI 2018-06-30 2018-09-30
ON 2018-06-30 2018-09-30
PTC 2018-06-30 2018-09-30
QCOM 2018-06-30 2018-09-30
ROP 2018-06-30 2018-09-30
STX 2018-06-30 2018-09-30
SWKS 2018-06-30 2018-09-30
TDY 2018-06-30 2018-09-30
TEL 2018-06-30 2018-09-30
TER 2018-06-30 2018-09-30
TRMB 2018-06-30 2018-09-30
TXN 2018-06-30 2018-09-30
TYL 2018-06-30 2018-09-30
VRSN 2018-06-30 2018-09-30
WDC 2018-06-30 2018-09-30
ZBRA 2018-06-30 2018-09-30
ADI 2018-06-30 2018-09-30
ADSK 2018-06-30 2018-09-30
AMAT 2018-06-30 2018-09-30
AVGO 2018-06-30 2018-09-30
CRM 2018-06-30 2018-09-30
CSCO 2018-06-30 2018-09-30
HPE 2018-06-30 2018-09-30
HPQ 2018-06-30 2018-09-30
INTU 2018-06-30 2018-09-30
KEYS 2018-06-30 2018-09-30
NTAP 2018-06-30 2018-09-30
NVDA 2018-06-30 2018-09-30
PANW 2018-06-30 2018-09-30
SNPS 2018-06-30 2018-09-30
ACN 2018-06-30 2018-09-30
ADBE 2018-06-30 2018-09-30
JBL 2018-06-30 2018-09-30
MU 2018-06-30 2018-09-30
ORCL 2018-06-30 2018-09-30
this is adj rsquare: 0.43654205044309835
AAPL 2018-09-30 2018-12-31
AKAM 2018-09-30 2018-12-31
AMD 2018-09-30 2018-12-31
ANET 2018-09-30 2018-12-31
ANSS 2018-09-30 2018-12-31
APH 2018-09-30 2018-12-31
CDNS 2018-09-30 2018-12-31
CDW 2018-09-30 2018-12-31
CTSH 2018-09-30 2018-12-31
ENPH 2018-09-30 2018-12-31
EPAM 2018-09-30 2018-12-31
FFIV 2018-09-30 2018-12-31
FSLR 2018-09-30 2018-12-31
FTNT 2018-09-30 2018-12-31
GEN 2018-09-30 2018-12-31
GLW 2018-09-30 2018-12-31
IBM 2018-09-30 2018-12-31
INTC 2018-09-30 2018-12-31
IT 2018-09-30 2018-12-31
JNPR 2018-09-30 2018-12-31
KLAC 2018-09-30 2018-12-31
LRCX 2018-09-30 2018-12-31
MCHP 2018-09-30 2018-12-31
MPWR 2018-09-30 2018-12-31
MSFT 2018-09-30 2018-12-31
MSI 2018-09-30 2018-12-31
NOW 2018-09-30 2018-12-31
NXPI 2018-09-30 2018-12-31
ON 2018-09-30 2018-12-31
PTC 2018-09-30 2018-12-31
QCOM 2018-09-30 2018-12-31
ROP 2018-09-30 2018-12-31
STX 2018-09-30 2018-12-31
SWKS 2018-09-30 2018-12-31
TDY 2018-09-30 2018-12-31
TEL 2018-09-30 2018-12-31
TER 2018-09-30 2018-12-31
TRMB 2018-09-30 2018-12-31
TXN 2018-09-30 2018-12-31
TYL 2018-09-30 2018-12-31
VRSN 2018-09-30 2018-12-31
WDC 2018-09-30 2018-12-31
ZBRA 2018-09-30 2018-12-31
ADI 2018-09-30 2018-12-31
ADSK 2018-09-30 2018-12-31
AMAT 2018-09-30 2018-12-31
AVGO 2018-09-30 2018-12-31
CRM 2018-09-30 2018-12-31
CSCO 2018-09-30 2018-12-31
HPE 2018-09-30 2018-12-31
HPQ 2018-09-30 2018-12-31
INTU 2018-09-30 2018-12-31
KEYS 2018-09-30 2018-12-31
NTAP 2018-09-30 2018-12-31
NVDA 2018-09-30 2018-12-31
PANW 2018-09-30 2018-12-31
SNPS 2018-09-30 2018-12-31
ACN 2018-09-30 2018-12-31
ADBE 2018-09-30 2018-12-31
JBL 2018-09-30 2018-12-31
MU 2018-09-30 2018-12-31
ORCL 2018-09-30 2018-12-31
this is adj rsquare: 0.01802451892650847
AAPL 2018-12-31 2019-03-31
AKAM 2018-12-31 2019-03-31
AMD 2018-12-31 2019-03-31
ANET 2018-12-31 2019-03-31
ANSS 2018-12-31 2019-03-31
APH 2018-12-31 2019-03-31
CDNS 2018-12-31 2019-03-31
CDW 2018-12-31 2019-03-31
CTSH 2018-12-31 2019-03-31
ENPH 2018-12-31 2019-03-31
EPAM 2018-12-31 2019-03-31
FFIV 2018-12-31 2019-03-31
FSLR 2018-12-31 2019-03-31
FTNT 2018-12-31 2019-03-31
GEN 2018-12-31 2019-03-31
GLW 2018-12-31 2019-03-31
IBM 2018-12-31 2019-03-31
INTC 2018-12-31 2019-03-31
IT 2018-12-31 2019-03-31
JNPR 2018-12-31 2019-03-31
KLAC 2018-12-31 2019-03-31
LRCX 2018-12-31 2019-03-31
MCHP 2018-12-31 2019-03-31
MPWR 2018-12-31 2019-03-31
MSFT 2018-12-31 2019-03-31
MSI 2018-12-31 2019-03-31
NOW 2018-12-31 2019-03-31
NXPI 2018-12-31 2019-03-31
ON 2018-12-31 2019-03-31
PTC 2018-12-31 2019-03-31
QCOM 2018-12-31 2019-03-31
ROP 2018-12-31 2019-03-31
STX 2018-12-31 2019-03-31
SWKS 2018-12-31 2019-03-31
TDY 2018-12-31 2019-03-31
TEL 2018-12-31 2019-03-31
TER 2018-12-31 2019-03-31
TRMB 2018-12-31 2019-03-31
TXN 2018-12-31 2019-03-31
TYL 2018-12-31 2019-03-31
VRSN 2018-12-31 2019-03-31
WDC 2018-12-31 2019-03-31
ZBRA 2018-12-31 2019-03-31
ADI 2018-12-31 2019-03-31
ADSK 2018-12-31 2019-03-31
AMAT 2018-12-31 2019-03-31
AVGO 2018-12-31 2019-03-31
CRM 2018-12-31 2019-03-31
CSCO 2018-12-31 2019-03-31
HPE 2018-12-31 2019-03-31
HPQ 2018-12-31 2019-03-31
INTU 2018-12-31 2019-03-31
KEYS 2018-12-31 2019-03-31
NTAP 2018-12-31 2019-03-31
NVDA 2018-12-31 2019-03-31
PANW 2018-12-31 2019-03-31
SNPS 2018-12-31 2019-03-31
ACN 2018-12-31 2019-03-31
ADBE 2018-12-31 2019-03-31
JBL 2018-12-31 2019-03-31
MU 2018-12-31 2019-03-31
ORCL 2018-12-31 2019-03-31
this is adj rsquare: 0.40755718537372443
AAPL 2019-03-31 2019-06-30
AKAM 2019-03-31 2019-06-30
AMD 2019-03-31 2019-06-30
ANET 2019-03-31 2019-06-30
ANSS 2019-03-31 2019-06-30
APH 2019-03-31 2019-06-30
CDNS 2019-03-31 2019-06-30
CDW 2019-03-31 2019-06-30
CTSH 2019-03-31 2019-06-30
ENPH 2019-03-31 2019-06-30
EPAM 2019-03-31 2019-06-30
FFIV 2019-03-31 2019-06-30
FSLR 2019-03-31 2019-06-30
FTNT 2019-03-31 2019-06-30
GEN 2019-03-31 2019-06-30
GLW 2019-03-31 2019-06-30
IBM 2019-03-31 2019-06-30
INTC 2019-03-31 2019-06-30
IT 2019-03-31 2019-06-30
JNPR 2019-03-31 2019-06-30
KLAC 2019-03-31 2019-06-30
LRCX 2019-03-31 2019-06-30
MCHP 2019-03-31 2019-06-30
MPWR 2019-03-31 2019-06-30
MSFT 2019-03-31 2019-06-30
MSI 2019-03-31 2019-06-30
NOW 2019-03-31 2019-06-30
NXPI 2019-03-31 2019-06-30
ON 2019-03-31 2019-06-30
PTC 2019-03-31 2019-06-30
QCOM 2019-03-31 2019-06-30
ROP 2019-03-31 2019-06-30
STX 2019-03-31 2019-06-30
SWKS 2019-03-31 2019-06-30
TDY 2019-03-31 2019-06-30
TEL 2019-03-31 2019-06-30
TER 2019-03-31 2019-06-30
TRMB 2019-03-31 2019-06-30
TXN 2019-03-31 2019-06-30
TYL 2019-03-31 2019-06-30
VRSN 2019-03-31 2019-06-30
WDC 2019-03-31 2019-06-30
ZBRA 2019-03-31 2019-06-30
ADI 2019-03-31 2019-06-30
ADSK 2019-03-31 2019-06-30
AMAT 2019-03-31 2019-06-30
AVGO 2019-03-31 2019-06-30
CRM 2019-03-31 2019-06-30
CSCO 2019-03-31 2019-06-30
HPE 2019-03-31 2019-06-30
HPQ 2019-03-31 2019-06-30
INTU 2019-03-31 2019-06-30
KEYS 2019-03-31 2019-06-30
NTAP 2019-03-31 2019-06-30
NVDA 2019-03-31 2019-06-30
PANW 2019-03-31 2019-06-30
SNPS 2019-03-31 2019-06-30
ACN 2019-03-31 2019-06-30
ADBE 2019-03-31 2019-06-30
JBL 2019-03-31 2019-06-30
MU 2019-03-31 2019-06-30
ORCL 2019-03-31 2019-06-30
this is adj rsquare: 0.5271118374308488
AAPL 2019-06-30 2019-09-30
AKAM 2019-06-30 2019-09-30
AMD 2019-06-30 2019-09-30
ANET 2019-06-30 2019-09-30
ANSS 2019-06-30 2019-09-30
APH 2019-06-30 2019-09-30
CDNS 2019-06-30 2019-09-30
CDW 2019-06-30 2019-09-30
CTSH 2019-06-30 2019-09-30
ENPH 2019-06-30 2019-09-30
EPAM 2019-06-30 2019-09-30
FFIV 2019-06-30 2019-09-30
FSLR 2019-06-30 2019-09-30
FTNT 2019-06-30 2019-09-30
GEN 2019-06-30 2019-09-30
GLW 2019-06-30 2019-09-30
IBM 2019-06-30 2019-09-30
INTC 2019-06-30 2019-09-30
IT 2019-06-30 2019-09-30
JNPR 2019-06-30 2019-09-30
KLAC 2019-06-30 2019-09-30
LRCX 2019-06-30 2019-09-30
MCHP 2019-06-30 2019-09-30
MPWR 2019-06-30 2019-09-30
MSFT 2019-06-30 2019-09-30
MSI 2019-06-30 2019-09-30
NOW 2019-06-30 2019-09-30
NXPI 2019-06-30 2019-09-30
ON 2019-06-30 2019-09-30
PTC 2019-06-30 2019-09-30
QCOM 2019-06-30 2019-09-30
ROP 2019-06-30 2019-09-30
STX 2019-06-30 2019-09-30
SWKS 2019-06-30 2019-09-30
TDY 2019-06-30 2019-09-30
TEL 2019-06-30 2019-09-30
TER 2019-06-30 2019-09-30
TRMB 2019-06-30 2019-09-30
TXN 2019-06-30 2019-09-30
TYL 2019-06-30 2019-09-30
VRSN 2019-06-30 2019-09-30
WDC 2019-06-30 2019-09-30
ZBRA 2019-06-30 2019-09-30
ADI 2019-06-30 2019-09-30
ADSK 2019-06-30 2019-09-30
AMAT 2019-06-30 2019-09-30
AVGO 2019-06-30 2019-09-30
CRM 2019-06-30 2019-09-30
CSCO 2019-06-30 2019-09-30
HPE 2019-06-30 2019-09-30
HPQ 2019-06-30 2019-09-30
INTU 2019-06-30 2019-09-30
KEYS 2019-06-30 2019-09-30
NTAP 2019-06-30 2019-09-30
NVDA 2019-06-30 2019-09-30
PANW 2019-06-30 2019-09-30
SNPS 2019-06-30 2019-09-30
ACN 2019-06-30 2019-09-30
ADBE 2019-06-30 2019-09-30
JBL 2019-06-30 2019-09-30
MU 2019-06-30 2019-09-30
ORCL 2019-06-30 2019-09-30
this is adj rsquare: -0.03582870863485477
AAPL 2019-09-30 2019-12-31
AKAM 2019-09-30 2019-12-31
AMD 2019-09-30 2019-12-31
ANET 2019-09-30 2019-12-31
ANSS 2019-09-30 2019-12-31
APH 2019-09-30 2019-12-31
CDNS 2019-09-30 2019-12-31
CDW 2019-09-30 2019-12-31
CTSH 2019-09-30 2019-12-31
ENPH 2019-09-30 2019-12-31
EPAM 2019-09-30 2019-12-31
FFIV 2019-09-30 2019-12-31
FSLR 2019-09-30 2019-12-31
FTNT 2019-09-30 2019-12-31
GEN 2019-09-30 2019-12-31
GLW 2019-09-30 2019-12-31
IBM 2019-09-30 2019-12-31
INTC 2019-09-30 2019-12-31
IT 2019-09-30 2019-12-31
JNPR 2019-09-30 2019-12-31
KLAC 2019-09-30 2019-12-31
LRCX 2019-09-30 2019-12-31
MCHP 2019-09-30 2019-12-31
MPWR 2019-09-30 2019-12-31
MSFT 2019-09-30 2019-12-31
MSI 2019-09-30 2019-12-31
NOW 2019-09-30 2019-12-31
NXPI 2019-09-30 2019-12-31
ON 2019-09-30 2019-12-31
PTC 2019-09-30 2019-12-31
QCOM 2019-09-30 2019-12-31
ROP 2019-09-30 2019-12-31
STX 2019-09-30 2019-12-31
SWKS 2019-09-30 2019-12-31
TDY 2019-09-30 2019-12-31
TEL 2019-09-30 2019-12-31
TER 2019-09-30 2019-12-31
TRMB 2019-09-30 2019-12-31
TXN 2019-09-30 2019-12-31
TYL 2019-09-30 2019-12-31
VRSN 2019-09-30 2019-12-31
WDC 2019-09-30 2019-12-31
ZBRA 2019-09-30 2019-12-31
ADI 2019-09-30 2019-12-31
ADSK 2019-09-30 2019-12-31
AMAT 2019-09-30 2019-12-31
AVGO 2019-09-30 2019-12-31
CRM 2019-09-30 2019-12-31
CSCO 2019-09-30 2019-12-31
HPE 2019-09-30 2019-12-31
HPQ 2019-09-30 2019-12-31
INTU 2019-09-30 2019-12-31
KEYS 2019-09-30 2019-12-31
NTAP 2019-09-30 2019-12-31
NVDA 2019-09-30 2019-12-31
PANW 2019-09-30 2019-12-31
SNPS 2019-09-30 2019-12-31
ACN 2019-09-30 2019-12-31
ADBE 2019-09-30 2019-12-31
JBL 2019-09-30 2019-12-31
MU 2019-09-30 2019-12-31
ORCL 2019-09-30 2019-12-31
this is adj rsquare: 0.1460890105718965
12
16
T-values: {'Constant': 2.747078781240339, 'Price/Earnings': 0.33390433093903304, 'Price/Book Value': 1.409477183163567, 'Return on Assets': 0.45000008023417337, 'Return on Equity ': 0.5256360172228518, 'Free Cash Flow per Share': 2.2127422554553386, 'Price/Cash Flow': -0.7110211661058244, 'Enterprise Value/EBITDA': -1.471932509552498, 'Gross Margin': 2.7803047358538335, 'Net Margin': 0.44175282387700066, 'Sales per Share': 2.422329963809455, '9': 0.13005699417054598}
P-values: {'Constant': 0.01497394095548585, 'Price/Earnings': 0.7430741391458123, 'Price/Book Value': 0.17908920462961178, 'Return on Assets': 0.6591454529476406, 'Return on Equity ': 0.6068250386152307, 'Free Cash Flow per Share': 0.04284010601221354, 'Price/Cash Flow': 0.48798094671313796, 'Enterprise Value/EBITDA': 0.16170834399696424, 'Gross Margin': 0.014005031753515869, 'Net Margin': 0.6649701051745709, 'Sales per Share': 0.028549794684508818, '9': 0.898249414232601}
{'Constant': 0.05797798710708707, 'Price/Earnings': 0.0026452515558037853, 'Price/Book Value': 0.008951236239787275, 'Return on Assets': 0.011600579076988691, 'Return on Equity ': 0.012874326283298878, 'Free Cash Flow per Share': 0.017175731559698496, 'Price/Cash Flow': -0.0038673357519944753, 'Enterprise Value/EBITDA': -0.0073962461729383975, 'Gross Margin': 0.03342052501044028, 'Net Margin': 0.007844682790140833, 'Sales per Share': 0.017462236242476625, '9': 0.002233975459111543}
this is the average adj r-square: 0.23881405487407983
this is the median adj r-square: 0.22695530896340826
