Namespace(end_date=2017, feature_names='Price/Earnings,Price/Book Value,Return on Assets,Return on Equity ,Free Cash Flow per Share,Price/Cash Flow,Dividend Yield (%),Enterprise Value/EBIT,Enterprise Value/EBITDA,Dividend Payout Ratio (%)', new_feature='8', path_to_file='./', start_date=2015, y='3M Return')
['2014-12-31', '2015-03-31', '2015-06-30', '2015-09-30', '2015-12-31', '2016-03-31', '2016-06-30', '2016-09-30', '2016-12-31', '2017-03-31', '2017-06-30', '2017-09-30', '2017-12-31']
this is Beta adj rsquare of AAPL and the value is nan:
this is Beta adj rsquare of PG and the value is nan:
this is Beta adj rsquare of VZ and the value is nan:
this is Beta adj rsquare of AMAT and the value is nan:
this is Beta adj rsquare of MSFT and the value is nan:
this is Beta adj rsquare of JNJ and the value is nan:
this is Beta adj rsquare of V and the value is nan:
this is Beta adj rsquare of MA and the value is nan:
this is Beta adj rsquare of TRGP and the value is nan:
this is Beta adj rsquare of OKE and the value is nan:
this is Beta adj rsquare of SON and the value is nan:
this is Beta adj rsquare of DVN and the value is nan:
this is Beta adj rsquare of HD and the value is nan:
this is Beta adj rsquare of INTC and the value is nan:
14
12
14
['AAPL', 'PG', 'VZ', 'AMAT', 'MSFT', 'JNJ', 'V', 'MA', 'TRGP', 'OKE', 'SON', 'DVN', 'HD', 'INTC']
date now X_standardizedis: 2014-12-31
this is adj rsquare: -0.7969196768518296
12
date now X_standardizedis: 2015-03-31
this is adj rsquare: 0.37954133977692917
12
date now X_standardizedis: 2015-06-30
this is adj rsquare: -1.4093553038003712
12
date now X_standardizedis: 2015-09-30
this is adj rsquare: -1.6726402978999642
12
date now X_standardizedis: 2015-12-31
this is adj rsquare: 0.529264075181449
12
date now X_standardizedis: 2016-03-31
this is adj rsquare: -2.028181030283159
12
date now X_standardizedis: 2016-06-30
this is adj rsquare: -0.2578562507437403
12
date now X_standardizedis: 2016-09-30
this is adj rsquare: -2.8077728696151616
12
date now X_standardizedis: 2016-12-31
this is adj rsquare: 0.4154812374715122
12
date now X_standardizedis: 2017-03-31
this is adj rsquare: -0.5544049161086366
12
date now X_standardizedis: 2017-06-30
this is adj rsquare: 0.8998935638907946
12
date now X_standardizedis: 2017-09-30
this is adj rsquare: 0.8944179516939899
12
12
12
T-values: {'Constant': 1.1371613918635464, 'Price/Earnings': -0.6592586478087478, 'Price/Book Value': -0.6125751865255423, 'Return on Assets': 0.8229372530661662, 'Return on Equity ': 0.8368050805296844, 'Free Cash Flow per Share': 0.5198033588544977, 'Price/Cash Flow': -0.5315716133795478, 'Dividend Yield (%)': -0.2582206413792739, 'Enterprise Value/EBIT': -0.6056854297560974, 'Enterprise Value/EBITDA': -0.5815360598386036, 'Dividend Payout Ratio (%)': -0.6567772729073499, '8': 0.43446116580575145}
P-values: {'Constant': 0.27963567130591355, 'Price/Earnings': 0.5232913519944298, 'Price/Book Value': 0.5526103430512314, 'Return on Assets': 0.42802372874311023, 'Return on Equity ': 0.4205100447719228, 'Free Cash Flow per Share': 0.6135003389871615, 'Price/Cash Flow': 0.6055910227352304, 'Dividend Yield (%)': 0.8010041692208272, 'Enterprise Value/EBIT': 0.5570142855799547, 'Enterprise Value/EBITDA': 0.5726033024294082, 'Dividend Payout Ratio (%)': 0.5248265812378201, '8': 0.6723532347197119}
{'Constant': 0.021462046313540043, 'Price/Earnings': -0.6044578511667605, 'Price/Book Value': -0.08961075765438253, 'Return on Assets': 0.023485332432529215, 'Return on Equity ': 0.04221411551890819, 'Free Cash Flow per Share': 0.07912844288349462, 'Price/Cash Flow': -0.046407790547524606, 'Dividend Yield (%)': -0.01002225097678914, 'Enterprise Value/EBIT': -1.0888274746362063, 'Enterprise Value/EBITDA': -1.014218504045105, 'Dividend Payout Ratio (%)': -0.6210788345536753, '8': 0.05243222343738854}
this is the average adj r-square: -0.5340443481073489
this is the median adj r-square: -0.40613058342618846
