Namespace(end_date=2018, feature_names='Price/Earnings,Price/Book Value,Return on Assets,Return on Equity ,Free Cash Flow per Share,Price/Cash Flow,Dividend Yield (%),Enterprise Value/EBITDA,Dividend Payout Ratio (%)', new_feature='2', path_to_file='./', start_date=2013, y='3M Return')
['2012-12-31', '2013-03-31', '2013-06-30', '2013-09-30', '2013-12-31', '2014-03-31', '2014-06-30', '2014-09-30', '2014-12-31', '2015-03-31', '2015-06-30', '2015-09-30', '2015-12-31', '2016-03-31', '2016-06-30', '2016-09-30', '2016-12-31', '2017-03-31', '2017-06-30', '2017-09-30', '2017-12-31', '2018-03-31', '2018-06-30', '2018-09-30', '2018-12-31']
AAPL 2012-12-31 2018-12-31
this is Beta adj rsquare of AAPL and the value is 0.31287991209792365:
AME 2012-12-31 2018-12-31
this is Beta adj rsquare of AME and the value is 0.7584292900995098:
AMGN 2012-12-31 2018-12-31
this is Beta adj rsquare of AMGN and the value is 0.351435179119025:
AMT 2012-12-31 2018-12-31
this is Beta adj rsquare of AMT and the value is 0.48118146610466395:
DTE 2012-12-31 2018-12-31
this is Beta adj rsquare of DTE and the value is 0.1192886198871228:
DVN 2012-12-31 2018-12-31
this is Beta adj rsquare of DVN and the value is 0.06255938885540846:
EMN 2012-12-31 2018-12-31
this is Beta adj rsquare of EMN and the value is 0.6362576649089801:
FBIN 2012-12-31 2018-12-31
this is Beta adj rsquare of FBIN and the value is 0.5472023569818174:
FERG 2012-12-31 2018-12-31
this is Beta adj rsquare of FERG and the value is 0.0:
FR 2012-12-31 2018-12-31
this is Beta adj rsquare of FR and the value is 0.41050565937994876:
GIS 2012-12-31 2018-12-31
this is Beta adj rsquare of GIS and the value is 0.3269885756126547:
H 2012-12-31 2018-12-31
this is Beta adj rsquare of H and the value is 0.2109667298586977:
LMT 2012-12-31 2018-12-31
this is Beta adj rsquare of LMT and the value is 0.33725428221952924:
LNT 2012-12-31 2018-12-31
this is Beta adj rsquare of LNT and the value is -0.04726896434211003:
LSTR 2012-12-31 2018-12-31
this is Beta adj rsquare of LSTR and the value is 0.5556385598603376:
MCK 2012-12-31 2018-12-31
this is Beta adj rsquare of MCK and the value is 0.28310833084598996:
MCO 2012-12-31 2018-12-31
this is Beta adj rsquare of MCO and the value is 0.4271141958115471:
NEM 2012-12-31 2018-12-31
this is Beta adj rsquare of NEM and the value is 0.14928572731008927:
NLY 2012-12-31 2018-12-31
this is Beta adj rsquare of NLY and the value is 0.29615257868181366:
NNN 2012-12-31 2018-12-31
this is Beta adj rsquare of NNN and the value is 0.01306302408678739:
NUE 2012-12-31 2018-12-31
this is Beta adj rsquare of NUE and the value is 0.5907743032187893:
PEP 2012-12-31 2018-12-31
this is Beta adj rsquare of PEP and the value is 0.032621092058228274:
PH 2012-12-31 2018-12-31
this is Beta adj rsquare of PH and the value is 0.2913310329737634:
PHM 2012-12-31 2018-12-31
this is Beta adj rsquare of PHM and the value is -0.02970359625189789:
RRC 2012-12-31 2018-12-31
this is Beta adj rsquare of RRC and the value is 0.4866426891112595:
SLB 2012-12-31 2018-12-31
this is Beta adj rsquare of SLB and the value is 0.7006472169790032:
TMO 2012-12-31 2018-12-31
this is Beta adj rsquare of TMO and the value is 0.335597976200086:
AA 2012-12-31 2018-12-31
this is Beta adj rsquare of AA and the value is 0.39580594134383573:
AAL 2012-12-31 2018-12-31
this is Beta adj rsquare of AAL and the value is 0.22419846089273743:
CF 2012-12-31 2018-12-31
this is Beta adj rsquare of CF and the value is 0.5268922738542083:
CTRA 2012-12-31 2018-12-31
this is Beta adj rsquare of CTRA and the value is 0.6516088549628323:
PG 2012-12-31 2018-12-31
this is Beta adj rsquare of PG and the value is 0.31106198403857843:
VZ 2012-12-31 2018-12-31
this is Beta adj rsquare of VZ and the value is 0.29486066274238165:
MSFT 2012-12-31 2018-12-31
this is Beta adj rsquare of MSFT and the value is 0.4560554794412136:
JNJ 2012-12-31 2018-12-31
this is Beta adj rsquare of JNJ and the value is 0.3719520251904016:
V 2012-12-31 2018-12-31
this is Beta adj rsquare of V and the value is 0.5062831780654928:
MA 2012-12-31 2018-12-31
this is Beta adj rsquare of MA and the value is 0.3507159043560042:
TRGP 2012-12-31 2018-12-31
this is Beta adj rsquare of TRGP and the value is 0.4198697046271047:
OKE 2012-12-31 2018-12-31
this is Beta adj rsquare of OKE and the value is -0.09074050364354425:
SON 2012-12-31 2018-12-31
this is Beta adj rsquare of SON and the value is 0.4638848414535306:
HD 2012-12-31 2018-12-31
this is Beta adj rsquare of HD and the value is 0.359892830456616:
INTC 2012-12-31 2018-12-31
this is Beta adj rsquare of INTC and the value is 0.3119144740065588:
['AAPL', 'AME', 'AMGN', 'AMT', 'DTE', 'DVN', 'EMN', 'FBIN', 'FERG', 'FR', 'GIS', 'H', 'LMT', 'LNT', 'LSTR', 'MCK', 'MCO', 'NEM', 'NLY', 'NNN', 'NUE', 'PEP', 'PH', 'PHM', 'RRC', 'SLB', 'TMO', 'AA', 'AAL', 'CF', 'CTRA', 'PG', 'VZ', 'MSFT', 'JNJ', 'V', 'MA', 'TRGP', 'OKE', 'SON', 'HD', 'INTC']
AAPL 2012-12-31 2013-03-31
AME 2012-12-31 2013-03-31
AMGN 2012-12-31 2013-03-31
AMT 2012-12-31 2013-03-31
DTE 2012-12-31 2013-03-31
DVN 2012-12-31 2013-03-31
EMN 2012-12-31 2013-03-31
FBIN 2012-12-31 2013-03-31
FERG 2012-12-31 2013-03-31
FR 2012-12-31 2013-03-31
GIS 2012-12-31 2013-03-31
H 2012-12-31 2013-03-31
LMT 2012-12-31 2013-03-31
LNT 2012-12-31 2013-03-31
LSTR 2012-12-31 2013-03-31
MCK 2012-12-31 2013-03-31
MCO 2012-12-31 2013-03-31
NEM 2012-12-31 2013-03-31
NLY 2012-12-31 2013-03-31
NNN 2012-12-31 2013-03-31
NUE 2012-12-31 2013-03-31
PEP 2012-12-31 2013-03-31
PH 2012-12-31 2013-03-31
PHM 2012-12-31 2013-03-31
RRC 2012-12-31 2013-03-31
SLB 2012-12-31 2013-03-31
TMO 2012-12-31 2013-03-31
AA 2012-12-31 2013-03-31
AAL 2012-12-31 2013-03-31
CF 2012-12-31 2013-03-31
CTRA 2012-12-31 2013-03-31
PG 2012-12-31 2013-03-31
VZ 2012-12-31 2013-03-31
MSFT 2012-12-31 2013-03-31
JNJ 2012-12-31 2013-03-31
V 2012-12-31 2013-03-31
MA 2012-12-31 2013-03-31
TRGP 2012-12-31 2013-03-31
OKE 2012-12-31 2013-03-31
SON 2012-12-31 2013-03-31
HD 2012-12-31 2013-03-31
INTC 2012-12-31 2013-03-31
this is adj rsquare: 0.38811499978072117
AAPL 2013-03-31 2013-06-30
AME 2013-03-31 2013-06-30
AMGN 2013-03-31 2013-06-30
AMT 2013-03-31 2013-06-30
DTE 2013-03-31 2013-06-30
DVN 2013-03-31 2013-06-30
EMN 2013-03-31 2013-06-30
FBIN 2013-03-31 2013-06-30
FERG 2013-03-31 2013-06-30
FR 2013-03-31 2013-06-30
GIS 2013-03-31 2013-06-30
H 2013-03-31 2013-06-30
LMT 2013-03-31 2013-06-30
LNT 2013-03-31 2013-06-30
LSTR 2013-03-31 2013-06-30
MCK 2013-03-31 2013-06-30
MCO 2013-03-31 2013-06-30
NEM 2013-03-31 2013-06-30
NLY 2013-03-31 2013-06-30
NNN 2013-03-31 2013-06-30
NUE 2013-03-31 2013-06-30
PEP 2013-03-31 2013-06-30
PH 2013-03-31 2013-06-30
PHM 2013-03-31 2013-06-30
RRC 2013-03-31 2013-06-30
SLB 2013-03-31 2013-06-30
TMO 2013-03-31 2013-06-30
AA 2013-03-31 2013-06-30
AAL 2013-03-31 2013-06-30
CF 2013-03-31 2013-06-30
CTRA 2013-03-31 2013-06-30
PG 2013-03-31 2013-06-30
VZ 2013-03-31 2013-06-30
MSFT 2013-03-31 2013-06-30
JNJ 2013-03-31 2013-06-30
V 2013-03-31 2013-06-30
MA 2013-03-31 2013-06-30
TRGP 2013-03-31 2013-06-30
OKE 2013-03-31 2013-06-30
SON 2013-03-31 2013-06-30
HD 2013-03-31 2013-06-30
INTC 2013-03-31 2013-06-30
this is adj rsquare: 0.37337154660088223
AAPL 2013-06-30 2013-09-30
AME 2013-06-30 2013-09-30
AMGN 2013-06-30 2013-09-30
AMT 2013-06-30 2013-09-30
DTE 2013-06-30 2013-09-30
DVN 2013-06-30 2013-09-30
EMN 2013-06-30 2013-09-30
FBIN 2013-06-30 2013-09-30
FERG 2013-06-30 2013-09-30
FR 2013-06-30 2013-09-30
GIS 2013-06-30 2013-09-30
H 2013-06-30 2013-09-30
LMT 2013-06-30 2013-09-30
LNT 2013-06-30 2013-09-30
LSTR 2013-06-30 2013-09-30
MCK 2013-06-30 2013-09-30
MCO 2013-06-30 2013-09-30
NEM 2013-06-30 2013-09-30
NLY 2013-06-30 2013-09-30
NNN 2013-06-30 2013-09-30
NUE 2013-06-30 2013-09-30
PEP 2013-06-30 2013-09-30
PH 2013-06-30 2013-09-30
PHM 2013-06-30 2013-09-30
RRC 2013-06-30 2013-09-30
SLB 2013-06-30 2013-09-30
TMO 2013-06-30 2013-09-30
AA 2013-06-30 2013-09-30
AAL 2013-06-30 2013-09-30
CF 2013-06-30 2013-09-30
CTRA 2013-06-30 2013-09-30
PG 2013-06-30 2013-09-30
VZ 2013-06-30 2013-09-30
MSFT 2013-06-30 2013-09-30
JNJ 2013-06-30 2013-09-30
V 2013-06-30 2013-09-30
MA 2013-06-30 2013-09-30
TRGP 2013-06-30 2013-09-30
OKE 2013-06-30 2013-09-30
SON 2013-06-30 2013-09-30
HD 2013-06-30 2013-09-30
INTC 2013-06-30 2013-09-30
this is adj rsquare: 0.01902208700763719
AAPL 2013-09-30 2013-12-31
AME 2013-09-30 2013-12-31
AMGN 2013-09-30 2013-12-31
AMT 2013-09-30 2013-12-31
DTE 2013-09-30 2013-12-31
DVN 2013-09-30 2013-12-31
EMN 2013-09-30 2013-12-31
FBIN 2013-09-30 2013-12-31
FERG 2013-09-30 2013-12-31
FR 2013-09-30 2013-12-31
GIS 2013-09-30 2013-12-31
H 2013-09-30 2013-12-31
LMT 2013-09-30 2013-12-31
LNT 2013-09-30 2013-12-31
LSTR 2013-09-30 2013-12-31
MCK 2013-09-30 2013-12-31
MCO 2013-09-30 2013-12-31
NEM 2013-09-30 2013-12-31
NLY 2013-09-30 2013-12-31
NNN 2013-09-30 2013-12-31
NUE 2013-09-30 2013-12-31
PEP 2013-09-30 2013-12-31
PH 2013-09-30 2013-12-31
PHM 2013-09-30 2013-12-31
RRC 2013-09-30 2013-12-31
SLB 2013-09-30 2013-12-31
TMO 2013-09-30 2013-12-31
AA 2013-09-30 2013-12-31
AAL 2013-09-30 2013-12-31
CF 2013-09-30 2013-12-31
CTRA 2013-09-30 2013-12-31
PG 2013-09-30 2013-12-31
VZ 2013-09-30 2013-12-31
MSFT 2013-09-30 2013-12-31
JNJ 2013-09-30 2013-12-31
V 2013-09-30 2013-12-31
MA 2013-09-30 2013-12-31
TRGP 2013-09-30 2013-12-31
OKE 2013-09-30 2013-12-31
SON 2013-09-30 2013-12-31
HD 2013-09-30 2013-12-31
INTC 2013-09-30 2013-12-31
this is adj rsquare: 0.011609438272641492
AAPL 2013-12-31 2014-03-31
AME 2013-12-31 2014-03-31
AMGN 2013-12-31 2014-03-31
AMT 2013-12-31 2014-03-31
DTE 2013-12-31 2014-03-31
DVN 2013-12-31 2014-03-31
EMN 2013-12-31 2014-03-31
FBIN 2013-12-31 2014-03-31
FERG 2013-12-31 2014-03-31
FR 2013-12-31 2014-03-31
GIS 2013-12-31 2014-03-31
H 2013-12-31 2014-03-31
LMT 2013-12-31 2014-03-31
LNT 2013-12-31 2014-03-31
LSTR 2013-12-31 2014-03-31
MCK 2013-12-31 2014-03-31
MCO 2013-12-31 2014-03-31
NEM 2013-12-31 2014-03-31
NLY 2013-12-31 2014-03-31
NNN 2013-12-31 2014-03-31
NUE 2013-12-31 2014-03-31
PEP 2013-12-31 2014-03-31
PH 2013-12-31 2014-03-31
PHM 2013-12-31 2014-03-31
RRC 2013-12-31 2014-03-31
SLB 2013-12-31 2014-03-31
TMO 2013-12-31 2014-03-31
AA 2013-12-31 2014-03-31
AAL 2013-12-31 2014-03-31
CF 2013-12-31 2014-03-31
CTRA 2013-12-31 2014-03-31
PG 2013-12-31 2014-03-31
VZ 2013-12-31 2014-03-31
MSFT 2013-12-31 2014-03-31
JNJ 2013-12-31 2014-03-31
V 2013-12-31 2014-03-31
MA 2013-12-31 2014-03-31
TRGP 2013-12-31 2014-03-31
OKE 2013-12-31 2014-03-31
SON 2013-12-31 2014-03-31
HD 2013-12-31 2014-03-31
INTC 2013-12-31 2014-03-31
this is adj rsquare: -0.044870124737966366
AAPL 2014-03-31 2014-06-30
AME 2014-03-31 2014-06-30
AMGN 2014-03-31 2014-06-30
AMT 2014-03-31 2014-06-30
DTE 2014-03-31 2014-06-30
DVN 2014-03-31 2014-06-30
EMN 2014-03-31 2014-06-30
FBIN 2014-03-31 2014-06-30
FERG 2014-03-31 2014-06-30
FR 2014-03-31 2014-06-30
GIS 2014-03-31 2014-06-30
H 2014-03-31 2014-06-30
LMT 2014-03-31 2014-06-30
LNT 2014-03-31 2014-06-30
LSTR 2014-03-31 2014-06-30
MCK 2014-03-31 2014-06-30
MCO 2014-03-31 2014-06-30
NEM 2014-03-31 2014-06-30
NLY 2014-03-31 2014-06-30
NNN 2014-03-31 2014-06-30
NUE 2014-03-31 2014-06-30
PEP 2014-03-31 2014-06-30
PH 2014-03-31 2014-06-30
PHM 2014-03-31 2014-06-30
RRC 2014-03-31 2014-06-30
SLB 2014-03-31 2014-06-30
TMO 2014-03-31 2014-06-30
AA 2014-03-31 2014-06-30
AAL 2014-03-31 2014-06-30
CF 2014-03-31 2014-06-30
CTRA 2014-03-31 2014-06-30
PG 2014-03-31 2014-06-30
VZ 2014-03-31 2014-06-30
MSFT 2014-03-31 2014-06-30
JNJ 2014-03-31 2014-06-30
V 2014-03-31 2014-06-30
MA 2014-03-31 2014-06-30
TRGP 2014-03-31 2014-06-30
OKE 2014-03-31 2014-06-30
SON 2014-03-31 2014-06-30
HD 2014-03-31 2014-06-30
INTC 2014-03-31 2014-06-30
this is adj rsquare: -0.08520878247618358
AAPL 2014-06-30 2014-09-30
AME 2014-06-30 2014-09-30
AMGN 2014-06-30 2014-09-30
AMT 2014-06-30 2014-09-30
DTE 2014-06-30 2014-09-30
DVN 2014-06-30 2014-09-30
EMN 2014-06-30 2014-09-30
FBIN 2014-06-30 2014-09-30
FERG 2014-06-30 2014-09-30
FR 2014-06-30 2014-09-30
GIS 2014-06-30 2014-09-30
H 2014-06-30 2014-09-30
LMT 2014-06-30 2014-09-30
LNT 2014-06-30 2014-09-30
LSTR 2014-06-30 2014-09-30
MCK 2014-06-30 2014-09-30
MCO 2014-06-30 2014-09-30
NEM 2014-06-30 2014-09-30
NLY 2014-06-30 2014-09-30
NNN 2014-06-30 2014-09-30
NUE 2014-06-30 2014-09-30
PEP 2014-06-30 2014-09-30
PH 2014-06-30 2014-09-30
PHM 2014-06-30 2014-09-30
RRC 2014-06-30 2014-09-30
SLB 2014-06-30 2014-09-30
TMO 2014-06-30 2014-09-30
AA 2014-06-30 2014-09-30
AAL 2014-06-30 2014-09-30
CF 2014-06-30 2014-09-30
CTRA 2014-06-30 2014-09-30
PG 2014-06-30 2014-09-30
VZ 2014-06-30 2014-09-30
MSFT 2014-06-30 2014-09-30
JNJ 2014-06-30 2014-09-30
V 2014-06-30 2014-09-30
MA 2014-06-30 2014-09-30
TRGP 2014-06-30 2014-09-30
OKE 2014-06-30 2014-09-30
SON 2014-06-30 2014-09-30
HD 2014-06-30 2014-09-30
INTC 2014-06-30 2014-09-30
this is adj rsquare: -0.06527593309248325
AAPL 2014-09-30 2014-12-31
AME 2014-09-30 2014-12-31
AMGN 2014-09-30 2014-12-31
AMT 2014-09-30 2014-12-31
DTE 2014-09-30 2014-12-31
DVN 2014-09-30 2014-12-31
EMN 2014-09-30 2014-12-31
FBIN 2014-09-30 2014-12-31
FERG 2014-09-30 2014-12-31
FR 2014-09-30 2014-12-31
GIS 2014-09-30 2014-12-31
H 2014-09-30 2014-12-31
LMT 2014-09-30 2014-12-31
LNT 2014-09-30 2014-12-31
LSTR 2014-09-30 2014-12-31
MCK 2014-09-30 2014-12-31
MCO 2014-09-30 2014-12-31
NEM 2014-09-30 2014-12-31
NLY 2014-09-30 2014-12-31
NNN 2014-09-30 2014-12-31
NUE 2014-09-30 2014-12-31
PEP 2014-09-30 2014-12-31
PH 2014-09-30 2014-12-31
PHM 2014-09-30 2014-12-31
RRC 2014-09-30 2014-12-31
SLB 2014-09-30 2014-12-31
TMO 2014-09-30 2014-12-31
AA 2014-09-30 2014-12-31
AAL 2014-09-30 2014-12-31
CF 2014-09-30 2014-12-31
CTRA 2014-09-30 2014-12-31
PG 2014-09-30 2014-12-31
VZ 2014-09-30 2014-12-31
MSFT 2014-09-30 2014-12-31
JNJ 2014-09-30 2014-12-31
V 2014-09-30 2014-12-31
MA 2014-09-30 2014-12-31
TRGP 2014-09-30 2014-12-31
OKE 2014-09-30 2014-12-31
SON 2014-09-30 2014-12-31
HD 2014-09-30 2014-12-31
INTC 2014-09-30 2014-12-31
this is adj rsquare: -0.026362202203334295
AAPL 2014-12-31 2015-03-31
AME 2014-12-31 2015-03-31
AMGN 2014-12-31 2015-03-31
AMT 2014-12-31 2015-03-31
DTE 2014-12-31 2015-03-31
DVN 2014-12-31 2015-03-31
EMN 2014-12-31 2015-03-31
FBIN 2014-12-31 2015-03-31
FERG 2014-12-31 2015-03-31
FR 2014-12-31 2015-03-31
GIS 2014-12-31 2015-03-31
H 2014-12-31 2015-03-31
LMT 2014-12-31 2015-03-31
LNT 2014-12-31 2015-03-31
LSTR 2014-12-31 2015-03-31
MCK 2014-12-31 2015-03-31
MCO 2014-12-31 2015-03-31
NEM 2014-12-31 2015-03-31
NLY 2014-12-31 2015-03-31
NNN 2014-12-31 2015-03-31
NUE 2014-12-31 2015-03-31
PEP 2014-12-31 2015-03-31
PH 2014-12-31 2015-03-31
PHM 2014-12-31 2015-03-31
RRC 2014-12-31 2015-03-31
SLB 2014-12-31 2015-03-31
TMO 2014-12-31 2015-03-31
AA 2014-12-31 2015-03-31
AAL 2014-12-31 2015-03-31
CF 2014-12-31 2015-03-31
CTRA 2014-12-31 2015-03-31
PG 2014-12-31 2015-03-31
VZ 2014-12-31 2015-03-31
MSFT 2014-12-31 2015-03-31
JNJ 2014-12-31 2015-03-31
V 2014-12-31 2015-03-31
MA 2014-12-31 2015-03-31
TRGP 2014-12-31 2015-03-31
OKE 2014-12-31 2015-03-31
SON 2014-12-31 2015-03-31
HD 2014-12-31 2015-03-31
INTC 2014-12-31 2015-03-31
this is adj rsquare: -0.0892546970419652
AAPL 2015-03-31 2015-06-30
AME 2015-03-31 2015-06-30
AMGN 2015-03-31 2015-06-30
AMT 2015-03-31 2015-06-30
DTE 2015-03-31 2015-06-30
DVN 2015-03-31 2015-06-30
EMN 2015-03-31 2015-06-30
FBIN 2015-03-31 2015-06-30
FERG 2015-03-31 2015-06-30
FR 2015-03-31 2015-06-30
GIS 2015-03-31 2015-06-30
H 2015-03-31 2015-06-30
LMT 2015-03-31 2015-06-30
LNT 2015-03-31 2015-06-30
LSTR 2015-03-31 2015-06-30
MCK 2015-03-31 2015-06-30
MCO 2015-03-31 2015-06-30
NEM 2015-03-31 2015-06-30
NLY 2015-03-31 2015-06-30
NNN 2015-03-31 2015-06-30
NUE 2015-03-31 2015-06-30
PEP 2015-03-31 2015-06-30
PH 2015-03-31 2015-06-30
PHM 2015-03-31 2015-06-30
RRC 2015-03-31 2015-06-30
SLB 2015-03-31 2015-06-30
TMO 2015-03-31 2015-06-30
AA 2015-03-31 2015-06-30
AAL 2015-03-31 2015-06-30
CF 2015-03-31 2015-06-30
CTRA 2015-03-31 2015-06-30
PG 2015-03-31 2015-06-30
VZ 2015-03-31 2015-06-30
MSFT 2015-03-31 2015-06-30
JNJ 2015-03-31 2015-06-30
V 2015-03-31 2015-06-30
MA 2015-03-31 2015-06-30
TRGP 2015-03-31 2015-06-30
OKE 2015-03-31 2015-06-30
SON 2015-03-31 2015-06-30
HD 2015-03-31 2015-06-30
INTC 2015-03-31 2015-06-30
this is adj rsquare: 0.04760260142271233
AAPL 2015-06-30 2015-09-30
AME 2015-06-30 2015-09-30
AMGN 2015-06-30 2015-09-30
AMT 2015-06-30 2015-09-30
DTE 2015-06-30 2015-09-30
DVN 2015-06-30 2015-09-30
EMN 2015-06-30 2015-09-30
FBIN 2015-06-30 2015-09-30
FERG 2015-06-30 2015-09-30
FR 2015-06-30 2015-09-30
GIS 2015-06-30 2015-09-30
H 2015-06-30 2015-09-30
LMT 2015-06-30 2015-09-30
LNT 2015-06-30 2015-09-30
LSTR 2015-06-30 2015-09-30
MCK 2015-06-30 2015-09-30
MCO 2015-06-30 2015-09-30
NEM 2015-06-30 2015-09-30
NLY 2015-06-30 2015-09-30
NNN 2015-06-30 2015-09-30
NUE 2015-06-30 2015-09-30
PEP 2015-06-30 2015-09-30
PH 2015-06-30 2015-09-30
PHM 2015-06-30 2015-09-30
RRC 2015-06-30 2015-09-30
SLB 2015-06-30 2015-09-30
TMO 2015-06-30 2015-09-30
AA 2015-06-30 2015-09-30
AAL 2015-06-30 2015-09-30
CF 2015-06-30 2015-09-30
CTRA 2015-06-30 2015-09-30
PG 2015-06-30 2015-09-30
VZ 2015-06-30 2015-09-30
MSFT 2015-06-30 2015-09-30
JNJ 2015-06-30 2015-09-30
V 2015-06-30 2015-09-30
MA 2015-06-30 2015-09-30
TRGP 2015-06-30 2015-09-30
OKE 2015-06-30 2015-09-30
SON 2015-06-30 2015-09-30
HD 2015-06-30 2015-09-30
INTC 2015-06-30 2015-09-30
this is adj rsquare: 0.17825870345456474
AAPL 2015-09-30 2015-12-31
AME 2015-09-30 2015-12-31
AMGN 2015-09-30 2015-12-31
AMT 2015-09-30 2015-12-31
DTE 2015-09-30 2015-12-31
DVN 2015-09-30 2015-12-31
EMN 2015-09-30 2015-12-31
FBIN 2015-09-30 2015-12-31
FERG 2015-09-30 2015-12-31
FR 2015-09-30 2015-12-31
GIS 2015-09-30 2015-12-31
H 2015-09-30 2015-12-31
LMT 2015-09-30 2015-12-31
LNT 2015-09-30 2015-12-31
LSTR 2015-09-30 2015-12-31
MCK 2015-09-30 2015-12-31
MCO 2015-09-30 2015-12-31
NEM 2015-09-30 2015-12-31
NLY 2015-09-30 2015-12-31
NNN 2015-09-30 2015-12-31
NUE 2015-09-30 2015-12-31
PEP 2015-09-30 2015-12-31
PH 2015-09-30 2015-12-31
PHM 2015-09-30 2015-12-31
RRC 2015-09-30 2015-12-31
SLB 2015-09-30 2015-12-31
TMO 2015-09-30 2015-12-31
AA 2015-09-30 2015-12-31
AAL 2015-09-30 2015-12-31
CF 2015-09-30 2015-12-31
CTRA 2015-09-30 2015-12-31
PG 2015-09-30 2015-12-31
VZ 2015-09-30 2015-12-31
MSFT 2015-09-30 2015-12-31
JNJ 2015-09-30 2015-12-31
V 2015-09-30 2015-12-31
MA 2015-09-30 2015-12-31
TRGP 2015-09-30 2015-12-31
OKE 2015-09-30 2015-12-31
SON 2015-09-30 2015-12-31
HD 2015-09-30 2015-12-31
INTC 2015-09-30 2015-12-31
this is adj rsquare: 0.42564535218476474
AAPL 2015-12-31 2016-03-31
AME 2015-12-31 2016-03-31
AMGN 2015-12-31 2016-03-31
AMT 2015-12-31 2016-03-31
DTE 2015-12-31 2016-03-31
DVN 2015-12-31 2016-03-31
EMN 2015-12-31 2016-03-31
FBIN 2015-12-31 2016-03-31
FERG 2015-12-31 2016-03-31
FR 2015-12-31 2016-03-31
GIS 2015-12-31 2016-03-31
H 2015-12-31 2016-03-31
LMT 2015-12-31 2016-03-31
LNT 2015-12-31 2016-03-31
LSTR 2015-12-31 2016-03-31
MCK 2015-12-31 2016-03-31
MCO 2015-12-31 2016-03-31
NEM 2015-12-31 2016-03-31
NLY 2015-12-31 2016-03-31
NNN 2015-12-31 2016-03-31
NUE 2015-12-31 2016-03-31
PEP 2015-12-31 2016-03-31
PH 2015-12-31 2016-03-31
PHM 2015-12-31 2016-03-31
RRC 2015-12-31 2016-03-31
SLB 2015-12-31 2016-03-31
TMO 2015-12-31 2016-03-31
AA 2015-12-31 2016-03-31
AAL 2015-12-31 2016-03-31
CF 2015-12-31 2016-03-31
CTRA 2015-12-31 2016-03-31
PG 2015-12-31 2016-03-31
VZ 2015-12-31 2016-03-31
MSFT 2015-12-31 2016-03-31
JNJ 2015-12-31 2016-03-31
V 2015-12-31 2016-03-31
MA 2015-12-31 2016-03-31
TRGP 2015-12-31 2016-03-31
OKE 2015-12-31 2016-03-31
SON 2015-12-31 2016-03-31
HD 2015-12-31 2016-03-31
INTC 2015-12-31 2016-03-31
this is adj rsquare: 0.0008845939662689428
AAPL 2016-03-31 2016-06-30
AME 2016-03-31 2016-06-30
AMGN 2016-03-31 2016-06-30
AMT 2016-03-31 2016-06-30
DTE 2016-03-31 2016-06-30
DVN 2016-03-31 2016-06-30
EMN 2016-03-31 2016-06-30
FBIN 2016-03-31 2016-06-30
FERG 2016-03-31 2016-06-30
FR 2016-03-31 2016-06-30
GIS 2016-03-31 2016-06-30
H 2016-03-31 2016-06-30
LMT 2016-03-31 2016-06-30
LNT 2016-03-31 2016-06-30
LSTR 2016-03-31 2016-06-30
MCK 2016-03-31 2016-06-30
MCO 2016-03-31 2016-06-30
NEM 2016-03-31 2016-06-30
NLY 2016-03-31 2016-06-30
NNN 2016-03-31 2016-06-30
NUE 2016-03-31 2016-06-30
PEP 2016-03-31 2016-06-30
PH 2016-03-31 2016-06-30
PHM 2016-03-31 2016-06-30
RRC 2016-03-31 2016-06-30
SLB 2016-03-31 2016-06-30
TMO 2016-03-31 2016-06-30
AA 2016-03-31 2016-06-30
AAL 2016-03-31 2016-06-30
CF 2016-03-31 2016-06-30
CTRA 2016-03-31 2016-06-30
PG 2016-03-31 2016-06-30
VZ 2016-03-31 2016-06-30
MSFT 2016-03-31 2016-06-30
JNJ 2016-03-31 2016-06-30
V 2016-03-31 2016-06-30
MA 2016-03-31 2016-06-30
TRGP 2016-03-31 2016-06-30
OKE 2016-03-31 2016-06-30
SON 2016-03-31 2016-06-30
HD 2016-03-31 2016-06-30
INTC 2016-03-31 2016-06-30
this is adj rsquare: 0.4136386659036021
AAPL 2016-06-30 2016-09-30
AME 2016-06-30 2016-09-30
AMGN 2016-06-30 2016-09-30
AMT 2016-06-30 2016-09-30
DTE 2016-06-30 2016-09-30
DVN 2016-06-30 2016-09-30
EMN 2016-06-30 2016-09-30
FBIN 2016-06-30 2016-09-30
FERG 2016-06-30 2016-09-30
FR 2016-06-30 2016-09-30
GIS 2016-06-30 2016-09-30
H 2016-06-30 2016-09-30
LMT 2016-06-30 2016-09-30
LNT 2016-06-30 2016-09-30
LSTR 2016-06-30 2016-09-30
MCK 2016-06-30 2016-09-30
MCO 2016-06-30 2016-09-30
NEM 2016-06-30 2016-09-30
NLY 2016-06-30 2016-09-30
NNN 2016-06-30 2016-09-30
NUE 2016-06-30 2016-09-30
PEP 2016-06-30 2016-09-30
PH 2016-06-30 2016-09-30
PHM 2016-06-30 2016-09-30
RRC 2016-06-30 2016-09-30
SLB 2016-06-30 2016-09-30
TMO 2016-06-30 2016-09-30
AA 2016-06-30 2016-09-30
AAL 2016-06-30 2016-09-30
CF 2016-06-30 2016-09-30
CTRA 2016-06-30 2016-09-30
PG 2016-06-30 2016-09-30
VZ 2016-06-30 2016-09-30
MSFT 2016-06-30 2016-09-30
JNJ 2016-06-30 2016-09-30
V 2016-06-30 2016-09-30
MA 2016-06-30 2016-09-30
TRGP 2016-06-30 2016-09-30
OKE 2016-06-30 2016-09-30
SON 2016-06-30 2016-09-30
HD 2016-06-30 2016-09-30
INTC 2016-06-30 2016-09-30
this is adj rsquare: -0.09101607862647554
AAPL 2016-09-30 2016-12-31
AME 2016-09-30 2016-12-31
AMGN 2016-09-30 2016-12-31
AMT 2016-09-30 2016-12-31
DTE 2016-09-30 2016-12-31
DVN 2016-09-30 2016-12-31
EMN 2016-09-30 2016-12-31
FBIN 2016-09-30 2016-12-31
FERG 2016-09-30 2016-12-31
FR 2016-09-30 2016-12-31
GIS 2016-09-30 2016-12-31
H 2016-09-30 2016-12-31
LMT 2016-09-30 2016-12-31
LNT 2016-09-30 2016-12-31
LSTR 2016-09-30 2016-12-31
MCK 2016-09-30 2016-12-31
MCO 2016-09-30 2016-12-31
NEM 2016-09-30 2016-12-31
NLY 2016-09-30 2016-12-31
NNN 2016-09-30 2016-12-31
NUE 2016-09-30 2016-12-31
PEP 2016-09-30 2016-12-31
PH 2016-09-30 2016-12-31
PHM 2016-09-30 2016-12-31
RRC 2016-09-30 2016-12-31
SLB 2016-09-30 2016-12-31
TMO 2016-09-30 2016-12-31
AA 2016-09-30 2016-12-31
AAL 2016-09-30 2016-12-31
CF 2016-09-30 2016-12-31
CTRA 2016-09-30 2016-12-31
PG 2016-09-30 2016-12-31
VZ 2016-09-30 2016-12-31
MSFT 2016-09-30 2016-12-31
JNJ 2016-09-30 2016-12-31
V 2016-09-30 2016-12-31
MA 2016-09-30 2016-12-31
TRGP 2016-09-30 2016-12-31
OKE 2016-09-30 2016-12-31
SON 2016-09-30 2016-12-31
HD 2016-09-30 2016-12-31
INTC 2016-09-30 2016-12-31
this is adj rsquare: 0.08148824616292938
AAPL 2016-12-31 2017-03-31
AME 2016-12-31 2017-03-31
AMGN 2016-12-31 2017-03-31
AMT 2016-12-31 2017-03-31
DTE 2016-12-31 2017-03-31
DVN 2016-12-31 2017-03-31
EMN 2016-12-31 2017-03-31
FBIN 2016-12-31 2017-03-31
FERG 2016-12-31 2017-03-31
FR 2016-12-31 2017-03-31
GIS 2016-12-31 2017-03-31
H 2016-12-31 2017-03-31
LMT 2016-12-31 2017-03-31
LNT 2016-12-31 2017-03-31
LSTR 2016-12-31 2017-03-31
MCK 2016-12-31 2017-03-31
MCO 2016-12-31 2017-03-31
NEM 2016-12-31 2017-03-31
NLY 2016-12-31 2017-03-31
NNN 2016-12-31 2017-03-31
NUE 2016-12-31 2017-03-31
PEP 2016-12-31 2017-03-31
PH 2016-12-31 2017-03-31
PHM 2016-12-31 2017-03-31
RRC 2016-12-31 2017-03-31
SLB 2016-12-31 2017-03-31
TMO 2016-12-31 2017-03-31
AA 2016-12-31 2017-03-31
AAL 2016-12-31 2017-03-31
CF 2016-12-31 2017-03-31
CTRA 2016-12-31 2017-03-31
PG 2016-12-31 2017-03-31
VZ 2016-12-31 2017-03-31
MSFT 2016-12-31 2017-03-31
JNJ 2016-12-31 2017-03-31
V 2016-12-31 2017-03-31
MA 2016-12-31 2017-03-31
TRGP 2016-12-31 2017-03-31
OKE 2016-12-31 2017-03-31
SON 2016-12-31 2017-03-31
HD 2016-12-31 2017-03-31
INTC 2016-12-31 2017-03-31
this is adj rsquare: 0.06472704479373781
AAPL 2017-03-31 2017-06-30
AME 2017-03-31 2017-06-30
AMGN 2017-03-31 2017-06-30
AMT 2017-03-31 2017-06-30
DTE 2017-03-31 2017-06-30
DVN 2017-03-31 2017-06-30
EMN 2017-03-31 2017-06-30
FBIN 2017-03-31 2017-06-30
FERG 2017-03-31 2017-06-30
FR 2017-03-31 2017-06-30
GIS 2017-03-31 2017-06-30
H 2017-03-31 2017-06-30
LMT 2017-03-31 2017-06-30
LNT 2017-03-31 2017-06-30
LSTR 2017-03-31 2017-06-30
MCK 2017-03-31 2017-06-30
MCO 2017-03-31 2017-06-30
NEM 2017-03-31 2017-06-30
NLY 2017-03-31 2017-06-30
NNN 2017-03-31 2017-06-30
NUE 2017-03-31 2017-06-30
PEP 2017-03-31 2017-06-30
PH 2017-03-31 2017-06-30
PHM 2017-03-31 2017-06-30
RRC 2017-03-31 2017-06-30
SLB 2017-03-31 2017-06-30
TMO 2017-03-31 2017-06-30
AA 2017-03-31 2017-06-30
AAL 2017-03-31 2017-06-30
CF 2017-03-31 2017-06-30
CTRA 2017-03-31 2017-06-30
PG 2017-03-31 2017-06-30
VZ 2017-03-31 2017-06-30
MSFT 2017-03-31 2017-06-30
JNJ 2017-03-31 2017-06-30
V 2017-03-31 2017-06-30
MA 2017-03-31 2017-06-30
TRGP 2017-03-31 2017-06-30
OKE 2017-03-31 2017-06-30
SON 2017-03-31 2017-06-30
HD 2017-03-31 2017-06-30
INTC 2017-03-31 2017-06-30
this is adj rsquare: 0.09087216012241084
AAPL 2017-06-30 2017-09-30
AME 2017-06-30 2017-09-30
AMGN 2017-06-30 2017-09-30
AMT 2017-06-30 2017-09-30
DTE 2017-06-30 2017-09-30
DVN 2017-06-30 2017-09-30
EMN 2017-06-30 2017-09-30
FBIN 2017-06-30 2017-09-30
FERG 2017-06-30 2017-09-30
FR 2017-06-30 2017-09-30
GIS 2017-06-30 2017-09-30
H 2017-06-30 2017-09-30
LMT 2017-06-30 2017-09-30
LNT 2017-06-30 2017-09-30
LSTR 2017-06-30 2017-09-30
MCK 2017-06-30 2017-09-30
MCO 2017-06-30 2017-09-30
NEM 2017-06-30 2017-09-30
NLY 2017-06-30 2017-09-30
NNN 2017-06-30 2017-09-30
NUE 2017-06-30 2017-09-30
PEP 2017-06-30 2017-09-30
PH 2017-06-30 2017-09-30
PHM 2017-06-30 2017-09-30
RRC 2017-06-30 2017-09-30
SLB 2017-06-30 2017-09-30
TMO 2017-06-30 2017-09-30
AA 2017-06-30 2017-09-30
AAL 2017-06-30 2017-09-30
CF 2017-06-30 2017-09-30
CTRA 2017-06-30 2017-09-30
PG 2017-06-30 2017-09-30
VZ 2017-06-30 2017-09-30
MSFT 2017-06-30 2017-09-30
JNJ 2017-06-30 2017-09-30
V 2017-06-30 2017-09-30
MA 2017-06-30 2017-09-30
TRGP 2017-06-30 2017-09-30
OKE 2017-06-30 2017-09-30
SON 2017-06-30 2017-09-30
HD 2017-06-30 2017-09-30
INTC 2017-06-30 2017-09-30
this is adj rsquare: 0.4424841939654719
AAPL 2017-09-30 2017-12-31
AME 2017-09-30 2017-12-31
AMGN 2017-09-30 2017-12-31
AMT 2017-09-30 2017-12-31
DTE 2017-09-30 2017-12-31
DVN 2017-09-30 2017-12-31
EMN 2017-09-30 2017-12-31
FBIN 2017-09-30 2017-12-31
FERG 2017-09-30 2017-12-31
FR 2017-09-30 2017-12-31
GIS 2017-09-30 2017-12-31
H 2017-09-30 2017-12-31
LMT 2017-09-30 2017-12-31
LNT 2017-09-30 2017-12-31
LSTR 2017-09-30 2017-12-31
MCK 2017-09-30 2017-12-31
MCO 2017-09-30 2017-12-31
NEM 2017-09-30 2017-12-31
NLY 2017-09-30 2017-12-31
NNN 2017-09-30 2017-12-31
NUE 2017-09-30 2017-12-31
PEP 2017-09-30 2017-12-31
PH 2017-09-30 2017-12-31
PHM 2017-09-30 2017-12-31
RRC 2017-09-30 2017-12-31
SLB 2017-09-30 2017-12-31
TMO 2017-09-30 2017-12-31
AA 2017-09-30 2017-12-31
AAL 2017-09-30 2017-12-31
CF 2017-09-30 2017-12-31
CTRA 2017-09-30 2017-12-31
PG 2017-09-30 2017-12-31
VZ 2017-09-30 2017-12-31
MSFT 2017-09-30 2017-12-31
JNJ 2017-09-30 2017-12-31
V 2017-09-30 2017-12-31
MA 2017-09-30 2017-12-31
TRGP 2017-09-30 2017-12-31
OKE 2017-09-30 2017-12-31
SON 2017-09-30 2017-12-31
HD 2017-09-30 2017-12-31
INTC 2017-09-30 2017-12-31
this is adj rsquare: 0.29572597934732137
AAPL 2017-12-31 2018-03-31
AME 2017-12-31 2018-03-31
AMGN 2017-12-31 2018-03-31
AMT 2017-12-31 2018-03-31
DTE 2017-12-31 2018-03-31
DVN 2017-12-31 2018-03-31
EMN 2017-12-31 2018-03-31
FBIN 2017-12-31 2018-03-31
FERG 2017-12-31 2018-03-31
FR 2017-12-31 2018-03-31
GIS 2017-12-31 2018-03-31
H 2017-12-31 2018-03-31
LMT 2017-12-31 2018-03-31
LNT 2017-12-31 2018-03-31
LSTR 2017-12-31 2018-03-31
MCK 2017-12-31 2018-03-31
MCO 2017-12-31 2018-03-31
NEM 2017-12-31 2018-03-31
NLY 2017-12-31 2018-03-31
NNN 2017-12-31 2018-03-31
NUE 2017-12-31 2018-03-31
PEP 2017-12-31 2018-03-31
PH 2017-12-31 2018-03-31
PHM 2017-12-31 2018-03-31
RRC 2017-12-31 2018-03-31
SLB 2017-12-31 2018-03-31
TMO 2017-12-31 2018-03-31
AA 2017-12-31 2018-03-31
AAL 2017-12-31 2018-03-31
CF 2017-12-31 2018-03-31
CTRA 2017-12-31 2018-03-31
PG 2017-12-31 2018-03-31
VZ 2017-12-31 2018-03-31
MSFT 2017-12-31 2018-03-31
JNJ 2017-12-31 2018-03-31
V 2017-12-31 2018-03-31
MA 2017-12-31 2018-03-31
TRGP 2017-12-31 2018-03-31
OKE 2017-12-31 2018-03-31
SON 2017-12-31 2018-03-31
HD 2017-12-31 2018-03-31
INTC 2017-12-31 2018-03-31
this is adj rsquare: 0.14761261495580302
AAPL 2018-03-31 2018-06-30
AME 2018-03-31 2018-06-30
AMGN 2018-03-31 2018-06-30
AMT 2018-03-31 2018-06-30
DTE 2018-03-31 2018-06-30
DVN 2018-03-31 2018-06-30
EMN 2018-03-31 2018-06-30
FBIN 2018-03-31 2018-06-30
FERG 2018-03-31 2018-06-30
FR 2018-03-31 2018-06-30
GIS 2018-03-31 2018-06-30
H 2018-03-31 2018-06-30
LMT 2018-03-31 2018-06-30
LNT 2018-03-31 2018-06-30
LSTR 2018-03-31 2018-06-30
MCK 2018-03-31 2018-06-30
MCO 2018-03-31 2018-06-30
NEM 2018-03-31 2018-06-30
NLY 2018-03-31 2018-06-30
NNN 2018-03-31 2018-06-30
NUE 2018-03-31 2018-06-30
PEP 2018-03-31 2018-06-30
PH 2018-03-31 2018-06-30
PHM 2018-03-31 2018-06-30
RRC 2018-03-31 2018-06-30
SLB 2018-03-31 2018-06-30
TMO 2018-03-31 2018-06-30
AA 2018-03-31 2018-06-30
AAL 2018-03-31 2018-06-30
CF 2018-03-31 2018-06-30
CTRA 2018-03-31 2018-06-30
PG 2018-03-31 2018-06-30
VZ 2018-03-31 2018-06-30
MSFT 2018-03-31 2018-06-30
JNJ 2018-03-31 2018-06-30
V 2018-03-31 2018-06-30
MA 2018-03-31 2018-06-30
TRGP 2018-03-31 2018-06-30
OKE 2018-03-31 2018-06-30
SON 2018-03-31 2018-06-30
HD 2018-03-31 2018-06-30
INTC 2018-03-31 2018-06-30
this is adj rsquare: -0.07782543231255445
AAPL 2018-06-30 2018-09-30
AME 2018-06-30 2018-09-30
AMGN 2018-06-30 2018-09-30
AMT 2018-06-30 2018-09-30
DTE 2018-06-30 2018-09-30
DVN 2018-06-30 2018-09-30
EMN 2018-06-30 2018-09-30
FBIN 2018-06-30 2018-09-30
FERG 2018-06-30 2018-09-30
FR 2018-06-30 2018-09-30
GIS 2018-06-30 2018-09-30
H 2018-06-30 2018-09-30
LMT 2018-06-30 2018-09-30
LNT 2018-06-30 2018-09-30
LSTR 2018-06-30 2018-09-30
MCK 2018-06-30 2018-09-30
MCO 2018-06-30 2018-09-30
NEM 2018-06-30 2018-09-30
NLY 2018-06-30 2018-09-30
NNN 2018-06-30 2018-09-30
NUE 2018-06-30 2018-09-30
PEP 2018-06-30 2018-09-30
PH 2018-06-30 2018-09-30
PHM 2018-06-30 2018-09-30
RRC 2018-06-30 2018-09-30
SLB 2018-06-30 2018-09-30
TMO 2018-06-30 2018-09-30
AA 2018-06-30 2018-09-30
AAL 2018-06-30 2018-09-30
CF 2018-06-30 2018-09-30
CTRA 2018-06-30 2018-09-30
PG 2018-06-30 2018-09-30
VZ 2018-06-30 2018-09-30
MSFT 2018-06-30 2018-09-30
JNJ 2018-06-30 2018-09-30
V 2018-06-30 2018-09-30
MA 2018-06-30 2018-09-30
TRGP 2018-06-30 2018-09-30
OKE 2018-06-30 2018-09-30
SON 2018-06-30 2018-09-30
HD 2018-06-30 2018-09-30
INTC 2018-06-30 2018-09-30
this is adj rsquare: -0.02402383265215735
AAPL 2018-09-30 2018-12-31
AME 2018-09-30 2018-12-31
AMGN 2018-09-30 2018-12-31
AMT 2018-09-30 2018-12-31
DTE 2018-09-30 2018-12-31
DVN 2018-09-30 2018-12-31
EMN 2018-09-30 2018-12-31
FBIN 2018-09-30 2018-12-31
FERG 2018-09-30 2018-12-31
FR 2018-09-30 2018-12-31
GIS 2018-09-30 2018-12-31
H 2018-09-30 2018-12-31
LMT 2018-09-30 2018-12-31
LNT 2018-09-30 2018-12-31
LSTR 2018-09-30 2018-12-31
MCK 2018-09-30 2018-12-31
MCO 2018-09-30 2018-12-31
NEM 2018-09-30 2018-12-31
NLY 2018-09-30 2018-12-31
NNN 2018-09-30 2018-12-31
NUE 2018-09-30 2018-12-31
PEP 2018-09-30 2018-12-31
PH 2018-09-30 2018-12-31
PHM 2018-09-30 2018-12-31
RRC 2018-09-30 2018-12-31
SLB 2018-09-30 2018-12-31
TMO 2018-09-30 2018-12-31
AA 2018-09-30 2018-12-31
AAL 2018-09-30 2018-12-31
CF 2018-09-30 2018-12-31
CTRA 2018-09-30 2018-12-31
PG 2018-09-30 2018-12-31
VZ 2018-09-30 2018-12-31
MSFT 2018-09-30 2018-12-31
JNJ 2018-09-30 2018-12-31
V 2018-09-30 2018-12-31
MA 2018-09-30 2018-12-31
TRGP 2018-09-30 2018-12-31
OKE 2018-09-30 2018-12-31
SON 2018-09-30 2018-12-31
HD 2018-09-30 2018-12-31
INTC 2018-09-30 2018-12-31
this is adj rsquare: -0.15432995582628672
11
24
T-values: {'Constant': 1.9477352980942932, 'Price/Earnings': 1.0720385062579703, 'Price/Book Value': -0.2917525257201176, 'Return on Assets': -0.7949192448604095, 'Return on Equity ': 0.21292203736458395, 'Free Cash Flow per Share': -1.465633939015973, 'Price/Cash Flow': 1.7118851195732454, 'Dividend Yield (%)': 0.22486710958506934, 'Enterprise Value/EBITDA': 0.9841170623629399, 'Dividend Payout Ratio (%)': -1.6169927103173851, '2': 0.9811492451989265}
P-values: {'Constant': 0.06375417126783857, 'Price/Earnings': 0.29482312558777896, 'Price/Book Value': 0.7730911105950911, 'Return on Assets': 0.43478723957221654, 'Return on Equity ': 0.8332636979452547, 'Free Cash Flow per Share': 0.156286447117027, 'Price/Cash Flow': 0.1003711924588579, 'Dividend Yield (%)': 0.8240684904006942, 'Enterprise Value/EBITDA': 0.33529787274589573, 'Dividend Payout Ratio (%)': 0.11951434581821392, '2': 0.3367278839345138}
{'Constant': 0.023216549382563765, 'Price/Earnings': 0.004550532946635498, 'Price/Book Value': -0.001970450797673332, 'Return on Assets': -0.007730521384737667, 'Return on Equity ': 0.002322715573002365, 'Free Cash Flow per Share': -0.00991176912815381, 'Price/Cash Flow': 0.015366162333432729, 'Dividend Yield (%)': 0.0014091852158949422, 'Enterprise Value/EBITDA': 0.00828861748924899, 'Dividend Payout Ratio (%)': -0.005185547628811821, '2': 0.0063073497836134}
this is the average adj r-square: 0.09678713287383595
this is the median adj r-square: 0.03331234421517476
