Namespace(end_date=2018, feature_names='Price/Earnings,Price/Book Value,Return on Assets,Return on Equity ,Free Cash Flow per Share,Price/Cash Flow,Dividend Yield (%),Enterprise Value/EBITDA,Dividend Payout Ratio (%)', new_feature='4', path_to_file='./', start_date=2013, y='3M Return')
['2012-12-31', '2013-03-31', '2013-06-30', '2013-09-30', '2013-12-31', '2014-03-31', '2014-06-30', '2014-09-30', '2014-12-31', '2015-03-31', '2015-06-30', '2015-09-30', '2015-12-31', '2016-03-31', '2016-06-30', '2016-09-30', '2016-12-31', '2017-03-31', '2017-06-30', '2017-09-30', '2017-12-31', '2018-03-31', '2018-06-30', '2018-09-30', '2018-12-31']
AAPL 2012-12-31 2018-12-31
this is Beta adj rsquare of AAPL and the value is 0.27318955740910633:
AME 2012-12-31 2018-12-31
this is Beta adj rsquare of AME and the value is 0.6691200214292101:
AMGN 2012-12-31 2018-12-31
this is Beta adj rsquare of AMGN and the value is 0.3843053327229946:
AMT 2012-12-31 2018-12-31
this is Beta adj rsquare of AMT and the value is 0.49137035303652266:
DTE 2012-12-31 2018-12-31
this is Beta adj rsquare of DTE and the value is 0.0826730967503394:
DVN 2012-12-31 2018-12-31
this is Beta adj rsquare of DVN and the value is 0.06533864157428548:
EMN 2012-12-31 2018-12-31
this is Beta adj rsquare of EMN and the value is 0.6403803711181755:
FBIN 2012-12-31 2018-12-31
this is Beta adj rsquare of FBIN and the value is 0.45761326302773164:
FERG 2012-12-31 2018-12-31
this is Beta adj rsquare of FERG and the value is 0.0:
FR 2012-12-31 2018-12-31
this is Beta adj rsquare of FR and the value is 0.3867698823254051:
GIS 2012-12-31 2018-12-31
this is Beta adj rsquare of GIS and the value is 0.3269885756126544:
H 2012-12-31 2018-12-31
this is Beta adj rsquare of H and the value is 0.21664197174794397:
LMT 2012-12-31 2018-12-31
this is Beta adj rsquare of LMT and the value is 0.4297159690457907:
LNT 2012-12-31 2018-12-31
this is Beta adj rsquare of LNT and the value is -0.07053075694289412:
LSTR 2012-12-31 2018-12-31
this is Beta adj rsquare of LSTR and the value is 0.5310807771786061:
MCK 2012-12-31 2018-12-31
this is Beta adj rsquare of MCK and the value is 0.28294818757492435:
MCO 2012-12-31 2018-12-31
this is Beta adj rsquare of MCO and the value is 0.45880362811459574:
NEM 2012-12-31 2018-12-31
this is Beta adj rsquare of NEM and the value is 0.07515017604996543:
NLY 2012-12-31 2018-12-31
this is Beta adj rsquare of NLY and the value is 0.33065118812743854:
NNN 2012-12-31 2018-12-31
this is Beta adj rsquare of NNN and the value is 0.0023620647150240925:
NUE 2012-12-31 2018-12-31
this is Beta adj rsquare of NUE and the value is 0.5903842326748415:
PEP 2012-12-31 2018-12-31
this is Beta adj rsquare of PEP and the value is 0.08436912565684573:
PH 2012-12-31 2018-12-31
this is Beta adj rsquare of PH and the value is 0.31723414614712353:
PHM 2012-12-31 2018-12-31
this is Beta adj rsquare of PHM and the value is -0.3184915777750572:
RRC 2012-12-31 2018-12-31
this is Beta adj rsquare of RRC and the value is 0.5028261081609338:
SLB 2012-12-31 2018-12-31
this is Beta adj rsquare of SLB and the value is 0.6961574154621797:
TMO 2012-12-31 2018-12-31
this is Beta adj rsquare of TMO and the value is 0.37809819729229166:
AA 2012-12-31 2018-12-31
this is Beta adj rsquare of AA and the value is 0.39580594134383573:
AAL 2012-12-31 2018-12-31
this is Beta adj rsquare of AAL and the value is 0.540167978518283:
CF 2012-12-31 2018-12-31
this is Beta adj rsquare of CF and the value is 0.4421693268200343:
CTRA 2012-12-31 2018-12-31
this is Beta adj rsquare of CTRA and the value is 0.5737255652328963:
PG 2012-12-31 2018-12-31
this is Beta adj rsquare of PG and the value is 0.36135155363751303:
VZ 2012-12-31 2018-12-31
this is Beta adj rsquare of VZ and the value is 0.21805417708616648:
MSFT 2012-12-31 2018-12-31
this is Beta adj rsquare of MSFT and the value is 0.4740702611356642:
JNJ 2012-12-31 2018-12-31
this is Beta adj rsquare of JNJ and the value is 0.36782223246448054:
V 2012-12-31 2018-12-31
this is Beta adj rsquare of V and the value is 0.5075613815201356:
MA 2012-12-31 2018-12-31
this is Beta adj rsquare of MA and the value is 0.24132384749700797:
TRGP 2012-12-31 2018-12-31
this is Beta adj rsquare of TRGP and the value is 0.41488215167519926:
OKE 2012-12-31 2018-12-31
this is Beta adj rsquare of OKE and the value is -0.01569445902020239:
SON 2012-12-31 2018-12-31
this is Beta adj rsquare of SON and the value is 0.4580245279861307:
HD 2012-12-31 2018-12-31
this is Beta adj rsquare of HD and the value is 0.3612381825903078:
INTC 2012-12-31 2018-12-31
this is Beta adj rsquare of INTC and the value is 0.28674656371949114:
['AAPL', 'AME', 'AMGN', 'AMT', 'DTE', 'DVN', 'EMN', 'FBIN', 'FERG', 'FR', 'GIS', 'H', 'LMT', 'LNT', 'LSTR', 'MCK', 'MCO', 'NEM', 'NLY', 'NNN', 'NUE', 'PEP', 'PH', 'PHM', 'RRC', 'SLB', 'TMO', 'AA', 'AAL', 'CF', 'CTRA', 'PG', 'VZ', 'MSFT', 'JNJ', 'V', 'MA', 'TRGP', 'OKE', 'SON', 'HD', 'INTC']
AAPL 2012-12-31 2013-03-31
AME 2012-12-31 2013-03-31
AMGN 2012-12-31 2013-03-31
AMT 2012-12-31 2013-03-31
DTE 2012-12-31 2013-03-31
DVN 2012-12-31 2013-03-31
EMN 2012-12-31 2013-03-31
FBIN 2012-12-31 2013-03-31
FERG 2012-12-31 2013-03-31
FR 2012-12-31 2013-03-31
GIS 2012-12-31 2013-03-31
H 2012-12-31 2013-03-31
LMT 2012-12-31 2013-03-31
LNT 2012-12-31 2013-03-31
LSTR 2012-12-31 2013-03-31
MCK 2012-12-31 2013-03-31
MCO 2012-12-31 2013-03-31
NEM 2012-12-31 2013-03-31
NLY 2012-12-31 2013-03-31
NNN 2012-12-31 2013-03-31
NUE 2012-12-31 2013-03-31
PEP 2012-12-31 2013-03-31
PH 2012-12-31 2013-03-31
PHM 2012-12-31 2013-03-31
RRC 2012-12-31 2013-03-31
SLB 2012-12-31 2013-03-31
TMO 2012-12-31 2013-03-31
AA 2012-12-31 2013-03-31
AAL 2012-12-31 2013-03-31
CF 2012-12-31 2013-03-31
CTRA 2012-12-31 2013-03-31
PG 2012-12-31 2013-03-31
VZ 2012-12-31 2013-03-31
MSFT 2012-12-31 2013-03-31
JNJ 2012-12-31 2013-03-31
V 2012-12-31 2013-03-31
MA 2012-12-31 2013-03-31
TRGP 2012-12-31 2013-03-31
OKE 2012-12-31 2013-03-31
SON 2012-12-31 2013-03-31
HD 2012-12-31 2013-03-31
INTC 2012-12-31 2013-03-31
this is adj rsquare: 0.1509217227360744
AAPL 2013-03-31 2013-06-30
AME 2013-03-31 2013-06-30
AMGN 2013-03-31 2013-06-30
AMT 2013-03-31 2013-06-30
DTE 2013-03-31 2013-06-30
DVN 2013-03-31 2013-06-30
EMN 2013-03-31 2013-06-30
FBIN 2013-03-31 2013-06-30
FERG 2013-03-31 2013-06-30
FR 2013-03-31 2013-06-30
GIS 2013-03-31 2013-06-30
H 2013-03-31 2013-06-30
LMT 2013-03-31 2013-06-30
LNT 2013-03-31 2013-06-30
LSTR 2013-03-31 2013-06-30
MCK 2013-03-31 2013-06-30
MCO 2013-03-31 2013-06-30
NEM 2013-03-31 2013-06-30
NLY 2013-03-31 2013-06-30
NNN 2013-03-31 2013-06-30
NUE 2013-03-31 2013-06-30
PEP 2013-03-31 2013-06-30
PH 2013-03-31 2013-06-30
PHM 2013-03-31 2013-06-30
RRC 2013-03-31 2013-06-30
SLB 2013-03-31 2013-06-30
TMO 2013-03-31 2013-06-30
AA 2013-03-31 2013-06-30
AAL 2013-03-31 2013-06-30
CF 2013-03-31 2013-06-30
CTRA 2013-03-31 2013-06-30
PG 2013-03-31 2013-06-30
VZ 2013-03-31 2013-06-30
MSFT 2013-03-31 2013-06-30
JNJ 2013-03-31 2013-06-30
V 2013-03-31 2013-06-30
MA 2013-03-31 2013-06-30
TRGP 2013-03-31 2013-06-30
OKE 2013-03-31 2013-06-30
SON 2013-03-31 2013-06-30
HD 2013-03-31 2013-06-30
INTC 2013-03-31 2013-06-30
this is adj rsquare: 0.2065332916974303
AAPL 2013-06-30 2013-09-30
AME 2013-06-30 2013-09-30
AMGN 2013-06-30 2013-09-30
AMT 2013-06-30 2013-09-30
DTE 2013-06-30 2013-09-30
DVN 2013-06-30 2013-09-30
EMN 2013-06-30 2013-09-30
FBIN 2013-06-30 2013-09-30
FERG 2013-06-30 2013-09-30
FR 2013-06-30 2013-09-30
GIS 2013-06-30 2013-09-30
H 2013-06-30 2013-09-30
LMT 2013-06-30 2013-09-30
LNT 2013-06-30 2013-09-30
LSTR 2013-06-30 2013-09-30
MCK 2013-06-30 2013-09-30
MCO 2013-06-30 2013-09-30
NEM 2013-06-30 2013-09-30
NLY 2013-06-30 2013-09-30
NNN 2013-06-30 2013-09-30
NUE 2013-06-30 2013-09-30
PEP 2013-06-30 2013-09-30
PH 2013-06-30 2013-09-30
PHM 2013-06-30 2013-09-30
RRC 2013-06-30 2013-09-30
SLB 2013-06-30 2013-09-30
TMO 2013-06-30 2013-09-30
AA 2013-06-30 2013-09-30
AAL 2013-06-30 2013-09-30
CF 2013-06-30 2013-09-30
CTRA 2013-06-30 2013-09-30
PG 2013-06-30 2013-09-30
VZ 2013-06-30 2013-09-30
MSFT 2013-06-30 2013-09-30
JNJ 2013-06-30 2013-09-30
V 2013-06-30 2013-09-30
MA 2013-06-30 2013-09-30
TRGP 2013-06-30 2013-09-30
OKE 2013-06-30 2013-09-30
SON 2013-06-30 2013-09-30
HD 2013-06-30 2013-09-30
INTC 2013-06-30 2013-09-30
this is adj rsquare: 0.025033090042366868
AAPL 2013-09-30 2013-12-31
AME 2013-09-30 2013-12-31
AMGN 2013-09-30 2013-12-31
AMT 2013-09-30 2013-12-31
DTE 2013-09-30 2013-12-31
DVN 2013-09-30 2013-12-31
EMN 2013-09-30 2013-12-31
FBIN 2013-09-30 2013-12-31
FERG 2013-09-30 2013-12-31
FR 2013-09-30 2013-12-31
GIS 2013-09-30 2013-12-31
H 2013-09-30 2013-12-31
LMT 2013-09-30 2013-12-31
LNT 2013-09-30 2013-12-31
LSTR 2013-09-30 2013-12-31
MCK 2013-09-30 2013-12-31
MCO 2013-09-30 2013-12-31
NEM 2013-09-30 2013-12-31
NLY 2013-09-30 2013-12-31
NNN 2013-09-30 2013-12-31
NUE 2013-09-30 2013-12-31
PEP 2013-09-30 2013-12-31
PH 2013-09-30 2013-12-31
PHM 2013-09-30 2013-12-31
RRC 2013-09-30 2013-12-31
SLB 2013-09-30 2013-12-31
TMO 2013-09-30 2013-12-31
AA 2013-09-30 2013-12-31
AAL 2013-09-30 2013-12-31
CF 2013-09-30 2013-12-31
CTRA 2013-09-30 2013-12-31
PG 2013-09-30 2013-12-31
VZ 2013-09-30 2013-12-31
MSFT 2013-09-30 2013-12-31
JNJ 2013-09-30 2013-12-31
V 2013-09-30 2013-12-31
MA 2013-09-30 2013-12-31
TRGP 2013-09-30 2013-12-31
OKE 2013-09-30 2013-12-31
SON 2013-09-30 2013-12-31
HD 2013-09-30 2013-12-31
INTC 2013-09-30 2013-12-31
this is adj rsquare: -0.0023707025450905306
AAPL 2013-12-31 2014-03-31
AME 2013-12-31 2014-03-31
AMGN 2013-12-31 2014-03-31
AMT 2013-12-31 2014-03-31
DTE 2013-12-31 2014-03-31
DVN 2013-12-31 2014-03-31
EMN 2013-12-31 2014-03-31
FBIN 2013-12-31 2014-03-31
FERG 2013-12-31 2014-03-31
FR 2013-12-31 2014-03-31
GIS 2013-12-31 2014-03-31
H 2013-12-31 2014-03-31
LMT 2013-12-31 2014-03-31
LNT 2013-12-31 2014-03-31
LSTR 2013-12-31 2014-03-31
MCK 2013-12-31 2014-03-31
MCO 2013-12-31 2014-03-31
NEM 2013-12-31 2014-03-31
NLY 2013-12-31 2014-03-31
NNN 2013-12-31 2014-03-31
NUE 2013-12-31 2014-03-31
PEP 2013-12-31 2014-03-31
PH 2013-12-31 2014-03-31
PHM 2013-12-31 2014-03-31
RRC 2013-12-31 2014-03-31
SLB 2013-12-31 2014-03-31
TMO 2013-12-31 2014-03-31
AA 2013-12-31 2014-03-31
AAL 2013-12-31 2014-03-31
CF 2013-12-31 2014-03-31
CTRA 2013-12-31 2014-03-31
PG 2013-12-31 2014-03-31
VZ 2013-12-31 2014-03-31
MSFT 2013-12-31 2014-03-31
JNJ 2013-12-31 2014-03-31
V 2013-12-31 2014-03-31
MA 2013-12-31 2014-03-31
TRGP 2013-12-31 2014-03-31
OKE 2013-12-31 2014-03-31
SON 2013-12-31 2014-03-31
HD 2013-12-31 2014-03-31
INTC 2013-12-31 2014-03-31
this is adj rsquare: -0.004268157936614392
AAPL 2014-03-31 2014-06-30
AME 2014-03-31 2014-06-30
AMGN 2014-03-31 2014-06-30
AMT 2014-03-31 2014-06-30
DTE 2014-03-31 2014-06-30
DVN 2014-03-31 2014-06-30
EMN 2014-03-31 2014-06-30
FBIN 2014-03-31 2014-06-30
FERG 2014-03-31 2014-06-30
FR 2014-03-31 2014-06-30
GIS 2014-03-31 2014-06-30
H 2014-03-31 2014-06-30
LMT 2014-03-31 2014-06-30
LNT 2014-03-31 2014-06-30
LSTR 2014-03-31 2014-06-30
MCK 2014-03-31 2014-06-30
MCO 2014-03-31 2014-06-30
NEM 2014-03-31 2014-06-30
NLY 2014-03-31 2014-06-30
NNN 2014-03-31 2014-06-30
NUE 2014-03-31 2014-06-30
PEP 2014-03-31 2014-06-30
PH 2014-03-31 2014-06-30
PHM 2014-03-31 2014-06-30
RRC 2014-03-31 2014-06-30
SLB 2014-03-31 2014-06-30
TMO 2014-03-31 2014-06-30
AA 2014-03-31 2014-06-30
AAL 2014-03-31 2014-06-30
CF 2014-03-31 2014-06-30
CTRA 2014-03-31 2014-06-30
PG 2014-03-31 2014-06-30
VZ 2014-03-31 2014-06-30
MSFT 2014-03-31 2014-06-30
JNJ 2014-03-31 2014-06-30
V 2014-03-31 2014-06-30
MA 2014-03-31 2014-06-30
TRGP 2014-03-31 2014-06-30
OKE 2014-03-31 2014-06-30
SON 2014-03-31 2014-06-30
HD 2014-03-31 2014-06-30
INTC 2014-03-31 2014-06-30
this is adj rsquare: 0.09624309224779759
AAPL 2014-06-30 2014-09-30
AME 2014-06-30 2014-09-30
AMGN 2014-06-30 2014-09-30
AMT 2014-06-30 2014-09-30
DTE 2014-06-30 2014-09-30
DVN 2014-06-30 2014-09-30
EMN 2014-06-30 2014-09-30
FBIN 2014-06-30 2014-09-30
FERG 2014-06-30 2014-09-30
FR 2014-06-30 2014-09-30
GIS 2014-06-30 2014-09-30
H 2014-06-30 2014-09-30
LMT 2014-06-30 2014-09-30
LNT 2014-06-30 2014-09-30
LSTR 2014-06-30 2014-09-30
MCK 2014-06-30 2014-09-30
MCO 2014-06-30 2014-09-30
NEM 2014-06-30 2014-09-30
NLY 2014-06-30 2014-09-30
NNN 2014-06-30 2014-09-30
NUE 2014-06-30 2014-09-30
PEP 2014-06-30 2014-09-30
PH 2014-06-30 2014-09-30
PHM 2014-06-30 2014-09-30
RRC 2014-06-30 2014-09-30
SLB 2014-06-30 2014-09-30
TMO 2014-06-30 2014-09-30
AA 2014-06-30 2014-09-30
AAL 2014-06-30 2014-09-30
CF 2014-06-30 2014-09-30
CTRA 2014-06-30 2014-09-30
PG 2014-06-30 2014-09-30
VZ 2014-06-30 2014-09-30
MSFT 2014-06-30 2014-09-30
JNJ 2014-06-30 2014-09-30
V 2014-06-30 2014-09-30
MA 2014-06-30 2014-09-30
TRGP 2014-06-30 2014-09-30
OKE 2014-06-30 2014-09-30
SON 2014-06-30 2014-09-30
HD 2014-06-30 2014-09-30
INTC 2014-06-30 2014-09-30
this is adj rsquare: 0.10127825501435728
AAPL 2014-09-30 2014-12-31
AME 2014-09-30 2014-12-31
AMGN 2014-09-30 2014-12-31
AMT 2014-09-30 2014-12-31
DTE 2014-09-30 2014-12-31
DVN 2014-09-30 2014-12-31
EMN 2014-09-30 2014-12-31
FBIN 2014-09-30 2014-12-31
FERG 2014-09-30 2014-12-31
FR 2014-09-30 2014-12-31
GIS 2014-09-30 2014-12-31
H 2014-09-30 2014-12-31
LMT 2014-09-30 2014-12-31
LNT 2014-09-30 2014-12-31
LSTR 2014-09-30 2014-12-31
MCK 2014-09-30 2014-12-31
MCO 2014-09-30 2014-12-31
NEM 2014-09-30 2014-12-31
NLY 2014-09-30 2014-12-31
NNN 2014-09-30 2014-12-31
NUE 2014-09-30 2014-12-31
PEP 2014-09-30 2014-12-31
PH 2014-09-30 2014-12-31
PHM 2014-09-30 2014-12-31
RRC 2014-09-30 2014-12-31
SLB 2014-09-30 2014-12-31
TMO 2014-09-30 2014-12-31
AA 2014-09-30 2014-12-31
AAL 2014-09-30 2014-12-31
CF 2014-09-30 2014-12-31
CTRA 2014-09-30 2014-12-31
PG 2014-09-30 2014-12-31
VZ 2014-09-30 2014-12-31
MSFT 2014-09-30 2014-12-31
JNJ 2014-09-30 2014-12-31
V 2014-09-30 2014-12-31
MA 2014-09-30 2014-12-31
TRGP 2014-09-30 2014-12-31
OKE 2014-09-30 2014-12-31
SON 2014-09-30 2014-12-31
HD 2014-09-30 2014-12-31
INTC 2014-09-30 2014-12-31
this is adj rsquare: 0.08109910800605147
AAPL 2014-12-31 2015-03-31
AME 2014-12-31 2015-03-31
AMGN 2014-12-31 2015-03-31
AMT 2014-12-31 2015-03-31
DTE 2014-12-31 2015-03-31
DVN 2014-12-31 2015-03-31
EMN 2014-12-31 2015-03-31
FBIN 2014-12-31 2015-03-31
FERG 2014-12-31 2015-03-31
FR 2014-12-31 2015-03-31
GIS 2014-12-31 2015-03-31
H 2014-12-31 2015-03-31
LMT 2014-12-31 2015-03-31
LNT 2014-12-31 2015-03-31
LSTR 2014-12-31 2015-03-31
MCK 2014-12-31 2015-03-31
MCO 2014-12-31 2015-03-31
NEM 2014-12-31 2015-03-31
NLY 2014-12-31 2015-03-31
NNN 2014-12-31 2015-03-31
NUE 2014-12-31 2015-03-31
PEP 2014-12-31 2015-03-31
PH 2014-12-31 2015-03-31
PHM 2014-12-31 2015-03-31
RRC 2014-12-31 2015-03-31
SLB 2014-12-31 2015-03-31
TMO 2014-12-31 2015-03-31
AA 2014-12-31 2015-03-31
AAL 2014-12-31 2015-03-31
CF 2014-12-31 2015-03-31
CTRA 2014-12-31 2015-03-31
PG 2014-12-31 2015-03-31
VZ 2014-12-31 2015-03-31
MSFT 2014-12-31 2015-03-31
JNJ 2014-12-31 2015-03-31
V 2014-12-31 2015-03-31
MA 2014-12-31 2015-03-31
TRGP 2014-12-31 2015-03-31
OKE 2014-12-31 2015-03-31
SON 2014-12-31 2015-03-31
HD 2014-12-31 2015-03-31
INTC 2014-12-31 2015-03-31
this is adj rsquare: 0.150640200671185
AAPL 2015-03-31 2015-06-30
AME 2015-03-31 2015-06-30
AMGN 2015-03-31 2015-06-30
AMT 2015-03-31 2015-06-30
DTE 2015-03-31 2015-06-30
DVN 2015-03-31 2015-06-30
EMN 2015-03-31 2015-06-30
FBIN 2015-03-31 2015-06-30
FERG 2015-03-31 2015-06-30
FR 2015-03-31 2015-06-30
GIS 2015-03-31 2015-06-30
H 2015-03-31 2015-06-30
LMT 2015-03-31 2015-06-30
LNT 2015-03-31 2015-06-30
LSTR 2015-03-31 2015-06-30
MCK 2015-03-31 2015-06-30
MCO 2015-03-31 2015-06-30
NEM 2015-03-31 2015-06-30
NLY 2015-03-31 2015-06-30
NNN 2015-03-31 2015-06-30
NUE 2015-03-31 2015-06-30
PEP 2015-03-31 2015-06-30
PH 2015-03-31 2015-06-30
PHM 2015-03-31 2015-06-30
RRC 2015-03-31 2015-06-30
SLB 2015-03-31 2015-06-30
TMO 2015-03-31 2015-06-30
AA 2015-03-31 2015-06-30
AAL 2015-03-31 2015-06-30
CF 2015-03-31 2015-06-30
CTRA 2015-03-31 2015-06-30
PG 2015-03-31 2015-06-30
VZ 2015-03-31 2015-06-30
MSFT 2015-03-31 2015-06-30
JNJ 2015-03-31 2015-06-30
V 2015-03-31 2015-06-30
MA 2015-03-31 2015-06-30
TRGP 2015-03-31 2015-06-30
OKE 2015-03-31 2015-06-30
SON 2015-03-31 2015-06-30
HD 2015-03-31 2015-06-30
INTC 2015-03-31 2015-06-30
this is adj rsquare: 0.12499841450385896
AAPL 2015-06-30 2015-09-30
AME 2015-06-30 2015-09-30
AMGN 2015-06-30 2015-09-30
AMT 2015-06-30 2015-09-30
DTE 2015-06-30 2015-09-30
DVN 2015-06-30 2015-09-30
EMN 2015-06-30 2015-09-30
FBIN 2015-06-30 2015-09-30
FERG 2015-06-30 2015-09-30
FR 2015-06-30 2015-09-30
GIS 2015-06-30 2015-09-30
H 2015-06-30 2015-09-30
LMT 2015-06-30 2015-09-30
LNT 2015-06-30 2015-09-30
LSTR 2015-06-30 2015-09-30
MCK 2015-06-30 2015-09-30
MCO 2015-06-30 2015-09-30
NEM 2015-06-30 2015-09-30
NLY 2015-06-30 2015-09-30
NNN 2015-06-30 2015-09-30
NUE 2015-06-30 2015-09-30
PEP 2015-06-30 2015-09-30
PH 2015-06-30 2015-09-30
PHM 2015-06-30 2015-09-30
RRC 2015-06-30 2015-09-30
SLB 2015-06-30 2015-09-30
TMO 2015-06-30 2015-09-30
AA 2015-06-30 2015-09-30
AAL 2015-06-30 2015-09-30
CF 2015-06-30 2015-09-30
CTRA 2015-06-30 2015-09-30
PG 2015-06-30 2015-09-30
VZ 2015-06-30 2015-09-30
MSFT 2015-06-30 2015-09-30
JNJ 2015-06-30 2015-09-30
V 2015-06-30 2015-09-30
MA 2015-06-30 2015-09-30
TRGP 2015-06-30 2015-09-30
OKE 2015-06-30 2015-09-30
SON 2015-06-30 2015-09-30
HD 2015-06-30 2015-09-30
INTC 2015-06-30 2015-09-30
this is adj rsquare: 0.10772466291898242
AAPL 2015-09-30 2015-12-31
AME 2015-09-30 2015-12-31
AMGN 2015-09-30 2015-12-31
AMT 2015-09-30 2015-12-31
DTE 2015-09-30 2015-12-31
DVN 2015-09-30 2015-12-31
EMN 2015-09-30 2015-12-31
FBIN 2015-09-30 2015-12-31
FERG 2015-09-30 2015-12-31
FR 2015-09-30 2015-12-31
GIS 2015-09-30 2015-12-31
H 2015-09-30 2015-12-31
LMT 2015-09-30 2015-12-31
LNT 2015-09-30 2015-12-31
LSTR 2015-09-30 2015-12-31
MCK 2015-09-30 2015-12-31
MCO 2015-09-30 2015-12-31
NEM 2015-09-30 2015-12-31
NLY 2015-09-30 2015-12-31
NNN 2015-09-30 2015-12-31
NUE 2015-09-30 2015-12-31
PEP 2015-09-30 2015-12-31
PH 2015-09-30 2015-12-31
PHM 2015-09-30 2015-12-31
RRC 2015-09-30 2015-12-31
SLB 2015-09-30 2015-12-31
TMO 2015-09-30 2015-12-31
AA 2015-09-30 2015-12-31
AAL 2015-09-30 2015-12-31
CF 2015-09-30 2015-12-31
CTRA 2015-09-30 2015-12-31
PG 2015-09-30 2015-12-31
VZ 2015-09-30 2015-12-31
MSFT 2015-09-30 2015-12-31
JNJ 2015-09-30 2015-12-31
V 2015-09-30 2015-12-31
MA 2015-09-30 2015-12-31
TRGP 2015-09-30 2015-12-31
OKE 2015-09-30 2015-12-31
SON 2015-09-30 2015-12-31
HD 2015-09-30 2015-12-31
INTC 2015-09-30 2015-12-31
this is adj rsquare: 0.3621003473116312
AAPL 2015-12-31 2016-03-31
AME 2015-12-31 2016-03-31
AMGN 2015-12-31 2016-03-31
AMT 2015-12-31 2016-03-31
DTE 2015-12-31 2016-03-31
DVN 2015-12-31 2016-03-31
EMN 2015-12-31 2016-03-31
FBIN 2015-12-31 2016-03-31
FERG 2015-12-31 2016-03-31
FR 2015-12-31 2016-03-31
GIS 2015-12-31 2016-03-31
H 2015-12-31 2016-03-31
LMT 2015-12-31 2016-03-31
LNT 2015-12-31 2016-03-31
LSTR 2015-12-31 2016-03-31
MCK 2015-12-31 2016-03-31
MCO 2015-12-31 2016-03-31
NEM 2015-12-31 2016-03-31
NLY 2015-12-31 2016-03-31
NNN 2015-12-31 2016-03-31
NUE 2015-12-31 2016-03-31
PEP 2015-12-31 2016-03-31
PH 2015-12-31 2016-03-31
PHM 2015-12-31 2016-03-31
RRC 2015-12-31 2016-03-31
SLB 2015-12-31 2016-03-31
TMO 2015-12-31 2016-03-31
AA 2015-12-31 2016-03-31
AAL 2015-12-31 2016-03-31
CF 2015-12-31 2016-03-31
CTRA 2015-12-31 2016-03-31
PG 2015-12-31 2016-03-31
VZ 2015-12-31 2016-03-31
MSFT 2015-12-31 2016-03-31
JNJ 2015-12-31 2016-03-31
V 2015-12-31 2016-03-31
MA 2015-12-31 2016-03-31
TRGP 2015-12-31 2016-03-31
OKE 2015-12-31 2016-03-31
SON 2015-12-31 2016-03-31
HD 2015-12-31 2016-03-31
INTC 2015-12-31 2016-03-31
this is adj rsquare: -0.003426935559347477
AAPL 2016-03-31 2016-06-30
AME 2016-03-31 2016-06-30
AMGN 2016-03-31 2016-06-30
AMT 2016-03-31 2016-06-30
DTE 2016-03-31 2016-06-30
DVN 2016-03-31 2016-06-30
EMN 2016-03-31 2016-06-30
FBIN 2016-03-31 2016-06-30
FERG 2016-03-31 2016-06-30
FR 2016-03-31 2016-06-30
GIS 2016-03-31 2016-06-30
H 2016-03-31 2016-06-30
LMT 2016-03-31 2016-06-30
LNT 2016-03-31 2016-06-30
LSTR 2016-03-31 2016-06-30
MCK 2016-03-31 2016-06-30
MCO 2016-03-31 2016-06-30
NEM 2016-03-31 2016-06-30
NLY 2016-03-31 2016-06-30
NNN 2016-03-31 2016-06-30
NUE 2016-03-31 2016-06-30
PEP 2016-03-31 2016-06-30
PH 2016-03-31 2016-06-30
PHM 2016-03-31 2016-06-30
RRC 2016-03-31 2016-06-30
SLB 2016-03-31 2016-06-30
TMO 2016-03-31 2016-06-30
AA 2016-03-31 2016-06-30
AAL 2016-03-31 2016-06-30
CF 2016-03-31 2016-06-30
CTRA 2016-03-31 2016-06-30
PG 2016-03-31 2016-06-30
VZ 2016-03-31 2016-06-30
MSFT 2016-03-31 2016-06-30
JNJ 2016-03-31 2016-06-30
V 2016-03-31 2016-06-30
MA 2016-03-31 2016-06-30
TRGP 2016-03-31 2016-06-30
OKE 2016-03-31 2016-06-30
SON 2016-03-31 2016-06-30
HD 2016-03-31 2016-06-30
INTC 2016-03-31 2016-06-30
this is adj rsquare: 0.4219845775511789
AAPL 2016-06-30 2016-09-30
AME 2016-06-30 2016-09-30
AMGN 2016-06-30 2016-09-30
AMT 2016-06-30 2016-09-30
DTE 2016-06-30 2016-09-30
DVN 2016-06-30 2016-09-30
EMN 2016-06-30 2016-09-30
FBIN 2016-06-30 2016-09-30
FERG 2016-06-30 2016-09-30
FR 2016-06-30 2016-09-30
GIS 2016-06-30 2016-09-30
H 2016-06-30 2016-09-30
LMT 2016-06-30 2016-09-30
LNT 2016-06-30 2016-09-30
LSTR 2016-06-30 2016-09-30
MCK 2016-06-30 2016-09-30
MCO 2016-06-30 2016-09-30
NEM 2016-06-30 2016-09-30
NLY 2016-06-30 2016-09-30
NNN 2016-06-30 2016-09-30
NUE 2016-06-30 2016-09-30
PEP 2016-06-30 2016-09-30
PH 2016-06-30 2016-09-30
PHM 2016-06-30 2016-09-30
RRC 2016-06-30 2016-09-30
SLB 2016-06-30 2016-09-30
TMO 2016-06-30 2016-09-30
AA 2016-06-30 2016-09-30
AAL 2016-06-30 2016-09-30
CF 2016-06-30 2016-09-30
CTRA 2016-06-30 2016-09-30
PG 2016-06-30 2016-09-30
VZ 2016-06-30 2016-09-30
MSFT 2016-06-30 2016-09-30
JNJ 2016-06-30 2016-09-30
V 2016-06-30 2016-09-30
MA 2016-06-30 2016-09-30
TRGP 2016-06-30 2016-09-30
OKE 2016-06-30 2016-09-30
SON 2016-06-30 2016-09-30
HD 2016-06-30 2016-09-30
INTC 2016-06-30 2016-09-30
this is adj rsquare: -0.14788038639191137
AAPL 2016-09-30 2016-12-31
AME 2016-09-30 2016-12-31
AMGN 2016-09-30 2016-12-31
AMT 2016-09-30 2016-12-31
DTE 2016-09-30 2016-12-31
DVN 2016-09-30 2016-12-31
EMN 2016-09-30 2016-12-31
FBIN 2016-09-30 2016-12-31
FERG 2016-09-30 2016-12-31
FR 2016-09-30 2016-12-31
GIS 2016-09-30 2016-12-31
H 2016-09-30 2016-12-31
LMT 2016-09-30 2016-12-31
LNT 2016-09-30 2016-12-31
LSTR 2016-09-30 2016-12-31
MCK 2016-09-30 2016-12-31
MCO 2016-09-30 2016-12-31
NEM 2016-09-30 2016-12-31
NLY 2016-09-30 2016-12-31
NNN 2016-09-30 2016-12-31
NUE 2016-09-30 2016-12-31
PEP 2016-09-30 2016-12-31
PH 2016-09-30 2016-12-31
PHM 2016-09-30 2016-12-31
RRC 2016-09-30 2016-12-31
SLB 2016-09-30 2016-12-31
TMO 2016-09-30 2016-12-31
AA 2016-09-30 2016-12-31
AAL 2016-09-30 2016-12-31
CF 2016-09-30 2016-12-31
CTRA 2016-09-30 2016-12-31
PG 2016-09-30 2016-12-31
VZ 2016-09-30 2016-12-31
MSFT 2016-09-30 2016-12-31
JNJ 2016-09-30 2016-12-31
V 2016-09-30 2016-12-31
MA 2016-09-30 2016-12-31
TRGP 2016-09-30 2016-12-31
OKE 2016-09-30 2016-12-31
SON 2016-09-30 2016-12-31
HD 2016-09-30 2016-12-31
INTC 2016-09-30 2016-12-31
this is adj rsquare: 0.34391726289976843
AAPL 2016-12-31 2017-03-31
AME 2016-12-31 2017-03-31
AMGN 2016-12-31 2017-03-31
AMT 2016-12-31 2017-03-31
DTE 2016-12-31 2017-03-31
DVN 2016-12-31 2017-03-31
EMN 2016-12-31 2017-03-31
FBIN 2016-12-31 2017-03-31
FERG 2016-12-31 2017-03-31
FR 2016-12-31 2017-03-31
GIS 2016-12-31 2017-03-31
H 2016-12-31 2017-03-31
LMT 2016-12-31 2017-03-31
LNT 2016-12-31 2017-03-31
LSTR 2016-12-31 2017-03-31
MCK 2016-12-31 2017-03-31
MCO 2016-12-31 2017-03-31
NEM 2016-12-31 2017-03-31
NLY 2016-12-31 2017-03-31
NNN 2016-12-31 2017-03-31
NUE 2016-12-31 2017-03-31
PEP 2016-12-31 2017-03-31
PH 2016-12-31 2017-03-31
PHM 2016-12-31 2017-03-31
RRC 2016-12-31 2017-03-31
SLB 2016-12-31 2017-03-31
TMO 2016-12-31 2017-03-31
AA 2016-12-31 2017-03-31
AAL 2016-12-31 2017-03-31
CF 2016-12-31 2017-03-31
CTRA 2016-12-31 2017-03-31
PG 2016-12-31 2017-03-31
VZ 2016-12-31 2017-03-31
MSFT 2016-12-31 2017-03-31
JNJ 2016-12-31 2017-03-31
V 2016-12-31 2017-03-31
MA 2016-12-31 2017-03-31
TRGP 2016-12-31 2017-03-31
OKE 2016-12-31 2017-03-31
SON 2016-12-31 2017-03-31
HD 2016-12-31 2017-03-31
INTC 2016-12-31 2017-03-31
this is adj rsquare: 0.01697133944656537
AAPL 2017-03-31 2017-06-30
AME 2017-03-31 2017-06-30
AMGN 2017-03-31 2017-06-30
AMT 2017-03-31 2017-06-30
DTE 2017-03-31 2017-06-30
DVN 2017-03-31 2017-06-30
EMN 2017-03-31 2017-06-30
FBIN 2017-03-31 2017-06-30
FERG 2017-03-31 2017-06-30
FR 2017-03-31 2017-06-30
GIS 2017-03-31 2017-06-30
H 2017-03-31 2017-06-30
LMT 2017-03-31 2017-06-30
LNT 2017-03-31 2017-06-30
LSTR 2017-03-31 2017-06-30
MCK 2017-03-31 2017-06-30
MCO 2017-03-31 2017-06-30
NEM 2017-03-31 2017-06-30
NLY 2017-03-31 2017-06-30
NNN 2017-03-31 2017-06-30
NUE 2017-03-31 2017-06-30
PEP 2017-03-31 2017-06-30
PH 2017-03-31 2017-06-30
PHM 2017-03-31 2017-06-30
RRC 2017-03-31 2017-06-30
SLB 2017-03-31 2017-06-30
TMO 2017-03-31 2017-06-30
AA 2017-03-31 2017-06-30
AAL 2017-03-31 2017-06-30
CF 2017-03-31 2017-06-30
CTRA 2017-03-31 2017-06-30
PG 2017-03-31 2017-06-30
VZ 2017-03-31 2017-06-30
MSFT 2017-03-31 2017-06-30
JNJ 2017-03-31 2017-06-30
V 2017-03-31 2017-06-30
MA 2017-03-31 2017-06-30
TRGP 2017-03-31 2017-06-30
OKE 2017-03-31 2017-06-30
SON 2017-03-31 2017-06-30
HD 2017-03-31 2017-06-30
INTC 2017-03-31 2017-06-30
this is adj rsquare: 0.22999486895639698
AAPL 2017-06-30 2017-09-30
AME 2017-06-30 2017-09-30
AMGN 2017-06-30 2017-09-30
AMT 2017-06-30 2017-09-30
DTE 2017-06-30 2017-09-30
DVN 2017-06-30 2017-09-30
EMN 2017-06-30 2017-09-30
FBIN 2017-06-30 2017-09-30
FERG 2017-06-30 2017-09-30
FR 2017-06-30 2017-09-30
GIS 2017-06-30 2017-09-30
H 2017-06-30 2017-09-30
LMT 2017-06-30 2017-09-30
LNT 2017-06-30 2017-09-30
LSTR 2017-06-30 2017-09-30
MCK 2017-06-30 2017-09-30
MCO 2017-06-30 2017-09-30
NEM 2017-06-30 2017-09-30
NLY 2017-06-30 2017-09-30
NNN 2017-06-30 2017-09-30
NUE 2017-06-30 2017-09-30
PEP 2017-06-30 2017-09-30
PH 2017-06-30 2017-09-30
PHM 2017-06-30 2017-09-30
RRC 2017-06-30 2017-09-30
SLB 2017-06-30 2017-09-30
TMO 2017-06-30 2017-09-30
AA 2017-06-30 2017-09-30
AAL 2017-06-30 2017-09-30
CF 2017-06-30 2017-09-30
CTRA 2017-06-30 2017-09-30
PG 2017-06-30 2017-09-30
VZ 2017-06-30 2017-09-30
MSFT 2017-06-30 2017-09-30
JNJ 2017-06-30 2017-09-30
V 2017-06-30 2017-09-30
MA 2017-06-30 2017-09-30
TRGP 2017-06-30 2017-09-30
OKE 2017-06-30 2017-09-30
SON 2017-06-30 2017-09-30
HD 2017-06-30 2017-09-30
INTC 2017-06-30 2017-09-30
this is adj rsquare: 0.507064735855652
AAPL 2017-09-30 2017-12-31
AME 2017-09-30 2017-12-31
AMGN 2017-09-30 2017-12-31
AMT 2017-09-30 2017-12-31
DTE 2017-09-30 2017-12-31
DVN 2017-09-30 2017-12-31
EMN 2017-09-30 2017-12-31
FBIN 2017-09-30 2017-12-31
FERG 2017-09-30 2017-12-31
FR 2017-09-30 2017-12-31
GIS 2017-09-30 2017-12-31
H 2017-09-30 2017-12-31
LMT 2017-09-30 2017-12-31
LNT 2017-09-30 2017-12-31
LSTR 2017-09-30 2017-12-31
MCK 2017-09-30 2017-12-31
MCO 2017-09-30 2017-12-31
NEM 2017-09-30 2017-12-31
NLY 2017-09-30 2017-12-31
NNN 2017-09-30 2017-12-31
NUE 2017-09-30 2017-12-31
PEP 2017-09-30 2017-12-31
PH 2017-09-30 2017-12-31
PHM 2017-09-30 2017-12-31
RRC 2017-09-30 2017-12-31
SLB 2017-09-30 2017-12-31
TMO 2017-09-30 2017-12-31
AA 2017-09-30 2017-12-31
AAL 2017-09-30 2017-12-31
CF 2017-09-30 2017-12-31
CTRA 2017-09-30 2017-12-31
PG 2017-09-30 2017-12-31
VZ 2017-09-30 2017-12-31
MSFT 2017-09-30 2017-12-31
JNJ 2017-09-30 2017-12-31
V 2017-09-30 2017-12-31
MA 2017-09-30 2017-12-31
TRGP 2017-09-30 2017-12-31
OKE 2017-09-30 2017-12-31
SON 2017-09-30 2017-12-31
HD 2017-09-30 2017-12-31
INTC 2017-09-30 2017-12-31
this is adj rsquare: -0.009915030077000786
AAPL 2017-12-31 2018-03-31
AME 2017-12-31 2018-03-31
AMGN 2017-12-31 2018-03-31
AMT 2017-12-31 2018-03-31
DTE 2017-12-31 2018-03-31
DVN 2017-12-31 2018-03-31
EMN 2017-12-31 2018-03-31
FBIN 2017-12-31 2018-03-31
FERG 2017-12-31 2018-03-31
FR 2017-12-31 2018-03-31
GIS 2017-12-31 2018-03-31
H 2017-12-31 2018-03-31
LMT 2017-12-31 2018-03-31
LNT 2017-12-31 2018-03-31
LSTR 2017-12-31 2018-03-31
MCK 2017-12-31 2018-03-31
MCO 2017-12-31 2018-03-31
NEM 2017-12-31 2018-03-31
NLY 2017-12-31 2018-03-31
NNN 2017-12-31 2018-03-31
NUE 2017-12-31 2018-03-31
PEP 2017-12-31 2018-03-31
PH 2017-12-31 2018-03-31
PHM 2017-12-31 2018-03-31
RRC 2017-12-31 2018-03-31
SLB 2017-12-31 2018-03-31
TMO 2017-12-31 2018-03-31
AA 2017-12-31 2018-03-31
AAL 2017-12-31 2018-03-31
CF 2017-12-31 2018-03-31
CTRA 2017-12-31 2018-03-31
PG 2017-12-31 2018-03-31
VZ 2017-12-31 2018-03-31
MSFT 2017-12-31 2018-03-31
JNJ 2017-12-31 2018-03-31
V 2017-12-31 2018-03-31
MA 2017-12-31 2018-03-31
TRGP 2017-12-31 2018-03-31
OKE 2017-12-31 2018-03-31
SON 2017-12-31 2018-03-31
HD 2017-12-31 2018-03-31
INTC 2017-12-31 2018-03-31
this is adj rsquare: -0.012674487915424137
AAPL 2018-03-31 2018-06-30
AME 2018-03-31 2018-06-30
AMGN 2018-03-31 2018-06-30
AMT 2018-03-31 2018-06-30
DTE 2018-03-31 2018-06-30
DVN 2018-03-31 2018-06-30
EMN 2018-03-31 2018-06-30
FBIN 2018-03-31 2018-06-30
FERG 2018-03-31 2018-06-30
FR 2018-03-31 2018-06-30
GIS 2018-03-31 2018-06-30
H 2018-03-31 2018-06-30
LMT 2018-03-31 2018-06-30
LNT 2018-03-31 2018-06-30
LSTR 2018-03-31 2018-06-30
MCK 2018-03-31 2018-06-30
MCO 2018-03-31 2018-06-30
NEM 2018-03-31 2018-06-30
NLY 2018-03-31 2018-06-30
NNN 2018-03-31 2018-06-30
NUE 2018-03-31 2018-06-30
PEP 2018-03-31 2018-06-30
PH 2018-03-31 2018-06-30
PHM 2018-03-31 2018-06-30
RRC 2018-03-31 2018-06-30
SLB 2018-03-31 2018-06-30
TMO 2018-03-31 2018-06-30
AA 2018-03-31 2018-06-30
AAL 2018-03-31 2018-06-30
CF 2018-03-31 2018-06-30
CTRA 2018-03-31 2018-06-30
PG 2018-03-31 2018-06-30
VZ 2018-03-31 2018-06-30
MSFT 2018-03-31 2018-06-30
JNJ 2018-03-31 2018-06-30
V 2018-03-31 2018-06-30
MA 2018-03-31 2018-06-30
TRGP 2018-03-31 2018-06-30
OKE 2018-03-31 2018-06-30
SON 2018-03-31 2018-06-30
HD 2018-03-31 2018-06-30
INTC 2018-03-31 2018-06-30
this is adj rsquare: 0.1032846605235761
AAPL 2018-06-30 2018-09-30
AME 2018-06-30 2018-09-30
AMGN 2018-06-30 2018-09-30
AMT 2018-06-30 2018-09-30
DTE 2018-06-30 2018-09-30
DVN 2018-06-30 2018-09-30
EMN 2018-06-30 2018-09-30
FBIN 2018-06-30 2018-09-30
FERG 2018-06-30 2018-09-30
FR 2018-06-30 2018-09-30
GIS 2018-06-30 2018-09-30
H 2018-06-30 2018-09-30
LMT 2018-06-30 2018-09-30
LNT 2018-06-30 2018-09-30
LSTR 2018-06-30 2018-09-30
MCK 2018-06-30 2018-09-30
MCO 2018-06-30 2018-09-30
NEM 2018-06-30 2018-09-30
NLY 2018-06-30 2018-09-30
NNN 2018-06-30 2018-09-30
NUE 2018-06-30 2018-09-30
PEP 2018-06-30 2018-09-30
PH 2018-06-30 2018-09-30
PHM 2018-06-30 2018-09-30
RRC 2018-06-30 2018-09-30
SLB 2018-06-30 2018-09-30
TMO 2018-06-30 2018-09-30
AA 2018-06-30 2018-09-30
AAL 2018-06-30 2018-09-30
CF 2018-06-30 2018-09-30
CTRA 2018-06-30 2018-09-30
PG 2018-06-30 2018-09-30
VZ 2018-06-30 2018-09-30
MSFT 2018-06-30 2018-09-30
JNJ 2018-06-30 2018-09-30
V 2018-06-30 2018-09-30
MA 2018-06-30 2018-09-30
TRGP 2018-06-30 2018-09-30
OKE 2018-06-30 2018-09-30
SON 2018-06-30 2018-09-30
HD 2018-06-30 2018-09-30
INTC 2018-06-30 2018-09-30
this is adj rsquare: 0.0164974331150195
AAPL 2018-09-30 2018-12-31
AME 2018-09-30 2018-12-31
AMGN 2018-09-30 2018-12-31
AMT 2018-09-30 2018-12-31
DTE 2018-09-30 2018-12-31
DVN 2018-09-30 2018-12-31
EMN 2018-09-30 2018-12-31
FBIN 2018-09-30 2018-12-31
FERG 2018-09-30 2018-12-31
FR 2018-09-30 2018-12-31
GIS 2018-09-30 2018-12-31
H 2018-09-30 2018-12-31
LMT 2018-09-30 2018-12-31
LNT 2018-09-30 2018-12-31
LSTR 2018-09-30 2018-12-31
MCK 2018-09-30 2018-12-31
MCO 2018-09-30 2018-12-31
NEM 2018-09-30 2018-12-31
NLY 2018-09-30 2018-12-31
NNN 2018-09-30 2018-12-31
NUE 2018-09-30 2018-12-31
PEP 2018-09-30 2018-12-31
PH 2018-09-30 2018-12-31
PHM 2018-09-30 2018-12-31
RRC 2018-09-30 2018-12-31
SLB 2018-09-30 2018-12-31
TMO 2018-09-30 2018-12-31
AA 2018-09-30 2018-12-31
AAL 2018-09-30 2018-12-31
CF 2018-09-30 2018-12-31
CTRA 2018-09-30 2018-12-31
PG 2018-09-30 2018-12-31
VZ 2018-09-30 2018-12-31
MSFT 2018-09-30 2018-12-31
JNJ 2018-09-30 2018-12-31
V 2018-09-30 2018-12-31
MA 2018-09-30 2018-12-31
TRGP 2018-09-30 2018-12-31
OKE 2018-09-30 2018-12-31
SON 2018-09-30 2018-12-31
HD 2018-09-30 2018-12-31
INTC 2018-09-30 2018-12-31
this is adj rsquare: 0.20536973178642004
11
24
T-values: {'Constant': 1.9565946093471132, 'Price/Earnings': 0.18241884815244055, 'Price/Book Value': -0.47961698074039694, 'Return on Assets': 0.5905131060957768, 'Return on Equity ': 0.8331391448525988, 'Free Cash Flow per Share': -0.9189189570070159, 'Price/Cash Flow': 1.3129144785004287, 'Dividend Yield (%)': 0.44370450001398515, 'Enterprise Value/EBITDA': 0.3918198843313198, 'Dividend Payout Ratio (%)': -0.4464583141003059, '4': 0.6359442710544226}
P-values: {'Constant': 0.06264343148458575, 'Price/Earnings': 0.8568523607345855, 'Price/Book Value': 0.6360290569548706, 'Return on Assets': 0.5606048628500357, 'Return on Equity ': 0.4133347299167325, 'Free Cash Flow per Share': 0.36767509074222426, 'Price/Cash Flow': 0.2021613810476225, 'Dividend Yield (%)': 0.6614023851008488, 'Enterprise Value/EBITDA': 0.6987981885435606, 'Dividend Payout Ratio (%)': 0.6594414597172435, '4': 0.5310905178666124}
{'Constant': 0.023299182821934786, 'Price/Earnings': 0.0014426031747079493, 'Price/Book Value': -0.0032909426270345387, 'Return on Assets': 0.010519849243511167, 'Return on Equity ': 0.010215420850039975, 'Free Cash Flow per Share': -0.0060022893567102, 'Price/Cash Flow': 0.007715416655315395, 'Dividend Yield (%)': 0.002770736891733573, 'Enterprise Value/EBITDA': 0.002310474044838522, 'Dividend Payout Ratio (%)': -0.003293938759527219, '4': 0.008645611937395695}
this is the average adj r-square: 0.1279633789524552
this is the median adj r-square: 0.10228145776896669
