Namespace(end_date=2018, feature_names='Price/Earnings,Price/Book Value,Return on Assets,Return on Equity ,Free Cash Flow per Share,Price/Cash Flow,Dividend Yield (%),Enterprise Value/EBITDA,Dividend Payout Ratio (%)', new_feature='8', path_to_file='./', start_date=2013, y='3M Return')
['2012-12-31', '2013-03-31', '2013-06-30', '2013-09-30', '2013-12-31', '2014-03-31', '2014-06-30', '2014-09-30', '2014-12-31', '2015-03-31', '2015-06-30', '2015-09-30', '2015-12-31', '2016-03-31', '2016-06-30', '2016-09-30', '2016-12-31', '2017-03-31', '2017-06-30', '2017-09-30', '2017-12-31', '2018-03-31', '2018-06-30', '2018-09-30', '2018-12-31']
AAPL 2012-12-31 2018-12-31
this is Beta adj rsquare of AAPL and the value is 0.2999708527505288:
AME 2012-12-31 2018-12-31
this is Beta adj rsquare of AME and the value is 0.7668909423229544:
AMGN 2012-12-31 2018-12-31
this is Beta adj rsquare of AMGN and the value is 0.3189952195344937:
AMT 2012-12-31 2018-12-31
this is Beta adj rsquare of AMT and the value is 0.4811856029400554:
DTE 2012-12-31 2018-12-31
this is Beta adj rsquare of DTE and the value is 0.06472327442537762:
DVN 2012-12-31 2018-12-31
this is Beta adj rsquare of DVN and the value is 0.06776223052993602:
EMN 2012-12-31 2018-12-31
this is Beta adj rsquare of EMN and the value is 0.6812095669198622:
FBIN 2012-12-31 2018-12-31
this is Beta adj rsquare of FBIN and the value is 0.5392516301970796:
FERG 2012-12-31 2018-12-31
this is Beta adj rsquare of FERG and the value is 0.0:
FR 2012-12-31 2018-12-31
this is Beta adj rsquare of FR and the value is 0.36482147236707685:
GIS 2012-12-31 2018-12-31
this is Beta adj rsquare of GIS and the value is 0.3269885756126544:
H 2012-12-31 2018-12-31
this is Beta adj rsquare of H and the value is 0.2084665858262129:
LMT 2012-12-31 2018-12-31
this is Beta adj rsquare of LMT and the value is 0.35921873912720526:
LNT 2012-12-31 2018-12-31
this is Beta adj rsquare of LNT and the value is -0.08760089342578303:
LSTR 2012-12-31 2018-12-31
this is Beta adj rsquare of LSTR and the value is 0.48875272085509536:
MCK 2012-12-31 2018-12-31
this is Beta adj rsquare of MCK and the value is 0.28722914162488755:
MCO 2012-12-31 2018-12-31
this is Beta adj rsquare of MCO and the value is 0.42709553180249626:
NEM 2012-12-31 2018-12-31
this is Beta adj rsquare of NEM and the value is 0.16199401039815375:
NLY 2012-12-31 2018-12-31
this is Beta adj rsquare of NLY and the value is 0.31056314800628915:
NNN 2012-12-31 2018-12-31
this is Beta adj rsquare of NNN and the value is 0.007199679674203541:
NUE 2012-12-31 2018-12-31
this is Beta adj rsquare of NUE and the value is 0.5861249005783914:
PEP 2012-12-31 2018-12-31
this is Beta adj rsquare of PEP and the value is 0.02305165489562122:
PH 2012-12-31 2018-12-31
this is Beta adj rsquare of PH and the value is 0.30970490430870345:
PHM 2012-12-31 2018-12-31
this is Beta adj rsquare of PHM and the value is -0.23756663223454266:
RRC 2012-12-31 2018-12-31
this is Beta adj rsquare of RRC and the value is 0.48509205057994154:
SLB 2012-12-31 2018-12-31
this is Beta adj rsquare of SLB and the value is 0.7193061088522739:
TMO 2012-12-31 2018-12-31
this is Beta adj rsquare of TMO and the value is 0.33527716992992007:
AA 2012-12-31 2018-12-31
this is Beta adj rsquare of AA and the value is 0.3958059413438355:
AAL 2012-12-31 2018-12-31
this is Beta adj rsquare of AAL and the value is 0.17518199478839547:
CF 2012-12-31 2018-12-31
this is Beta adj rsquare of CF and the value is 0.6337831237450622:
CTRA 2012-12-31 2018-12-31
this is Beta adj rsquare of CTRA and the value is 0.5957309714314613:
PG 2012-12-31 2018-12-31
this is Beta adj rsquare of PG and the value is 0.30614808225457646:
VZ 2012-12-31 2018-12-31
this is Beta adj rsquare of VZ and the value is 0.3227322783603691:
MSFT 2012-12-31 2018-12-31
this is Beta adj rsquare of MSFT and the value is 0.46198652074150626:
JNJ 2012-12-31 2018-12-31
this is Beta adj rsquare of JNJ and the value is 0.3793223882595316:
V 2012-12-31 2018-12-31
this is Beta adj rsquare of V and the value is 0.5058000160918046:
MA 2012-12-31 2018-12-31
this is Beta adj rsquare of MA and the value is 0.6017436494264263:
TRGP 2012-12-31 2018-12-31
this is Beta adj rsquare of TRGP and the value is 0.41723973765111877:
OKE 2012-12-31 2018-12-31
this is Beta adj rsquare of OKE and the value is 0.1467390509450599:
SON 2012-12-31 2018-12-31
this is Beta adj rsquare of SON and the value is 0.46985946610159324:
HD 2012-12-31 2018-12-31
this is Beta adj rsquare of HD and the value is 0.3592513755331218:
INTC 2012-12-31 2018-12-31
this is Beta adj rsquare of INTC and the value is 0.2298760308276081:
['AAPL', 'AME', 'AMGN', 'AMT', 'DTE', 'DVN', 'EMN', 'FBIN', 'FERG', 'FR', 'GIS', 'H', 'LMT', 'LNT', 'LSTR', 'MCK', 'MCO', 'NEM', 'NLY', 'NNN', 'NUE', 'PEP', 'PH', 'PHM', 'RRC', 'SLB', 'TMO', 'AA', 'AAL', 'CF', 'CTRA', 'PG', 'VZ', 'MSFT', 'JNJ', 'V', 'MA', 'TRGP', 'OKE', 'SON', 'HD', 'INTC']
AAPL 2012-12-31 2013-03-31
AME 2012-12-31 2013-03-31
AMGN 2012-12-31 2013-03-31
AMT 2012-12-31 2013-03-31
DTE 2012-12-31 2013-03-31
DVN 2012-12-31 2013-03-31
EMN 2012-12-31 2013-03-31
FBIN 2012-12-31 2013-03-31
FERG 2012-12-31 2013-03-31
FR 2012-12-31 2013-03-31
GIS 2012-12-31 2013-03-31
H 2012-12-31 2013-03-31
LMT 2012-12-31 2013-03-31
LNT 2012-12-31 2013-03-31
LSTR 2012-12-31 2013-03-31
MCK 2012-12-31 2013-03-31
MCO 2012-12-31 2013-03-31
NEM 2012-12-31 2013-03-31
NLY 2012-12-31 2013-03-31
NNN 2012-12-31 2013-03-31
NUE 2012-12-31 2013-03-31
PEP 2012-12-31 2013-03-31
PH 2012-12-31 2013-03-31
PHM 2012-12-31 2013-03-31
RRC 2012-12-31 2013-03-31
SLB 2012-12-31 2013-03-31
TMO 2012-12-31 2013-03-31
AA 2012-12-31 2013-03-31
AAL 2012-12-31 2013-03-31
CF 2012-12-31 2013-03-31
CTRA 2012-12-31 2013-03-31
PG 2012-12-31 2013-03-31
VZ 2012-12-31 2013-03-31
MSFT 2012-12-31 2013-03-31
JNJ 2012-12-31 2013-03-31
V 2012-12-31 2013-03-31
MA 2012-12-31 2013-03-31
TRGP 2012-12-31 2013-03-31
OKE 2012-12-31 2013-03-31
SON 2012-12-31 2013-03-31
HD 2012-12-31 2013-03-31
INTC 2012-12-31 2013-03-31
this is adj rsquare: 0.33431136465595457
AAPL 2013-03-31 2013-06-30
AME 2013-03-31 2013-06-30
AMGN 2013-03-31 2013-06-30
AMT 2013-03-31 2013-06-30
DTE 2013-03-31 2013-06-30
DVN 2013-03-31 2013-06-30
EMN 2013-03-31 2013-06-30
FBIN 2013-03-31 2013-06-30
FERG 2013-03-31 2013-06-30
FR 2013-03-31 2013-06-30
GIS 2013-03-31 2013-06-30
H 2013-03-31 2013-06-30
LMT 2013-03-31 2013-06-30
LNT 2013-03-31 2013-06-30
LSTR 2013-03-31 2013-06-30
MCK 2013-03-31 2013-06-30
MCO 2013-03-31 2013-06-30
NEM 2013-03-31 2013-06-30
NLY 2013-03-31 2013-06-30
NNN 2013-03-31 2013-06-30
NUE 2013-03-31 2013-06-30
PEP 2013-03-31 2013-06-30
PH 2013-03-31 2013-06-30
PHM 2013-03-31 2013-06-30
RRC 2013-03-31 2013-06-30
SLB 2013-03-31 2013-06-30
TMO 2013-03-31 2013-06-30
AA 2013-03-31 2013-06-30
AAL 2013-03-31 2013-06-30
CF 2013-03-31 2013-06-30
CTRA 2013-03-31 2013-06-30
PG 2013-03-31 2013-06-30
VZ 2013-03-31 2013-06-30
MSFT 2013-03-31 2013-06-30
JNJ 2013-03-31 2013-06-30
V 2013-03-31 2013-06-30
MA 2013-03-31 2013-06-30
TRGP 2013-03-31 2013-06-30
OKE 2013-03-31 2013-06-30
SON 2013-03-31 2013-06-30
HD 2013-03-31 2013-06-30
INTC 2013-03-31 2013-06-30
this is adj rsquare: 0.3316931279524953
AAPL 2013-06-30 2013-09-30
AME 2013-06-30 2013-09-30
AMGN 2013-06-30 2013-09-30
AMT 2013-06-30 2013-09-30
DTE 2013-06-30 2013-09-30
DVN 2013-06-30 2013-09-30
EMN 2013-06-30 2013-09-30
FBIN 2013-06-30 2013-09-30
FERG 2013-06-30 2013-09-30
FR 2013-06-30 2013-09-30
GIS 2013-06-30 2013-09-30
H 2013-06-30 2013-09-30
LMT 2013-06-30 2013-09-30
LNT 2013-06-30 2013-09-30
LSTR 2013-06-30 2013-09-30
MCK 2013-06-30 2013-09-30
MCO 2013-06-30 2013-09-30
NEM 2013-06-30 2013-09-30
NLY 2013-06-30 2013-09-30
NNN 2013-06-30 2013-09-30
NUE 2013-06-30 2013-09-30
PEP 2013-06-30 2013-09-30
PH 2013-06-30 2013-09-30
PHM 2013-06-30 2013-09-30
RRC 2013-06-30 2013-09-30
SLB 2013-06-30 2013-09-30
TMO 2013-06-30 2013-09-30
AA 2013-06-30 2013-09-30
AAL 2013-06-30 2013-09-30
CF 2013-06-30 2013-09-30
CTRA 2013-06-30 2013-09-30
PG 2013-06-30 2013-09-30
VZ 2013-06-30 2013-09-30
MSFT 2013-06-30 2013-09-30
JNJ 2013-06-30 2013-09-30
V 2013-06-30 2013-09-30
MA 2013-06-30 2013-09-30
TRGP 2013-06-30 2013-09-30
OKE 2013-06-30 2013-09-30
SON 2013-06-30 2013-09-30
HD 2013-06-30 2013-09-30
INTC 2013-06-30 2013-09-30
this is adj rsquare: 0.051245795160062446
AAPL 2013-09-30 2013-12-31
AME 2013-09-30 2013-12-31
AMGN 2013-09-30 2013-12-31
AMT 2013-09-30 2013-12-31
DTE 2013-09-30 2013-12-31
DVN 2013-09-30 2013-12-31
EMN 2013-09-30 2013-12-31
FBIN 2013-09-30 2013-12-31
FERG 2013-09-30 2013-12-31
FR 2013-09-30 2013-12-31
GIS 2013-09-30 2013-12-31
H 2013-09-30 2013-12-31
LMT 2013-09-30 2013-12-31
LNT 2013-09-30 2013-12-31
LSTR 2013-09-30 2013-12-31
MCK 2013-09-30 2013-12-31
MCO 2013-09-30 2013-12-31
NEM 2013-09-30 2013-12-31
NLY 2013-09-30 2013-12-31
NNN 2013-09-30 2013-12-31
NUE 2013-09-30 2013-12-31
PEP 2013-09-30 2013-12-31
PH 2013-09-30 2013-12-31
PHM 2013-09-30 2013-12-31
RRC 2013-09-30 2013-12-31
SLB 2013-09-30 2013-12-31
TMO 2013-09-30 2013-12-31
AA 2013-09-30 2013-12-31
AAL 2013-09-30 2013-12-31
CF 2013-09-30 2013-12-31
CTRA 2013-09-30 2013-12-31
PG 2013-09-30 2013-12-31
VZ 2013-09-30 2013-12-31
MSFT 2013-09-30 2013-12-31
JNJ 2013-09-30 2013-12-31
V 2013-09-30 2013-12-31
MA 2013-09-30 2013-12-31
TRGP 2013-09-30 2013-12-31
OKE 2013-09-30 2013-12-31
SON 2013-09-30 2013-12-31
HD 2013-09-30 2013-12-31
INTC 2013-09-30 2013-12-31
this is adj rsquare: 0.10306789754410328
AAPL 2013-12-31 2014-03-31
AME 2013-12-31 2014-03-31
AMGN 2013-12-31 2014-03-31
AMT 2013-12-31 2014-03-31
DTE 2013-12-31 2014-03-31
DVN 2013-12-31 2014-03-31
EMN 2013-12-31 2014-03-31
FBIN 2013-12-31 2014-03-31
FERG 2013-12-31 2014-03-31
FR 2013-12-31 2014-03-31
GIS 2013-12-31 2014-03-31
H 2013-12-31 2014-03-31
LMT 2013-12-31 2014-03-31
LNT 2013-12-31 2014-03-31
LSTR 2013-12-31 2014-03-31
MCK 2013-12-31 2014-03-31
MCO 2013-12-31 2014-03-31
NEM 2013-12-31 2014-03-31
NLY 2013-12-31 2014-03-31
NNN 2013-12-31 2014-03-31
NUE 2013-12-31 2014-03-31
PEP 2013-12-31 2014-03-31
PH 2013-12-31 2014-03-31
PHM 2013-12-31 2014-03-31
RRC 2013-12-31 2014-03-31
SLB 2013-12-31 2014-03-31
TMO 2013-12-31 2014-03-31
AA 2013-12-31 2014-03-31
AAL 2013-12-31 2014-03-31
CF 2013-12-31 2014-03-31
CTRA 2013-12-31 2014-03-31
PG 2013-12-31 2014-03-31
VZ 2013-12-31 2014-03-31
MSFT 2013-12-31 2014-03-31
JNJ 2013-12-31 2014-03-31
V 2013-12-31 2014-03-31
MA 2013-12-31 2014-03-31
TRGP 2013-12-31 2014-03-31
OKE 2013-12-31 2014-03-31
SON 2013-12-31 2014-03-31
HD 2013-12-31 2014-03-31
INTC 2013-12-31 2014-03-31
this is adj rsquare: -0.08605941166811437
AAPL 2014-03-31 2014-06-30
AME 2014-03-31 2014-06-30
AMGN 2014-03-31 2014-06-30
AMT 2014-03-31 2014-06-30
DTE 2014-03-31 2014-06-30
DVN 2014-03-31 2014-06-30
EMN 2014-03-31 2014-06-30
FBIN 2014-03-31 2014-06-30
FERG 2014-03-31 2014-06-30
FR 2014-03-31 2014-06-30
GIS 2014-03-31 2014-06-30
H 2014-03-31 2014-06-30
LMT 2014-03-31 2014-06-30
LNT 2014-03-31 2014-06-30
LSTR 2014-03-31 2014-06-30
MCK 2014-03-31 2014-06-30
MCO 2014-03-31 2014-06-30
NEM 2014-03-31 2014-06-30
NLY 2014-03-31 2014-06-30
NNN 2014-03-31 2014-06-30
NUE 2014-03-31 2014-06-30
PEP 2014-03-31 2014-06-30
PH 2014-03-31 2014-06-30
PHM 2014-03-31 2014-06-30
RRC 2014-03-31 2014-06-30
SLB 2014-03-31 2014-06-30
TMO 2014-03-31 2014-06-30
AA 2014-03-31 2014-06-30
AAL 2014-03-31 2014-06-30
CF 2014-03-31 2014-06-30
CTRA 2014-03-31 2014-06-30
PG 2014-03-31 2014-06-30
VZ 2014-03-31 2014-06-30
MSFT 2014-03-31 2014-06-30
JNJ 2014-03-31 2014-06-30
V 2014-03-31 2014-06-30
MA 2014-03-31 2014-06-30
TRGP 2014-03-31 2014-06-30
OKE 2014-03-31 2014-06-30
SON 2014-03-31 2014-06-30
HD 2014-03-31 2014-06-30
INTC 2014-03-31 2014-06-30
this is adj rsquare: 0.005793117457248753
AAPL 2014-06-30 2014-09-30
AME 2014-06-30 2014-09-30
AMGN 2014-06-30 2014-09-30
AMT 2014-06-30 2014-09-30
DTE 2014-06-30 2014-09-30
DVN 2014-06-30 2014-09-30
EMN 2014-06-30 2014-09-30
FBIN 2014-06-30 2014-09-30
FERG 2014-06-30 2014-09-30
FR 2014-06-30 2014-09-30
GIS 2014-06-30 2014-09-30
H 2014-06-30 2014-09-30
LMT 2014-06-30 2014-09-30
LNT 2014-06-30 2014-09-30
LSTR 2014-06-30 2014-09-30
MCK 2014-06-30 2014-09-30
MCO 2014-06-30 2014-09-30
NEM 2014-06-30 2014-09-30
NLY 2014-06-30 2014-09-30
NNN 2014-06-30 2014-09-30
NUE 2014-06-30 2014-09-30
PEP 2014-06-30 2014-09-30
PH 2014-06-30 2014-09-30
PHM 2014-06-30 2014-09-30
RRC 2014-06-30 2014-09-30
SLB 2014-06-30 2014-09-30
TMO 2014-06-30 2014-09-30
AA 2014-06-30 2014-09-30
AAL 2014-06-30 2014-09-30
CF 2014-06-30 2014-09-30
CTRA 2014-06-30 2014-09-30
PG 2014-06-30 2014-09-30
VZ 2014-06-30 2014-09-30
MSFT 2014-06-30 2014-09-30
JNJ 2014-06-30 2014-09-30
V 2014-06-30 2014-09-30
MA 2014-06-30 2014-09-30
TRGP 2014-06-30 2014-09-30
OKE 2014-06-30 2014-09-30
SON 2014-06-30 2014-09-30
HD 2014-06-30 2014-09-30
INTC 2014-06-30 2014-09-30
this is adj rsquare: 0.059720842387512074
AAPL 2014-09-30 2014-12-31
AME 2014-09-30 2014-12-31
AMGN 2014-09-30 2014-12-31
AMT 2014-09-30 2014-12-31
DTE 2014-09-30 2014-12-31
DVN 2014-09-30 2014-12-31
EMN 2014-09-30 2014-12-31
FBIN 2014-09-30 2014-12-31
FERG 2014-09-30 2014-12-31
FR 2014-09-30 2014-12-31
GIS 2014-09-30 2014-12-31
H 2014-09-30 2014-12-31
LMT 2014-09-30 2014-12-31
LNT 2014-09-30 2014-12-31
LSTR 2014-09-30 2014-12-31
MCK 2014-09-30 2014-12-31
MCO 2014-09-30 2014-12-31
NEM 2014-09-30 2014-12-31
NLY 2014-09-30 2014-12-31
NNN 2014-09-30 2014-12-31
NUE 2014-09-30 2014-12-31
PEP 2014-09-30 2014-12-31
PH 2014-09-30 2014-12-31
PHM 2014-09-30 2014-12-31
RRC 2014-09-30 2014-12-31
SLB 2014-09-30 2014-12-31
TMO 2014-09-30 2014-12-31
AA 2014-09-30 2014-12-31
AAL 2014-09-30 2014-12-31
CF 2014-09-30 2014-12-31
CTRA 2014-09-30 2014-12-31
PG 2014-09-30 2014-12-31
VZ 2014-09-30 2014-12-31
MSFT 2014-09-30 2014-12-31
JNJ 2014-09-30 2014-12-31
V 2014-09-30 2014-12-31
MA 2014-09-30 2014-12-31
TRGP 2014-09-30 2014-12-31
OKE 2014-09-30 2014-12-31
SON 2014-09-30 2014-12-31
HD 2014-09-30 2014-12-31
INTC 2014-09-30 2014-12-31
this is adj rsquare: -0.04099272345247762
AAPL 2014-12-31 2015-03-31
AME 2014-12-31 2015-03-31
AMGN 2014-12-31 2015-03-31
AMT 2014-12-31 2015-03-31
DTE 2014-12-31 2015-03-31
DVN 2014-12-31 2015-03-31
EMN 2014-12-31 2015-03-31
FBIN 2014-12-31 2015-03-31
FERG 2014-12-31 2015-03-31
FR 2014-12-31 2015-03-31
GIS 2014-12-31 2015-03-31
H 2014-12-31 2015-03-31
LMT 2014-12-31 2015-03-31
LNT 2014-12-31 2015-03-31
LSTR 2014-12-31 2015-03-31
MCK 2014-12-31 2015-03-31
MCO 2014-12-31 2015-03-31
NEM 2014-12-31 2015-03-31
NLY 2014-12-31 2015-03-31
NNN 2014-12-31 2015-03-31
NUE 2014-12-31 2015-03-31
PEP 2014-12-31 2015-03-31
PH 2014-12-31 2015-03-31
PHM 2014-12-31 2015-03-31
RRC 2014-12-31 2015-03-31
SLB 2014-12-31 2015-03-31
TMO 2014-12-31 2015-03-31
AA 2014-12-31 2015-03-31
AAL 2014-12-31 2015-03-31
CF 2014-12-31 2015-03-31
CTRA 2014-12-31 2015-03-31
PG 2014-12-31 2015-03-31
VZ 2014-12-31 2015-03-31
MSFT 2014-12-31 2015-03-31
JNJ 2014-12-31 2015-03-31
V 2014-12-31 2015-03-31
MA 2014-12-31 2015-03-31
TRGP 2014-12-31 2015-03-31
OKE 2014-12-31 2015-03-31
SON 2014-12-31 2015-03-31
HD 2014-12-31 2015-03-31
INTC 2014-12-31 2015-03-31
this is adj rsquare: 0.0763539788486367
AAPL 2015-03-31 2015-06-30
AME 2015-03-31 2015-06-30
AMGN 2015-03-31 2015-06-30
AMT 2015-03-31 2015-06-30
DTE 2015-03-31 2015-06-30
DVN 2015-03-31 2015-06-30
EMN 2015-03-31 2015-06-30
FBIN 2015-03-31 2015-06-30
FERG 2015-03-31 2015-06-30
FR 2015-03-31 2015-06-30
GIS 2015-03-31 2015-06-30
H 2015-03-31 2015-06-30
LMT 2015-03-31 2015-06-30
LNT 2015-03-31 2015-06-30
LSTR 2015-03-31 2015-06-30
MCK 2015-03-31 2015-06-30
MCO 2015-03-31 2015-06-30
NEM 2015-03-31 2015-06-30
NLY 2015-03-31 2015-06-30
NNN 2015-03-31 2015-06-30
NUE 2015-03-31 2015-06-30
PEP 2015-03-31 2015-06-30
PH 2015-03-31 2015-06-30
PHM 2015-03-31 2015-06-30
RRC 2015-03-31 2015-06-30
SLB 2015-03-31 2015-06-30
TMO 2015-03-31 2015-06-30
AA 2015-03-31 2015-06-30
AAL 2015-03-31 2015-06-30
CF 2015-03-31 2015-06-30
CTRA 2015-03-31 2015-06-30
PG 2015-03-31 2015-06-30
VZ 2015-03-31 2015-06-30
MSFT 2015-03-31 2015-06-30
JNJ 2015-03-31 2015-06-30
V 2015-03-31 2015-06-30
MA 2015-03-31 2015-06-30
TRGP 2015-03-31 2015-06-30
OKE 2015-03-31 2015-06-30
SON 2015-03-31 2015-06-30
HD 2015-03-31 2015-06-30
INTC 2015-03-31 2015-06-30
this is adj rsquare: -0.08559246181239022
AAPL 2015-06-30 2015-09-30
AME 2015-06-30 2015-09-30
AMGN 2015-06-30 2015-09-30
AMT 2015-06-30 2015-09-30
DTE 2015-06-30 2015-09-30
DVN 2015-06-30 2015-09-30
EMN 2015-06-30 2015-09-30
FBIN 2015-06-30 2015-09-30
FERG 2015-06-30 2015-09-30
FR 2015-06-30 2015-09-30
GIS 2015-06-30 2015-09-30
H 2015-06-30 2015-09-30
LMT 2015-06-30 2015-09-30
LNT 2015-06-30 2015-09-30
LSTR 2015-06-30 2015-09-30
MCK 2015-06-30 2015-09-30
MCO 2015-06-30 2015-09-30
NEM 2015-06-30 2015-09-30
NLY 2015-06-30 2015-09-30
NNN 2015-06-30 2015-09-30
NUE 2015-06-30 2015-09-30
PEP 2015-06-30 2015-09-30
PH 2015-06-30 2015-09-30
PHM 2015-06-30 2015-09-30
RRC 2015-06-30 2015-09-30
SLB 2015-06-30 2015-09-30
TMO 2015-06-30 2015-09-30
AA 2015-06-30 2015-09-30
AAL 2015-06-30 2015-09-30
CF 2015-06-30 2015-09-30
CTRA 2015-06-30 2015-09-30
PG 2015-06-30 2015-09-30
VZ 2015-06-30 2015-09-30
MSFT 2015-06-30 2015-09-30
JNJ 2015-06-30 2015-09-30
V 2015-06-30 2015-09-30
MA 2015-06-30 2015-09-30
TRGP 2015-06-30 2015-09-30
OKE 2015-06-30 2015-09-30
SON 2015-06-30 2015-09-30
HD 2015-06-30 2015-09-30
INTC 2015-06-30 2015-09-30
this is adj rsquare: 0.2944281357052696
AAPL 2015-09-30 2015-12-31
AME 2015-09-30 2015-12-31
AMGN 2015-09-30 2015-12-31
AMT 2015-09-30 2015-12-31
DTE 2015-09-30 2015-12-31
DVN 2015-09-30 2015-12-31
EMN 2015-09-30 2015-12-31
FBIN 2015-09-30 2015-12-31
FERG 2015-09-30 2015-12-31
FR 2015-09-30 2015-12-31
GIS 2015-09-30 2015-12-31
H 2015-09-30 2015-12-31
LMT 2015-09-30 2015-12-31
LNT 2015-09-30 2015-12-31
LSTR 2015-09-30 2015-12-31
MCK 2015-09-30 2015-12-31
MCO 2015-09-30 2015-12-31
NEM 2015-09-30 2015-12-31
NLY 2015-09-30 2015-12-31
NNN 2015-09-30 2015-12-31
NUE 2015-09-30 2015-12-31
PEP 2015-09-30 2015-12-31
PH 2015-09-30 2015-12-31
PHM 2015-09-30 2015-12-31
RRC 2015-09-30 2015-12-31
SLB 2015-09-30 2015-12-31
TMO 2015-09-30 2015-12-31
AA 2015-09-30 2015-12-31
AAL 2015-09-30 2015-12-31
CF 2015-09-30 2015-12-31
CTRA 2015-09-30 2015-12-31
PG 2015-09-30 2015-12-31
VZ 2015-09-30 2015-12-31
MSFT 2015-09-30 2015-12-31
JNJ 2015-09-30 2015-12-31
V 2015-09-30 2015-12-31
MA 2015-09-30 2015-12-31
TRGP 2015-09-30 2015-12-31
OKE 2015-09-30 2015-12-31
SON 2015-09-30 2015-12-31
HD 2015-09-30 2015-12-31
INTC 2015-09-30 2015-12-31
this is adj rsquare: 0.3177289449355023
AAPL 2015-12-31 2016-03-31
AME 2015-12-31 2016-03-31
AMGN 2015-12-31 2016-03-31
AMT 2015-12-31 2016-03-31
DTE 2015-12-31 2016-03-31
DVN 2015-12-31 2016-03-31
EMN 2015-12-31 2016-03-31
FBIN 2015-12-31 2016-03-31
FERG 2015-12-31 2016-03-31
FR 2015-12-31 2016-03-31
GIS 2015-12-31 2016-03-31
H 2015-12-31 2016-03-31
LMT 2015-12-31 2016-03-31
LNT 2015-12-31 2016-03-31
LSTR 2015-12-31 2016-03-31
MCK 2015-12-31 2016-03-31
MCO 2015-12-31 2016-03-31
NEM 2015-12-31 2016-03-31
NLY 2015-12-31 2016-03-31
NNN 2015-12-31 2016-03-31
NUE 2015-12-31 2016-03-31
PEP 2015-12-31 2016-03-31
PH 2015-12-31 2016-03-31
PHM 2015-12-31 2016-03-31
RRC 2015-12-31 2016-03-31
SLB 2015-12-31 2016-03-31
TMO 2015-12-31 2016-03-31
AA 2015-12-31 2016-03-31
AAL 2015-12-31 2016-03-31
CF 2015-12-31 2016-03-31
CTRA 2015-12-31 2016-03-31
PG 2015-12-31 2016-03-31
VZ 2015-12-31 2016-03-31
MSFT 2015-12-31 2016-03-31
JNJ 2015-12-31 2016-03-31
V 2015-12-31 2016-03-31
MA 2015-12-31 2016-03-31
TRGP 2015-12-31 2016-03-31
OKE 2015-12-31 2016-03-31
SON 2015-12-31 2016-03-31
HD 2015-12-31 2016-03-31
INTC 2015-12-31 2016-03-31
this is adj rsquare: -0.06979451972590311
AAPL 2016-03-31 2016-06-30
AME 2016-03-31 2016-06-30
AMGN 2016-03-31 2016-06-30
AMT 2016-03-31 2016-06-30
DTE 2016-03-31 2016-06-30
DVN 2016-03-31 2016-06-30
EMN 2016-03-31 2016-06-30
FBIN 2016-03-31 2016-06-30
FERG 2016-03-31 2016-06-30
FR 2016-03-31 2016-06-30
GIS 2016-03-31 2016-06-30
H 2016-03-31 2016-06-30
LMT 2016-03-31 2016-06-30
LNT 2016-03-31 2016-06-30
LSTR 2016-03-31 2016-06-30
MCK 2016-03-31 2016-06-30
MCO 2016-03-31 2016-06-30
NEM 2016-03-31 2016-06-30
NLY 2016-03-31 2016-06-30
NNN 2016-03-31 2016-06-30
NUE 2016-03-31 2016-06-30
PEP 2016-03-31 2016-06-30
PH 2016-03-31 2016-06-30
PHM 2016-03-31 2016-06-30
RRC 2016-03-31 2016-06-30
SLB 2016-03-31 2016-06-30
TMO 2016-03-31 2016-06-30
AA 2016-03-31 2016-06-30
AAL 2016-03-31 2016-06-30
CF 2016-03-31 2016-06-30
CTRA 2016-03-31 2016-06-30
PG 2016-03-31 2016-06-30
VZ 2016-03-31 2016-06-30
MSFT 2016-03-31 2016-06-30
JNJ 2016-03-31 2016-06-30
V 2016-03-31 2016-06-30
MA 2016-03-31 2016-06-30
TRGP 2016-03-31 2016-06-30
OKE 2016-03-31 2016-06-30
SON 2016-03-31 2016-06-30
HD 2016-03-31 2016-06-30
INTC 2016-03-31 2016-06-30
this is adj rsquare: 0.31188932028296124
AAPL 2016-06-30 2016-09-30
AME 2016-06-30 2016-09-30
AMGN 2016-06-30 2016-09-30
AMT 2016-06-30 2016-09-30
DTE 2016-06-30 2016-09-30
DVN 2016-06-30 2016-09-30
EMN 2016-06-30 2016-09-30
FBIN 2016-06-30 2016-09-30
FERG 2016-06-30 2016-09-30
FR 2016-06-30 2016-09-30
GIS 2016-06-30 2016-09-30
H 2016-06-30 2016-09-30
LMT 2016-06-30 2016-09-30
LNT 2016-06-30 2016-09-30
LSTR 2016-06-30 2016-09-30
MCK 2016-06-30 2016-09-30
MCO 2016-06-30 2016-09-30
NEM 2016-06-30 2016-09-30
NLY 2016-06-30 2016-09-30
NNN 2016-06-30 2016-09-30
NUE 2016-06-30 2016-09-30
PEP 2016-06-30 2016-09-30
PH 2016-06-30 2016-09-30
PHM 2016-06-30 2016-09-30
RRC 2016-06-30 2016-09-30
SLB 2016-06-30 2016-09-30
TMO 2016-06-30 2016-09-30
AA 2016-06-30 2016-09-30
AAL 2016-06-30 2016-09-30
CF 2016-06-30 2016-09-30
CTRA 2016-06-30 2016-09-30
PG 2016-06-30 2016-09-30
VZ 2016-06-30 2016-09-30
MSFT 2016-06-30 2016-09-30
JNJ 2016-06-30 2016-09-30
V 2016-06-30 2016-09-30
MA 2016-06-30 2016-09-30
TRGP 2016-06-30 2016-09-30
OKE 2016-06-30 2016-09-30
SON 2016-06-30 2016-09-30
HD 2016-06-30 2016-09-30
INTC 2016-06-30 2016-09-30
this is adj rsquare: -0.08796716243483105
AAPL 2016-09-30 2016-12-31
AME 2016-09-30 2016-12-31
AMGN 2016-09-30 2016-12-31
AMT 2016-09-30 2016-12-31
DTE 2016-09-30 2016-12-31
DVN 2016-09-30 2016-12-31
EMN 2016-09-30 2016-12-31
FBIN 2016-09-30 2016-12-31
FERG 2016-09-30 2016-12-31
FR 2016-09-30 2016-12-31
GIS 2016-09-30 2016-12-31
H 2016-09-30 2016-12-31
LMT 2016-09-30 2016-12-31
LNT 2016-09-30 2016-12-31
LSTR 2016-09-30 2016-12-31
MCK 2016-09-30 2016-12-31
MCO 2016-09-30 2016-12-31
NEM 2016-09-30 2016-12-31
NLY 2016-09-30 2016-12-31
NNN 2016-09-30 2016-12-31
NUE 2016-09-30 2016-12-31
PEP 2016-09-30 2016-12-31
PH 2016-09-30 2016-12-31
PHM 2016-09-30 2016-12-31
RRC 2016-09-30 2016-12-31
SLB 2016-09-30 2016-12-31
TMO 2016-09-30 2016-12-31
AA 2016-09-30 2016-12-31
AAL 2016-09-30 2016-12-31
CF 2016-09-30 2016-12-31
CTRA 2016-09-30 2016-12-31
PG 2016-09-30 2016-12-31
VZ 2016-09-30 2016-12-31
MSFT 2016-09-30 2016-12-31
JNJ 2016-09-30 2016-12-31
V 2016-09-30 2016-12-31
MA 2016-09-30 2016-12-31
TRGP 2016-09-30 2016-12-31
OKE 2016-09-30 2016-12-31
SON 2016-09-30 2016-12-31
HD 2016-09-30 2016-12-31
INTC 2016-09-30 2016-12-31
this is adj rsquare: 0.27209561377733626
AAPL 2016-12-31 2017-03-31
AME 2016-12-31 2017-03-31
AMGN 2016-12-31 2017-03-31
AMT 2016-12-31 2017-03-31
DTE 2016-12-31 2017-03-31
DVN 2016-12-31 2017-03-31
EMN 2016-12-31 2017-03-31
FBIN 2016-12-31 2017-03-31
FERG 2016-12-31 2017-03-31
FR 2016-12-31 2017-03-31
GIS 2016-12-31 2017-03-31
H 2016-12-31 2017-03-31
LMT 2016-12-31 2017-03-31
LNT 2016-12-31 2017-03-31
LSTR 2016-12-31 2017-03-31
MCK 2016-12-31 2017-03-31
MCO 2016-12-31 2017-03-31
NEM 2016-12-31 2017-03-31
NLY 2016-12-31 2017-03-31
NNN 2016-12-31 2017-03-31
NUE 2016-12-31 2017-03-31
PEP 2016-12-31 2017-03-31
PH 2016-12-31 2017-03-31
PHM 2016-12-31 2017-03-31
RRC 2016-12-31 2017-03-31
SLB 2016-12-31 2017-03-31
TMO 2016-12-31 2017-03-31
AA 2016-12-31 2017-03-31
AAL 2016-12-31 2017-03-31
CF 2016-12-31 2017-03-31
CTRA 2016-12-31 2017-03-31
PG 2016-12-31 2017-03-31
VZ 2016-12-31 2017-03-31
MSFT 2016-12-31 2017-03-31
JNJ 2016-12-31 2017-03-31
V 2016-12-31 2017-03-31
MA 2016-12-31 2017-03-31
TRGP 2016-12-31 2017-03-31
OKE 2016-12-31 2017-03-31
SON 2016-12-31 2017-03-31
HD 2016-12-31 2017-03-31
INTC 2016-12-31 2017-03-31
this is adj rsquare: -0.04551082524126038
AAPL 2017-03-31 2017-06-30
AME 2017-03-31 2017-06-30
AMGN 2017-03-31 2017-06-30
AMT 2017-03-31 2017-06-30
DTE 2017-03-31 2017-06-30
DVN 2017-03-31 2017-06-30
EMN 2017-03-31 2017-06-30
FBIN 2017-03-31 2017-06-30
FERG 2017-03-31 2017-06-30
FR 2017-03-31 2017-06-30
GIS 2017-03-31 2017-06-30
H 2017-03-31 2017-06-30
LMT 2017-03-31 2017-06-30
LNT 2017-03-31 2017-06-30
LSTR 2017-03-31 2017-06-30
MCK 2017-03-31 2017-06-30
MCO 2017-03-31 2017-06-30
NEM 2017-03-31 2017-06-30
NLY 2017-03-31 2017-06-30
NNN 2017-03-31 2017-06-30
NUE 2017-03-31 2017-06-30
PEP 2017-03-31 2017-06-30
PH 2017-03-31 2017-06-30
PHM 2017-03-31 2017-06-30
RRC 2017-03-31 2017-06-30
SLB 2017-03-31 2017-06-30
TMO 2017-03-31 2017-06-30
AA 2017-03-31 2017-06-30
AAL 2017-03-31 2017-06-30
CF 2017-03-31 2017-06-30
CTRA 2017-03-31 2017-06-30
PG 2017-03-31 2017-06-30
VZ 2017-03-31 2017-06-30
MSFT 2017-03-31 2017-06-30
JNJ 2017-03-31 2017-06-30
V 2017-03-31 2017-06-30
MA 2017-03-31 2017-06-30
TRGP 2017-03-31 2017-06-30
OKE 2017-03-31 2017-06-30
SON 2017-03-31 2017-06-30
HD 2017-03-31 2017-06-30
INTC 2017-03-31 2017-06-30
this is adj rsquare: -0.001264245760253191
AAPL 2017-06-30 2017-09-30
AME 2017-06-30 2017-09-30
AMGN 2017-06-30 2017-09-30
AMT 2017-06-30 2017-09-30
DTE 2017-06-30 2017-09-30
DVN 2017-06-30 2017-09-30
EMN 2017-06-30 2017-09-30
FBIN 2017-06-30 2017-09-30
FERG 2017-06-30 2017-09-30
FR 2017-06-30 2017-09-30
GIS 2017-06-30 2017-09-30
H 2017-06-30 2017-09-30
LMT 2017-06-30 2017-09-30
LNT 2017-06-30 2017-09-30
LSTR 2017-06-30 2017-09-30
MCK 2017-06-30 2017-09-30
MCO 2017-06-30 2017-09-30
NEM 2017-06-30 2017-09-30
NLY 2017-06-30 2017-09-30
NNN 2017-06-30 2017-09-30
NUE 2017-06-30 2017-09-30
PEP 2017-06-30 2017-09-30
PH 2017-06-30 2017-09-30
PHM 2017-06-30 2017-09-30
RRC 2017-06-30 2017-09-30
SLB 2017-06-30 2017-09-30
TMO 2017-06-30 2017-09-30
AA 2017-06-30 2017-09-30
AAL 2017-06-30 2017-09-30
CF 2017-06-30 2017-09-30
CTRA 2017-06-30 2017-09-30
PG 2017-06-30 2017-09-30
VZ 2017-06-30 2017-09-30
MSFT 2017-06-30 2017-09-30
JNJ 2017-06-30 2017-09-30
V 2017-06-30 2017-09-30
MA 2017-06-30 2017-09-30
TRGP 2017-06-30 2017-09-30
OKE 2017-06-30 2017-09-30
SON 2017-06-30 2017-09-30
HD 2017-06-30 2017-09-30
INTC 2017-06-30 2017-09-30
this is adj rsquare: 0.43459446420469794
AAPL 2017-09-30 2017-12-31
AME 2017-09-30 2017-12-31
AMGN 2017-09-30 2017-12-31
AMT 2017-09-30 2017-12-31
DTE 2017-09-30 2017-12-31
DVN 2017-09-30 2017-12-31
EMN 2017-09-30 2017-12-31
FBIN 2017-09-30 2017-12-31
FERG 2017-09-30 2017-12-31
FR 2017-09-30 2017-12-31
GIS 2017-09-30 2017-12-31
H 2017-09-30 2017-12-31
LMT 2017-09-30 2017-12-31
LNT 2017-09-30 2017-12-31
LSTR 2017-09-30 2017-12-31
MCK 2017-09-30 2017-12-31
MCO 2017-09-30 2017-12-31
NEM 2017-09-30 2017-12-31
NLY 2017-09-30 2017-12-31
NNN 2017-09-30 2017-12-31
NUE 2017-09-30 2017-12-31
PEP 2017-09-30 2017-12-31
PH 2017-09-30 2017-12-31
PHM 2017-09-30 2017-12-31
RRC 2017-09-30 2017-12-31
SLB 2017-09-30 2017-12-31
TMO 2017-09-30 2017-12-31
AA 2017-09-30 2017-12-31
AAL 2017-09-30 2017-12-31
CF 2017-09-30 2017-12-31
CTRA 2017-09-30 2017-12-31
PG 2017-09-30 2017-12-31
VZ 2017-09-30 2017-12-31
MSFT 2017-09-30 2017-12-31
JNJ 2017-09-30 2017-12-31
V 2017-09-30 2017-12-31
MA 2017-09-30 2017-12-31
TRGP 2017-09-30 2017-12-31
OKE 2017-09-30 2017-12-31
SON 2017-09-30 2017-12-31
HD 2017-09-30 2017-12-31
INTC 2017-09-30 2017-12-31
this is adj rsquare: 0.020428266902392744
AAPL 2017-12-31 2018-03-31
AME 2017-12-31 2018-03-31
AMGN 2017-12-31 2018-03-31
AMT 2017-12-31 2018-03-31
DTE 2017-12-31 2018-03-31
DVN 2017-12-31 2018-03-31
EMN 2017-12-31 2018-03-31
FBIN 2017-12-31 2018-03-31
FERG 2017-12-31 2018-03-31
FR 2017-12-31 2018-03-31
GIS 2017-12-31 2018-03-31
H 2017-12-31 2018-03-31
LMT 2017-12-31 2018-03-31
LNT 2017-12-31 2018-03-31
LSTR 2017-12-31 2018-03-31
MCK 2017-12-31 2018-03-31
MCO 2017-12-31 2018-03-31
NEM 2017-12-31 2018-03-31
NLY 2017-12-31 2018-03-31
NNN 2017-12-31 2018-03-31
NUE 2017-12-31 2018-03-31
PEP 2017-12-31 2018-03-31
PH 2017-12-31 2018-03-31
PHM 2017-12-31 2018-03-31
RRC 2017-12-31 2018-03-31
SLB 2017-12-31 2018-03-31
TMO 2017-12-31 2018-03-31
AA 2017-12-31 2018-03-31
AAL 2017-12-31 2018-03-31
CF 2017-12-31 2018-03-31
CTRA 2017-12-31 2018-03-31
PG 2017-12-31 2018-03-31
VZ 2017-12-31 2018-03-31
MSFT 2017-12-31 2018-03-31
JNJ 2017-12-31 2018-03-31
V 2017-12-31 2018-03-31
MA 2017-12-31 2018-03-31
TRGP 2017-12-31 2018-03-31
OKE 2017-12-31 2018-03-31
SON 2017-12-31 2018-03-31
HD 2017-12-31 2018-03-31
INTC 2017-12-31 2018-03-31
this is adj rsquare: -0.06576787489454516
AAPL 2018-03-31 2018-06-30
AME 2018-03-31 2018-06-30
AMGN 2018-03-31 2018-06-30
AMT 2018-03-31 2018-06-30
DTE 2018-03-31 2018-06-30
DVN 2018-03-31 2018-06-30
EMN 2018-03-31 2018-06-30
FBIN 2018-03-31 2018-06-30
FERG 2018-03-31 2018-06-30
FR 2018-03-31 2018-06-30
GIS 2018-03-31 2018-06-30
H 2018-03-31 2018-06-30
LMT 2018-03-31 2018-06-30
LNT 2018-03-31 2018-06-30
LSTR 2018-03-31 2018-06-30
MCK 2018-03-31 2018-06-30
MCO 2018-03-31 2018-06-30
NEM 2018-03-31 2018-06-30
NLY 2018-03-31 2018-06-30
NNN 2018-03-31 2018-06-30
NUE 2018-03-31 2018-06-30
PEP 2018-03-31 2018-06-30
PH 2018-03-31 2018-06-30
PHM 2018-03-31 2018-06-30
RRC 2018-03-31 2018-06-30
SLB 2018-03-31 2018-06-30
TMO 2018-03-31 2018-06-30
AA 2018-03-31 2018-06-30
AAL 2018-03-31 2018-06-30
CF 2018-03-31 2018-06-30
CTRA 2018-03-31 2018-06-30
PG 2018-03-31 2018-06-30
VZ 2018-03-31 2018-06-30
MSFT 2018-03-31 2018-06-30
JNJ 2018-03-31 2018-06-30
V 2018-03-31 2018-06-30
MA 2018-03-31 2018-06-30
TRGP 2018-03-31 2018-06-30
OKE 2018-03-31 2018-06-30
SON 2018-03-31 2018-06-30
HD 2018-03-31 2018-06-30
INTC 2018-03-31 2018-06-30
this is adj rsquare: 0.02727971711819488
AAPL 2018-06-30 2018-09-30
AME 2018-06-30 2018-09-30
AMGN 2018-06-30 2018-09-30
AMT 2018-06-30 2018-09-30
DTE 2018-06-30 2018-09-30
DVN 2018-06-30 2018-09-30
EMN 2018-06-30 2018-09-30
FBIN 2018-06-30 2018-09-30
FERG 2018-06-30 2018-09-30
FR 2018-06-30 2018-09-30
GIS 2018-06-30 2018-09-30
H 2018-06-30 2018-09-30
LMT 2018-06-30 2018-09-30
LNT 2018-06-30 2018-09-30
LSTR 2018-06-30 2018-09-30
MCK 2018-06-30 2018-09-30
MCO 2018-06-30 2018-09-30
NEM 2018-06-30 2018-09-30
NLY 2018-06-30 2018-09-30
NNN 2018-06-30 2018-09-30
NUE 2018-06-30 2018-09-30
PEP 2018-06-30 2018-09-30
PH 2018-06-30 2018-09-30
PHM 2018-06-30 2018-09-30
RRC 2018-06-30 2018-09-30
SLB 2018-06-30 2018-09-30
TMO 2018-06-30 2018-09-30
AA 2018-06-30 2018-09-30
AAL 2018-06-30 2018-09-30
CF 2018-06-30 2018-09-30
CTRA 2018-06-30 2018-09-30
PG 2018-06-30 2018-09-30
VZ 2018-06-30 2018-09-30
MSFT 2018-06-30 2018-09-30
JNJ 2018-06-30 2018-09-30
V 2018-06-30 2018-09-30
MA 2018-06-30 2018-09-30
TRGP 2018-06-30 2018-09-30
OKE 2018-06-30 2018-09-30
SON 2018-06-30 2018-09-30
HD 2018-06-30 2018-09-30
INTC 2018-06-30 2018-09-30
this is adj rsquare: 0.1238022162128225
AAPL 2018-09-30 2018-12-31
AME 2018-09-30 2018-12-31
AMGN 2018-09-30 2018-12-31
AMT 2018-09-30 2018-12-31
DTE 2018-09-30 2018-12-31
DVN 2018-09-30 2018-12-31
EMN 2018-09-30 2018-12-31
FBIN 2018-09-30 2018-12-31
FERG 2018-09-30 2018-12-31
FR 2018-09-30 2018-12-31
GIS 2018-09-30 2018-12-31
H 2018-09-30 2018-12-31
LMT 2018-09-30 2018-12-31
LNT 2018-09-30 2018-12-31
LSTR 2018-09-30 2018-12-31
MCK 2018-09-30 2018-12-31
MCO 2018-09-30 2018-12-31
NEM 2018-09-30 2018-12-31
NLY 2018-09-30 2018-12-31
NNN 2018-09-30 2018-12-31
NUE 2018-09-30 2018-12-31
PEP 2018-09-30 2018-12-31
PH 2018-09-30 2018-12-31
PHM 2018-09-30 2018-12-31
RRC 2018-09-30 2018-12-31
SLB 2018-09-30 2018-12-31
TMO 2018-09-30 2018-12-31
AA 2018-09-30 2018-12-31
AAL 2018-09-30 2018-12-31
CF 2018-09-30 2018-12-31
CTRA 2018-09-30 2018-12-31
PG 2018-09-30 2018-12-31
VZ 2018-09-30 2018-12-31
MSFT 2018-09-30 2018-12-31
JNJ 2018-09-30 2018-12-31
V 2018-09-30 2018-12-31
MA 2018-09-30 2018-12-31
TRGP 2018-09-30 2018-12-31
OKE 2018-09-30 2018-12-31
SON 2018-09-30 2018-12-31
HD 2018-09-30 2018-12-31
INTC 2018-09-30 2018-12-31
this is adj rsquare: 0.08559977890942694
11
24
T-values: {'Constant': 1.9620323531413355, 'Price/Earnings': 0.5541326138337526, 'Price/Book Value': -0.09445942653609178, 'Return on Assets': 0.22882465348749484, 'Return on Equity ': 0.8866296903959058, 'Free Cash Flow per Share': -1.160758162730317, 'Price/Cash Flow': 0.8320632524182282, 'Dividend Yield (%)': 0.46845532671600354, 'Enterprise Value/EBITDA': -0.6430672038923673, 'Dividend Payout Ratio (%)': -0.5534913440322295, '8': 1.2241102534500958}
P-values: {'Constant': 0.06197014999860372, 'Price/Earnings': 0.5848362118179201, 'Price/Book Value': 0.9255623187546819, 'Return on Assets': 0.8210276094715122, 'Return on Equity ': 0.3844555451157958, 'Free Cash Flow per Share': 0.25764677054885293, 'Price/Cash Flow': 0.4139293420179143, 'Dividend Yield (%)': 0.6438683723801906, 'Enterprise Value/EBITDA': 0.5265403628012175, 'Dividend Payout Ratio (%)': 0.5852679541301667, '8': 0.23330235528573828}
{'Constant': 0.02328049637638836, 'Price/Earnings': 0.0036805705382167674, 'Price/Book Value': -0.0006086498339786317, 'Return on Assets': 0.0030218918626378163, 'Return on Equity ': 0.008861129357486638, 'Free Cash Flow per Share': -0.006960463060676347, 'Price/Cash Flow': 0.004726608662938657, 'Dividend Yield (%)': 0.005316939230200508, 'Enterprise Value/EBITDA': -0.006115479994223498, 'Dividend Payout Ratio (%)': -0.0028218338161761624, '8': 0.015377146827635987}
this is the average adj r-square: 0.09862847321103507
this is the median adj r-square: 0.05548331877378726
