Namespace(end_date=2018, feature_names='Price/Earnings,Price/Book Value,Return on Assets,Return on Equity ,Free Cash Flow per Share,Price/Cash Flow,Dividend Yield (%),Enterprise Value/EBITDA,Dividend Payout Ratio (%)', new_feature='', path_to_file='./', start_date=2013, y='3M Return')
['2012-12-31', '2013-03-31', '2013-06-30', '2013-09-30', '2013-12-31', '2014-03-31', '2014-06-30', '2014-09-30', '2014-12-31', '2015-03-31', '2015-06-30', '2015-09-30', '2015-12-31', '2016-03-31', '2016-06-30', '2016-09-30', '2016-12-31', '2017-03-31', '2017-06-30', '2017-09-30', '2017-12-31', '2018-03-31', '2018-06-30', '2018-09-30', '2018-12-31']
AAPL 2012-12-31 2018-12-31
this is Beta adj rsquare of AAPL and the value is 0.320212201181884:
AME 2012-12-31 2018-12-31
this is Beta adj rsquare of AME and the value is 0.685560035046912:
AMGN 2012-12-31 2018-12-31
this is Beta adj rsquare of AMGN and the value is 0.3654473764907027:
AMT 2012-12-31 2018-12-31
this is Beta adj rsquare of AMT and the value is 0.5170149227778749:
DTE 2012-12-31 2018-12-31
this is Beta adj rsquare of DTE and the value is 0.046991383846100354:
DVN 2012-12-31 2018-12-31
this is Beta adj rsquare of DVN and the value is 0.12763333349319572:
EMN 2012-12-31 2018-12-31
this is Beta adj rsquare of EMN and the value is 0.6457828004826085:
FBIN 2012-12-31 2018-12-31
this is Beta adj rsquare of FBIN and the value is 0.40708122910296984:
FERG 2012-12-31 2018-12-31
this is Beta adj rsquare of FERG and the value is 0.0:
FR 2012-12-31 2018-12-31
this is Beta adj rsquare of FR and the value is 0.4085449030020575:
GIS 2012-12-31 2018-12-31
this is Beta adj rsquare of GIS and the value is 0.3269885756126544:
H 2012-12-31 2018-12-31
this is Beta adj rsquare of H and the value is 0.2644533532583916:
LMT 2012-12-31 2018-12-31
this is Beta adj rsquare of LMT and the value is 0.3798161363355046:
LNT 2012-12-31 2018-12-31
this is Beta adj rsquare of LNT and the value is -0.14693987513808704:
LSTR 2012-12-31 2018-12-31
this is Beta adj rsquare of LSTR and the value is 0.49824994839904857:
MCK 2012-12-31 2018-12-31
this is Beta adj rsquare of MCK and the value is 0.3338995366817106:
MCO 2012-12-31 2018-12-31
this is Beta adj rsquare of MCO and the value is 0.4678818348909838:
NEM 2012-12-31 2018-12-31
this is Beta adj rsquare of NEM and the value is 0.14121068866690178:
NLY 2012-12-31 2018-12-31
this is Beta adj rsquare of NLY and the value is 0.3412252191299545:
NNN 2012-12-31 2018-12-31
this is Beta adj rsquare of NNN and the value is 0.0691357165140517:
NUE 2012-12-31 2018-12-31
this is Beta adj rsquare of NUE and the value is 0.6085773228484248:
PEP 2012-12-31 2018-12-31
this is Beta adj rsquare of PEP and the value is 0.00780256787173883:
PH 2012-12-31 2018-12-31
this is Beta adj rsquare of PH and the value is 0.33194096991911415:
PHM 2012-12-31 2018-12-31
this is Beta adj rsquare of PHM and the value is -0.3261660622530742:
RRC 2012-12-31 2018-12-31
this is Beta adj rsquare of RRC and the value is 0.5163444571820008:
SLB 2012-12-31 2018-12-31
this is Beta adj rsquare of SLB and the value is 0.5907842330344446:
TMO 2012-12-31 2018-12-31
this is Beta adj rsquare of TMO and the value is 0.37717893035484185:
AA 2012-12-31 2018-12-31
this is Beta adj rsquare of AA and the value is 0.39580594134383573:
AAL 2012-12-31 2018-12-31
this is Beta adj rsquare of AAL and the value is 0.23289894188604743:
CF 2012-12-31 2018-12-31
this is Beta adj rsquare of CF and the value is 0.4790319148858925:
CTRA 2012-12-31 2018-12-31
this is Beta adj rsquare of CTRA and the value is 0.5590613968212564:
PG 2012-12-31 2018-12-31
this is Beta adj rsquare of PG and the value is 0.3241144901116638:
VZ 2012-12-31 2018-12-31
this is Beta adj rsquare of VZ and the value is 0.2738423652855414:
MSFT 2012-12-31 2018-12-31
this is Beta adj rsquare of MSFT and the value is 0.48020233454601813:
JNJ 2012-12-31 2018-12-31
this is Beta adj rsquare of JNJ and the value is 0.4106382374354013:
V 2012-12-31 2018-12-31
this is Beta adj rsquare of V and the value is 0.5409573909199228:
MA 2012-12-31 2018-12-31
this is Beta adj rsquare of MA and the value is 0.2932678991331814:
TRGP 2012-12-31 2018-12-31
this is Beta adj rsquare of TRGP and the value is 0.45666371285894736:
OKE 2012-12-31 2018-12-31
this is Beta adj rsquare of OKE and the value is -0.030300398789779637:
SON 2012-12-31 2018-12-31
this is Beta adj rsquare of SON and the value is 0.4940167158936969:
HD 2012-12-31 2018-12-31
this is Beta adj rsquare of HD and the value is 0.40501795633993076:
INTC 2012-12-31 2018-12-31
this is Beta adj rsquare of INTC and the value is 0.27446988481816526:
['AAPL', 'AME', 'AMGN', 'AMT', 'DTE', 'DVN', 'EMN', 'FBIN', 'FERG', 'FR', 'GIS', 'H', 'LMT', 'LNT', 'LSTR', 'MCK', 'MCO', 'NEM', 'NLY', 'NNN', 'NUE', 'PEP', 'PH', 'PHM', 'RRC', 'SLB', 'TMO', 'AA', 'AAL', 'CF', 'CTRA', 'PG', 'VZ', 'MSFT', 'JNJ', 'V', 'MA', 'TRGP', 'OKE', 'SON', 'HD', 'INTC']
AAPL 2012-12-31 2013-03-31
AME 2012-12-31 2013-03-31
AMGN 2012-12-31 2013-03-31
AMT 2012-12-31 2013-03-31
DTE 2012-12-31 2013-03-31
DVN 2012-12-31 2013-03-31
EMN 2012-12-31 2013-03-31
FBIN 2012-12-31 2013-03-31
FERG 2012-12-31 2013-03-31
FR 2012-12-31 2013-03-31
GIS 2012-12-31 2013-03-31
H 2012-12-31 2013-03-31
LMT 2012-12-31 2013-03-31
LNT 2012-12-31 2013-03-31
LSTR 2012-12-31 2013-03-31
MCK 2012-12-31 2013-03-31
MCO 2012-12-31 2013-03-31
NEM 2012-12-31 2013-03-31
NLY 2012-12-31 2013-03-31
NNN 2012-12-31 2013-03-31
NUE 2012-12-31 2013-03-31
PEP 2012-12-31 2013-03-31
PH 2012-12-31 2013-03-31
PHM 2012-12-31 2013-03-31
RRC 2012-12-31 2013-03-31
SLB 2012-12-31 2013-03-31
TMO 2012-12-31 2013-03-31
AA 2012-12-31 2013-03-31
AAL 2012-12-31 2013-03-31
CF 2012-12-31 2013-03-31
CTRA 2012-12-31 2013-03-31
PG 2012-12-31 2013-03-31
VZ 2012-12-31 2013-03-31
MSFT 2012-12-31 2013-03-31
JNJ 2012-12-31 2013-03-31
V 2012-12-31 2013-03-31
MA 2012-12-31 2013-03-31
TRGP 2012-12-31 2013-03-31
OKE 2012-12-31 2013-03-31
SON 2012-12-31 2013-03-31
HD 2012-12-31 2013-03-31
INTC 2012-12-31 2013-03-31
this is adj rsquare: 0.26413070636220415
AAPL 2013-03-31 2013-06-30
AME 2013-03-31 2013-06-30
AMGN 2013-03-31 2013-06-30
AMT 2013-03-31 2013-06-30
DTE 2013-03-31 2013-06-30
DVN 2013-03-31 2013-06-30
EMN 2013-03-31 2013-06-30
FBIN 2013-03-31 2013-06-30
FERG 2013-03-31 2013-06-30
FR 2013-03-31 2013-06-30
GIS 2013-03-31 2013-06-30
H 2013-03-31 2013-06-30
LMT 2013-03-31 2013-06-30
LNT 2013-03-31 2013-06-30
LSTR 2013-03-31 2013-06-30
MCK 2013-03-31 2013-06-30
MCO 2013-03-31 2013-06-30
NEM 2013-03-31 2013-06-30
NLY 2013-03-31 2013-06-30
NNN 2013-03-31 2013-06-30
NUE 2013-03-31 2013-06-30
PEP 2013-03-31 2013-06-30
PH 2013-03-31 2013-06-30
PHM 2013-03-31 2013-06-30
RRC 2013-03-31 2013-06-30
SLB 2013-03-31 2013-06-30
TMO 2013-03-31 2013-06-30
AA 2013-03-31 2013-06-30
AAL 2013-03-31 2013-06-30
CF 2013-03-31 2013-06-30
CTRA 2013-03-31 2013-06-30
PG 2013-03-31 2013-06-30
VZ 2013-03-31 2013-06-30
MSFT 2013-03-31 2013-06-30
JNJ 2013-03-31 2013-06-30
V 2013-03-31 2013-06-30
MA 2013-03-31 2013-06-30
TRGP 2013-03-31 2013-06-30
OKE 2013-03-31 2013-06-30
SON 2013-03-31 2013-06-30
HD 2013-03-31 2013-06-30
INTC 2013-03-31 2013-06-30
this is adj rsquare: 0.25638749880410894
AAPL 2013-06-30 2013-09-30
AME 2013-06-30 2013-09-30
AMGN 2013-06-30 2013-09-30
AMT 2013-06-30 2013-09-30
DTE 2013-06-30 2013-09-30
DVN 2013-06-30 2013-09-30
EMN 2013-06-30 2013-09-30
FBIN 2013-06-30 2013-09-30
FERG 2013-06-30 2013-09-30
FR 2013-06-30 2013-09-30
GIS 2013-06-30 2013-09-30
H 2013-06-30 2013-09-30
LMT 2013-06-30 2013-09-30
LNT 2013-06-30 2013-09-30
LSTR 2013-06-30 2013-09-30
MCK 2013-06-30 2013-09-30
MCO 2013-06-30 2013-09-30
NEM 2013-06-30 2013-09-30
NLY 2013-06-30 2013-09-30
NNN 2013-06-30 2013-09-30
NUE 2013-06-30 2013-09-30
PEP 2013-06-30 2013-09-30
PH 2013-06-30 2013-09-30
PHM 2013-06-30 2013-09-30
RRC 2013-06-30 2013-09-30
SLB 2013-06-30 2013-09-30
TMO 2013-06-30 2013-09-30
AA 2013-06-30 2013-09-30
AAL 2013-06-30 2013-09-30
CF 2013-06-30 2013-09-30
CTRA 2013-06-30 2013-09-30
PG 2013-06-30 2013-09-30
VZ 2013-06-30 2013-09-30
MSFT 2013-06-30 2013-09-30
JNJ 2013-06-30 2013-09-30
V 2013-06-30 2013-09-30
MA 2013-06-30 2013-09-30
TRGP 2013-06-30 2013-09-30
OKE 2013-06-30 2013-09-30
SON 2013-06-30 2013-09-30
HD 2013-06-30 2013-09-30
INTC 2013-06-30 2013-09-30
this is adj rsquare: 0.07528256294296887
AAPL 2013-09-30 2013-12-31
AME 2013-09-30 2013-12-31
AMGN 2013-09-30 2013-12-31
AMT 2013-09-30 2013-12-31
DTE 2013-09-30 2013-12-31
DVN 2013-09-30 2013-12-31
EMN 2013-09-30 2013-12-31
FBIN 2013-09-30 2013-12-31
FERG 2013-09-30 2013-12-31
FR 2013-09-30 2013-12-31
GIS 2013-09-30 2013-12-31
H 2013-09-30 2013-12-31
LMT 2013-09-30 2013-12-31
LNT 2013-09-30 2013-12-31
LSTR 2013-09-30 2013-12-31
MCK 2013-09-30 2013-12-31
MCO 2013-09-30 2013-12-31
NEM 2013-09-30 2013-12-31
NLY 2013-09-30 2013-12-31
NNN 2013-09-30 2013-12-31
NUE 2013-09-30 2013-12-31
PEP 2013-09-30 2013-12-31
PH 2013-09-30 2013-12-31
PHM 2013-09-30 2013-12-31
RRC 2013-09-30 2013-12-31
SLB 2013-09-30 2013-12-31
TMO 2013-09-30 2013-12-31
AA 2013-09-30 2013-12-31
AAL 2013-09-30 2013-12-31
CF 2013-09-30 2013-12-31
CTRA 2013-09-30 2013-12-31
PG 2013-09-30 2013-12-31
VZ 2013-09-30 2013-12-31
MSFT 2013-09-30 2013-12-31
JNJ 2013-09-30 2013-12-31
V 2013-09-30 2013-12-31
MA 2013-09-30 2013-12-31
TRGP 2013-09-30 2013-12-31
OKE 2013-09-30 2013-12-31
SON 2013-09-30 2013-12-31
HD 2013-09-30 2013-12-31
INTC 2013-09-30 2013-12-31
this is adj rsquare: -0.05146440741947145
AAPL 2013-12-31 2014-03-31
AME 2013-12-31 2014-03-31
AMGN 2013-12-31 2014-03-31
AMT 2013-12-31 2014-03-31
DTE 2013-12-31 2014-03-31
DVN 2013-12-31 2014-03-31
EMN 2013-12-31 2014-03-31
FBIN 2013-12-31 2014-03-31
FERG 2013-12-31 2014-03-31
FR 2013-12-31 2014-03-31
GIS 2013-12-31 2014-03-31
H 2013-12-31 2014-03-31
LMT 2013-12-31 2014-03-31
LNT 2013-12-31 2014-03-31
LSTR 2013-12-31 2014-03-31
MCK 2013-12-31 2014-03-31
MCO 2013-12-31 2014-03-31
NEM 2013-12-31 2014-03-31
NLY 2013-12-31 2014-03-31
NNN 2013-12-31 2014-03-31
NUE 2013-12-31 2014-03-31
PEP 2013-12-31 2014-03-31
PH 2013-12-31 2014-03-31
PHM 2013-12-31 2014-03-31
RRC 2013-12-31 2014-03-31
SLB 2013-12-31 2014-03-31
TMO 2013-12-31 2014-03-31
AA 2013-12-31 2014-03-31
AAL 2013-12-31 2014-03-31
CF 2013-12-31 2014-03-31
CTRA 2013-12-31 2014-03-31
PG 2013-12-31 2014-03-31
VZ 2013-12-31 2014-03-31
MSFT 2013-12-31 2014-03-31
JNJ 2013-12-31 2014-03-31
V 2013-12-31 2014-03-31
MA 2013-12-31 2014-03-31
TRGP 2013-12-31 2014-03-31
OKE 2013-12-31 2014-03-31
SON 2013-12-31 2014-03-31
HD 2013-12-31 2014-03-31
INTC 2013-12-31 2014-03-31
this is adj rsquare: -0.07702575155704228
AAPL 2014-03-31 2014-06-30
AME 2014-03-31 2014-06-30
AMGN 2014-03-31 2014-06-30
AMT 2014-03-31 2014-06-30
DTE 2014-03-31 2014-06-30
DVN 2014-03-31 2014-06-30
EMN 2014-03-31 2014-06-30
FBIN 2014-03-31 2014-06-30
FERG 2014-03-31 2014-06-30
FR 2014-03-31 2014-06-30
GIS 2014-03-31 2014-06-30
H 2014-03-31 2014-06-30
LMT 2014-03-31 2014-06-30
LNT 2014-03-31 2014-06-30
LSTR 2014-03-31 2014-06-30
MCK 2014-03-31 2014-06-30
MCO 2014-03-31 2014-06-30
NEM 2014-03-31 2014-06-30
NLY 2014-03-31 2014-06-30
NNN 2014-03-31 2014-06-30
NUE 2014-03-31 2014-06-30
PEP 2014-03-31 2014-06-30
PH 2014-03-31 2014-06-30
PHM 2014-03-31 2014-06-30
RRC 2014-03-31 2014-06-30
SLB 2014-03-31 2014-06-30
TMO 2014-03-31 2014-06-30
AA 2014-03-31 2014-06-30
AAL 2014-03-31 2014-06-30
CF 2014-03-31 2014-06-30
CTRA 2014-03-31 2014-06-30
PG 2014-03-31 2014-06-30
VZ 2014-03-31 2014-06-30
MSFT 2014-03-31 2014-06-30
JNJ 2014-03-31 2014-06-30
V 2014-03-31 2014-06-30
MA 2014-03-31 2014-06-30
TRGP 2014-03-31 2014-06-30
OKE 2014-03-31 2014-06-30
SON 2014-03-31 2014-06-30
HD 2014-03-31 2014-06-30
INTC 2014-03-31 2014-06-30
this is adj rsquare: 0.03430355034870958
AAPL 2014-06-30 2014-09-30
AME 2014-06-30 2014-09-30
AMGN 2014-06-30 2014-09-30
AMT 2014-06-30 2014-09-30
DTE 2014-06-30 2014-09-30
DVN 2014-06-30 2014-09-30
EMN 2014-06-30 2014-09-30
FBIN 2014-06-30 2014-09-30
FERG 2014-06-30 2014-09-30
FR 2014-06-30 2014-09-30
GIS 2014-06-30 2014-09-30
H 2014-06-30 2014-09-30
LMT 2014-06-30 2014-09-30
LNT 2014-06-30 2014-09-30
LSTR 2014-06-30 2014-09-30
MCK 2014-06-30 2014-09-30
MCO 2014-06-30 2014-09-30
NEM 2014-06-30 2014-09-30
NLY 2014-06-30 2014-09-30
NNN 2014-06-30 2014-09-30
NUE 2014-06-30 2014-09-30
PEP 2014-06-30 2014-09-30
PH 2014-06-30 2014-09-30
PHM 2014-06-30 2014-09-30
RRC 2014-06-30 2014-09-30
SLB 2014-06-30 2014-09-30
TMO 2014-06-30 2014-09-30
AA 2014-06-30 2014-09-30
AAL 2014-06-30 2014-09-30
CF 2014-06-30 2014-09-30
CTRA 2014-06-30 2014-09-30
PG 2014-06-30 2014-09-30
VZ 2014-06-30 2014-09-30
MSFT 2014-06-30 2014-09-30
JNJ 2014-06-30 2014-09-30
V 2014-06-30 2014-09-30
MA 2014-06-30 2014-09-30
TRGP 2014-06-30 2014-09-30
OKE 2014-06-30 2014-09-30
SON 2014-06-30 2014-09-30
HD 2014-06-30 2014-09-30
INTC 2014-06-30 2014-09-30
this is adj rsquare: 0.11616679779393979
AAPL 2014-09-30 2014-12-31
AME 2014-09-30 2014-12-31
AMGN 2014-09-30 2014-12-31
AMT 2014-09-30 2014-12-31
DTE 2014-09-30 2014-12-31
DVN 2014-09-30 2014-12-31
EMN 2014-09-30 2014-12-31
FBIN 2014-09-30 2014-12-31
FERG 2014-09-30 2014-12-31
FR 2014-09-30 2014-12-31
GIS 2014-09-30 2014-12-31
H 2014-09-30 2014-12-31
LMT 2014-09-30 2014-12-31
LNT 2014-09-30 2014-12-31
LSTR 2014-09-30 2014-12-31
MCK 2014-09-30 2014-12-31
MCO 2014-09-30 2014-12-31
NEM 2014-09-30 2014-12-31
NLY 2014-09-30 2014-12-31
NNN 2014-09-30 2014-12-31
NUE 2014-09-30 2014-12-31
PEP 2014-09-30 2014-12-31
PH 2014-09-30 2014-12-31
PHM 2014-09-30 2014-12-31
RRC 2014-09-30 2014-12-31
SLB 2014-09-30 2014-12-31
TMO 2014-09-30 2014-12-31
AA 2014-09-30 2014-12-31
AAL 2014-09-30 2014-12-31
CF 2014-09-30 2014-12-31
CTRA 2014-09-30 2014-12-31
PG 2014-09-30 2014-12-31
VZ 2014-09-30 2014-12-31
MSFT 2014-09-30 2014-12-31
JNJ 2014-09-30 2014-12-31
V 2014-09-30 2014-12-31
MA 2014-09-30 2014-12-31
TRGP 2014-09-30 2014-12-31
OKE 2014-09-30 2014-12-31
SON 2014-09-30 2014-12-31
HD 2014-09-30 2014-12-31
INTC 2014-09-30 2014-12-31
this is adj rsquare: -0.030945605944113108
AAPL 2014-12-31 2015-03-31
AME 2014-12-31 2015-03-31
AMGN 2014-12-31 2015-03-31
AMT 2014-12-31 2015-03-31
DTE 2014-12-31 2015-03-31
DVN 2014-12-31 2015-03-31
EMN 2014-12-31 2015-03-31
FBIN 2014-12-31 2015-03-31
FERG 2014-12-31 2015-03-31
FR 2014-12-31 2015-03-31
GIS 2014-12-31 2015-03-31
H 2014-12-31 2015-03-31
LMT 2014-12-31 2015-03-31
LNT 2014-12-31 2015-03-31
LSTR 2014-12-31 2015-03-31
MCK 2014-12-31 2015-03-31
MCO 2014-12-31 2015-03-31
NEM 2014-12-31 2015-03-31
NLY 2014-12-31 2015-03-31
NNN 2014-12-31 2015-03-31
NUE 2014-12-31 2015-03-31
PEP 2014-12-31 2015-03-31
PH 2014-12-31 2015-03-31
PHM 2014-12-31 2015-03-31
RRC 2014-12-31 2015-03-31
SLB 2014-12-31 2015-03-31
TMO 2014-12-31 2015-03-31
AA 2014-12-31 2015-03-31
AAL 2014-12-31 2015-03-31
CF 2014-12-31 2015-03-31
CTRA 2014-12-31 2015-03-31
PG 2014-12-31 2015-03-31
VZ 2014-12-31 2015-03-31
MSFT 2014-12-31 2015-03-31
JNJ 2014-12-31 2015-03-31
V 2014-12-31 2015-03-31
MA 2014-12-31 2015-03-31
TRGP 2014-12-31 2015-03-31
OKE 2014-12-31 2015-03-31
SON 2014-12-31 2015-03-31
HD 2014-12-31 2015-03-31
INTC 2014-12-31 2015-03-31
this is adj rsquare: -0.1771555180180977
AAPL 2015-03-31 2015-06-30
AME 2015-03-31 2015-06-30
AMGN 2015-03-31 2015-06-30
AMT 2015-03-31 2015-06-30
DTE 2015-03-31 2015-06-30
DVN 2015-03-31 2015-06-30
EMN 2015-03-31 2015-06-30
FBIN 2015-03-31 2015-06-30
FERG 2015-03-31 2015-06-30
FR 2015-03-31 2015-06-30
GIS 2015-03-31 2015-06-30
H 2015-03-31 2015-06-30
LMT 2015-03-31 2015-06-30
LNT 2015-03-31 2015-06-30
LSTR 2015-03-31 2015-06-30
MCK 2015-03-31 2015-06-30
MCO 2015-03-31 2015-06-30
NEM 2015-03-31 2015-06-30
NLY 2015-03-31 2015-06-30
NNN 2015-03-31 2015-06-30
NUE 2015-03-31 2015-06-30
PEP 2015-03-31 2015-06-30
PH 2015-03-31 2015-06-30
PHM 2015-03-31 2015-06-30
RRC 2015-03-31 2015-06-30
SLB 2015-03-31 2015-06-30
TMO 2015-03-31 2015-06-30
AA 2015-03-31 2015-06-30
AAL 2015-03-31 2015-06-30
CF 2015-03-31 2015-06-30
CTRA 2015-03-31 2015-06-30
PG 2015-03-31 2015-06-30
VZ 2015-03-31 2015-06-30
MSFT 2015-03-31 2015-06-30
JNJ 2015-03-31 2015-06-30
V 2015-03-31 2015-06-30
MA 2015-03-31 2015-06-30
TRGP 2015-03-31 2015-06-30
OKE 2015-03-31 2015-06-30
SON 2015-03-31 2015-06-30
HD 2015-03-31 2015-06-30
INTC 2015-03-31 2015-06-30
this is adj rsquare: 0.1499174968132353
AAPL 2015-06-30 2015-09-30
AME 2015-06-30 2015-09-30
AMGN 2015-06-30 2015-09-30
AMT 2015-06-30 2015-09-30
DTE 2015-06-30 2015-09-30
DVN 2015-06-30 2015-09-30
EMN 2015-06-30 2015-09-30
FBIN 2015-06-30 2015-09-30
FERG 2015-06-30 2015-09-30
FR 2015-06-30 2015-09-30
GIS 2015-06-30 2015-09-30
H 2015-06-30 2015-09-30
LMT 2015-06-30 2015-09-30
LNT 2015-06-30 2015-09-30
LSTR 2015-06-30 2015-09-30
MCK 2015-06-30 2015-09-30
MCO 2015-06-30 2015-09-30
NEM 2015-06-30 2015-09-30
NLY 2015-06-30 2015-09-30
NNN 2015-06-30 2015-09-30
NUE 2015-06-30 2015-09-30
PEP 2015-06-30 2015-09-30
PH 2015-06-30 2015-09-30
PHM 2015-06-30 2015-09-30
RRC 2015-06-30 2015-09-30
SLB 2015-06-30 2015-09-30
TMO 2015-06-30 2015-09-30
AA 2015-06-30 2015-09-30
AAL 2015-06-30 2015-09-30
CF 2015-06-30 2015-09-30
CTRA 2015-06-30 2015-09-30
PG 2015-06-30 2015-09-30
VZ 2015-06-30 2015-09-30
MSFT 2015-06-30 2015-09-30
JNJ 2015-06-30 2015-09-30
V 2015-06-30 2015-09-30
MA 2015-06-30 2015-09-30
TRGP 2015-06-30 2015-09-30
OKE 2015-06-30 2015-09-30
SON 2015-06-30 2015-09-30
HD 2015-06-30 2015-09-30
INTC 2015-06-30 2015-09-30
this is adj rsquare: 0.17938896123533643
AAPL 2015-09-30 2015-12-31
AME 2015-09-30 2015-12-31
AMGN 2015-09-30 2015-12-31
AMT 2015-09-30 2015-12-31
DTE 2015-09-30 2015-12-31
DVN 2015-09-30 2015-12-31
EMN 2015-09-30 2015-12-31
FBIN 2015-09-30 2015-12-31
FERG 2015-09-30 2015-12-31
FR 2015-09-30 2015-12-31
GIS 2015-09-30 2015-12-31
H 2015-09-30 2015-12-31
LMT 2015-09-30 2015-12-31
LNT 2015-09-30 2015-12-31
LSTR 2015-09-30 2015-12-31
MCK 2015-09-30 2015-12-31
MCO 2015-09-30 2015-12-31
NEM 2015-09-30 2015-12-31
NLY 2015-09-30 2015-12-31
NNN 2015-09-30 2015-12-31
NUE 2015-09-30 2015-12-31
PEP 2015-09-30 2015-12-31
PH 2015-09-30 2015-12-31
PHM 2015-09-30 2015-12-31
RRC 2015-09-30 2015-12-31
SLB 2015-09-30 2015-12-31
TMO 2015-09-30 2015-12-31
AA 2015-09-30 2015-12-31
AAL 2015-09-30 2015-12-31
CF 2015-09-30 2015-12-31
CTRA 2015-09-30 2015-12-31
PG 2015-09-30 2015-12-31
VZ 2015-09-30 2015-12-31
MSFT 2015-09-30 2015-12-31
JNJ 2015-09-30 2015-12-31
V 2015-09-30 2015-12-31
MA 2015-09-30 2015-12-31
TRGP 2015-09-30 2015-12-31
OKE 2015-09-30 2015-12-31
SON 2015-09-30 2015-12-31
HD 2015-09-30 2015-12-31
INTC 2015-09-30 2015-12-31
this is adj rsquare: 0.32419236366719195
AAPL 2015-12-31 2016-03-31
AME 2015-12-31 2016-03-31
AMGN 2015-12-31 2016-03-31
AMT 2015-12-31 2016-03-31
DTE 2015-12-31 2016-03-31
DVN 2015-12-31 2016-03-31
EMN 2015-12-31 2016-03-31
FBIN 2015-12-31 2016-03-31
FERG 2015-12-31 2016-03-31
FR 2015-12-31 2016-03-31
GIS 2015-12-31 2016-03-31
H 2015-12-31 2016-03-31
LMT 2015-12-31 2016-03-31
LNT 2015-12-31 2016-03-31
LSTR 2015-12-31 2016-03-31
MCK 2015-12-31 2016-03-31
MCO 2015-12-31 2016-03-31
NEM 2015-12-31 2016-03-31
NLY 2015-12-31 2016-03-31
NNN 2015-12-31 2016-03-31
NUE 2015-12-31 2016-03-31
PEP 2015-12-31 2016-03-31
PH 2015-12-31 2016-03-31
PHM 2015-12-31 2016-03-31
RRC 2015-12-31 2016-03-31
SLB 2015-12-31 2016-03-31
TMO 2015-12-31 2016-03-31
AA 2015-12-31 2016-03-31
AAL 2015-12-31 2016-03-31
CF 2015-12-31 2016-03-31
CTRA 2015-12-31 2016-03-31
PG 2015-12-31 2016-03-31
VZ 2015-12-31 2016-03-31
MSFT 2015-12-31 2016-03-31
JNJ 2015-12-31 2016-03-31
V 2015-12-31 2016-03-31
MA 2015-12-31 2016-03-31
TRGP 2015-12-31 2016-03-31
OKE 2015-12-31 2016-03-31
SON 2015-12-31 2016-03-31
HD 2015-12-31 2016-03-31
INTC 2015-12-31 2016-03-31
this is adj rsquare: 0.0656473750820119
AAPL 2016-03-31 2016-06-30
AME 2016-03-31 2016-06-30
AMGN 2016-03-31 2016-06-30
AMT 2016-03-31 2016-06-30
DTE 2016-03-31 2016-06-30
DVN 2016-03-31 2016-06-30
EMN 2016-03-31 2016-06-30
FBIN 2016-03-31 2016-06-30
FERG 2016-03-31 2016-06-30
FR 2016-03-31 2016-06-30
GIS 2016-03-31 2016-06-30
H 2016-03-31 2016-06-30
LMT 2016-03-31 2016-06-30
LNT 2016-03-31 2016-06-30
LSTR 2016-03-31 2016-06-30
MCK 2016-03-31 2016-06-30
MCO 2016-03-31 2016-06-30
NEM 2016-03-31 2016-06-30
NLY 2016-03-31 2016-06-30
NNN 2016-03-31 2016-06-30
NUE 2016-03-31 2016-06-30
PEP 2016-03-31 2016-06-30
PH 2016-03-31 2016-06-30
PHM 2016-03-31 2016-06-30
RRC 2016-03-31 2016-06-30
SLB 2016-03-31 2016-06-30
TMO 2016-03-31 2016-06-30
AA 2016-03-31 2016-06-30
AAL 2016-03-31 2016-06-30
CF 2016-03-31 2016-06-30
CTRA 2016-03-31 2016-06-30
PG 2016-03-31 2016-06-30
VZ 2016-03-31 2016-06-30
MSFT 2016-03-31 2016-06-30
JNJ 2016-03-31 2016-06-30
V 2016-03-31 2016-06-30
MA 2016-03-31 2016-06-30
TRGP 2016-03-31 2016-06-30
OKE 2016-03-31 2016-06-30
SON 2016-03-31 2016-06-30
HD 2016-03-31 2016-06-30
INTC 2016-03-31 2016-06-30
this is adj rsquare: 0.4710192476819972
AAPL 2016-06-30 2016-09-30
AME 2016-06-30 2016-09-30
AMGN 2016-06-30 2016-09-30
AMT 2016-06-30 2016-09-30
DTE 2016-06-30 2016-09-30
DVN 2016-06-30 2016-09-30
EMN 2016-06-30 2016-09-30
FBIN 2016-06-30 2016-09-30
FERG 2016-06-30 2016-09-30
FR 2016-06-30 2016-09-30
GIS 2016-06-30 2016-09-30
H 2016-06-30 2016-09-30
LMT 2016-06-30 2016-09-30
LNT 2016-06-30 2016-09-30
LSTR 2016-06-30 2016-09-30
MCK 2016-06-30 2016-09-30
MCO 2016-06-30 2016-09-30
NEM 2016-06-30 2016-09-30
NLY 2016-06-30 2016-09-30
NNN 2016-06-30 2016-09-30
NUE 2016-06-30 2016-09-30
PEP 2016-06-30 2016-09-30
PH 2016-06-30 2016-09-30
PHM 2016-06-30 2016-09-30
RRC 2016-06-30 2016-09-30
SLB 2016-06-30 2016-09-30
TMO 2016-06-30 2016-09-30
AA 2016-06-30 2016-09-30
AAL 2016-06-30 2016-09-30
CF 2016-06-30 2016-09-30
CTRA 2016-06-30 2016-09-30
PG 2016-06-30 2016-09-30
VZ 2016-06-30 2016-09-30
MSFT 2016-06-30 2016-09-30
JNJ 2016-06-30 2016-09-30
V 2016-06-30 2016-09-30
MA 2016-06-30 2016-09-30
TRGP 2016-06-30 2016-09-30
OKE 2016-06-30 2016-09-30
SON 2016-06-30 2016-09-30
HD 2016-06-30 2016-09-30
INTC 2016-06-30 2016-09-30
this is adj rsquare: -0.11095497587971814
AAPL 2016-09-30 2016-12-31
AME 2016-09-30 2016-12-31
AMGN 2016-09-30 2016-12-31
AMT 2016-09-30 2016-12-31
DTE 2016-09-30 2016-12-31
DVN 2016-09-30 2016-12-31
EMN 2016-09-30 2016-12-31
FBIN 2016-09-30 2016-12-31
FERG 2016-09-30 2016-12-31
FR 2016-09-30 2016-12-31
GIS 2016-09-30 2016-12-31
H 2016-09-30 2016-12-31
LMT 2016-09-30 2016-12-31
LNT 2016-09-30 2016-12-31
LSTR 2016-09-30 2016-12-31
MCK 2016-09-30 2016-12-31
MCO 2016-09-30 2016-12-31
NEM 2016-09-30 2016-12-31
NLY 2016-09-30 2016-12-31
NNN 2016-09-30 2016-12-31
NUE 2016-09-30 2016-12-31
PEP 2016-09-30 2016-12-31
PH 2016-09-30 2016-12-31
PHM 2016-09-30 2016-12-31
RRC 2016-09-30 2016-12-31
SLB 2016-09-30 2016-12-31
TMO 2016-09-30 2016-12-31
AA 2016-09-30 2016-12-31
AAL 2016-09-30 2016-12-31
CF 2016-09-30 2016-12-31
CTRA 2016-09-30 2016-12-31
PG 2016-09-30 2016-12-31
VZ 2016-09-30 2016-12-31
MSFT 2016-09-30 2016-12-31
JNJ 2016-09-30 2016-12-31
V 2016-09-30 2016-12-31
MA 2016-09-30 2016-12-31
TRGP 2016-09-30 2016-12-31
OKE 2016-09-30 2016-12-31
SON 2016-09-30 2016-12-31
HD 2016-09-30 2016-12-31
INTC 2016-09-30 2016-12-31
this is adj rsquare: 0.2590288134509209
AAPL 2016-12-31 2017-03-31
AME 2016-12-31 2017-03-31
AMGN 2016-12-31 2017-03-31
AMT 2016-12-31 2017-03-31
DTE 2016-12-31 2017-03-31
DVN 2016-12-31 2017-03-31
EMN 2016-12-31 2017-03-31
FBIN 2016-12-31 2017-03-31
FERG 2016-12-31 2017-03-31
FR 2016-12-31 2017-03-31
GIS 2016-12-31 2017-03-31
H 2016-12-31 2017-03-31
LMT 2016-12-31 2017-03-31
LNT 2016-12-31 2017-03-31
LSTR 2016-12-31 2017-03-31
MCK 2016-12-31 2017-03-31
MCO 2016-12-31 2017-03-31
NEM 2016-12-31 2017-03-31
NLY 2016-12-31 2017-03-31
NNN 2016-12-31 2017-03-31
NUE 2016-12-31 2017-03-31
PEP 2016-12-31 2017-03-31
PH 2016-12-31 2017-03-31
PHM 2016-12-31 2017-03-31
RRC 2016-12-31 2017-03-31
SLB 2016-12-31 2017-03-31
TMO 2016-12-31 2017-03-31
AA 2016-12-31 2017-03-31
AAL 2016-12-31 2017-03-31
CF 2016-12-31 2017-03-31
CTRA 2016-12-31 2017-03-31
PG 2016-12-31 2017-03-31
VZ 2016-12-31 2017-03-31
MSFT 2016-12-31 2017-03-31
JNJ 2016-12-31 2017-03-31
V 2016-12-31 2017-03-31
MA 2016-12-31 2017-03-31
TRGP 2016-12-31 2017-03-31
OKE 2016-12-31 2017-03-31
SON 2016-12-31 2017-03-31
HD 2016-12-31 2017-03-31
INTC 2016-12-31 2017-03-31
this is adj rsquare: -0.08723186170088715
AAPL 2017-03-31 2017-06-30
AME 2017-03-31 2017-06-30
AMGN 2017-03-31 2017-06-30
AMT 2017-03-31 2017-06-30
DTE 2017-03-31 2017-06-30
DVN 2017-03-31 2017-06-30
EMN 2017-03-31 2017-06-30
FBIN 2017-03-31 2017-06-30
FERG 2017-03-31 2017-06-30
FR 2017-03-31 2017-06-30
GIS 2017-03-31 2017-06-30
H 2017-03-31 2017-06-30
LMT 2017-03-31 2017-06-30
LNT 2017-03-31 2017-06-30
LSTR 2017-03-31 2017-06-30
MCK 2017-03-31 2017-06-30
MCO 2017-03-31 2017-06-30
NEM 2017-03-31 2017-06-30
NLY 2017-03-31 2017-06-30
NNN 2017-03-31 2017-06-30
NUE 2017-03-31 2017-06-30
PEP 2017-03-31 2017-06-30
PH 2017-03-31 2017-06-30
PHM 2017-03-31 2017-06-30
RRC 2017-03-31 2017-06-30
SLB 2017-03-31 2017-06-30
TMO 2017-03-31 2017-06-30
AA 2017-03-31 2017-06-30
AAL 2017-03-31 2017-06-30
CF 2017-03-31 2017-06-30
CTRA 2017-03-31 2017-06-30
PG 2017-03-31 2017-06-30
VZ 2017-03-31 2017-06-30
MSFT 2017-03-31 2017-06-30
JNJ 2017-03-31 2017-06-30
V 2017-03-31 2017-06-30
MA 2017-03-31 2017-06-30
TRGP 2017-03-31 2017-06-30
OKE 2017-03-31 2017-06-30
SON 2017-03-31 2017-06-30
HD 2017-03-31 2017-06-30
INTC 2017-03-31 2017-06-30
this is adj rsquare: 0.13067684212739894
AAPL 2017-06-30 2017-09-30
AME 2017-06-30 2017-09-30
AMGN 2017-06-30 2017-09-30
AMT 2017-06-30 2017-09-30
DTE 2017-06-30 2017-09-30
DVN 2017-06-30 2017-09-30
EMN 2017-06-30 2017-09-30
FBIN 2017-06-30 2017-09-30
FERG 2017-06-30 2017-09-30
FR 2017-06-30 2017-09-30
GIS 2017-06-30 2017-09-30
H 2017-06-30 2017-09-30
LMT 2017-06-30 2017-09-30
LNT 2017-06-30 2017-09-30
LSTR 2017-06-30 2017-09-30
MCK 2017-06-30 2017-09-30
MCO 2017-06-30 2017-09-30
NEM 2017-06-30 2017-09-30
NLY 2017-06-30 2017-09-30
NNN 2017-06-30 2017-09-30
NUE 2017-06-30 2017-09-30
PEP 2017-06-30 2017-09-30
PH 2017-06-30 2017-09-30
PHM 2017-06-30 2017-09-30
RRC 2017-06-30 2017-09-30
SLB 2017-06-30 2017-09-30
TMO 2017-06-30 2017-09-30
AA 2017-06-30 2017-09-30
AAL 2017-06-30 2017-09-30
CF 2017-06-30 2017-09-30
CTRA 2017-06-30 2017-09-30
PG 2017-06-30 2017-09-30
VZ 2017-06-30 2017-09-30
MSFT 2017-06-30 2017-09-30
JNJ 2017-06-30 2017-09-30
V 2017-06-30 2017-09-30
MA 2017-06-30 2017-09-30
TRGP 2017-06-30 2017-09-30
OKE 2017-06-30 2017-09-30
SON 2017-06-30 2017-09-30
HD 2017-06-30 2017-09-30
INTC 2017-06-30 2017-09-30
this is adj rsquare: 0.48525355282964056
AAPL 2017-09-30 2017-12-31
AME 2017-09-30 2017-12-31
AMGN 2017-09-30 2017-12-31
AMT 2017-09-30 2017-12-31
DTE 2017-09-30 2017-12-31
DVN 2017-09-30 2017-12-31
EMN 2017-09-30 2017-12-31
FBIN 2017-09-30 2017-12-31
FERG 2017-09-30 2017-12-31
FR 2017-09-30 2017-12-31
GIS 2017-09-30 2017-12-31
H 2017-09-30 2017-12-31
LMT 2017-09-30 2017-12-31
LNT 2017-09-30 2017-12-31
LSTR 2017-09-30 2017-12-31
MCK 2017-09-30 2017-12-31
MCO 2017-09-30 2017-12-31
NEM 2017-09-30 2017-12-31
NLY 2017-09-30 2017-12-31
NNN 2017-09-30 2017-12-31
NUE 2017-09-30 2017-12-31
PEP 2017-09-30 2017-12-31
PH 2017-09-30 2017-12-31
PHM 2017-09-30 2017-12-31
RRC 2017-09-30 2017-12-31
SLB 2017-09-30 2017-12-31
TMO 2017-09-30 2017-12-31
AA 2017-09-30 2017-12-31
AAL 2017-09-30 2017-12-31
CF 2017-09-30 2017-12-31
CTRA 2017-09-30 2017-12-31
PG 2017-09-30 2017-12-31
VZ 2017-09-30 2017-12-31
MSFT 2017-09-30 2017-12-31
JNJ 2017-09-30 2017-12-31
V 2017-09-30 2017-12-31
MA 2017-09-30 2017-12-31
TRGP 2017-09-30 2017-12-31
OKE 2017-09-30 2017-12-31
SON 2017-09-30 2017-12-31
HD 2017-09-30 2017-12-31
INTC 2017-09-30 2017-12-31
this is adj rsquare: 0.15811898451338013
AAPL 2017-12-31 2018-03-31
AME 2017-12-31 2018-03-31
AMGN 2017-12-31 2018-03-31
AMT 2017-12-31 2018-03-31
DTE 2017-12-31 2018-03-31
DVN 2017-12-31 2018-03-31
EMN 2017-12-31 2018-03-31
FBIN 2017-12-31 2018-03-31
FERG 2017-12-31 2018-03-31
FR 2017-12-31 2018-03-31
GIS 2017-12-31 2018-03-31
H 2017-12-31 2018-03-31
LMT 2017-12-31 2018-03-31
LNT 2017-12-31 2018-03-31
LSTR 2017-12-31 2018-03-31
MCK 2017-12-31 2018-03-31
MCO 2017-12-31 2018-03-31
NEM 2017-12-31 2018-03-31
NLY 2017-12-31 2018-03-31
NNN 2017-12-31 2018-03-31
NUE 2017-12-31 2018-03-31
PEP 2017-12-31 2018-03-31
PH 2017-12-31 2018-03-31
PHM 2017-12-31 2018-03-31
RRC 2017-12-31 2018-03-31
SLB 2017-12-31 2018-03-31
TMO 2017-12-31 2018-03-31
AA 2017-12-31 2018-03-31
AAL 2017-12-31 2018-03-31
CF 2017-12-31 2018-03-31
CTRA 2017-12-31 2018-03-31
PG 2017-12-31 2018-03-31
VZ 2017-12-31 2018-03-31
MSFT 2017-12-31 2018-03-31
JNJ 2017-12-31 2018-03-31
V 2017-12-31 2018-03-31
MA 2017-12-31 2018-03-31
TRGP 2017-12-31 2018-03-31
OKE 2017-12-31 2018-03-31
SON 2017-12-31 2018-03-31
HD 2017-12-31 2018-03-31
INTC 2017-12-31 2018-03-31
this is adj rsquare: 0.0013450532351350075
AAPL 2018-03-31 2018-06-30
AME 2018-03-31 2018-06-30
AMGN 2018-03-31 2018-06-30
AMT 2018-03-31 2018-06-30
DTE 2018-03-31 2018-06-30
DVN 2018-03-31 2018-06-30
EMN 2018-03-31 2018-06-30
FBIN 2018-03-31 2018-06-30
FERG 2018-03-31 2018-06-30
FR 2018-03-31 2018-06-30
GIS 2018-03-31 2018-06-30
H 2018-03-31 2018-06-30
LMT 2018-03-31 2018-06-30
LNT 2018-03-31 2018-06-30
LSTR 2018-03-31 2018-06-30
MCK 2018-03-31 2018-06-30
MCO 2018-03-31 2018-06-30
NEM 2018-03-31 2018-06-30
NLY 2018-03-31 2018-06-30
NNN 2018-03-31 2018-06-30
NUE 2018-03-31 2018-06-30
PEP 2018-03-31 2018-06-30
PH 2018-03-31 2018-06-30
PHM 2018-03-31 2018-06-30
RRC 2018-03-31 2018-06-30
SLB 2018-03-31 2018-06-30
TMO 2018-03-31 2018-06-30
AA 2018-03-31 2018-06-30
AAL 2018-03-31 2018-06-30
CF 2018-03-31 2018-06-30
CTRA 2018-03-31 2018-06-30
PG 2018-03-31 2018-06-30
VZ 2018-03-31 2018-06-30
MSFT 2018-03-31 2018-06-30
JNJ 2018-03-31 2018-06-30
V 2018-03-31 2018-06-30
MA 2018-03-31 2018-06-30
TRGP 2018-03-31 2018-06-30
OKE 2018-03-31 2018-06-30
SON 2018-03-31 2018-06-30
HD 2018-03-31 2018-06-30
INTC 2018-03-31 2018-06-30
this is adj rsquare: -0.07112976172655983
AAPL 2018-06-30 2018-09-30
AME 2018-06-30 2018-09-30
AMGN 2018-06-30 2018-09-30
AMT 2018-06-30 2018-09-30
DTE 2018-06-30 2018-09-30
DVN 2018-06-30 2018-09-30
EMN 2018-06-30 2018-09-30
FBIN 2018-06-30 2018-09-30
FERG 2018-06-30 2018-09-30
FR 2018-06-30 2018-09-30
GIS 2018-06-30 2018-09-30
H 2018-06-30 2018-09-30
LMT 2018-06-30 2018-09-30
LNT 2018-06-30 2018-09-30
LSTR 2018-06-30 2018-09-30
MCK 2018-06-30 2018-09-30
MCO 2018-06-30 2018-09-30
NEM 2018-06-30 2018-09-30
NLY 2018-06-30 2018-09-30
NNN 2018-06-30 2018-09-30
NUE 2018-06-30 2018-09-30
PEP 2018-06-30 2018-09-30
PH 2018-06-30 2018-09-30
PHM 2018-06-30 2018-09-30
RRC 2018-06-30 2018-09-30
SLB 2018-06-30 2018-09-30
TMO 2018-06-30 2018-09-30
AA 2018-06-30 2018-09-30
AAL 2018-06-30 2018-09-30
CF 2018-06-30 2018-09-30
CTRA 2018-06-30 2018-09-30
PG 2018-06-30 2018-09-30
VZ 2018-06-30 2018-09-30
MSFT 2018-06-30 2018-09-30
JNJ 2018-06-30 2018-09-30
V 2018-06-30 2018-09-30
MA 2018-06-30 2018-09-30
TRGP 2018-06-30 2018-09-30
OKE 2018-06-30 2018-09-30
SON 2018-06-30 2018-09-30
HD 2018-06-30 2018-09-30
INTC 2018-06-30 2018-09-30
this is adj rsquare: 0.041621076229166665
AAPL 2018-09-30 2018-12-31
AME 2018-09-30 2018-12-31
AMGN 2018-09-30 2018-12-31
AMT 2018-09-30 2018-12-31
DTE 2018-09-30 2018-12-31
DVN 2018-09-30 2018-12-31
EMN 2018-09-30 2018-12-31
FBIN 2018-09-30 2018-12-31
FERG 2018-09-30 2018-12-31
FR 2018-09-30 2018-12-31
GIS 2018-09-30 2018-12-31
H 2018-09-30 2018-12-31
LMT 2018-09-30 2018-12-31
LNT 2018-09-30 2018-12-31
LSTR 2018-09-30 2018-12-31
MCK 2018-09-30 2018-12-31
MCO 2018-09-30 2018-12-31
NEM 2018-09-30 2018-12-31
NLY 2018-09-30 2018-12-31
NNN 2018-09-30 2018-12-31
NUE 2018-09-30 2018-12-31
PEP 2018-09-30 2018-12-31
PH 2018-09-30 2018-12-31
PHM 2018-09-30 2018-12-31
RRC 2018-09-30 2018-12-31
SLB 2018-09-30 2018-12-31
TMO 2018-09-30 2018-12-31
AA 2018-09-30 2018-12-31
AAL 2018-09-30 2018-12-31
CF 2018-09-30 2018-12-31
CTRA 2018-09-30 2018-12-31
PG 2018-09-30 2018-12-31
VZ 2018-09-30 2018-12-31
MSFT 2018-09-30 2018-12-31
JNJ 2018-09-30 2018-12-31
V 2018-09-30 2018-12-31
MA 2018-09-30 2018-12-31
TRGP 2018-09-30 2018-12-31
OKE 2018-09-30 2018-12-31
SON 2018-09-30 2018-12-31
HD 2018-09-30 2018-12-31
INTC 2018-09-30 2018-12-31
this is adj rsquare: -0.08111330199596067
10
24
T-values: {'Constant': 1.9519233294260636, 'Price/Earnings': -0.09444804363069138, 'Price/Book Value': -0.2708916684625804, 'Return on Assets': 0.6174478861050148, 'Return on Equity ': 0.9217063285275143, 'Free Cash Flow per Share': -0.8269641921892062, 'Price/Cash Flow': 1.1333714231107312, 'Dividend Yield (%)': -0.113611620584828, 'Enterprise Value/EBITDA': 0.5602401451062696, 'Dividend Payout Ratio (%)': -2.2274649682791963}
P-values: {'Constant': 0.06322695178993545, 'Price/Earnings': 0.9255712611313942, 'Price/Book Value': 0.7888906249992673, 'Return on Assets': 0.5430046759691967, 'Return on Equity ': 0.36624964662078796, 'Free Cash Flow per Share': 0.41675476721526195, 'Price/Cash Flow': 0.2687346142723111, 'Dividend Yield (%)': 0.9105315646421714, 'Enterprise Value/EBITDA': 0.5807321787526317, 'Dividend Payout Ratio (%)': 0.03598585825230457}
{'Constant': 0.023246396200065442, 'Price/Earnings': -0.0004708893836009439, 'Price/Book Value': -0.001821055131501382, 'Return on Assets': 0.007805683362151903, 'Return on Equity ': 0.012390990389965393, 'Free Cash Flow per Share': -0.006134447382636213, 'Price/Cash Flow': 0.009012927360446675, 'Dividend Yield (%)': -0.0007948483912780073, 'Enterprise Value/EBITDA': 0.004213010401579022, 'Dividend Payout Ratio (%)': -0.007698148474912744}
this is the average adj r-square: 0.09689415411981235
this is the median adj r-square: 0.07046496901249039
