Namespace(end_date=2014, feature_names='Price/Earnings,Price/Book Value,Return on Assets,Return on Equity ,Free Cash Flow per Share,Price/Cash Flow,Dividend Yield (%),Enterprise Value/EBITDA,Dividend Payout Ratio (%)', new_feature='4', path_to_file='./', start_date=2013, y='Return')
['2012-12-31', '2013-01-31', '2013-02-28', '2013-03-31', '2013-04-30', '2013-05-31', '2013-06-30', '2013-07-31', '2013-08-31', '2013-09-30', '2013-10-31', '2013-11-30', '2013-12-31', '2014-01-31', '2014-02-28', '2014-03-31', '2014-04-30', '2014-05-31', '2014-06-30', '2014-07-31', '2014-08-31', '2014-09-30', '2014-10-31', '2014-11-30', '2014-12-31']
42
AAPL 2012-12-31 2014-12-31
<class 'pandas.core.frame.DataFrame'> <class 'pandas.core.series.Series'>
this is Beta adj rsquare of AAPL and the value is -0.23605117745851323:
AME 2012-12-31 2014-12-31
<class 'pandas.core.frame.DataFrame'> <class 'pandas.core.series.Series'>
Y is: 0.020492806006133124
this is Beta adj rsquare of AME and the value is -0.2613911719505968:
AMGN 2012-12-31 2014-12-31
<class 'pandas.core.frame.DataFrame'> <class 'pandas.core.series.Series'>
Y is: 0.07126145603237721
this is Beta adj rsquare of AMGN and the value is 0.1022833396112427:
AMT 2012-12-31 2014-12-31
<class 'pandas.core.frame.DataFrame'> <class 'pandas.core.series.Series'>
Y is: 0.01904132526838387
this is Beta adj rsquare of AMT and the value is 0.14329542594619116:
DTE 2012-12-31 2014-12-31
<class 'pandas.core.frame.DataFrame'> <class 'pandas.core.series.Series'>
Y is: 0.05512553964581657
this is Beta adj rsquare of DTE and the value is 0.022821761578796895:
DVN 2012-12-31 2014-12-31
<class 'pandas.core.frame.DataFrame'> <class 'pandas.core.series.Series'>
Y is: -0.051232739561693275
this is Beta adj rsquare of DVN and the value is 0.20827816484099781:
EMN 2012-12-31 2014-12-31
<class 'pandas.core.frame.DataFrame'> <class 'pandas.core.series.Series'>
Y is: -0.019957809395532156
this is Beta adj rsquare of EMN and the value is 0.01423577776860474:
FBIN 2012-12-31 2014-12-31
<class 'pandas.core.frame.DataFrame'> <class 'pandas.core.series.Series'>
Y is: 0.05528405432666217
this is Beta adj rsquare of FBIN and the value is -0.22031703228804433:
FERG 2012-12-31 2014-12-31
<class 'pandas.core.frame.DataFrame'> <class 'pandas.core.series.Series'>
Y is: -0.01725996530891316
this is Beta adj rsquare of FERG and the value is 1.1102230246251565e-16:
FR 2012-12-31 2014-12-31
<class 'pandas.core.frame.DataFrame'> <class 'pandas.core.series.Series'>
Y is: 0.012763229629316086
this is Beta adj rsquare of FR and the value is -0.23168905557353225:
GIS 2012-12-31 2014-12-31
<class 'pandas.core.frame.DataFrame'> <class 'pandas.core.series.Series'>
Y is: 0.10276589209390785
this is Beta adj rsquare of GIS and the value is 0.0:
H 2012-12-31 2014-12-31
<class 'pandas.core.frame.DataFrame'> <class 'pandas.core.series.Series'>
Y is: 0.025455464575294906
this is Beta adj rsquare of H and the value is -0.2848249440891184:
LMT 2012-12-31 2014-12-31
<class 'pandas.core.frame.DataFrame'> <class 'pandas.core.series.Series'>
Y is: 0.013007910874763162
this is Beta adj rsquare of LMT and the value is 0.03652157906222764:
LNT 2012-12-31 2014-12-31
<class 'pandas.core.frame.DataFrame'> <class 'pandas.core.series.Series'>
Y is: 0.04035773272170551
this is Beta adj rsquare of LNT and the value is -0.09619474959063945:
LSTR 2012-12-31 2014-12-31
<class 'pandas.core.frame.DataFrame'> <class 'pandas.core.series.Series'>
Y is: -0.013148667390638802
this is Beta adj rsquare of LSTR and the value is -0.17801686339251677:
MCK 2012-12-31 2014-12-31
<class 'pandas.core.frame.DataFrame'> <class 'pandas.core.series.Series'>
Y is: 0.008552635824135013
this is Beta adj rsquare of MCK and the value is -0.05578137664534877:
MCO 2012-12-31 2014-12-31
<class 'pandas.core.frame.DataFrame'> <class 'pandas.core.series.Series'>
Y is: -0.12331262968196333
this is Beta adj rsquare of MCO and the value is -0.37763116067411584:
NEM 2012-12-31 2014-12-31
<class 'pandas.core.frame.DataFrame'> <class 'pandas.core.series.Series'>
Y is: -0.06215079669101642
this is Beta adj rsquare of NEM and the value is -0.08417450902081147:
NLY 2012-12-31 2014-12-31
<class 'pandas.core.frame.DataFrame'> <class 'pandas.core.series.Series'>
Y is: 0.0416946799146376
this is Beta adj rsquare of NLY and the value is 0.0330426828632171:
NNN 2012-12-31 2014-12-31
<class 'pandas.core.frame.DataFrame'> <class 'pandas.core.series.Series'>
Y is: 0.0758900771529063
this is Beta adj rsquare of NNN and the value is -0.13576605077615822:
NUE 2012-12-31 2014-12-31
<class 'pandas.core.frame.DataFrame'> <class 'pandas.core.series.Series'>
Y is: -0.02086501020417042
this is Beta adj rsquare of NUE and the value is -0.021215392543631806:
PEP 2012-12-31 2014-12-31
<class 'pandas.core.frame.DataFrame'> <class 'pandas.core.series.Series'>
Y is: 0.040082336720742795
this is Beta adj rsquare of PEP and the value is 0.018953060017184553:
PH 2012-12-31 2014-12-31
<class 'pandas.core.frame.DataFrame'> <class 'pandas.core.series.Series'>
Y is: 0.01624182119397677
this is Beta adj rsquare of PH and the value is -0.1126212842139993:
PHM 2012-12-31 2014-12-31
<class 'pandas.core.frame.DataFrame'> <class 'pandas.core.series.Series'>
Y is: -0.07521694711466609
this is Beta adj rsquare of PHM and the value is -0.07473178573915873:
RRC 2012-12-31 2014-12-31
<class 'pandas.core.frame.DataFrame'> <class 'pandas.core.series.Series'>
Y is: 0.14336765141173902
this is Beta adj rsquare of RRC and the value is 0.07891281209512169:
SLB 2012-12-31 2014-12-31
<class 'pandas.core.frame.DataFrame'> <class 'pandas.core.series.Series'>
Y is: -0.00256251851142264
this is Beta adj rsquare of SLB and the value is 0.03886410711861332:
TMO 2012-12-31 2014-12-31
<class 'pandas.core.frame.DataFrame'> <class 'pandas.core.series.Series'>
Y is: 0.02301086326800794
this is Beta adj rsquare of TMO and the value is -0.13962779518470558:
AA 2012-12-31 2014-12-31
<class 'pandas.core.frame.DataFrame'> <class 'pandas.core.series.Series'>
Y is: -0.036199051143743555
this is Beta adj rsquare of AA and the value is 0.0:
AAL 2012-12-31 2014-12-31
<class 'pandas.core.frame.DataFrame'> <class 'pandas.core.series.Series'>
Y is: -0.0595237705665248
this is Beta adj rsquare of AAL and the value is -0.24534926802584422:
CF 2012-12-31 2014-12-31
<class 'pandas.core.frame.DataFrame'> <class 'pandas.core.series.Series'>
Y is: -0.12366364080955405
this is Beta adj rsquare of CF and the value is -0.14450758187704027:
CTRA 2012-12-31 2014-12-31
<class 'pandas.core.frame.DataFrame'> <class 'pandas.core.series.Series'>
Y is: 0.17411903474713686
this is Beta adj rsquare of CTRA and the value is 0.02907723452566957:
PG 2012-12-31 2014-12-31
<class 'pandas.core.frame.DataFrame'> <class 'pandas.core.series.Series'>
Y is: 0.013571003104948298
this is Beta adj rsquare of PG and the value is 0.09262422099204293:
VZ 2012-12-31 2014-12-31
<class 'pandas.core.frame.DataFrame'> <class 'pandas.core.series.Series'>
Y is: 0.06695707700247566
this is Beta adj rsquare of VZ and the value is 0.21450296797904167:
MSFT 2012-12-31 2014-12-31
<class 'pandas.core.frame.DataFrame'> <class 'pandas.core.series.Series'>
Y is: 0.012750399431450399
this is Beta adj rsquare of MSFT and the value is -0.11529559450277493:
JNJ 2012-12-31 2014-12-31
<class 'pandas.core.frame.DataFrame'> <class 'pandas.core.series.Series'>
Y is: 0.029626657138180246
this is Beta adj rsquare of JNJ and the value is 0.07261049654583085:
V 2012-12-31 2014-12-31
<class 'pandas.core.frame.DataFrame'> <class 'pandas.core.series.Series'>
Y is: 0.004622859290796422
this is Beta adj rsquare of V and the value is -0.207917295184749:
MA 2012-12-31 2014-12-31
<class 'pandas.core.frame.DataFrame'> <class 'pandas.core.series.Series'>
Y is: -0.0011188012549353532
this is Beta adj rsquare of MA and the value is -0.23893446984015698:
TRGP 2012-12-31 2014-12-31
<class 'pandas.core.frame.DataFrame'> <class 'pandas.core.series.Series'>
Y is: 0.010603038157336986
this is Beta adj rsquare of TRGP and the value is 0.012676700777185856:
OKE 2012-12-31 2014-12-31
<class 'pandas.core.frame.DataFrame'> <class 'pandas.core.series.Series'>
Y is: -0.04296957041181115
this is Beta adj rsquare of OKE and the value is -0.20096796422677632:
SON 2012-12-31 2014-12-31
<class 'pandas.core.frame.DataFrame'> <class 'pandas.core.series.Series'>
Y is: 0.025169431829826783
this is Beta adj rsquare of SON and the value is -0.19040248651694314:
HD 2012-12-31 2014-12-31
<class 'pandas.core.frame.DataFrame'> <class 'pandas.core.series.Series'>
Y is: 0.023610308940323677
this is Beta adj rsquare of HD and the value is -0.10933815165003091:
INTC 2012-12-31 2014-12-31
<class 'pandas.core.frame.DataFrame'> <class 'pandas.core.series.Series'>
Y is: -0.007604645807912647
this is Beta adj rsquare of INTC and the value is -0.007555172757719442:
['AAPL', 'AME', 'AMGN', 'AMT', 'DTE', 'DVN', 'EMN', 'FBIN', 'FERG', 'FR', 'GIS', 'H', 'LMT', 'LNT', 'LSTR', 'MCK', 'MCO', 'NEM', 'NLY', 'NNN', 'NUE', 'PEP', 'PH', 'PHM', 'RRC', 'SLB', 'TMO', 'AA', 'AAL', 'CF', 'CTRA', 'PG', 'VZ', 'MSFT', 'JNJ', 'V', 'MA', 'TRGP', 'OKE', 'SON', 'HD', 'INTC']
AAPL 2012-12-31 2013-01-31
AME 2012-12-31 2013-01-31
AMGN 2012-12-31 2013-01-31
AMT 2012-12-31 2013-01-31
DTE 2012-12-31 2013-01-31
DVN 2012-12-31 2013-01-31
EMN 2012-12-31 2013-01-31
FBIN 2012-12-31 2013-01-31
FERG 2012-12-31 2013-01-31
FR 2012-12-31 2013-01-31
GIS 2012-12-31 2013-01-31
H 2012-12-31 2013-01-31
LMT 2012-12-31 2013-01-31
LNT 2012-12-31 2013-01-31
LSTR 2012-12-31 2013-01-31
MCK 2012-12-31 2013-01-31
MCO 2012-12-31 2013-01-31
NEM 2012-12-31 2013-01-31
NLY 2012-12-31 2013-01-31
NNN 2012-12-31 2013-01-31
NUE 2012-12-31 2013-01-31
PEP 2012-12-31 2013-01-31
PH 2012-12-31 2013-01-31
PHM 2012-12-31 2013-01-31
RRC 2012-12-31 2013-01-31
SLB 2012-12-31 2013-01-31
TMO 2012-12-31 2013-01-31
AA 2012-12-31 2013-01-31
AAL 2012-12-31 2013-01-31
CF 2012-12-31 2013-01-31
CTRA 2012-12-31 2013-01-31
PG 2012-12-31 2013-01-31
VZ 2012-12-31 2013-01-31
MSFT 2012-12-31 2013-01-31
JNJ 2012-12-31 2013-01-31
V 2012-12-31 2013-01-31
MA 2012-12-31 2013-01-31
TRGP 2012-12-31 2013-01-31
OKE 2012-12-31 2013-01-31
SON 2012-12-31 2013-01-31
HD 2012-12-31 2013-01-31
INTC 2012-12-31 2013-01-31
this is adj rsquare: -0.08839063088887111
AAPL 2013-01-31 2013-02-28
AME 2013-01-31 2013-02-28
AMGN 2013-01-31 2013-02-28
AMT 2013-01-31 2013-02-28
DTE 2013-01-31 2013-02-28
DVN 2013-01-31 2013-02-28
EMN 2013-01-31 2013-02-28
FBIN 2013-01-31 2013-02-28
FERG 2013-01-31 2013-02-28
FR 2013-01-31 2013-02-28
GIS 2013-01-31 2013-02-28
H 2013-01-31 2013-02-28
LMT 2013-01-31 2013-02-28
LNT 2013-01-31 2013-02-28
LSTR 2013-01-31 2013-02-28
MCK 2013-01-31 2013-02-28
MCO 2013-01-31 2013-02-28
NEM 2013-01-31 2013-02-28
NLY 2013-01-31 2013-02-28
NNN 2013-01-31 2013-02-28
NUE 2013-01-31 2013-02-28
PEP 2013-01-31 2013-02-28
PH 2013-01-31 2013-02-28
PHM 2013-01-31 2013-02-28
RRC 2013-01-31 2013-02-28
SLB 2013-01-31 2013-02-28
TMO 2013-01-31 2013-02-28
AA 2013-01-31 2013-02-28
AAL 2013-01-31 2013-02-28
CF 2013-01-31 2013-02-28
CTRA 2013-01-31 2013-02-28
PG 2013-01-31 2013-02-28
VZ 2013-01-31 2013-02-28
MSFT 2013-01-31 2013-02-28
JNJ 2013-01-31 2013-02-28
V 2013-01-31 2013-02-28
MA 2013-01-31 2013-02-28
TRGP 2013-01-31 2013-02-28
OKE 2013-01-31 2013-02-28
SON 2013-01-31 2013-02-28
HD 2013-01-31 2013-02-28
INTC 2013-01-31 2013-02-28
this is adj rsquare: 0.007717062733560542
AAPL 2013-02-28 2013-03-31
AME 2013-02-28 2013-03-31
AMGN 2013-02-28 2013-03-31
AMT 2013-02-28 2013-03-31
DTE 2013-02-28 2013-03-31
DVN 2013-02-28 2013-03-31
EMN 2013-02-28 2013-03-31
FBIN 2013-02-28 2013-03-31
FERG 2013-02-28 2013-03-31
FR 2013-02-28 2013-03-31
GIS 2013-02-28 2013-03-31
H 2013-02-28 2013-03-31
LMT 2013-02-28 2013-03-31
LNT 2013-02-28 2013-03-31
LSTR 2013-02-28 2013-03-31
MCK 2013-02-28 2013-03-31
MCO 2013-02-28 2013-03-31
NEM 2013-02-28 2013-03-31
NLY 2013-02-28 2013-03-31
NNN 2013-02-28 2013-03-31
NUE 2013-02-28 2013-03-31
PEP 2013-02-28 2013-03-31
PH 2013-02-28 2013-03-31
PHM 2013-02-28 2013-03-31
RRC 2013-02-28 2013-03-31
SLB 2013-02-28 2013-03-31
TMO 2013-02-28 2013-03-31
AA 2013-02-28 2013-03-31
AAL 2013-02-28 2013-03-31
CF 2013-02-28 2013-03-31
CTRA 2013-02-28 2013-03-31
PG 2013-02-28 2013-03-31
VZ 2013-02-28 2013-03-31
MSFT 2013-02-28 2013-03-31
JNJ 2013-02-28 2013-03-31
V 2013-02-28 2013-03-31
MA 2013-02-28 2013-03-31
TRGP 2013-02-28 2013-03-31
OKE 2013-02-28 2013-03-31
SON 2013-02-28 2013-03-31
HD 2013-02-28 2013-03-31
INTC 2013-02-28 2013-03-31
this is adj rsquare: -0.2109009128764161
AAPL 2013-03-31 2013-04-30
AME 2013-03-31 2013-04-30
AMGN 2013-03-31 2013-04-30
AMT 2013-03-31 2013-04-30
DTE 2013-03-31 2013-04-30
DVN 2013-03-31 2013-04-30
EMN 2013-03-31 2013-04-30
FBIN 2013-03-31 2013-04-30
FERG 2013-03-31 2013-04-30
FR 2013-03-31 2013-04-30
GIS 2013-03-31 2013-04-30
H 2013-03-31 2013-04-30
LMT 2013-03-31 2013-04-30
LNT 2013-03-31 2013-04-30
LSTR 2013-03-31 2013-04-30
MCK 2013-03-31 2013-04-30
MCO 2013-03-31 2013-04-30
NEM 2013-03-31 2013-04-30
NLY 2013-03-31 2013-04-30
NNN 2013-03-31 2013-04-30
NUE 2013-03-31 2013-04-30
PEP 2013-03-31 2013-04-30
PH 2013-03-31 2013-04-30
PHM 2013-03-31 2013-04-30
RRC 2013-03-31 2013-04-30
SLB 2013-03-31 2013-04-30
TMO 2013-03-31 2013-04-30
AA 2013-03-31 2013-04-30
AAL 2013-03-31 2013-04-30
CF 2013-03-31 2013-04-30
CTRA 2013-03-31 2013-04-30
PG 2013-03-31 2013-04-30
VZ 2013-03-31 2013-04-30
MSFT 2013-03-31 2013-04-30
JNJ 2013-03-31 2013-04-30
V 2013-03-31 2013-04-30
MA 2013-03-31 2013-04-30
TRGP 2013-03-31 2013-04-30
OKE 2013-03-31 2013-04-30
SON 2013-03-31 2013-04-30
HD 2013-03-31 2013-04-30
INTC 2013-03-31 2013-04-30
this is adj rsquare: 0.033253334585829686
AAPL 2013-04-30 2013-05-31
AME 2013-04-30 2013-05-31
AMGN 2013-04-30 2013-05-31
AMT 2013-04-30 2013-05-31
DTE 2013-04-30 2013-05-31
DVN 2013-04-30 2013-05-31
EMN 2013-04-30 2013-05-31
FBIN 2013-04-30 2013-05-31
FERG 2013-04-30 2013-05-31
FR 2013-04-30 2013-05-31
GIS 2013-04-30 2013-05-31
H 2013-04-30 2013-05-31
LMT 2013-04-30 2013-05-31
LNT 2013-04-30 2013-05-31
LSTR 2013-04-30 2013-05-31
MCK 2013-04-30 2013-05-31
MCO 2013-04-30 2013-05-31
NEM 2013-04-30 2013-05-31
NLY 2013-04-30 2013-05-31
NNN 2013-04-30 2013-05-31
NUE 2013-04-30 2013-05-31
PEP 2013-04-30 2013-05-31
PH 2013-04-30 2013-05-31
PHM 2013-04-30 2013-05-31
RRC 2013-04-30 2013-05-31
SLB 2013-04-30 2013-05-31
TMO 2013-04-30 2013-05-31
AA 2013-04-30 2013-05-31
AAL 2013-04-30 2013-05-31
CF 2013-04-30 2013-05-31
CTRA 2013-04-30 2013-05-31
PG 2013-04-30 2013-05-31
VZ 2013-04-30 2013-05-31
MSFT 2013-04-30 2013-05-31
JNJ 2013-04-30 2013-05-31
V 2013-04-30 2013-05-31
MA 2013-04-30 2013-05-31
TRGP 2013-04-30 2013-05-31
OKE 2013-04-30 2013-05-31
SON 2013-04-30 2013-05-31
HD 2013-04-30 2013-05-31
INTC 2013-04-30 2013-05-31
this is adj rsquare: 0.16362279264773494
AAPL 2013-05-31 2013-06-30
AME 2013-05-31 2013-06-30
AMGN 2013-05-31 2013-06-30
AMT 2013-05-31 2013-06-30
DTE 2013-05-31 2013-06-30
DVN 2013-05-31 2013-06-30
EMN 2013-05-31 2013-06-30
FBIN 2013-05-31 2013-06-30
FERG 2013-05-31 2013-06-30
FR 2013-05-31 2013-06-30
GIS 2013-05-31 2013-06-30
H 2013-05-31 2013-06-30
LMT 2013-05-31 2013-06-30
LNT 2013-05-31 2013-06-30
LSTR 2013-05-31 2013-06-30
MCK 2013-05-31 2013-06-30
MCO 2013-05-31 2013-06-30
NEM 2013-05-31 2013-06-30
NLY 2013-05-31 2013-06-30
NNN 2013-05-31 2013-06-30
NUE 2013-05-31 2013-06-30
PEP 2013-05-31 2013-06-30
PH 2013-05-31 2013-06-30
PHM 2013-05-31 2013-06-30
RRC 2013-05-31 2013-06-30
SLB 2013-05-31 2013-06-30
TMO 2013-05-31 2013-06-30
AA 2013-05-31 2013-06-30
AAL 2013-05-31 2013-06-30
CF 2013-05-31 2013-06-30
CTRA 2013-05-31 2013-06-30
PG 2013-05-31 2013-06-30
VZ 2013-05-31 2013-06-30
MSFT 2013-05-31 2013-06-30
JNJ 2013-05-31 2013-06-30
V 2013-05-31 2013-06-30
MA 2013-05-31 2013-06-30
TRGP 2013-05-31 2013-06-30
OKE 2013-05-31 2013-06-30
SON 2013-05-31 2013-06-30
HD 2013-05-31 2013-06-30
INTC 2013-05-31 2013-06-30
this is adj rsquare: 0.06476960223281847
AAPL 2013-06-30 2013-07-31
AME 2013-06-30 2013-07-31
AMGN 2013-06-30 2013-07-31
AMT 2013-06-30 2013-07-31
DTE 2013-06-30 2013-07-31
DVN 2013-06-30 2013-07-31
EMN 2013-06-30 2013-07-31
FBIN 2013-06-30 2013-07-31
FERG 2013-06-30 2013-07-31
FR 2013-06-30 2013-07-31
GIS 2013-06-30 2013-07-31
H 2013-06-30 2013-07-31
LMT 2013-06-30 2013-07-31
LNT 2013-06-30 2013-07-31
LSTR 2013-06-30 2013-07-31
MCK 2013-06-30 2013-07-31
MCO 2013-06-30 2013-07-31
NEM 2013-06-30 2013-07-31
NLY 2013-06-30 2013-07-31
NNN 2013-06-30 2013-07-31
NUE 2013-06-30 2013-07-31
PEP 2013-06-30 2013-07-31
PH 2013-06-30 2013-07-31
PHM 2013-06-30 2013-07-31
RRC 2013-06-30 2013-07-31
SLB 2013-06-30 2013-07-31
TMO 2013-06-30 2013-07-31
AA 2013-06-30 2013-07-31
AAL 2013-06-30 2013-07-31
CF 2013-06-30 2013-07-31
CTRA 2013-06-30 2013-07-31
PG 2013-06-30 2013-07-31
VZ 2013-06-30 2013-07-31
MSFT 2013-06-30 2013-07-31
JNJ 2013-06-30 2013-07-31
V 2013-06-30 2013-07-31
MA 2013-06-30 2013-07-31
TRGP 2013-06-30 2013-07-31
OKE 2013-06-30 2013-07-31
SON 2013-06-30 2013-07-31
HD 2013-06-30 2013-07-31
INTC 2013-06-30 2013-07-31
this is adj rsquare: 0.07277726552711372
AAPL 2013-07-31 2013-08-31
AME 2013-07-31 2013-08-31
AMGN 2013-07-31 2013-08-31
AMT 2013-07-31 2013-08-31
DTE 2013-07-31 2013-08-31
DVN 2013-07-31 2013-08-31
EMN 2013-07-31 2013-08-31
FBIN 2013-07-31 2013-08-31
FERG 2013-07-31 2013-08-31
FR 2013-07-31 2013-08-31
GIS 2013-07-31 2013-08-31
H 2013-07-31 2013-08-31
LMT 2013-07-31 2013-08-31
LNT 2013-07-31 2013-08-31
LSTR 2013-07-31 2013-08-31
MCK 2013-07-31 2013-08-31
MCO 2013-07-31 2013-08-31
NEM 2013-07-31 2013-08-31
NLY 2013-07-31 2013-08-31
NNN 2013-07-31 2013-08-31
NUE 2013-07-31 2013-08-31
PEP 2013-07-31 2013-08-31
PH 2013-07-31 2013-08-31
PHM 2013-07-31 2013-08-31
RRC 2013-07-31 2013-08-31
SLB 2013-07-31 2013-08-31
TMO 2013-07-31 2013-08-31
AA 2013-07-31 2013-08-31
AAL 2013-07-31 2013-08-31
CF 2013-07-31 2013-08-31
CTRA 2013-07-31 2013-08-31
PG 2013-07-31 2013-08-31
VZ 2013-07-31 2013-08-31
MSFT 2013-07-31 2013-08-31
JNJ 2013-07-31 2013-08-31
V 2013-07-31 2013-08-31
MA 2013-07-31 2013-08-31
TRGP 2013-07-31 2013-08-31
OKE 2013-07-31 2013-08-31
SON 2013-07-31 2013-08-31
HD 2013-07-31 2013-08-31
INTC 2013-07-31 2013-08-31
this is adj rsquare: -0.15230316126744903
AAPL 2013-08-31 2013-09-30
AME 2013-08-31 2013-09-30
AMGN 2013-08-31 2013-09-30
AMT 2013-08-31 2013-09-30
DTE 2013-08-31 2013-09-30
DVN 2013-08-31 2013-09-30
EMN 2013-08-31 2013-09-30
FBIN 2013-08-31 2013-09-30
FERG 2013-08-31 2013-09-30
FR 2013-08-31 2013-09-30
GIS 2013-08-31 2013-09-30
H 2013-08-31 2013-09-30
LMT 2013-08-31 2013-09-30
LNT 2013-08-31 2013-09-30
LSTR 2013-08-31 2013-09-30
MCK 2013-08-31 2013-09-30
MCO 2013-08-31 2013-09-30
NEM 2013-08-31 2013-09-30
NLY 2013-08-31 2013-09-30
NNN 2013-08-31 2013-09-30
NUE 2013-08-31 2013-09-30
PEP 2013-08-31 2013-09-30
PH 2013-08-31 2013-09-30
PHM 2013-08-31 2013-09-30
RRC 2013-08-31 2013-09-30
SLB 2013-08-31 2013-09-30
TMO 2013-08-31 2013-09-30
AA 2013-08-31 2013-09-30
AAL 2013-08-31 2013-09-30
CF 2013-08-31 2013-09-30
CTRA 2013-08-31 2013-09-30
PG 2013-08-31 2013-09-30
VZ 2013-08-31 2013-09-30
MSFT 2013-08-31 2013-09-30
JNJ 2013-08-31 2013-09-30
V 2013-08-31 2013-09-30
MA 2013-08-31 2013-09-30
TRGP 2013-08-31 2013-09-30
OKE 2013-08-31 2013-09-30
SON 2013-08-31 2013-09-30
HD 2013-08-31 2013-09-30
INTC 2013-08-31 2013-09-30
this is adj rsquare: 0.16979157828666636
AAPL 2013-09-30 2013-10-31
AME 2013-09-30 2013-10-31
AMGN 2013-09-30 2013-10-31
AMT 2013-09-30 2013-10-31
DTE 2013-09-30 2013-10-31
DVN 2013-09-30 2013-10-31
EMN 2013-09-30 2013-10-31
FBIN 2013-09-30 2013-10-31
FERG 2013-09-30 2013-10-31
FR 2013-09-30 2013-10-31
GIS 2013-09-30 2013-10-31
H 2013-09-30 2013-10-31
LMT 2013-09-30 2013-10-31
LNT 2013-09-30 2013-10-31
LSTR 2013-09-30 2013-10-31
MCK 2013-09-30 2013-10-31
MCO 2013-09-30 2013-10-31
NEM 2013-09-30 2013-10-31
NLY 2013-09-30 2013-10-31
NNN 2013-09-30 2013-10-31
NUE 2013-09-30 2013-10-31
PEP 2013-09-30 2013-10-31
PH 2013-09-30 2013-10-31
PHM 2013-09-30 2013-10-31
RRC 2013-09-30 2013-10-31
SLB 2013-09-30 2013-10-31
TMO 2013-09-30 2013-10-31
AA 2013-09-30 2013-10-31
AAL 2013-09-30 2013-10-31
CF 2013-09-30 2013-10-31
CTRA 2013-09-30 2013-10-31
PG 2013-09-30 2013-10-31
VZ 2013-09-30 2013-10-31
MSFT 2013-09-30 2013-10-31
JNJ 2013-09-30 2013-10-31
V 2013-09-30 2013-10-31
MA 2013-09-30 2013-10-31
TRGP 2013-09-30 2013-10-31
OKE 2013-09-30 2013-10-31
SON 2013-09-30 2013-10-31
HD 2013-09-30 2013-10-31
INTC 2013-09-30 2013-10-31
this is adj rsquare: 0.19143048065992896
AAPL 2013-10-31 2013-11-30
AME 2013-10-31 2013-11-30
AMGN 2013-10-31 2013-11-30
AMT 2013-10-31 2013-11-30
DTE 2013-10-31 2013-11-30
DVN 2013-10-31 2013-11-30
EMN 2013-10-31 2013-11-30
FBIN 2013-10-31 2013-11-30
FERG 2013-10-31 2013-11-30
FR 2013-10-31 2013-11-30
GIS 2013-10-31 2013-11-30
H 2013-10-31 2013-11-30
LMT 2013-10-31 2013-11-30
LNT 2013-10-31 2013-11-30
LSTR 2013-10-31 2013-11-30
MCK 2013-10-31 2013-11-30
MCO 2013-10-31 2013-11-30
NEM 2013-10-31 2013-11-30
NLY 2013-10-31 2013-11-30
NNN 2013-10-31 2013-11-30
NUE 2013-10-31 2013-11-30
PEP 2013-10-31 2013-11-30
PH 2013-10-31 2013-11-30
PHM 2013-10-31 2013-11-30
RRC 2013-10-31 2013-11-30
SLB 2013-10-31 2013-11-30
TMO 2013-10-31 2013-11-30
AA 2013-10-31 2013-11-30
AAL 2013-10-31 2013-11-30
CF 2013-10-31 2013-11-30
CTRA 2013-10-31 2013-11-30
PG 2013-10-31 2013-11-30
VZ 2013-10-31 2013-11-30
MSFT 2013-10-31 2013-11-30
JNJ 2013-10-31 2013-11-30
V 2013-10-31 2013-11-30
MA 2013-10-31 2013-11-30
TRGP 2013-10-31 2013-11-30
OKE 2013-10-31 2013-11-30
SON 2013-10-31 2013-11-30
HD 2013-10-31 2013-11-30
INTC 2013-10-31 2013-11-30
this is adj rsquare: 0.07496524918120262
AAPL 2013-11-30 2013-12-31
AME 2013-11-30 2013-12-31
AMGN 2013-11-30 2013-12-31
AMT 2013-11-30 2013-12-31
DTE 2013-11-30 2013-12-31
DVN 2013-11-30 2013-12-31
EMN 2013-11-30 2013-12-31
FBIN 2013-11-30 2013-12-31
FERG 2013-11-30 2013-12-31
FR 2013-11-30 2013-12-31
GIS 2013-11-30 2013-12-31
H 2013-11-30 2013-12-31
LMT 2013-11-30 2013-12-31
LNT 2013-11-30 2013-12-31
LSTR 2013-11-30 2013-12-31
MCK 2013-11-30 2013-12-31
MCO 2013-11-30 2013-12-31
NEM 2013-11-30 2013-12-31
NLY 2013-11-30 2013-12-31
NNN 2013-11-30 2013-12-31
NUE 2013-11-30 2013-12-31
PEP 2013-11-30 2013-12-31
PH 2013-11-30 2013-12-31
PHM 2013-11-30 2013-12-31
RRC 2013-11-30 2013-12-31
SLB 2013-11-30 2013-12-31
TMO 2013-11-30 2013-12-31
AA 2013-11-30 2013-12-31
AAL 2013-11-30 2013-12-31
CF 2013-11-30 2013-12-31
CTRA 2013-11-30 2013-12-31
PG 2013-11-30 2013-12-31
VZ 2013-11-30 2013-12-31
MSFT 2013-11-30 2013-12-31
JNJ 2013-11-30 2013-12-31
V 2013-11-30 2013-12-31
MA 2013-11-30 2013-12-31
TRGP 2013-11-30 2013-12-31
OKE 2013-11-30 2013-12-31
SON 2013-11-30 2013-12-31
HD 2013-11-30 2013-12-31
INTC 2013-11-30 2013-12-31
this is adj rsquare: 0.012933788685058345
AAPL 2013-12-31 2014-01-31
AME 2013-12-31 2014-01-31
AMGN 2013-12-31 2014-01-31
AMT 2013-12-31 2014-01-31
DTE 2013-12-31 2014-01-31
DVN 2013-12-31 2014-01-31
EMN 2013-12-31 2014-01-31
FBIN 2013-12-31 2014-01-31
FERG 2013-12-31 2014-01-31
FR 2013-12-31 2014-01-31
GIS 2013-12-31 2014-01-31
H 2013-12-31 2014-01-31
LMT 2013-12-31 2014-01-31
LNT 2013-12-31 2014-01-31
LSTR 2013-12-31 2014-01-31
MCK 2013-12-31 2014-01-31
MCO 2013-12-31 2014-01-31
NEM 2013-12-31 2014-01-31
NLY 2013-12-31 2014-01-31
NNN 2013-12-31 2014-01-31
NUE 2013-12-31 2014-01-31
PEP 2013-12-31 2014-01-31
PH 2013-12-31 2014-01-31
PHM 2013-12-31 2014-01-31
RRC 2013-12-31 2014-01-31
SLB 2013-12-31 2014-01-31
TMO 2013-12-31 2014-01-31
AA 2013-12-31 2014-01-31
AAL 2013-12-31 2014-01-31
CF 2013-12-31 2014-01-31
CTRA 2013-12-31 2014-01-31
PG 2013-12-31 2014-01-31
VZ 2013-12-31 2014-01-31
MSFT 2013-12-31 2014-01-31
JNJ 2013-12-31 2014-01-31
V 2013-12-31 2014-01-31
MA 2013-12-31 2014-01-31
TRGP 2013-12-31 2014-01-31
OKE 2013-12-31 2014-01-31
SON 2013-12-31 2014-01-31
HD 2013-12-31 2014-01-31
INTC 2013-12-31 2014-01-31
this is adj rsquare: -0.23773322216732784
AAPL 2014-01-31 2014-02-28
AME 2014-01-31 2014-02-28
AMGN 2014-01-31 2014-02-28
AMT 2014-01-31 2014-02-28
DTE 2014-01-31 2014-02-28
DVN 2014-01-31 2014-02-28
EMN 2014-01-31 2014-02-28
FBIN 2014-01-31 2014-02-28
FERG 2014-01-31 2014-02-28
FR 2014-01-31 2014-02-28
GIS 2014-01-31 2014-02-28
H 2014-01-31 2014-02-28
LMT 2014-01-31 2014-02-28
LNT 2014-01-31 2014-02-28
LSTR 2014-01-31 2014-02-28
MCK 2014-01-31 2014-02-28
MCO 2014-01-31 2014-02-28
NEM 2014-01-31 2014-02-28
NLY 2014-01-31 2014-02-28
NNN 2014-01-31 2014-02-28
NUE 2014-01-31 2014-02-28
PEP 2014-01-31 2014-02-28
PH 2014-01-31 2014-02-28
PHM 2014-01-31 2014-02-28
RRC 2014-01-31 2014-02-28
SLB 2014-01-31 2014-02-28
TMO 2014-01-31 2014-02-28
AA 2014-01-31 2014-02-28
AAL 2014-01-31 2014-02-28
CF 2014-01-31 2014-02-28
CTRA 2014-01-31 2014-02-28
PG 2014-01-31 2014-02-28
VZ 2014-01-31 2014-02-28
MSFT 2014-01-31 2014-02-28
JNJ 2014-01-31 2014-02-28
V 2014-01-31 2014-02-28
MA 2014-01-31 2014-02-28
TRGP 2014-01-31 2014-02-28
OKE 2014-01-31 2014-02-28
SON 2014-01-31 2014-02-28
HD 2014-01-31 2014-02-28
INTC 2014-01-31 2014-02-28
this is adj rsquare: 0.12277118301480183
AAPL 2014-02-28 2014-03-31
AME 2014-02-28 2014-03-31
AMGN 2014-02-28 2014-03-31
AMT 2014-02-28 2014-03-31
DTE 2014-02-28 2014-03-31
DVN 2014-02-28 2014-03-31
EMN 2014-02-28 2014-03-31
FBIN 2014-02-28 2014-03-31
FERG 2014-02-28 2014-03-31
FR 2014-02-28 2014-03-31
GIS 2014-02-28 2014-03-31
H 2014-02-28 2014-03-31
LMT 2014-02-28 2014-03-31
LNT 2014-02-28 2014-03-31
LSTR 2014-02-28 2014-03-31
MCK 2014-02-28 2014-03-31
MCO 2014-02-28 2014-03-31
NEM 2014-02-28 2014-03-31
NLY 2014-02-28 2014-03-31
NNN 2014-02-28 2014-03-31
NUE 2014-02-28 2014-03-31
PEP 2014-02-28 2014-03-31
PH 2014-02-28 2014-03-31
PHM 2014-02-28 2014-03-31
RRC 2014-02-28 2014-03-31
SLB 2014-02-28 2014-03-31
TMO 2014-02-28 2014-03-31
AA 2014-02-28 2014-03-31
AAL 2014-02-28 2014-03-31
CF 2014-02-28 2014-03-31
CTRA 2014-02-28 2014-03-31
PG 2014-02-28 2014-03-31
VZ 2014-02-28 2014-03-31
MSFT 2014-02-28 2014-03-31
JNJ 2014-02-28 2014-03-31
V 2014-02-28 2014-03-31
MA 2014-02-28 2014-03-31
TRGP 2014-02-28 2014-03-31
OKE 2014-02-28 2014-03-31
SON 2014-02-28 2014-03-31
HD 2014-02-28 2014-03-31
INTC 2014-02-28 2014-03-31
this is adj rsquare: 0.14454197223025067
AAPL 2014-03-31 2014-04-30
AME 2014-03-31 2014-04-30
AMGN 2014-03-31 2014-04-30
AMT 2014-03-31 2014-04-30
DTE 2014-03-31 2014-04-30
DVN 2014-03-31 2014-04-30
EMN 2014-03-31 2014-04-30
FBIN 2014-03-31 2014-04-30
FERG 2014-03-31 2014-04-30
FR 2014-03-31 2014-04-30
GIS 2014-03-31 2014-04-30
H 2014-03-31 2014-04-30
LMT 2014-03-31 2014-04-30
LNT 2014-03-31 2014-04-30
LSTR 2014-03-31 2014-04-30
MCK 2014-03-31 2014-04-30
MCO 2014-03-31 2014-04-30
NEM 2014-03-31 2014-04-30
NLY 2014-03-31 2014-04-30
NNN 2014-03-31 2014-04-30
NUE 2014-03-31 2014-04-30
PEP 2014-03-31 2014-04-30
PH 2014-03-31 2014-04-30
PHM 2014-03-31 2014-04-30
RRC 2014-03-31 2014-04-30
SLB 2014-03-31 2014-04-30
TMO 2014-03-31 2014-04-30
AA 2014-03-31 2014-04-30
AAL 2014-03-31 2014-04-30
CF 2014-03-31 2014-04-30
CTRA 2014-03-31 2014-04-30
PG 2014-03-31 2014-04-30
VZ 2014-03-31 2014-04-30
MSFT 2014-03-31 2014-04-30
JNJ 2014-03-31 2014-04-30
V 2014-03-31 2014-04-30
MA 2014-03-31 2014-04-30
TRGP 2014-03-31 2014-04-30
OKE 2014-03-31 2014-04-30
SON 2014-03-31 2014-04-30
HD 2014-03-31 2014-04-30
INTC 2014-03-31 2014-04-30
this is adj rsquare: 0.18766592145219319
AAPL 2014-04-30 2014-05-31
AME 2014-04-30 2014-05-31
AMGN 2014-04-30 2014-05-31
AMT 2014-04-30 2014-05-31
DTE 2014-04-30 2014-05-31
DVN 2014-04-30 2014-05-31
EMN 2014-04-30 2014-05-31
FBIN 2014-04-30 2014-05-31
FERG 2014-04-30 2014-05-31
FR 2014-04-30 2014-05-31
GIS 2014-04-30 2014-05-31
H 2014-04-30 2014-05-31
LMT 2014-04-30 2014-05-31
LNT 2014-04-30 2014-05-31
LSTR 2014-04-30 2014-05-31
MCK 2014-04-30 2014-05-31
MCO 2014-04-30 2014-05-31
NEM 2014-04-30 2014-05-31
NLY 2014-04-30 2014-05-31
NNN 2014-04-30 2014-05-31
NUE 2014-04-30 2014-05-31
PEP 2014-04-30 2014-05-31
PH 2014-04-30 2014-05-31
PHM 2014-04-30 2014-05-31
RRC 2014-04-30 2014-05-31
SLB 2014-04-30 2014-05-31
TMO 2014-04-30 2014-05-31
AA 2014-04-30 2014-05-31
AAL 2014-04-30 2014-05-31
CF 2014-04-30 2014-05-31
CTRA 2014-04-30 2014-05-31
PG 2014-04-30 2014-05-31
VZ 2014-04-30 2014-05-31
MSFT 2014-04-30 2014-05-31
JNJ 2014-04-30 2014-05-31
V 2014-04-30 2014-05-31
MA 2014-04-30 2014-05-31
TRGP 2014-04-30 2014-05-31
OKE 2014-04-30 2014-05-31
SON 2014-04-30 2014-05-31
HD 2014-04-30 2014-05-31
INTC 2014-04-30 2014-05-31
this is adj rsquare: 0.22100364739112976
AAPL 2014-05-31 2014-06-30
AME 2014-05-31 2014-06-30
AMGN 2014-05-31 2014-06-30
AMT 2014-05-31 2014-06-30
DTE 2014-05-31 2014-06-30
DVN 2014-05-31 2014-06-30
EMN 2014-05-31 2014-06-30
FBIN 2014-05-31 2014-06-30
FERG 2014-05-31 2014-06-30
FR 2014-05-31 2014-06-30
GIS 2014-05-31 2014-06-30
H 2014-05-31 2014-06-30
LMT 2014-05-31 2014-06-30
LNT 2014-05-31 2014-06-30
LSTR 2014-05-31 2014-06-30
MCK 2014-05-31 2014-06-30
MCO 2014-05-31 2014-06-30
NEM 2014-05-31 2014-06-30
NLY 2014-05-31 2014-06-30
NNN 2014-05-31 2014-06-30
NUE 2014-05-31 2014-06-30
PEP 2014-05-31 2014-06-30
PH 2014-05-31 2014-06-30
PHM 2014-05-31 2014-06-30
RRC 2014-05-31 2014-06-30
SLB 2014-05-31 2014-06-30
TMO 2014-05-31 2014-06-30
AA 2014-05-31 2014-06-30
AAL 2014-05-31 2014-06-30
CF 2014-05-31 2014-06-30
CTRA 2014-05-31 2014-06-30
PG 2014-05-31 2014-06-30
VZ 2014-05-31 2014-06-30
MSFT 2014-05-31 2014-06-30
JNJ 2014-05-31 2014-06-30
V 2014-05-31 2014-06-30
MA 2014-05-31 2014-06-30
TRGP 2014-05-31 2014-06-30
OKE 2014-05-31 2014-06-30
SON 2014-05-31 2014-06-30
HD 2014-05-31 2014-06-30
INTC 2014-05-31 2014-06-30
this is adj rsquare: 0.056840897455026074
AAPL 2014-06-30 2014-07-31
AME 2014-06-30 2014-07-31
AMGN 2014-06-30 2014-07-31
AMT 2014-06-30 2014-07-31
DTE 2014-06-30 2014-07-31
DVN 2014-06-30 2014-07-31
EMN 2014-06-30 2014-07-31
FBIN 2014-06-30 2014-07-31
FERG 2014-06-30 2014-07-31
FR 2014-06-30 2014-07-31
GIS 2014-06-30 2014-07-31
H 2014-06-30 2014-07-31
LMT 2014-06-30 2014-07-31
LNT 2014-06-30 2014-07-31
LSTR 2014-06-30 2014-07-31
MCK 2014-06-30 2014-07-31
MCO 2014-06-30 2014-07-31
NEM 2014-06-30 2014-07-31
NLY 2014-06-30 2014-07-31
NNN 2014-06-30 2014-07-31
NUE 2014-06-30 2014-07-31
PEP 2014-06-30 2014-07-31
PH 2014-06-30 2014-07-31
PHM 2014-06-30 2014-07-31
RRC 2014-06-30 2014-07-31
SLB 2014-06-30 2014-07-31
TMO 2014-06-30 2014-07-31
AA 2014-06-30 2014-07-31
AAL 2014-06-30 2014-07-31
CF 2014-06-30 2014-07-31
CTRA 2014-06-30 2014-07-31
PG 2014-06-30 2014-07-31
VZ 2014-06-30 2014-07-31
MSFT 2014-06-30 2014-07-31
JNJ 2014-06-30 2014-07-31
V 2014-06-30 2014-07-31
MA 2014-06-30 2014-07-31
TRGP 2014-06-30 2014-07-31
OKE 2014-06-30 2014-07-31
SON 2014-06-30 2014-07-31
HD 2014-06-30 2014-07-31
INTC 2014-06-30 2014-07-31
this is adj rsquare: -0.004316803390945534
AAPL 2014-07-31 2014-08-31
AME 2014-07-31 2014-08-31
AMGN 2014-07-31 2014-08-31
AMT 2014-07-31 2014-08-31
DTE 2014-07-31 2014-08-31
DVN 2014-07-31 2014-08-31
EMN 2014-07-31 2014-08-31
FBIN 2014-07-31 2014-08-31
FERG 2014-07-31 2014-08-31
FR 2014-07-31 2014-08-31
GIS 2014-07-31 2014-08-31
H 2014-07-31 2014-08-31
LMT 2014-07-31 2014-08-31
LNT 2014-07-31 2014-08-31
LSTR 2014-07-31 2014-08-31
MCK 2014-07-31 2014-08-31
MCO 2014-07-31 2014-08-31
NEM 2014-07-31 2014-08-31
NLY 2014-07-31 2014-08-31
NNN 2014-07-31 2014-08-31
NUE 2014-07-31 2014-08-31
PEP 2014-07-31 2014-08-31
PH 2014-07-31 2014-08-31
PHM 2014-07-31 2014-08-31
RRC 2014-07-31 2014-08-31
SLB 2014-07-31 2014-08-31
TMO 2014-07-31 2014-08-31
AA 2014-07-31 2014-08-31
AAL 2014-07-31 2014-08-31
CF 2014-07-31 2014-08-31
CTRA 2014-07-31 2014-08-31
PG 2014-07-31 2014-08-31
VZ 2014-07-31 2014-08-31
MSFT 2014-07-31 2014-08-31
JNJ 2014-07-31 2014-08-31
V 2014-07-31 2014-08-31
MA 2014-07-31 2014-08-31
TRGP 2014-07-31 2014-08-31
OKE 2014-07-31 2014-08-31
SON 2014-07-31 2014-08-31
HD 2014-07-31 2014-08-31
INTC 2014-07-31 2014-08-31
this is adj rsquare: -0.039631953883986215
AAPL 2014-08-31 2014-09-30
AME 2014-08-31 2014-09-30
AMGN 2014-08-31 2014-09-30
AMT 2014-08-31 2014-09-30
DTE 2014-08-31 2014-09-30
DVN 2014-08-31 2014-09-30
EMN 2014-08-31 2014-09-30
FBIN 2014-08-31 2014-09-30
FERG 2014-08-31 2014-09-30
FR 2014-08-31 2014-09-30
GIS 2014-08-31 2014-09-30
H 2014-08-31 2014-09-30
LMT 2014-08-31 2014-09-30
LNT 2014-08-31 2014-09-30
LSTR 2014-08-31 2014-09-30
MCK 2014-08-31 2014-09-30
MCO 2014-08-31 2014-09-30
NEM 2014-08-31 2014-09-30
NLY 2014-08-31 2014-09-30
NNN 2014-08-31 2014-09-30
NUE 2014-08-31 2014-09-30
PEP 2014-08-31 2014-09-30
PH 2014-08-31 2014-09-30
PHM 2014-08-31 2014-09-30
RRC 2014-08-31 2014-09-30
SLB 2014-08-31 2014-09-30
TMO 2014-08-31 2014-09-30
AA 2014-08-31 2014-09-30
AAL 2014-08-31 2014-09-30
CF 2014-08-31 2014-09-30
CTRA 2014-08-31 2014-09-30
PG 2014-08-31 2014-09-30
VZ 2014-08-31 2014-09-30
MSFT 2014-08-31 2014-09-30
JNJ 2014-08-31 2014-09-30
V 2014-08-31 2014-09-30
MA 2014-08-31 2014-09-30
TRGP 2014-08-31 2014-09-30
OKE 2014-08-31 2014-09-30
SON 2014-08-31 2014-09-30
HD 2014-08-31 2014-09-30
INTC 2014-08-31 2014-09-30
this is adj rsquare: -0.10642345756689364
AAPL 2014-09-30 2014-10-31
AME 2014-09-30 2014-10-31
AMGN 2014-09-30 2014-10-31
AMT 2014-09-30 2014-10-31
DTE 2014-09-30 2014-10-31
DVN 2014-09-30 2014-10-31
EMN 2014-09-30 2014-10-31
FBIN 2014-09-30 2014-10-31
FERG 2014-09-30 2014-10-31
FR 2014-09-30 2014-10-31
GIS 2014-09-30 2014-10-31
H 2014-09-30 2014-10-31
LMT 2014-09-30 2014-10-31
LNT 2014-09-30 2014-10-31
LSTR 2014-09-30 2014-10-31
MCK 2014-09-30 2014-10-31
MCO 2014-09-30 2014-10-31
NEM 2014-09-30 2014-10-31
NLY 2014-09-30 2014-10-31
NNN 2014-09-30 2014-10-31
NUE 2014-09-30 2014-10-31
PEP 2014-09-30 2014-10-31
PH 2014-09-30 2014-10-31
PHM 2014-09-30 2014-10-31
RRC 2014-09-30 2014-10-31
SLB 2014-09-30 2014-10-31
TMO 2014-09-30 2014-10-31
AA 2014-09-30 2014-10-31
AAL 2014-09-30 2014-10-31
CF 2014-09-30 2014-10-31
CTRA 2014-09-30 2014-10-31
PG 2014-09-30 2014-10-31
VZ 2014-09-30 2014-10-31
MSFT 2014-09-30 2014-10-31
JNJ 2014-09-30 2014-10-31
V 2014-09-30 2014-10-31
MA 2014-09-30 2014-10-31
TRGP 2014-09-30 2014-10-31
OKE 2014-09-30 2014-10-31
SON 2014-09-30 2014-10-31
HD 2014-09-30 2014-10-31
INTC 2014-09-30 2014-10-31
this is adj rsquare: 0.04297255252795229
AAPL 2014-10-31 2014-11-30
AME 2014-10-31 2014-11-30
AMGN 2014-10-31 2014-11-30
AMT 2014-10-31 2014-11-30
DTE 2014-10-31 2014-11-30
DVN 2014-10-31 2014-11-30
EMN 2014-10-31 2014-11-30
FBIN 2014-10-31 2014-11-30
FERG 2014-10-31 2014-11-30
FR 2014-10-31 2014-11-30
GIS 2014-10-31 2014-11-30
H 2014-10-31 2014-11-30
LMT 2014-10-31 2014-11-30
LNT 2014-10-31 2014-11-30
LSTR 2014-10-31 2014-11-30
MCK 2014-10-31 2014-11-30
MCO 2014-10-31 2014-11-30
NEM 2014-10-31 2014-11-30
NLY 2014-10-31 2014-11-30
NNN 2014-10-31 2014-11-30
NUE 2014-10-31 2014-11-30
PEP 2014-10-31 2014-11-30
PH 2014-10-31 2014-11-30
PHM 2014-10-31 2014-11-30
RRC 2014-10-31 2014-11-30
SLB 2014-10-31 2014-11-30
TMO 2014-10-31 2014-11-30
AA 2014-10-31 2014-11-30
AAL 2014-10-31 2014-11-30
CF 2014-10-31 2014-11-30
CTRA 2014-10-31 2014-11-30
PG 2014-10-31 2014-11-30
VZ 2014-10-31 2014-11-30
MSFT 2014-10-31 2014-11-30
JNJ 2014-10-31 2014-11-30
V 2014-10-31 2014-11-30
MA 2014-10-31 2014-11-30
TRGP 2014-10-31 2014-11-30
OKE 2014-10-31 2014-11-30
SON 2014-10-31 2014-11-30
HD 2014-10-31 2014-11-30
INTC 2014-10-31 2014-11-30
this is adj rsquare: -0.011365409679323424
AAPL 2014-11-30 2014-12-31
AME 2014-11-30 2014-12-31
AMGN 2014-11-30 2014-12-31
AMT 2014-11-30 2014-12-31
DTE 2014-11-30 2014-12-31
DVN 2014-11-30 2014-12-31
EMN 2014-11-30 2014-12-31
FBIN 2014-11-30 2014-12-31
FERG 2014-11-30 2014-12-31
FR 2014-11-30 2014-12-31
GIS 2014-11-30 2014-12-31
H 2014-11-30 2014-12-31
LMT 2014-11-30 2014-12-31
LNT 2014-11-30 2014-12-31
LSTR 2014-11-30 2014-12-31
MCK 2014-11-30 2014-12-31
MCO 2014-11-30 2014-12-31
NEM 2014-11-30 2014-12-31
NLY 2014-11-30 2014-12-31
NNN 2014-11-30 2014-12-31
NUE 2014-11-30 2014-12-31
PEP 2014-11-30 2014-12-31
PH 2014-11-30 2014-12-31
PHM 2014-11-30 2014-12-31
RRC 2014-11-30 2014-12-31
SLB 2014-11-30 2014-12-31
TMO 2014-11-30 2014-12-31
AA 2014-11-30 2014-12-31
AAL 2014-11-30 2014-12-31
CF 2014-11-30 2014-12-31
CTRA 2014-11-30 2014-12-31
PG 2014-11-30 2014-12-31
VZ 2014-11-30 2014-12-31
MSFT 2014-11-30 2014-12-31
JNJ 2014-11-30 2014-12-31
V 2014-11-30 2014-12-31
MA 2014-11-30 2014-12-31
TRGP 2014-11-30 2014-12-31
OKE 2014-11-30 2014-12-31
SON 2014-11-30 2014-12-31
HD 2014-11-30 2014-12-31
INTC 2014-11-30 2014-12-31
this is adj rsquare: 0.1903582289854302
11
24
T-values: {'Constant': -0.4497172385816271, 'Price/Earnings': 1.3353671335470731, 'Price/Book Value': -0.46599744195267884, 'Return on Assets': -0.631392681941856, 'Return on Equity ': 0.23218884059253084, 'Free Cash Flow per Share': 0.5150508951683398, 'Price/Cash Flow': 0.1326178556369498, 'Dividend Yield (%)': -1.323654353627578, 'Enterprise Value/EBITDA': 0.24146492278877885, 'Dividend Payout Ratio (%)': -0.29232792135507074, '4': -1.066643649167354}
P-values: {'Constant': 0.6571240784045196, 'Price/Earnings': 0.19482262283516827, 'Price/Book Value': 0.6456003859342191, 'Return on Assets': 0.5340091913506129, 'Return on Equity ': 0.8184449010709309, 'Free Cash Flow per Share': 0.6114323080507581, 'Price/Cash Flow': 0.8956490257657028, 'Dividend Yield (%)': 0.1986246058615133, 'Enterprise Value/EBITDA': 0.8113345534300224, 'Dividend Payout Ratio (%)': 0.7726567023156407, '4': 0.29720179667849556}
{'Constant': -3945960004.987644, 'Price/Earnings': 1810887636.7193909, 'Price/Book Value': -1238218263.0071762, 'Return on Assets': -6835801744.569209, 'Return on Equity ': 4698134647.141044, 'Free Cash Flow per Share': 10417075377.824396, 'Price/Cash Flow': 219771622.18122745, 'Dividend Yield (%)': -37070818300.672714, 'Enterprise Value/EBITDA': 1325159575.4273443, 'Dividend Payout Ratio (%)': -684081513.4326109, '4': -0.00323951690528204}
this is the average adj r-square: 0.037764583578145196
this is the median adj r-square: 0.04990672499148918
