Namespace(end_date=2014, feature_names='Price/Earnings,Price/Book Value,Return on Assets,Return on Equity ,Free Cash Flow per Share,Price/Cash Flow,Dividend Yield (%),Enterprise Value/EBITDA,Dividend Payout Ratio (%)', new_feature='5', path_to_file='./', start_date=2013, y='Return')
['2012-12-31', '2013-01-31', '2013-02-28', '2013-03-31', '2013-04-30', '2013-05-31', '2013-06-30', '2013-07-31', '2013-08-31', '2013-09-30', '2013-10-31', '2013-11-30', '2013-12-31', '2014-01-31', '2014-02-28', '2014-03-31', '2014-04-30', '2014-05-31', '2014-06-30', '2014-07-31', '2014-08-31', '2014-09-30', '2014-10-31', '2014-11-30', '2014-12-31']
42
AAPL 2012-12-31 2014-12-31
<class 'pandas.core.frame.DataFrame'> <class 'pandas.core.series.Series'>
this is Beta adj rsquare of AAPL and the value is -0.23605117745851323:
AME 2012-12-31 2014-12-31
<class 'pandas.core.frame.DataFrame'> <class 'pandas.core.series.Series'>
Y is: 0.020492806006133124
this is Beta adj rsquare of AME and the value is -0.261391171950597:
AMGN 2012-12-31 2014-12-31
<class 'pandas.core.frame.DataFrame'> <class 'pandas.core.series.Series'>
Y is: 0.07126145603237721
this is Beta adj rsquare of AMGN and the value is 0.1022833396112427:
AMT 2012-12-31 2014-12-31
<class 'pandas.core.frame.DataFrame'> <class 'pandas.core.series.Series'>
Y is: 0.01904132526838387
this is Beta adj rsquare of AMT and the value is 0.14329542594619116:
DTE 2012-12-31 2014-12-31
<class 'pandas.core.frame.DataFrame'> <class 'pandas.core.series.Series'>
Y is: 0.05512553964581657
this is Beta adj rsquare of DTE and the value is 0.022821761578796673:
DVN 2012-12-31 2014-12-31
<class 'pandas.core.frame.DataFrame'> <class 'pandas.core.series.Series'>
Y is: -0.051232739561693275
this is Beta adj rsquare of DVN and the value is 0.20827816484099781:
EMN 2012-12-31 2014-12-31
<class 'pandas.core.frame.DataFrame'> <class 'pandas.core.series.Series'>
Y is: -0.019957809395532156
this is Beta adj rsquare of EMN and the value is 0.01423577776860474:
FBIN 2012-12-31 2014-12-31
<class 'pandas.core.frame.DataFrame'> <class 'pandas.core.series.Series'>
Y is: 0.05528405432666217
this is Beta adj rsquare of FBIN and the value is -0.22031703228804433:
FERG 2012-12-31 2014-12-31
<class 'pandas.core.frame.DataFrame'> <class 'pandas.core.series.Series'>
Y is: -0.01725996530891316
this is Beta adj rsquare of FERG and the value is 1.1102230246251565e-16:
FR 2012-12-31 2014-12-31
<class 'pandas.core.frame.DataFrame'> <class 'pandas.core.series.Series'>
Y is: 0.012763229629316086
this is Beta adj rsquare of FR and the value is -0.23168905557353225:
GIS 2012-12-31 2014-12-31
<class 'pandas.core.frame.DataFrame'> <class 'pandas.core.series.Series'>
Y is: 0.10276589209390785
this is Beta adj rsquare of GIS and the value is -2.220446049250313e-16:
H 2012-12-31 2014-12-31
<class 'pandas.core.frame.DataFrame'> <class 'pandas.core.series.Series'>
Y is: 0.025455464575294906
this is Beta adj rsquare of H and the value is -0.28482494408911796:
LMT 2012-12-31 2014-12-31
<class 'pandas.core.frame.DataFrame'> <class 'pandas.core.series.Series'>
Y is: 0.013007910874763162
this is Beta adj rsquare of LMT and the value is 0.03652157906222819:
LNT 2012-12-31 2014-12-31
<class 'pandas.core.frame.DataFrame'> <class 'pandas.core.series.Series'>
Y is: 0.04035773272170551
this is Beta adj rsquare of LNT and the value is -0.096194749590639:
LSTR 2012-12-31 2014-12-31
<class 'pandas.core.frame.DataFrame'> <class 'pandas.core.series.Series'>
Y is: -0.013148667390638802
this is Beta adj rsquare of LSTR and the value is -0.17801686339251677:
MCK 2012-12-31 2014-12-31
<class 'pandas.core.frame.DataFrame'> <class 'pandas.core.series.Series'>
Y is: 0.008552635824135013
this is Beta adj rsquare of MCK and the value is -0.05578137664534877:
MCO 2012-12-31 2014-12-31
<class 'pandas.core.frame.DataFrame'> <class 'pandas.core.series.Series'>
Y is: -0.12331262968196333
this is Beta adj rsquare of MCO and the value is -0.37763116067411606:
NEM 2012-12-31 2014-12-31
<class 'pandas.core.frame.DataFrame'> <class 'pandas.core.series.Series'>
Y is: -0.06215079669101642
this is Beta adj rsquare of NEM and the value is -0.0841745090208117:
NLY 2012-12-31 2014-12-31
<class 'pandas.core.frame.DataFrame'> <class 'pandas.core.series.Series'>
Y is: 0.0416946799146376
this is Beta adj rsquare of NLY and the value is 0.0330426828632171:
NNN 2012-12-31 2014-12-31
<class 'pandas.core.frame.DataFrame'> <class 'pandas.core.series.Series'>
Y is: 0.0758900771529063
this is Beta adj rsquare of NNN and the value is -0.13576605077615822:
NUE 2012-12-31 2014-12-31
<class 'pandas.core.frame.DataFrame'> <class 'pandas.core.series.Series'>
Y is: -0.02086501020417042
this is Beta adj rsquare of NUE and the value is -0.021215392543631806:
PEP 2012-12-31 2014-12-31
<class 'pandas.core.frame.DataFrame'> <class 'pandas.core.series.Series'>
Y is: 0.040082336720742795
this is Beta adj rsquare of PEP and the value is 0.01895306001718422:
PH 2012-12-31 2014-12-31
<class 'pandas.core.frame.DataFrame'> <class 'pandas.core.series.Series'>
Y is: 0.01624182119397677
this is Beta adj rsquare of PH and the value is -0.1126212842139993:
PHM 2012-12-31 2014-12-31
<class 'pandas.core.frame.DataFrame'> <class 'pandas.core.series.Series'>
Y is: -0.07521694711466609
this is Beta adj rsquare of PHM and the value is -0.07473178573915895:
RRC 2012-12-31 2014-12-31
<class 'pandas.core.frame.DataFrame'> <class 'pandas.core.series.Series'>
Y is: 0.14336765141173902
this is Beta adj rsquare of RRC and the value is 0.07891281209512202:
SLB 2012-12-31 2014-12-31
<class 'pandas.core.frame.DataFrame'> <class 'pandas.core.series.Series'>
Y is: -0.00256251851142264
this is Beta adj rsquare of SLB and the value is 0.03886410711861332:
TMO 2012-12-31 2014-12-31
<class 'pandas.core.frame.DataFrame'> <class 'pandas.core.series.Series'>
Y is: 0.02301086326800794
this is Beta adj rsquare of TMO and the value is -0.13962779518470514:
AA 2012-12-31 2014-12-31
<class 'pandas.core.frame.DataFrame'> <class 'pandas.core.series.Series'>
Y is: -0.036199051143743555
this is Beta adj rsquare of AA and the value is 0.0:
AAL 2012-12-31 2014-12-31
<class 'pandas.core.frame.DataFrame'> <class 'pandas.core.series.Series'>
Y is: -0.0595237705665248
this is Beta adj rsquare of AAL and the value is -0.245349268025844:
CF 2012-12-31 2014-12-31
<class 'pandas.core.frame.DataFrame'> <class 'pandas.core.series.Series'>
Y is: -0.12366364080955405
this is Beta adj rsquare of CF and the value is -0.14450758187704027:
CTRA 2012-12-31 2014-12-31
<class 'pandas.core.frame.DataFrame'> <class 'pandas.core.series.Series'>
Y is: 0.17411903474713686
this is Beta adj rsquare of CTRA and the value is 0.02907723452566957:
PG 2012-12-31 2014-12-31
<class 'pandas.core.frame.DataFrame'> <class 'pandas.core.series.Series'>
Y is: 0.013571003104948298
this is Beta adj rsquare of PG and the value is 0.09262422099204304:
VZ 2012-12-31 2014-12-31
<class 'pandas.core.frame.DataFrame'> <class 'pandas.core.series.Series'>
Y is: 0.06695707700247566
this is Beta adj rsquare of VZ and the value is 0.21450296797904156:
MSFT 2012-12-31 2014-12-31
<class 'pandas.core.frame.DataFrame'> <class 'pandas.core.series.Series'>
Y is: 0.012750399431450399
this is Beta adj rsquare of MSFT and the value is -0.11529559450277493:
JNJ 2012-12-31 2014-12-31
<class 'pandas.core.frame.DataFrame'> <class 'pandas.core.series.Series'>
Y is: 0.029626657138180246
this is Beta adj rsquare of JNJ and the value is 0.07261049654583063:
V 2012-12-31 2014-12-31
<class 'pandas.core.frame.DataFrame'> <class 'pandas.core.series.Series'>
Y is: 0.004622859290796422
this is Beta adj rsquare of V and the value is -0.20791729518474877:
MA 2012-12-31 2014-12-31
<class 'pandas.core.frame.DataFrame'> <class 'pandas.core.series.Series'>
Y is: -0.0011188012549353532
this is Beta adj rsquare of MA and the value is -0.23893446984015698:
TRGP 2012-12-31 2014-12-31
<class 'pandas.core.frame.DataFrame'> <class 'pandas.core.series.Series'>
Y is: 0.010603038157336986
this is Beta adj rsquare of TRGP and the value is 0.012676700777185634:
OKE 2012-12-31 2014-12-31
<class 'pandas.core.frame.DataFrame'> <class 'pandas.core.series.Series'>
Y is: -0.04296957041181115
this is Beta adj rsquare of OKE and the value is -0.20096796422677676:
SON 2012-12-31 2014-12-31
<class 'pandas.core.frame.DataFrame'> <class 'pandas.core.series.Series'>
Y is: 0.025169431829826783
this is Beta adj rsquare of SON and the value is -0.1904024865169427:
HD 2012-12-31 2014-12-31
<class 'pandas.core.frame.DataFrame'> <class 'pandas.core.series.Series'>
Y is: 0.023610308940323677
this is Beta adj rsquare of HD and the value is -0.10933815165003091:
INTC 2012-12-31 2014-12-31
<class 'pandas.core.frame.DataFrame'> <class 'pandas.core.series.Series'>
Y is: -0.007604645807912647
this is Beta adj rsquare of INTC and the value is -0.007555172757719442:
['AAPL', 'AME', 'AMGN', 'AMT', 'DTE', 'DVN', 'EMN', 'FBIN', 'FERG', 'FR', 'GIS', 'H', 'LMT', 'LNT', 'LSTR', 'MCK', 'MCO', 'NEM', 'NLY', 'NNN', 'NUE', 'PEP', 'PH', 'PHM', 'RRC', 'SLB', 'TMO', 'AA', 'AAL', 'CF', 'CTRA', 'PG', 'VZ', 'MSFT', 'JNJ', 'V', 'MA', 'TRGP', 'OKE', 'SON', 'HD', 'INTC']
AAPL 2012-12-31 2013-01-31
AME 2012-12-31 2013-01-31
AMGN 2012-12-31 2013-01-31
AMT 2012-12-31 2013-01-31
DTE 2012-12-31 2013-01-31
DVN 2012-12-31 2013-01-31
EMN 2012-12-31 2013-01-31
FBIN 2012-12-31 2013-01-31
FERG 2012-12-31 2013-01-31
FR 2012-12-31 2013-01-31
GIS 2012-12-31 2013-01-31
H 2012-12-31 2013-01-31
LMT 2012-12-31 2013-01-31
LNT 2012-12-31 2013-01-31
LSTR 2012-12-31 2013-01-31
MCK 2012-12-31 2013-01-31
MCO 2012-12-31 2013-01-31
NEM 2012-12-31 2013-01-31
NLY 2012-12-31 2013-01-31
NNN 2012-12-31 2013-01-31
NUE 2012-12-31 2013-01-31
PEP 2012-12-31 2013-01-31
PH 2012-12-31 2013-01-31
PHM 2012-12-31 2013-01-31
RRC 2012-12-31 2013-01-31
SLB 2012-12-31 2013-01-31
TMO 2012-12-31 2013-01-31
AA 2012-12-31 2013-01-31
AAL 2012-12-31 2013-01-31
CF 2012-12-31 2013-01-31
CTRA 2012-12-31 2013-01-31
PG 2012-12-31 2013-01-31
VZ 2012-12-31 2013-01-31
MSFT 2012-12-31 2013-01-31
JNJ 2012-12-31 2013-01-31
V 2012-12-31 2013-01-31
MA 2012-12-31 2013-01-31
TRGP 2012-12-31 2013-01-31
OKE 2012-12-31 2013-01-31
SON 2012-12-31 2013-01-31
HD 2012-12-31 2013-01-31
INTC 2012-12-31 2013-01-31
this is adj rsquare: 0.16636883739503494
AAPL 2013-01-31 2013-02-28
AME 2013-01-31 2013-02-28
AMGN 2013-01-31 2013-02-28
AMT 2013-01-31 2013-02-28
DTE 2013-01-31 2013-02-28
DVN 2013-01-31 2013-02-28
EMN 2013-01-31 2013-02-28
FBIN 2013-01-31 2013-02-28
FERG 2013-01-31 2013-02-28
FR 2013-01-31 2013-02-28
GIS 2013-01-31 2013-02-28
H 2013-01-31 2013-02-28
LMT 2013-01-31 2013-02-28
LNT 2013-01-31 2013-02-28
LSTR 2013-01-31 2013-02-28
MCK 2013-01-31 2013-02-28
MCO 2013-01-31 2013-02-28
NEM 2013-01-31 2013-02-28
NLY 2013-01-31 2013-02-28
NNN 2013-01-31 2013-02-28
NUE 2013-01-31 2013-02-28
PEP 2013-01-31 2013-02-28
PH 2013-01-31 2013-02-28
PHM 2013-01-31 2013-02-28
RRC 2013-01-31 2013-02-28
SLB 2013-01-31 2013-02-28
TMO 2013-01-31 2013-02-28
AA 2013-01-31 2013-02-28
AAL 2013-01-31 2013-02-28
CF 2013-01-31 2013-02-28
CTRA 2013-01-31 2013-02-28
PG 2013-01-31 2013-02-28
VZ 2013-01-31 2013-02-28
MSFT 2013-01-31 2013-02-28
JNJ 2013-01-31 2013-02-28
V 2013-01-31 2013-02-28
MA 2013-01-31 2013-02-28
TRGP 2013-01-31 2013-02-28
OKE 2013-01-31 2013-02-28
SON 2013-01-31 2013-02-28
HD 2013-01-31 2013-02-28
INTC 2013-01-31 2013-02-28
this is adj rsquare: 0.15463756674396967
AAPL 2013-02-28 2013-03-31
AME 2013-02-28 2013-03-31
AMGN 2013-02-28 2013-03-31
AMT 2013-02-28 2013-03-31
DTE 2013-02-28 2013-03-31
DVN 2013-02-28 2013-03-31
EMN 2013-02-28 2013-03-31
FBIN 2013-02-28 2013-03-31
FERG 2013-02-28 2013-03-31
FR 2013-02-28 2013-03-31
GIS 2013-02-28 2013-03-31
H 2013-02-28 2013-03-31
LMT 2013-02-28 2013-03-31
LNT 2013-02-28 2013-03-31
LSTR 2013-02-28 2013-03-31
MCK 2013-02-28 2013-03-31
MCO 2013-02-28 2013-03-31
NEM 2013-02-28 2013-03-31
NLY 2013-02-28 2013-03-31
NNN 2013-02-28 2013-03-31
NUE 2013-02-28 2013-03-31
PEP 2013-02-28 2013-03-31
PH 2013-02-28 2013-03-31
PHM 2013-02-28 2013-03-31
RRC 2013-02-28 2013-03-31
SLB 2013-02-28 2013-03-31
TMO 2013-02-28 2013-03-31
AA 2013-02-28 2013-03-31
AAL 2013-02-28 2013-03-31
CF 2013-02-28 2013-03-31
CTRA 2013-02-28 2013-03-31
PG 2013-02-28 2013-03-31
VZ 2013-02-28 2013-03-31
MSFT 2013-02-28 2013-03-31
JNJ 2013-02-28 2013-03-31
V 2013-02-28 2013-03-31
MA 2013-02-28 2013-03-31
TRGP 2013-02-28 2013-03-31
OKE 2013-02-28 2013-03-31
SON 2013-02-28 2013-03-31
HD 2013-02-28 2013-03-31
INTC 2013-02-28 2013-03-31
this is adj rsquare: -0.19304299441301143
AAPL 2013-03-31 2013-04-30
AME 2013-03-31 2013-04-30
AMGN 2013-03-31 2013-04-30
AMT 2013-03-31 2013-04-30
DTE 2013-03-31 2013-04-30
DVN 2013-03-31 2013-04-30
EMN 2013-03-31 2013-04-30
FBIN 2013-03-31 2013-04-30
FERG 2013-03-31 2013-04-30
FR 2013-03-31 2013-04-30
GIS 2013-03-31 2013-04-30
H 2013-03-31 2013-04-30
LMT 2013-03-31 2013-04-30
LNT 2013-03-31 2013-04-30
LSTR 2013-03-31 2013-04-30
MCK 2013-03-31 2013-04-30
MCO 2013-03-31 2013-04-30
NEM 2013-03-31 2013-04-30
NLY 2013-03-31 2013-04-30
NNN 2013-03-31 2013-04-30
NUE 2013-03-31 2013-04-30
PEP 2013-03-31 2013-04-30
PH 2013-03-31 2013-04-30
PHM 2013-03-31 2013-04-30
RRC 2013-03-31 2013-04-30
SLB 2013-03-31 2013-04-30
TMO 2013-03-31 2013-04-30
AA 2013-03-31 2013-04-30
AAL 2013-03-31 2013-04-30
CF 2013-03-31 2013-04-30
CTRA 2013-03-31 2013-04-30
PG 2013-03-31 2013-04-30
VZ 2013-03-31 2013-04-30
MSFT 2013-03-31 2013-04-30
JNJ 2013-03-31 2013-04-30
V 2013-03-31 2013-04-30
MA 2013-03-31 2013-04-30
TRGP 2013-03-31 2013-04-30
OKE 2013-03-31 2013-04-30
SON 2013-03-31 2013-04-30
HD 2013-03-31 2013-04-30
INTC 2013-03-31 2013-04-30
this is adj rsquare: -0.2138861302144257
AAPL 2013-04-30 2013-05-31
AME 2013-04-30 2013-05-31
AMGN 2013-04-30 2013-05-31
AMT 2013-04-30 2013-05-31
DTE 2013-04-30 2013-05-31
DVN 2013-04-30 2013-05-31
EMN 2013-04-30 2013-05-31
FBIN 2013-04-30 2013-05-31
FERG 2013-04-30 2013-05-31
FR 2013-04-30 2013-05-31
GIS 2013-04-30 2013-05-31
H 2013-04-30 2013-05-31
LMT 2013-04-30 2013-05-31
LNT 2013-04-30 2013-05-31
LSTR 2013-04-30 2013-05-31
MCK 2013-04-30 2013-05-31
MCO 2013-04-30 2013-05-31
NEM 2013-04-30 2013-05-31
NLY 2013-04-30 2013-05-31
NNN 2013-04-30 2013-05-31
NUE 2013-04-30 2013-05-31
PEP 2013-04-30 2013-05-31
PH 2013-04-30 2013-05-31
PHM 2013-04-30 2013-05-31
RRC 2013-04-30 2013-05-31
SLB 2013-04-30 2013-05-31
TMO 2013-04-30 2013-05-31
AA 2013-04-30 2013-05-31
AAL 2013-04-30 2013-05-31
CF 2013-04-30 2013-05-31
CTRA 2013-04-30 2013-05-31
PG 2013-04-30 2013-05-31
VZ 2013-04-30 2013-05-31
MSFT 2013-04-30 2013-05-31
JNJ 2013-04-30 2013-05-31
V 2013-04-30 2013-05-31
MA 2013-04-30 2013-05-31
TRGP 2013-04-30 2013-05-31
OKE 2013-04-30 2013-05-31
SON 2013-04-30 2013-05-31
HD 2013-04-30 2013-05-31
INTC 2013-04-30 2013-05-31
this is adj rsquare: 0.011429737339852752
AAPL 2013-05-31 2013-06-30
AME 2013-05-31 2013-06-30
AMGN 2013-05-31 2013-06-30
AMT 2013-05-31 2013-06-30
DTE 2013-05-31 2013-06-30
DVN 2013-05-31 2013-06-30
EMN 2013-05-31 2013-06-30
FBIN 2013-05-31 2013-06-30
FERG 2013-05-31 2013-06-30
FR 2013-05-31 2013-06-30
GIS 2013-05-31 2013-06-30
H 2013-05-31 2013-06-30
LMT 2013-05-31 2013-06-30
LNT 2013-05-31 2013-06-30
LSTR 2013-05-31 2013-06-30
MCK 2013-05-31 2013-06-30
MCO 2013-05-31 2013-06-30
NEM 2013-05-31 2013-06-30
NLY 2013-05-31 2013-06-30
NNN 2013-05-31 2013-06-30
NUE 2013-05-31 2013-06-30
PEP 2013-05-31 2013-06-30
PH 2013-05-31 2013-06-30
PHM 2013-05-31 2013-06-30
RRC 2013-05-31 2013-06-30
SLB 2013-05-31 2013-06-30
TMO 2013-05-31 2013-06-30
AA 2013-05-31 2013-06-30
AAL 2013-05-31 2013-06-30
CF 2013-05-31 2013-06-30
CTRA 2013-05-31 2013-06-30
PG 2013-05-31 2013-06-30
VZ 2013-05-31 2013-06-30
MSFT 2013-05-31 2013-06-30
JNJ 2013-05-31 2013-06-30
V 2013-05-31 2013-06-30
MA 2013-05-31 2013-06-30
TRGP 2013-05-31 2013-06-30
OKE 2013-05-31 2013-06-30
SON 2013-05-31 2013-06-30
HD 2013-05-31 2013-06-30
INTC 2013-05-31 2013-06-30
this is adj rsquare: 0.030694089036793937
AAPL 2013-06-30 2013-07-31
AME 2013-06-30 2013-07-31
AMGN 2013-06-30 2013-07-31
AMT 2013-06-30 2013-07-31
DTE 2013-06-30 2013-07-31
DVN 2013-06-30 2013-07-31
EMN 2013-06-30 2013-07-31
FBIN 2013-06-30 2013-07-31
FERG 2013-06-30 2013-07-31
FR 2013-06-30 2013-07-31
GIS 2013-06-30 2013-07-31
H 2013-06-30 2013-07-31
LMT 2013-06-30 2013-07-31
LNT 2013-06-30 2013-07-31
LSTR 2013-06-30 2013-07-31
MCK 2013-06-30 2013-07-31
MCO 2013-06-30 2013-07-31
NEM 2013-06-30 2013-07-31
NLY 2013-06-30 2013-07-31
NNN 2013-06-30 2013-07-31
NUE 2013-06-30 2013-07-31
PEP 2013-06-30 2013-07-31
PH 2013-06-30 2013-07-31
PHM 2013-06-30 2013-07-31
RRC 2013-06-30 2013-07-31
SLB 2013-06-30 2013-07-31
TMO 2013-06-30 2013-07-31
AA 2013-06-30 2013-07-31
AAL 2013-06-30 2013-07-31
CF 2013-06-30 2013-07-31
CTRA 2013-06-30 2013-07-31
PG 2013-06-30 2013-07-31
VZ 2013-06-30 2013-07-31
MSFT 2013-06-30 2013-07-31
JNJ 2013-06-30 2013-07-31
V 2013-06-30 2013-07-31
MA 2013-06-30 2013-07-31
TRGP 2013-06-30 2013-07-31
OKE 2013-06-30 2013-07-31
SON 2013-06-30 2013-07-31
HD 2013-06-30 2013-07-31
INTC 2013-06-30 2013-07-31
this is adj rsquare: 0.08049582104444641
AAPL 2013-07-31 2013-08-31
AME 2013-07-31 2013-08-31
AMGN 2013-07-31 2013-08-31
AMT 2013-07-31 2013-08-31
DTE 2013-07-31 2013-08-31
DVN 2013-07-31 2013-08-31
EMN 2013-07-31 2013-08-31
FBIN 2013-07-31 2013-08-31
FERG 2013-07-31 2013-08-31
FR 2013-07-31 2013-08-31
GIS 2013-07-31 2013-08-31
H 2013-07-31 2013-08-31
LMT 2013-07-31 2013-08-31
LNT 2013-07-31 2013-08-31
LSTR 2013-07-31 2013-08-31
MCK 2013-07-31 2013-08-31
MCO 2013-07-31 2013-08-31
NEM 2013-07-31 2013-08-31
NLY 2013-07-31 2013-08-31
NNN 2013-07-31 2013-08-31
NUE 2013-07-31 2013-08-31
PEP 2013-07-31 2013-08-31
PH 2013-07-31 2013-08-31
PHM 2013-07-31 2013-08-31
RRC 2013-07-31 2013-08-31
SLB 2013-07-31 2013-08-31
TMO 2013-07-31 2013-08-31
AA 2013-07-31 2013-08-31
AAL 2013-07-31 2013-08-31
CF 2013-07-31 2013-08-31
CTRA 2013-07-31 2013-08-31
PG 2013-07-31 2013-08-31
VZ 2013-07-31 2013-08-31
MSFT 2013-07-31 2013-08-31
JNJ 2013-07-31 2013-08-31
V 2013-07-31 2013-08-31
MA 2013-07-31 2013-08-31
TRGP 2013-07-31 2013-08-31
OKE 2013-07-31 2013-08-31
SON 2013-07-31 2013-08-31
HD 2013-07-31 2013-08-31
INTC 2013-07-31 2013-08-31
this is adj rsquare: -0.1344068856269809
AAPL 2013-08-31 2013-09-30
AME 2013-08-31 2013-09-30
AMGN 2013-08-31 2013-09-30
AMT 2013-08-31 2013-09-30
DTE 2013-08-31 2013-09-30
DVN 2013-08-31 2013-09-30
EMN 2013-08-31 2013-09-30
FBIN 2013-08-31 2013-09-30
FERG 2013-08-31 2013-09-30
FR 2013-08-31 2013-09-30
GIS 2013-08-31 2013-09-30
H 2013-08-31 2013-09-30
LMT 2013-08-31 2013-09-30
LNT 2013-08-31 2013-09-30
LSTR 2013-08-31 2013-09-30
MCK 2013-08-31 2013-09-30
MCO 2013-08-31 2013-09-30
NEM 2013-08-31 2013-09-30
NLY 2013-08-31 2013-09-30
NNN 2013-08-31 2013-09-30
NUE 2013-08-31 2013-09-30
PEP 2013-08-31 2013-09-30
PH 2013-08-31 2013-09-30
PHM 2013-08-31 2013-09-30
RRC 2013-08-31 2013-09-30
SLB 2013-08-31 2013-09-30
TMO 2013-08-31 2013-09-30
AA 2013-08-31 2013-09-30
AAL 2013-08-31 2013-09-30
CF 2013-08-31 2013-09-30
CTRA 2013-08-31 2013-09-30
PG 2013-08-31 2013-09-30
VZ 2013-08-31 2013-09-30
MSFT 2013-08-31 2013-09-30
JNJ 2013-08-31 2013-09-30
V 2013-08-31 2013-09-30
MA 2013-08-31 2013-09-30
TRGP 2013-08-31 2013-09-30
OKE 2013-08-31 2013-09-30
SON 2013-08-31 2013-09-30
HD 2013-08-31 2013-09-30
INTC 2013-08-31 2013-09-30
this is adj rsquare: -0.09929120233224786
AAPL 2013-09-30 2013-10-31
AME 2013-09-30 2013-10-31
AMGN 2013-09-30 2013-10-31
AMT 2013-09-30 2013-10-31
DTE 2013-09-30 2013-10-31
DVN 2013-09-30 2013-10-31
EMN 2013-09-30 2013-10-31
FBIN 2013-09-30 2013-10-31
FERG 2013-09-30 2013-10-31
FR 2013-09-30 2013-10-31
GIS 2013-09-30 2013-10-31
H 2013-09-30 2013-10-31
LMT 2013-09-30 2013-10-31
LNT 2013-09-30 2013-10-31
LSTR 2013-09-30 2013-10-31
MCK 2013-09-30 2013-10-31
MCO 2013-09-30 2013-10-31
NEM 2013-09-30 2013-10-31
NLY 2013-09-30 2013-10-31
NNN 2013-09-30 2013-10-31
NUE 2013-09-30 2013-10-31
PEP 2013-09-30 2013-10-31
PH 2013-09-30 2013-10-31
PHM 2013-09-30 2013-10-31
RRC 2013-09-30 2013-10-31
SLB 2013-09-30 2013-10-31
TMO 2013-09-30 2013-10-31
AA 2013-09-30 2013-10-31
AAL 2013-09-30 2013-10-31
CF 2013-09-30 2013-10-31
CTRA 2013-09-30 2013-10-31
PG 2013-09-30 2013-10-31
VZ 2013-09-30 2013-10-31
MSFT 2013-09-30 2013-10-31
JNJ 2013-09-30 2013-10-31
V 2013-09-30 2013-10-31
MA 2013-09-30 2013-10-31
TRGP 2013-09-30 2013-10-31
OKE 2013-09-30 2013-10-31
SON 2013-09-30 2013-10-31
HD 2013-09-30 2013-10-31
INTC 2013-09-30 2013-10-31
this is adj rsquare: 0.1391225590599282
AAPL 2013-10-31 2013-11-30
AME 2013-10-31 2013-11-30
AMGN 2013-10-31 2013-11-30
AMT 2013-10-31 2013-11-30
DTE 2013-10-31 2013-11-30
DVN 2013-10-31 2013-11-30
EMN 2013-10-31 2013-11-30
FBIN 2013-10-31 2013-11-30
FERG 2013-10-31 2013-11-30
FR 2013-10-31 2013-11-30
GIS 2013-10-31 2013-11-30
H 2013-10-31 2013-11-30
LMT 2013-10-31 2013-11-30
LNT 2013-10-31 2013-11-30
LSTR 2013-10-31 2013-11-30
MCK 2013-10-31 2013-11-30
MCO 2013-10-31 2013-11-30
NEM 2013-10-31 2013-11-30
NLY 2013-10-31 2013-11-30
NNN 2013-10-31 2013-11-30
NUE 2013-10-31 2013-11-30
PEP 2013-10-31 2013-11-30
PH 2013-10-31 2013-11-30
PHM 2013-10-31 2013-11-30
RRC 2013-10-31 2013-11-30
SLB 2013-10-31 2013-11-30
TMO 2013-10-31 2013-11-30
AA 2013-10-31 2013-11-30
AAL 2013-10-31 2013-11-30
CF 2013-10-31 2013-11-30
CTRA 2013-10-31 2013-11-30
PG 2013-10-31 2013-11-30
VZ 2013-10-31 2013-11-30
MSFT 2013-10-31 2013-11-30
JNJ 2013-10-31 2013-11-30
V 2013-10-31 2013-11-30
MA 2013-10-31 2013-11-30
TRGP 2013-10-31 2013-11-30
OKE 2013-10-31 2013-11-30
SON 2013-10-31 2013-11-30
HD 2013-10-31 2013-11-30
INTC 2013-10-31 2013-11-30
this is adj rsquare: -0.1206519687271641
AAPL 2013-11-30 2013-12-31
AME 2013-11-30 2013-12-31
AMGN 2013-11-30 2013-12-31
AMT 2013-11-30 2013-12-31
DTE 2013-11-30 2013-12-31
DVN 2013-11-30 2013-12-31
EMN 2013-11-30 2013-12-31
FBIN 2013-11-30 2013-12-31
FERG 2013-11-30 2013-12-31
FR 2013-11-30 2013-12-31
GIS 2013-11-30 2013-12-31
H 2013-11-30 2013-12-31
LMT 2013-11-30 2013-12-31
LNT 2013-11-30 2013-12-31
LSTR 2013-11-30 2013-12-31
MCK 2013-11-30 2013-12-31
MCO 2013-11-30 2013-12-31
NEM 2013-11-30 2013-12-31
NLY 2013-11-30 2013-12-31
NNN 2013-11-30 2013-12-31
NUE 2013-11-30 2013-12-31
PEP 2013-11-30 2013-12-31
PH 2013-11-30 2013-12-31
PHM 2013-11-30 2013-12-31
RRC 2013-11-30 2013-12-31
SLB 2013-11-30 2013-12-31
TMO 2013-11-30 2013-12-31
AA 2013-11-30 2013-12-31
AAL 2013-11-30 2013-12-31
CF 2013-11-30 2013-12-31
CTRA 2013-11-30 2013-12-31
PG 2013-11-30 2013-12-31
VZ 2013-11-30 2013-12-31
MSFT 2013-11-30 2013-12-31
JNJ 2013-11-30 2013-12-31
V 2013-11-30 2013-12-31
MA 2013-11-30 2013-12-31
TRGP 2013-11-30 2013-12-31
OKE 2013-11-30 2013-12-31
SON 2013-11-30 2013-12-31
HD 2013-11-30 2013-12-31
INTC 2013-11-30 2013-12-31
this is adj rsquare: 0.11032850675876138
AAPL 2013-12-31 2014-01-31
AME 2013-12-31 2014-01-31
AMGN 2013-12-31 2014-01-31
AMT 2013-12-31 2014-01-31
DTE 2013-12-31 2014-01-31
DVN 2013-12-31 2014-01-31
EMN 2013-12-31 2014-01-31
FBIN 2013-12-31 2014-01-31
FERG 2013-12-31 2014-01-31
FR 2013-12-31 2014-01-31
GIS 2013-12-31 2014-01-31
H 2013-12-31 2014-01-31
LMT 2013-12-31 2014-01-31
LNT 2013-12-31 2014-01-31
LSTR 2013-12-31 2014-01-31
MCK 2013-12-31 2014-01-31
MCO 2013-12-31 2014-01-31
NEM 2013-12-31 2014-01-31
NLY 2013-12-31 2014-01-31
NNN 2013-12-31 2014-01-31
NUE 2013-12-31 2014-01-31
PEP 2013-12-31 2014-01-31
PH 2013-12-31 2014-01-31
PHM 2013-12-31 2014-01-31
RRC 2013-12-31 2014-01-31
SLB 2013-12-31 2014-01-31
TMO 2013-12-31 2014-01-31
AA 2013-12-31 2014-01-31
AAL 2013-12-31 2014-01-31
CF 2013-12-31 2014-01-31
CTRA 2013-12-31 2014-01-31
PG 2013-12-31 2014-01-31
VZ 2013-12-31 2014-01-31
MSFT 2013-12-31 2014-01-31
JNJ 2013-12-31 2014-01-31
V 2013-12-31 2014-01-31
MA 2013-12-31 2014-01-31
TRGP 2013-12-31 2014-01-31
OKE 2013-12-31 2014-01-31
SON 2013-12-31 2014-01-31
HD 2013-12-31 2014-01-31
INTC 2013-12-31 2014-01-31
this is adj rsquare: -0.23492823690173736
AAPL 2014-01-31 2014-02-28
AME 2014-01-31 2014-02-28
AMGN 2014-01-31 2014-02-28
AMT 2014-01-31 2014-02-28
DTE 2014-01-31 2014-02-28
DVN 2014-01-31 2014-02-28
EMN 2014-01-31 2014-02-28
FBIN 2014-01-31 2014-02-28
FERG 2014-01-31 2014-02-28
FR 2014-01-31 2014-02-28
GIS 2014-01-31 2014-02-28
H 2014-01-31 2014-02-28
LMT 2014-01-31 2014-02-28
LNT 2014-01-31 2014-02-28
LSTR 2014-01-31 2014-02-28
MCK 2014-01-31 2014-02-28
MCO 2014-01-31 2014-02-28
NEM 2014-01-31 2014-02-28
NLY 2014-01-31 2014-02-28
NNN 2014-01-31 2014-02-28
NUE 2014-01-31 2014-02-28
PEP 2014-01-31 2014-02-28
PH 2014-01-31 2014-02-28
PHM 2014-01-31 2014-02-28
RRC 2014-01-31 2014-02-28
SLB 2014-01-31 2014-02-28
TMO 2014-01-31 2014-02-28
AA 2014-01-31 2014-02-28
AAL 2014-01-31 2014-02-28
CF 2014-01-31 2014-02-28
CTRA 2014-01-31 2014-02-28
PG 2014-01-31 2014-02-28
VZ 2014-01-31 2014-02-28
MSFT 2014-01-31 2014-02-28
JNJ 2014-01-31 2014-02-28
V 2014-01-31 2014-02-28
MA 2014-01-31 2014-02-28
TRGP 2014-01-31 2014-02-28
OKE 2014-01-31 2014-02-28
SON 2014-01-31 2014-02-28
HD 2014-01-31 2014-02-28
INTC 2014-01-31 2014-02-28
this is adj rsquare: 0.073140924256905
AAPL 2014-02-28 2014-03-31
AME 2014-02-28 2014-03-31
AMGN 2014-02-28 2014-03-31
AMT 2014-02-28 2014-03-31
DTE 2014-02-28 2014-03-31
DVN 2014-02-28 2014-03-31
EMN 2014-02-28 2014-03-31
FBIN 2014-02-28 2014-03-31
FERG 2014-02-28 2014-03-31
FR 2014-02-28 2014-03-31
GIS 2014-02-28 2014-03-31
H 2014-02-28 2014-03-31
LMT 2014-02-28 2014-03-31
LNT 2014-02-28 2014-03-31
LSTR 2014-02-28 2014-03-31
MCK 2014-02-28 2014-03-31
MCO 2014-02-28 2014-03-31
NEM 2014-02-28 2014-03-31
NLY 2014-02-28 2014-03-31
NNN 2014-02-28 2014-03-31
NUE 2014-02-28 2014-03-31
PEP 2014-02-28 2014-03-31
PH 2014-02-28 2014-03-31
PHM 2014-02-28 2014-03-31
RRC 2014-02-28 2014-03-31
SLB 2014-02-28 2014-03-31
TMO 2014-02-28 2014-03-31
AA 2014-02-28 2014-03-31
AAL 2014-02-28 2014-03-31
CF 2014-02-28 2014-03-31
CTRA 2014-02-28 2014-03-31
PG 2014-02-28 2014-03-31
VZ 2014-02-28 2014-03-31
MSFT 2014-02-28 2014-03-31
JNJ 2014-02-28 2014-03-31
V 2014-02-28 2014-03-31
MA 2014-02-28 2014-03-31
TRGP 2014-02-28 2014-03-31
OKE 2014-02-28 2014-03-31
SON 2014-02-28 2014-03-31
HD 2014-02-28 2014-03-31
INTC 2014-02-28 2014-03-31
this is adj rsquare: -0.09445219414064443
AAPL 2014-03-31 2014-04-30
AME 2014-03-31 2014-04-30
AMGN 2014-03-31 2014-04-30
AMT 2014-03-31 2014-04-30
DTE 2014-03-31 2014-04-30
DVN 2014-03-31 2014-04-30
EMN 2014-03-31 2014-04-30
FBIN 2014-03-31 2014-04-30
FERG 2014-03-31 2014-04-30
FR 2014-03-31 2014-04-30
GIS 2014-03-31 2014-04-30
H 2014-03-31 2014-04-30
LMT 2014-03-31 2014-04-30
LNT 2014-03-31 2014-04-30
LSTR 2014-03-31 2014-04-30
MCK 2014-03-31 2014-04-30
MCO 2014-03-31 2014-04-30
NEM 2014-03-31 2014-04-30
NLY 2014-03-31 2014-04-30
NNN 2014-03-31 2014-04-30
NUE 2014-03-31 2014-04-30
PEP 2014-03-31 2014-04-30
PH 2014-03-31 2014-04-30
PHM 2014-03-31 2014-04-30
RRC 2014-03-31 2014-04-30
SLB 2014-03-31 2014-04-30
TMO 2014-03-31 2014-04-30
AA 2014-03-31 2014-04-30
AAL 2014-03-31 2014-04-30
CF 2014-03-31 2014-04-30
CTRA 2014-03-31 2014-04-30
PG 2014-03-31 2014-04-30
VZ 2014-03-31 2014-04-30
MSFT 2014-03-31 2014-04-30
JNJ 2014-03-31 2014-04-30
V 2014-03-31 2014-04-30
MA 2014-03-31 2014-04-30
TRGP 2014-03-31 2014-04-30
OKE 2014-03-31 2014-04-30
SON 2014-03-31 2014-04-30
HD 2014-03-31 2014-04-30
INTC 2014-03-31 2014-04-30
this is adj rsquare: -0.13027298518301622
AAPL 2014-04-30 2014-05-31
AME 2014-04-30 2014-05-31
AMGN 2014-04-30 2014-05-31
AMT 2014-04-30 2014-05-31
DTE 2014-04-30 2014-05-31
DVN 2014-04-30 2014-05-31
EMN 2014-04-30 2014-05-31
FBIN 2014-04-30 2014-05-31
FERG 2014-04-30 2014-05-31
FR 2014-04-30 2014-05-31
GIS 2014-04-30 2014-05-31
H 2014-04-30 2014-05-31
LMT 2014-04-30 2014-05-31
LNT 2014-04-30 2014-05-31
LSTR 2014-04-30 2014-05-31
MCK 2014-04-30 2014-05-31
MCO 2014-04-30 2014-05-31
NEM 2014-04-30 2014-05-31
NLY 2014-04-30 2014-05-31
NNN 2014-04-30 2014-05-31
NUE 2014-04-30 2014-05-31
PEP 2014-04-30 2014-05-31
PH 2014-04-30 2014-05-31
PHM 2014-04-30 2014-05-31
RRC 2014-04-30 2014-05-31
SLB 2014-04-30 2014-05-31
TMO 2014-04-30 2014-05-31
AA 2014-04-30 2014-05-31
AAL 2014-04-30 2014-05-31
CF 2014-04-30 2014-05-31
CTRA 2014-04-30 2014-05-31
PG 2014-04-30 2014-05-31
VZ 2014-04-30 2014-05-31
MSFT 2014-04-30 2014-05-31
JNJ 2014-04-30 2014-05-31
V 2014-04-30 2014-05-31
MA 2014-04-30 2014-05-31
TRGP 2014-04-30 2014-05-31
OKE 2014-04-30 2014-05-31
SON 2014-04-30 2014-05-31
HD 2014-04-30 2014-05-31
INTC 2014-04-30 2014-05-31
this is adj rsquare: 0.1786507596206116
AAPL 2014-05-31 2014-06-30
AME 2014-05-31 2014-06-30
AMGN 2014-05-31 2014-06-30
AMT 2014-05-31 2014-06-30
DTE 2014-05-31 2014-06-30
DVN 2014-05-31 2014-06-30
EMN 2014-05-31 2014-06-30
FBIN 2014-05-31 2014-06-30
FERG 2014-05-31 2014-06-30
FR 2014-05-31 2014-06-30
GIS 2014-05-31 2014-06-30
H 2014-05-31 2014-06-30
LMT 2014-05-31 2014-06-30
LNT 2014-05-31 2014-06-30
LSTR 2014-05-31 2014-06-30
MCK 2014-05-31 2014-06-30
MCO 2014-05-31 2014-06-30
NEM 2014-05-31 2014-06-30
NLY 2014-05-31 2014-06-30
NNN 2014-05-31 2014-06-30
NUE 2014-05-31 2014-06-30
PEP 2014-05-31 2014-06-30
PH 2014-05-31 2014-06-30
PHM 2014-05-31 2014-06-30
RRC 2014-05-31 2014-06-30
SLB 2014-05-31 2014-06-30
TMO 2014-05-31 2014-06-30
AA 2014-05-31 2014-06-30
AAL 2014-05-31 2014-06-30
CF 2014-05-31 2014-06-30
CTRA 2014-05-31 2014-06-30
PG 2014-05-31 2014-06-30
VZ 2014-05-31 2014-06-30
MSFT 2014-05-31 2014-06-30
JNJ 2014-05-31 2014-06-30
V 2014-05-31 2014-06-30
MA 2014-05-31 2014-06-30
TRGP 2014-05-31 2014-06-30
OKE 2014-05-31 2014-06-30
SON 2014-05-31 2014-06-30
HD 2014-05-31 2014-06-30
INTC 2014-05-31 2014-06-30
this is adj rsquare: 0.07574794645043159
AAPL 2014-06-30 2014-07-31
AME 2014-06-30 2014-07-31
AMGN 2014-06-30 2014-07-31
AMT 2014-06-30 2014-07-31
DTE 2014-06-30 2014-07-31
DVN 2014-06-30 2014-07-31
EMN 2014-06-30 2014-07-31
FBIN 2014-06-30 2014-07-31
FERG 2014-06-30 2014-07-31
FR 2014-06-30 2014-07-31
GIS 2014-06-30 2014-07-31
H 2014-06-30 2014-07-31
LMT 2014-06-30 2014-07-31
LNT 2014-06-30 2014-07-31
LSTR 2014-06-30 2014-07-31
MCK 2014-06-30 2014-07-31
MCO 2014-06-30 2014-07-31
NEM 2014-06-30 2014-07-31
NLY 2014-06-30 2014-07-31
NNN 2014-06-30 2014-07-31
NUE 2014-06-30 2014-07-31
PEP 2014-06-30 2014-07-31
PH 2014-06-30 2014-07-31
PHM 2014-06-30 2014-07-31
RRC 2014-06-30 2014-07-31
SLB 2014-06-30 2014-07-31
TMO 2014-06-30 2014-07-31
AA 2014-06-30 2014-07-31
AAL 2014-06-30 2014-07-31
CF 2014-06-30 2014-07-31
CTRA 2014-06-30 2014-07-31
PG 2014-06-30 2014-07-31
VZ 2014-06-30 2014-07-31
MSFT 2014-06-30 2014-07-31
JNJ 2014-06-30 2014-07-31
V 2014-06-30 2014-07-31
MA 2014-06-30 2014-07-31
TRGP 2014-06-30 2014-07-31
OKE 2014-06-30 2014-07-31
SON 2014-06-30 2014-07-31
HD 2014-06-30 2014-07-31
INTC 2014-06-30 2014-07-31
this is adj rsquare: -0.05828837089008143
AAPL 2014-07-31 2014-08-31
AME 2014-07-31 2014-08-31
AMGN 2014-07-31 2014-08-31
AMT 2014-07-31 2014-08-31
DTE 2014-07-31 2014-08-31
DVN 2014-07-31 2014-08-31
EMN 2014-07-31 2014-08-31
FBIN 2014-07-31 2014-08-31
FERG 2014-07-31 2014-08-31
FR 2014-07-31 2014-08-31
GIS 2014-07-31 2014-08-31
H 2014-07-31 2014-08-31
LMT 2014-07-31 2014-08-31
LNT 2014-07-31 2014-08-31
LSTR 2014-07-31 2014-08-31
MCK 2014-07-31 2014-08-31
MCO 2014-07-31 2014-08-31
NEM 2014-07-31 2014-08-31
NLY 2014-07-31 2014-08-31
NNN 2014-07-31 2014-08-31
NUE 2014-07-31 2014-08-31
PEP 2014-07-31 2014-08-31
PH 2014-07-31 2014-08-31
PHM 2014-07-31 2014-08-31
RRC 2014-07-31 2014-08-31
SLB 2014-07-31 2014-08-31
TMO 2014-07-31 2014-08-31
AA 2014-07-31 2014-08-31
AAL 2014-07-31 2014-08-31
CF 2014-07-31 2014-08-31
CTRA 2014-07-31 2014-08-31
PG 2014-07-31 2014-08-31
VZ 2014-07-31 2014-08-31
MSFT 2014-07-31 2014-08-31
JNJ 2014-07-31 2014-08-31
V 2014-07-31 2014-08-31
MA 2014-07-31 2014-08-31
TRGP 2014-07-31 2014-08-31
OKE 2014-07-31 2014-08-31
SON 2014-07-31 2014-08-31
HD 2014-07-31 2014-08-31
INTC 2014-07-31 2014-08-31
this is adj rsquare: 0.04965648267757805
AAPL 2014-08-31 2014-09-30
AME 2014-08-31 2014-09-30
AMGN 2014-08-31 2014-09-30
AMT 2014-08-31 2014-09-30
DTE 2014-08-31 2014-09-30
DVN 2014-08-31 2014-09-30
EMN 2014-08-31 2014-09-30
FBIN 2014-08-31 2014-09-30
FERG 2014-08-31 2014-09-30
FR 2014-08-31 2014-09-30
GIS 2014-08-31 2014-09-30
H 2014-08-31 2014-09-30
LMT 2014-08-31 2014-09-30
LNT 2014-08-31 2014-09-30
LSTR 2014-08-31 2014-09-30
MCK 2014-08-31 2014-09-30
MCO 2014-08-31 2014-09-30
NEM 2014-08-31 2014-09-30
NLY 2014-08-31 2014-09-30
NNN 2014-08-31 2014-09-30
NUE 2014-08-31 2014-09-30
PEP 2014-08-31 2014-09-30
PH 2014-08-31 2014-09-30
PHM 2014-08-31 2014-09-30
RRC 2014-08-31 2014-09-30
SLB 2014-08-31 2014-09-30
TMO 2014-08-31 2014-09-30
AA 2014-08-31 2014-09-30
AAL 2014-08-31 2014-09-30
CF 2014-08-31 2014-09-30
CTRA 2014-08-31 2014-09-30
PG 2014-08-31 2014-09-30
VZ 2014-08-31 2014-09-30
MSFT 2014-08-31 2014-09-30
JNJ 2014-08-31 2014-09-30
V 2014-08-31 2014-09-30
MA 2014-08-31 2014-09-30
TRGP 2014-08-31 2014-09-30
OKE 2014-08-31 2014-09-30
SON 2014-08-31 2014-09-30
HD 2014-08-31 2014-09-30
INTC 2014-08-31 2014-09-30
this is adj rsquare: -0.16586997594030373
AAPL 2014-09-30 2014-10-31
AME 2014-09-30 2014-10-31
AMGN 2014-09-30 2014-10-31
AMT 2014-09-30 2014-10-31
DTE 2014-09-30 2014-10-31
DVN 2014-09-30 2014-10-31
EMN 2014-09-30 2014-10-31
FBIN 2014-09-30 2014-10-31
FERG 2014-09-30 2014-10-31
FR 2014-09-30 2014-10-31
GIS 2014-09-30 2014-10-31
H 2014-09-30 2014-10-31
LMT 2014-09-30 2014-10-31
LNT 2014-09-30 2014-10-31
LSTR 2014-09-30 2014-10-31
MCK 2014-09-30 2014-10-31
MCO 2014-09-30 2014-10-31
NEM 2014-09-30 2014-10-31
NLY 2014-09-30 2014-10-31
NNN 2014-09-30 2014-10-31
NUE 2014-09-30 2014-10-31
PEP 2014-09-30 2014-10-31
PH 2014-09-30 2014-10-31
PHM 2014-09-30 2014-10-31
RRC 2014-09-30 2014-10-31
SLB 2014-09-30 2014-10-31
TMO 2014-09-30 2014-10-31
AA 2014-09-30 2014-10-31
AAL 2014-09-30 2014-10-31
CF 2014-09-30 2014-10-31
CTRA 2014-09-30 2014-10-31
PG 2014-09-30 2014-10-31
VZ 2014-09-30 2014-10-31
MSFT 2014-09-30 2014-10-31
JNJ 2014-09-30 2014-10-31
V 2014-09-30 2014-10-31
MA 2014-09-30 2014-10-31
TRGP 2014-09-30 2014-10-31
OKE 2014-09-30 2014-10-31
SON 2014-09-30 2014-10-31
HD 2014-09-30 2014-10-31
INTC 2014-09-30 2014-10-31
this is adj rsquare: -0.18643238223233127
AAPL 2014-10-31 2014-11-30
AME 2014-10-31 2014-11-30
AMGN 2014-10-31 2014-11-30
AMT 2014-10-31 2014-11-30
DTE 2014-10-31 2014-11-30
DVN 2014-10-31 2014-11-30
EMN 2014-10-31 2014-11-30
FBIN 2014-10-31 2014-11-30
FERG 2014-10-31 2014-11-30
FR 2014-10-31 2014-11-30
GIS 2014-10-31 2014-11-30
H 2014-10-31 2014-11-30
LMT 2014-10-31 2014-11-30
LNT 2014-10-31 2014-11-30
LSTR 2014-10-31 2014-11-30
MCK 2014-10-31 2014-11-30
MCO 2014-10-31 2014-11-30
NEM 2014-10-31 2014-11-30
NLY 2014-10-31 2014-11-30
NNN 2014-10-31 2014-11-30
NUE 2014-10-31 2014-11-30
PEP 2014-10-31 2014-11-30
PH 2014-10-31 2014-11-30
PHM 2014-10-31 2014-11-30
RRC 2014-10-31 2014-11-30
SLB 2014-10-31 2014-11-30
TMO 2014-10-31 2014-11-30
AA 2014-10-31 2014-11-30
AAL 2014-10-31 2014-11-30
CF 2014-10-31 2014-11-30
CTRA 2014-10-31 2014-11-30
PG 2014-10-31 2014-11-30
VZ 2014-10-31 2014-11-30
MSFT 2014-10-31 2014-11-30
JNJ 2014-10-31 2014-11-30
V 2014-10-31 2014-11-30
MA 2014-10-31 2014-11-30
TRGP 2014-10-31 2014-11-30
OKE 2014-10-31 2014-11-30
SON 2014-10-31 2014-11-30
HD 2014-10-31 2014-11-30
INTC 2014-10-31 2014-11-30
this is adj rsquare: -0.14915454553787932
AAPL 2014-11-30 2014-12-31
AME 2014-11-30 2014-12-31
AMGN 2014-11-30 2014-12-31
AMT 2014-11-30 2014-12-31
DTE 2014-11-30 2014-12-31
DVN 2014-11-30 2014-12-31
EMN 2014-11-30 2014-12-31
FBIN 2014-11-30 2014-12-31
FERG 2014-11-30 2014-12-31
FR 2014-11-30 2014-12-31
GIS 2014-11-30 2014-12-31
H 2014-11-30 2014-12-31
LMT 2014-11-30 2014-12-31
LNT 2014-11-30 2014-12-31
LSTR 2014-11-30 2014-12-31
MCK 2014-11-30 2014-12-31
MCO 2014-11-30 2014-12-31
NEM 2014-11-30 2014-12-31
NLY 2014-11-30 2014-12-31
NNN 2014-11-30 2014-12-31
NUE 2014-11-30 2014-12-31
PEP 2014-11-30 2014-12-31
PH 2014-11-30 2014-12-31
PHM 2014-11-30 2014-12-31
RRC 2014-11-30 2014-12-31
SLB 2014-11-30 2014-12-31
TMO 2014-11-30 2014-12-31
AA 2014-11-30 2014-12-31
AAL 2014-11-30 2014-12-31
CF 2014-11-30 2014-12-31
CTRA 2014-11-30 2014-12-31
PG 2014-11-30 2014-12-31
VZ 2014-11-30 2014-12-31
MSFT 2014-11-30 2014-12-31
JNJ 2014-11-30 2014-12-31
V 2014-11-30 2014-12-31
MA 2014-11-30 2014-12-31
TRGP 2014-11-30 2014-12-31
OKE 2014-11-30 2014-12-31
SON 2014-11-30 2014-12-31
HD 2014-11-30 2014-12-31
INTC 2014-11-30 2014-12-31
this is adj rsquare: 0.1624421765459897
11
24
T-values: {'Constant': -1.7649164822658379, 'Price/Earnings': 0.2849150882856418, 'Price/Book Value': -0.10804900521568901, 'Return on Assets': 1.171453557909003, 'Return on Equity ': 1.5639469749647557, 'Free Cash Flow per Share': -0.10399861683455729, 'Price/Cash Flow': 0.73504441516239, 'Dividend Yield (%)': -1.133557286994527, 'Enterprise Value/EBITDA': -0.36076697378061423, 'Dividend Payout Ratio (%)': 0.16402903747390737, '5': 0.21675267652276148}
P-values: {'Constant': 0.09085447905669897, 'Price/Earnings': 0.7782589587308245, 'Price/Book Value': 0.9148938782598239, 'Return on Assets': 0.2534096823306377, 'Return on Equity ': 0.13148599354088555, 'Free Cash Flow per Share': 0.9180720023248296, 'Price/Cash Flow': 0.46974162773620054, 'Dividend Yield (%)': 0.26865820462661383, 'Enterprise Value/EBITDA': 0.7215660490757518, 'Dividend Payout Ratio (%)': 0.8711412130674389, '5': 0.8303121883104817}
{'Constant': -11963028410.146418, 'Price/Earnings': 268935586.4918174, 'Price/Book Value': -317096983.0437872, 'Return on Assets': 10842863661.13509, 'Return on Equity ': 30246894510.03662, 'Free Cash Flow per Share': -1832193141.0559108, 'Price/Cash Flow': 1069639615.1818193, 'Dividend Yield (%)': -32002607951.89996, 'Enterprise Value/EBITDA': -1674007003.8616955, 'Dividend Payout Ratio (%)': 6660044.176322147, '5': 0.0008929128386005602}
this is the average adj r-square: -0.022831769383730022
this is the median adj r-square: -0.02342931677511434
