Namespace(end_date=2014, feature_names='Price/Earnings,Price/Book Value,Return on Assets,Return on Equity ,Free Cash Flow per Share,Price/Cash Flow,Dividend Yield (%),Enterprise Value/EBITDA,Dividend Payout Ratio (%)', new_feature='7', path_to_file='./', start_date=2013, y='Return')
['2012-12-31', '2013-01-31', '2013-02-28', '2013-03-31', '2013-04-30', '2013-05-31', '2013-06-30', '2013-07-31', '2013-08-31', '2013-09-30', '2013-10-31', '2013-11-30', '2013-12-31', '2014-01-31', '2014-02-28', '2014-03-31', '2014-04-30', '2014-05-31', '2014-06-30', '2014-07-31', '2014-08-31', '2014-09-30', '2014-10-31', '2014-11-30', '2014-12-31']
42
AAPL 2012-12-31 2014-12-31
<class 'pandas.core.frame.DataFrame'> <class 'pandas.core.series.Series'>
this is Beta adj rsquare of AAPL and the value is -0.23605117745851345:
AME 2012-12-31 2014-12-31
<class 'pandas.core.frame.DataFrame'> <class 'pandas.core.series.Series'>
Y is: 0.020492806006133124
this is Beta adj rsquare of AME and the value is -0.26139117195059725:
AMGN 2012-12-31 2014-12-31
<class 'pandas.core.frame.DataFrame'> <class 'pandas.core.series.Series'>
Y is: 0.07126145603237721
this is Beta adj rsquare of AMGN and the value is 0.10228333961124225:
AMT 2012-12-31 2014-12-31
<class 'pandas.core.frame.DataFrame'> <class 'pandas.core.series.Series'>
Y is: 0.01904132526838387
this is Beta adj rsquare of AMT and the value is 0.14329542594619127:
DTE 2012-12-31 2014-12-31
<class 'pandas.core.frame.DataFrame'> <class 'pandas.core.series.Series'>
Y is: 0.05512553964581657
this is Beta adj rsquare of DTE and the value is 0.022821761578796895:
DVN 2012-12-31 2014-12-31
<class 'pandas.core.frame.DataFrame'> <class 'pandas.core.series.Series'>
Y is: -0.051232739561693275
this is Beta adj rsquare of DVN and the value is 0.20827816484099781:
EMN 2012-12-31 2014-12-31
<class 'pandas.core.frame.DataFrame'> <class 'pandas.core.series.Series'>
Y is: -0.019957809395532156
this is Beta adj rsquare of EMN and the value is 0.01423577776860463:
FBIN 2012-12-31 2014-12-31
<class 'pandas.core.frame.DataFrame'> <class 'pandas.core.series.Series'>
Y is: 0.05528405432666217
this is Beta adj rsquare of FBIN and the value is -0.22031703228804456:
FERG 2012-12-31 2014-12-31
<class 'pandas.core.frame.DataFrame'> <class 'pandas.core.series.Series'>
Y is: -0.01725996530891316
this is Beta adj rsquare of FERG and the value is 1.1102230246251565e-16:
FR 2012-12-31 2014-12-31
<class 'pandas.core.frame.DataFrame'> <class 'pandas.core.series.Series'>
Y is: 0.012763229629316086
this is Beta adj rsquare of FR and the value is -0.2316890555735318:
GIS 2012-12-31 2014-12-31
<class 'pandas.core.frame.DataFrame'> <class 'pandas.core.series.Series'>
Y is: 0.10276589209390785
this is Beta adj rsquare of GIS and the value is -2.220446049250313e-16:
H 2012-12-31 2014-12-31
<class 'pandas.core.frame.DataFrame'> <class 'pandas.core.series.Series'>
Y is: 0.025455464575294906
this is Beta adj rsquare of H and the value is -0.28482494408911796:
LMT 2012-12-31 2014-12-31
<class 'pandas.core.frame.DataFrame'> <class 'pandas.core.series.Series'>
Y is: 0.013007910874763162
this is Beta adj rsquare of LMT and the value is 0.03652157906222786:
LNT 2012-12-31 2014-12-31
<class 'pandas.core.frame.DataFrame'> <class 'pandas.core.series.Series'>
Y is: 0.04035773272170551
this is Beta adj rsquare of LNT and the value is -0.096194749590639:
LSTR 2012-12-31 2014-12-31
<class 'pandas.core.frame.DataFrame'> <class 'pandas.core.series.Series'>
Y is: -0.013148667390638802
this is Beta adj rsquare of LSTR and the value is -0.1780168633925172:
MCK 2012-12-31 2014-12-31
<class 'pandas.core.frame.DataFrame'> <class 'pandas.core.series.Series'>
Y is: 0.008552635824135013
this is Beta adj rsquare of MCK and the value is -0.05578137664534899:
MCO 2012-12-31 2014-12-31
<class 'pandas.core.frame.DataFrame'> <class 'pandas.core.series.Series'>
Y is: -0.12331262968196333
this is Beta adj rsquare of MCO and the value is -0.37763116067411606:
NEM 2012-12-31 2014-12-31
<class 'pandas.core.frame.DataFrame'> <class 'pandas.core.series.Series'>
Y is: -0.06215079669101642
this is Beta adj rsquare of NEM and the value is -0.0841745090208117:
NLY 2012-12-31 2014-12-31
<class 'pandas.core.frame.DataFrame'> <class 'pandas.core.series.Series'>
Y is: 0.0416946799146376
this is Beta adj rsquare of NLY and the value is 0.03304268286321721:
NNN 2012-12-31 2014-12-31
<class 'pandas.core.frame.DataFrame'> <class 'pandas.core.series.Series'>
Y is: 0.0758900771529063
this is Beta adj rsquare of NNN and the value is -0.13576605077615822:
NUE 2012-12-31 2014-12-31
<class 'pandas.core.frame.DataFrame'> <class 'pandas.core.series.Series'>
Y is: -0.02086501020417042
this is Beta adj rsquare of NUE and the value is -0.021215392543632028:
PEP 2012-12-31 2014-12-31
<class 'pandas.core.frame.DataFrame'> <class 'pandas.core.series.Series'>
Y is: 0.040082336720742795
this is Beta adj rsquare of PEP and the value is 0.018953060017184442:
PH 2012-12-31 2014-12-31
<class 'pandas.core.frame.DataFrame'> <class 'pandas.core.series.Series'>
Y is: 0.01624182119397677
this is Beta adj rsquare of PH and the value is -0.11262128421399908:
PHM 2012-12-31 2014-12-31
<class 'pandas.core.frame.DataFrame'> <class 'pandas.core.series.Series'>
Y is: -0.07521694711466609
this is Beta adj rsquare of PHM and the value is -0.07473178573915873:
RRC 2012-12-31 2014-12-31
<class 'pandas.core.frame.DataFrame'> <class 'pandas.core.series.Series'>
Y is: 0.14336765141173902
this is Beta adj rsquare of RRC and the value is 0.0789128120951218:
SLB 2012-12-31 2014-12-31
<class 'pandas.core.frame.DataFrame'> <class 'pandas.core.series.Series'>
Y is: -0.00256251851142264
this is Beta adj rsquare of SLB and the value is 0.03886410711861321:
TMO 2012-12-31 2014-12-31
<class 'pandas.core.frame.DataFrame'> <class 'pandas.core.series.Series'>
Y is: 0.02301086326800794
this is Beta adj rsquare of TMO and the value is -0.13962779518470514:
AA 2012-12-31 2014-12-31
<class 'pandas.core.frame.DataFrame'> <class 'pandas.core.series.Series'>
Y is: -0.036199051143743555
this is Beta adj rsquare of AA and the value is 0.0:
AAL 2012-12-31 2014-12-31
<class 'pandas.core.frame.DataFrame'> <class 'pandas.core.series.Series'>
Y is: -0.0595237705665248
this is Beta adj rsquare of AAL and the value is -0.245349268025844:
CF 2012-12-31 2014-12-31
<class 'pandas.core.frame.DataFrame'> <class 'pandas.core.series.Series'>
Y is: -0.12366364080955405
this is Beta adj rsquare of CF and the value is -0.14450758187704027:
CTRA 2012-12-31 2014-12-31
<class 'pandas.core.frame.DataFrame'> <class 'pandas.core.series.Series'>
Y is: 0.17411903474713686
this is Beta adj rsquare of CTRA and the value is 0.02907723452566935:
PG 2012-12-31 2014-12-31
<class 'pandas.core.frame.DataFrame'> <class 'pandas.core.series.Series'>
Y is: 0.013571003104948298
this is Beta adj rsquare of PG and the value is 0.09262422099204304:
VZ 2012-12-31 2014-12-31
<class 'pandas.core.frame.DataFrame'> <class 'pandas.core.series.Series'>
Y is: 0.06695707700247566
this is Beta adj rsquare of VZ and the value is 0.2145029679790419:
MSFT 2012-12-31 2014-12-31
<class 'pandas.core.frame.DataFrame'> <class 'pandas.core.series.Series'>
Y is: 0.012750399431450399
this is Beta adj rsquare of MSFT and the value is -0.11529559450277471:
JNJ 2012-12-31 2014-12-31
<class 'pandas.core.frame.DataFrame'> <class 'pandas.core.series.Series'>
Y is: 0.029626657138180246
this is Beta adj rsquare of JNJ and the value is 0.07261049654583096:
V 2012-12-31 2014-12-31
<class 'pandas.core.frame.DataFrame'> <class 'pandas.core.series.Series'>
Y is: 0.004622859290796422
this is Beta adj rsquare of V and the value is -0.207917295184749:
MA 2012-12-31 2014-12-31
<class 'pandas.core.frame.DataFrame'> <class 'pandas.core.series.Series'>
Y is: -0.0011188012549353532
this is Beta adj rsquare of MA and the value is -0.2389344698401572:
TRGP 2012-12-31 2014-12-31
<class 'pandas.core.frame.DataFrame'> <class 'pandas.core.series.Series'>
Y is: 0.010603038157336986
this is Beta adj rsquare of TRGP and the value is 0.012676700777185967:
OKE 2012-12-31 2014-12-31
<class 'pandas.core.frame.DataFrame'> <class 'pandas.core.series.Series'>
Y is: -0.04296957041181115
this is Beta adj rsquare of OKE and the value is -0.20096796422677632:
SON 2012-12-31 2014-12-31
<class 'pandas.core.frame.DataFrame'> <class 'pandas.core.series.Series'>
Y is: 0.025169431829826783
this is Beta adj rsquare of SON and the value is -0.19040248651694314:
HD 2012-12-31 2014-12-31
<class 'pandas.core.frame.DataFrame'> <class 'pandas.core.series.Series'>
Y is: 0.023610308940323677
this is Beta adj rsquare of HD and the value is -0.10933815165003091:
INTC 2012-12-31 2014-12-31
<class 'pandas.core.frame.DataFrame'> <class 'pandas.core.series.Series'>
Y is: -0.007604645807912647
this is Beta adj rsquare of INTC and the value is -0.007555172757719442:
['AAPL', 'AME', 'AMGN', 'AMT', 'DTE', 'DVN', 'EMN', 'FBIN', 'FERG', 'FR', 'GIS', 'H', 'LMT', 'LNT', 'LSTR', 'MCK', 'MCO', 'NEM', 'NLY', 'NNN', 'NUE', 'PEP', 'PH', 'PHM', 'RRC', 'SLB', 'TMO', 'AA', 'AAL', 'CF', 'CTRA', 'PG', 'VZ', 'MSFT', 'JNJ', 'V', 'MA', 'TRGP', 'OKE', 'SON', 'HD', 'INTC']
AAPL 2012-12-31 2013-01-31
AME 2012-12-31 2013-01-31
AMGN 2012-12-31 2013-01-31
AMT 2012-12-31 2013-01-31
DTE 2012-12-31 2013-01-31
DVN 2012-12-31 2013-01-31
EMN 2012-12-31 2013-01-31
FBIN 2012-12-31 2013-01-31
FERG 2012-12-31 2013-01-31
FR 2012-12-31 2013-01-31
GIS 2012-12-31 2013-01-31
H 2012-12-31 2013-01-31
LMT 2012-12-31 2013-01-31
LNT 2012-12-31 2013-01-31
LSTR 2012-12-31 2013-01-31
MCK 2012-12-31 2013-01-31
MCO 2012-12-31 2013-01-31
NEM 2012-12-31 2013-01-31
NLY 2012-12-31 2013-01-31
NNN 2012-12-31 2013-01-31
NUE 2012-12-31 2013-01-31
PEP 2012-12-31 2013-01-31
PH 2012-12-31 2013-01-31
PHM 2012-12-31 2013-01-31
RRC 2012-12-31 2013-01-31
SLB 2012-12-31 2013-01-31
TMO 2012-12-31 2013-01-31
AA 2012-12-31 2013-01-31
AAL 2012-12-31 2013-01-31
CF 2012-12-31 2013-01-31
CTRA 2012-12-31 2013-01-31
PG 2012-12-31 2013-01-31
VZ 2012-12-31 2013-01-31
MSFT 2012-12-31 2013-01-31
JNJ 2012-12-31 2013-01-31
V 2012-12-31 2013-01-31
MA 2012-12-31 2013-01-31
TRGP 2012-12-31 2013-01-31
OKE 2012-12-31 2013-01-31
SON 2012-12-31 2013-01-31
HD 2012-12-31 2013-01-31
INTC 2012-12-31 2013-01-31
this is adj rsquare: -0.03278941028419813
AAPL 2013-01-31 2013-02-28
AME 2013-01-31 2013-02-28
AMGN 2013-01-31 2013-02-28
AMT 2013-01-31 2013-02-28
DTE 2013-01-31 2013-02-28
DVN 2013-01-31 2013-02-28
EMN 2013-01-31 2013-02-28
FBIN 2013-01-31 2013-02-28
FERG 2013-01-31 2013-02-28
FR 2013-01-31 2013-02-28
GIS 2013-01-31 2013-02-28
H 2013-01-31 2013-02-28
LMT 2013-01-31 2013-02-28
LNT 2013-01-31 2013-02-28
LSTR 2013-01-31 2013-02-28
MCK 2013-01-31 2013-02-28
MCO 2013-01-31 2013-02-28
NEM 2013-01-31 2013-02-28
NLY 2013-01-31 2013-02-28
NNN 2013-01-31 2013-02-28
NUE 2013-01-31 2013-02-28
PEP 2013-01-31 2013-02-28
PH 2013-01-31 2013-02-28
PHM 2013-01-31 2013-02-28
RRC 2013-01-31 2013-02-28
SLB 2013-01-31 2013-02-28
TMO 2013-01-31 2013-02-28
AA 2013-01-31 2013-02-28
AAL 2013-01-31 2013-02-28
CF 2013-01-31 2013-02-28
CTRA 2013-01-31 2013-02-28
PG 2013-01-31 2013-02-28
VZ 2013-01-31 2013-02-28
MSFT 2013-01-31 2013-02-28
JNJ 2013-01-31 2013-02-28
V 2013-01-31 2013-02-28
MA 2013-01-31 2013-02-28
TRGP 2013-01-31 2013-02-28
OKE 2013-01-31 2013-02-28
SON 2013-01-31 2013-02-28
HD 2013-01-31 2013-02-28
INTC 2013-01-31 2013-02-28
this is adj rsquare: 0.1036789115491652
AAPL 2013-02-28 2013-03-31
AME 2013-02-28 2013-03-31
AMGN 2013-02-28 2013-03-31
AMT 2013-02-28 2013-03-31
DTE 2013-02-28 2013-03-31
DVN 2013-02-28 2013-03-31
EMN 2013-02-28 2013-03-31
FBIN 2013-02-28 2013-03-31
FERG 2013-02-28 2013-03-31
FR 2013-02-28 2013-03-31
GIS 2013-02-28 2013-03-31
H 2013-02-28 2013-03-31
LMT 2013-02-28 2013-03-31
LNT 2013-02-28 2013-03-31
LSTR 2013-02-28 2013-03-31
MCK 2013-02-28 2013-03-31
MCO 2013-02-28 2013-03-31
NEM 2013-02-28 2013-03-31
NLY 2013-02-28 2013-03-31
NNN 2013-02-28 2013-03-31
NUE 2013-02-28 2013-03-31
PEP 2013-02-28 2013-03-31
PH 2013-02-28 2013-03-31
PHM 2013-02-28 2013-03-31
RRC 2013-02-28 2013-03-31
SLB 2013-02-28 2013-03-31
TMO 2013-02-28 2013-03-31
AA 2013-02-28 2013-03-31
AAL 2013-02-28 2013-03-31
CF 2013-02-28 2013-03-31
CTRA 2013-02-28 2013-03-31
PG 2013-02-28 2013-03-31
VZ 2013-02-28 2013-03-31
MSFT 2013-02-28 2013-03-31
JNJ 2013-02-28 2013-03-31
V 2013-02-28 2013-03-31
MA 2013-02-28 2013-03-31
TRGP 2013-02-28 2013-03-31
OKE 2013-02-28 2013-03-31
SON 2013-02-28 2013-03-31
HD 2013-02-28 2013-03-31
INTC 2013-02-28 2013-03-31
this is adj rsquare: -0.27546083820152867
AAPL 2013-03-31 2013-04-30
AME 2013-03-31 2013-04-30
AMGN 2013-03-31 2013-04-30
AMT 2013-03-31 2013-04-30
DTE 2013-03-31 2013-04-30
DVN 2013-03-31 2013-04-30
EMN 2013-03-31 2013-04-30
FBIN 2013-03-31 2013-04-30
FERG 2013-03-31 2013-04-30
FR 2013-03-31 2013-04-30
GIS 2013-03-31 2013-04-30
H 2013-03-31 2013-04-30
LMT 2013-03-31 2013-04-30
LNT 2013-03-31 2013-04-30
LSTR 2013-03-31 2013-04-30
MCK 2013-03-31 2013-04-30
MCO 2013-03-31 2013-04-30
NEM 2013-03-31 2013-04-30
NLY 2013-03-31 2013-04-30
NNN 2013-03-31 2013-04-30
NUE 2013-03-31 2013-04-30
PEP 2013-03-31 2013-04-30
PH 2013-03-31 2013-04-30
PHM 2013-03-31 2013-04-30
RRC 2013-03-31 2013-04-30
SLB 2013-03-31 2013-04-30
TMO 2013-03-31 2013-04-30
AA 2013-03-31 2013-04-30
AAL 2013-03-31 2013-04-30
CF 2013-03-31 2013-04-30
CTRA 2013-03-31 2013-04-30
PG 2013-03-31 2013-04-30
VZ 2013-03-31 2013-04-30
MSFT 2013-03-31 2013-04-30
JNJ 2013-03-31 2013-04-30
V 2013-03-31 2013-04-30
MA 2013-03-31 2013-04-30
TRGP 2013-03-31 2013-04-30
OKE 2013-03-31 2013-04-30
SON 2013-03-31 2013-04-30
HD 2013-03-31 2013-04-30
INTC 2013-03-31 2013-04-30
this is adj rsquare: -0.0704003058621272
AAPL 2013-04-30 2013-05-31
AME 2013-04-30 2013-05-31
AMGN 2013-04-30 2013-05-31
AMT 2013-04-30 2013-05-31
DTE 2013-04-30 2013-05-31
DVN 2013-04-30 2013-05-31
EMN 2013-04-30 2013-05-31
FBIN 2013-04-30 2013-05-31
FERG 2013-04-30 2013-05-31
FR 2013-04-30 2013-05-31
GIS 2013-04-30 2013-05-31
H 2013-04-30 2013-05-31
LMT 2013-04-30 2013-05-31
LNT 2013-04-30 2013-05-31
LSTR 2013-04-30 2013-05-31
MCK 2013-04-30 2013-05-31
MCO 2013-04-30 2013-05-31
NEM 2013-04-30 2013-05-31
NLY 2013-04-30 2013-05-31
NNN 2013-04-30 2013-05-31
NUE 2013-04-30 2013-05-31
PEP 2013-04-30 2013-05-31
PH 2013-04-30 2013-05-31
PHM 2013-04-30 2013-05-31
RRC 2013-04-30 2013-05-31
SLB 2013-04-30 2013-05-31
TMO 2013-04-30 2013-05-31
AA 2013-04-30 2013-05-31
AAL 2013-04-30 2013-05-31
CF 2013-04-30 2013-05-31
CTRA 2013-04-30 2013-05-31
PG 2013-04-30 2013-05-31
VZ 2013-04-30 2013-05-31
MSFT 2013-04-30 2013-05-31
JNJ 2013-04-30 2013-05-31
V 2013-04-30 2013-05-31
MA 2013-04-30 2013-05-31
TRGP 2013-04-30 2013-05-31
OKE 2013-04-30 2013-05-31
SON 2013-04-30 2013-05-31
HD 2013-04-30 2013-05-31
INTC 2013-04-30 2013-05-31
this is adj rsquare: 0.11462990378303672
AAPL 2013-05-31 2013-06-30
AME 2013-05-31 2013-06-30
AMGN 2013-05-31 2013-06-30
AMT 2013-05-31 2013-06-30
DTE 2013-05-31 2013-06-30
DVN 2013-05-31 2013-06-30
EMN 2013-05-31 2013-06-30
FBIN 2013-05-31 2013-06-30
FERG 2013-05-31 2013-06-30
FR 2013-05-31 2013-06-30
GIS 2013-05-31 2013-06-30
H 2013-05-31 2013-06-30
LMT 2013-05-31 2013-06-30
LNT 2013-05-31 2013-06-30
LSTR 2013-05-31 2013-06-30
MCK 2013-05-31 2013-06-30
MCO 2013-05-31 2013-06-30
NEM 2013-05-31 2013-06-30
NLY 2013-05-31 2013-06-30
NNN 2013-05-31 2013-06-30
NUE 2013-05-31 2013-06-30
PEP 2013-05-31 2013-06-30
PH 2013-05-31 2013-06-30
PHM 2013-05-31 2013-06-30
RRC 2013-05-31 2013-06-30
SLB 2013-05-31 2013-06-30
TMO 2013-05-31 2013-06-30
AA 2013-05-31 2013-06-30
AAL 2013-05-31 2013-06-30
CF 2013-05-31 2013-06-30
CTRA 2013-05-31 2013-06-30
PG 2013-05-31 2013-06-30
VZ 2013-05-31 2013-06-30
MSFT 2013-05-31 2013-06-30
JNJ 2013-05-31 2013-06-30
V 2013-05-31 2013-06-30
MA 2013-05-31 2013-06-30
TRGP 2013-05-31 2013-06-30
OKE 2013-05-31 2013-06-30
SON 2013-05-31 2013-06-30
HD 2013-05-31 2013-06-30
INTC 2013-05-31 2013-06-30
this is adj rsquare: 0.16277602143330472
AAPL 2013-06-30 2013-07-31
AME 2013-06-30 2013-07-31
AMGN 2013-06-30 2013-07-31
AMT 2013-06-30 2013-07-31
DTE 2013-06-30 2013-07-31
DVN 2013-06-30 2013-07-31
EMN 2013-06-30 2013-07-31
FBIN 2013-06-30 2013-07-31
FERG 2013-06-30 2013-07-31
FR 2013-06-30 2013-07-31
GIS 2013-06-30 2013-07-31
H 2013-06-30 2013-07-31
LMT 2013-06-30 2013-07-31
LNT 2013-06-30 2013-07-31
LSTR 2013-06-30 2013-07-31
MCK 2013-06-30 2013-07-31
MCO 2013-06-30 2013-07-31
NEM 2013-06-30 2013-07-31
NLY 2013-06-30 2013-07-31
NNN 2013-06-30 2013-07-31
NUE 2013-06-30 2013-07-31
PEP 2013-06-30 2013-07-31
PH 2013-06-30 2013-07-31
PHM 2013-06-30 2013-07-31
RRC 2013-06-30 2013-07-31
SLB 2013-06-30 2013-07-31
TMO 2013-06-30 2013-07-31
AA 2013-06-30 2013-07-31
AAL 2013-06-30 2013-07-31
CF 2013-06-30 2013-07-31
CTRA 2013-06-30 2013-07-31
PG 2013-06-30 2013-07-31
VZ 2013-06-30 2013-07-31
MSFT 2013-06-30 2013-07-31
JNJ 2013-06-30 2013-07-31
V 2013-06-30 2013-07-31
MA 2013-06-30 2013-07-31
TRGP 2013-06-30 2013-07-31
OKE 2013-06-30 2013-07-31
SON 2013-06-30 2013-07-31
HD 2013-06-30 2013-07-31
INTC 2013-06-30 2013-07-31
this is adj rsquare: 0.23195428392328676
AAPL 2013-07-31 2013-08-31
AME 2013-07-31 2013-08-31
AMGN 2013-07-31 2013-08-31
AMT 2013-07-31 2013-08-31
DTE 2013-07-31 2013-08-31
DVN 2013-07-31 2013-08-31
EMN 2013-07-31 2013-08-31
FBIN 2013-07-31 2013-08-31
FERG 2013-07-31 2013-08-31
FR 2013-07-31 2013-08-31
GIS 2013-07-31 2013-08-31
H 2013-07-31 2013-08-31
LMT 2013-07-31 2013-08-31
LNT 2013-07-31 2013-08-31
LSTR 2013-07-31 2013-08-31
MCK 2013-07-31 2013-08-31
MCO 2013-07-31 2013-08-31
NEM 2013-07-31 2013-08-31
NLY 2013-07-31 2013-08-31
NNN 2013-07-31 2013-08-31
NUE 2013-07-31 2013-08-31
PEP 2013-07-31 2013-08-31
PH 2013-07-31 2013-08-31
PHM 2013-07-31 2013-08-31
RRC 2013-07-31 2013-08-31
SLB 2013-07-31 2013-08-31
TMO 2013-07-31 2013-08-31
AA 2013-07-31 2013-08-31
AAL 2013-07-31 2013-08-31
CF 2013-07-31 2013-08-31
CTRA 2013-07-31 2013-08-31
PG 2013-07-31 2013-08-31
VZ 2013-07-31 2013-08-31
MSFT 2013-07-31 2013-08-31
JNJ 2013-07-31 2013-08-31
V 2013-07-31 2013-08-31
MA 2013-07-31 2013-08-31
TRGP 2013-07-31 2013-08-31
OKE 2013-07-31 2013-08-31
SON 2013-07-31 2013-08-31
HD 2013-07-31 2013-08-31
INTC 2013-07-31 2013-08-31
this is adj rsquare: -0.16760448539861295
AAPL 2013-08-31 2013-09-30
AME 2013-08-31 2013-09-30
AMGN 2013-08-31 2013-09-30
AMT 2013-08-31 2013-09-30
DTE 2013-08-31 2013-09-30
DVN 2013-08-31 2013-09-30
EMN 2013-08-31 2013-09-30
FBIN 2013-08-31 2013-09-30
FERG 2013-08-31 2013-09-30
FR 2013-08-31 2013-09-30
GIS 2013-08-31 2013-09-30
H 2013-08-31 2013-09-30
LMT 2013-08-31 2013-09-30
LNT 2013-08-31 2013-09-30
LSTR 2013-08-31 2013-09-30
MCK 2013-08-31 2013-09-30
MCO 2013-08-31 2013-09-30
NEM 2013-08-31 2013-09-30
NLY 2013-08-31 2013-09-30
NNN 2013-08-31 2013-09-30
NUE 2013-08-31 2013-09-30
PEP 2013-08-31 2013-09-30
PH 2013-08-31 2013-09-30
PHM 2013-08-31 2013-09-30
RRC 2013-08-31 2013-09-30
SLB 2013-08-31 2013-09-30
TMO 2013-08-31 2013-09-30
AA 2013-08-31 2013-09-30
AAL 2013-08-31 2013-09-30
CF 2013-08-31 2013-09-30
CTRA 2013-08-31 2013-09-30
PG 2013-08-31 2013-09-30
VZ 2013-08-31 2013-09-30
MSFT 2013-08-31 2013-09-30
JNJ 2013-08-31 2013-09-30
V 2013-08-31 2013-09-30
MA 2013-08-31 2013-09-30
TRGP 2013-08-31 2013-09-30
OKE 2013-08-31 2013-09-30
SON 2013-08-31 2013-09-30
HD 2013-08-31 2013-09-30
INTC 2013-08-31 2013-09-30
this is adj rsquare: 0.008650840518680702
AAPL 2013-09-30 2013-10-31
AME 2013-09-30 2013-10-31
AMGN 2013-09-30 2013-10-31
AMT 2013-09-30 2013-10-31
DTE 2013-09-30 2013-10-31
DVN 2013-09-30 2013-10-31
EMN 2013-09-30 2013-10-31
FBIN 2013-09-30 2013-10-31
FERG 2013-09-30 2013-10-31
FR 2013-09-30 2013-10-31
GIS 2013-09-30 2013-10-31
H 2013-09-30 2013-10-31
LMT 2013-09-30 2013-10-31
LNT 2013-09-30 2013-10-31
LSTR 2013-09-30 2013-10-31
MCK 2013-09-30 2013-10-31
MCO 2013-09-30 2013-10-31
NEM 2013-09-30 2013-10-31
NLY 2013-09-30 2013-10-31
NNN 2013-09-30 2013-10-31
NUE 2013-09-30 2013-10-31
PEP 2013-09-30 2013-10-31
PH 2013-09-30 2013-10-31
PHM 2013-09-30 2013-10-31
RRC 2013-09-30 2013-10-31
SLB 2013-09-30 2013-10-31
TMO 2013-09-30 2013-10-31
AA 2013-09-30 2013-10-31
AAL 2013-09-30 2013-10-31
CF 2013-09-30 2013-10-31
CTRA 2013-09-30 2013-10-31
PG 2013-09-30 2013-10-31
VZ 2013-09-30 2013-10-31
MSFT 2013-09-30 2013-10-31
JNJ 2013-09-30 2013-10-31
V 2013-09-30 2013-10-31
MA 2013-09-30 2013-10-31
TRGP 2013-09-30 2013-10-31
OKE 2013-09-30 2013-10-31
SON 2013-09-30 2013-10-31
HD 2013-09-30 2013-10-31
INTC 2013-09-30 2013-10-31
this is adj rsquare: 0.10371274511739059
AAPL 2013-10-31 2013-11-30
AME 2013-10-31 2013-11-30
AMGN 2013-10-31 2013-11-30
AMT 2013-10-31 2013-11-30
DTE 2013-10-31 2013-11-30
DVN 2013-10-31 2013-11-30
EMN 2013-10-31 2013-11-30
FBIN 2013-10-31 2013-11-30
FERG 2013-10-31 2013-11-30
FR 2013-10-31 2013-11-30
GIS 2013-10-31 2013-11-30
H 2013-10-31 2013-11-30
LMT 2013-10-31 2013-11-30
LNT 2013-10-31 2013-11-30
LSTR 2013-10-31 2013-11-30
MCK 2013-10-31 2013-11-30
MCO 2013-10-31 2013-11-30
NEM 2013-10-31 2013-11-30
NLY 2013-10-31 2013-11-30
NNN 2013-10-31 2013-11-30
NUE 2013-10-31 2013-11-30
PEP 2013-10-31 2013-11-30
PH 2013-10-31 2013-11-30
PHM 2013-10-31 2013-11-30
RRC 2013-10-31 2013-11-30
SLB 2013-10-31 2013-11-30
TMO 2013-10-31 2013-11-30
AA 2013-10-31 2013-11-30
AAL 2013-10-31 2013-11-30
CF 2013-10-31 2013-11-30
CTRA 2013-10-31 2013-11-30
PG 2013-10-31 2013-11-30
VZ 2013-10-31 2013-11-30
MSFT 2013-10-31 2013-11-30
JNJ 2013-10-31 2013-11-30
V 2013-10-31 2013-11-30
MA 2013-10-31 2013-11-30
TRGP 2013-10-31 2013-11-30
OKE 2013-10-31 2013-11-30
SON 2013-10-31 2013-11-30
HD 2013-10-31 2013-11-30
INTC 2013-10-31 2013-11-30
this is adj rsquare: -0.11077752724047407
AAPL 2013-11-30 2013-12-31
AME 2013-11-30 2013-12-31
AMGN 2013-11-30 2013-12-31
AMT 2013-11-30 2013-12-31
DTE 2013-11-30 2013-12-31
DVN 2013-11-30 2013-12-31
EMN 2013-11-30 2013-12-31
FBIN 2013-11-30 2013-12-31
FERG 2013-11-30 2013-12-31
FR 2013-11-30 2013-12-31
GIS 2013-11-30 2013-12-31
H 2013-11-30 2013-12-31
LMT 2013-11-30 2013-12-31
LNT 2013-11-30 2013-12-31
LSTR 2013-11-30 2013-12-31
MCK 2013-11-30 2013-12-31
MCO 2013-11-30 2013-12-31
NEM 2013-11-30 2013-12-31
NLY 2013-11-30 2013-12-31
NNN 2013-11-30 2013-12-31
NUE 2013-11-30 2013-12-31
PEP 2013-11-30 2013-12-31
PH 2013-11-30 2013-12-31
PHM 2013-11-30 2013-12-31
RRC 2013-11-30 2013-12-31
SLB 2013-11-30 2013-12-31
TMO 2013-11-30 2013-12-31
AA 2013-11-30 2013-12-31
AAL 2013-11-30 2013-12-31
CF 2013-11-30 2013-12-31
CTRA 2013-11-30 2013-12-31
PG 2013-11-30 2013-12-31
VZ 2013-11-30 2013-12-31
MSFT 2013-11-30 2013-12-31
JNJ 2013-11-30 2013-12-31
V 2013-11-30 2013-12-31
MA 2013-11-30 2013-12-31
TRGP 2013-11-30 2013-12-31
OKE 2013-11-30 2013-12-31
SON 2013-11-30 2013-12-31
HD 2013-11-30 2013-12-31
INTC 2013-11-30 2013-12-31
this is adj rsquare: -0.06588266233468776
AAPL 2013-12-31 2014-01-31
AME 2013-12-31 2014-01-31
AMGN 2013-12-31 2014-01-31
AMT 2013-12-31 2014-01-31
DTE 2013-12-31 2014-01-31
DVN 2013-12-31 2014-01-31
EMN 2013-12-31 2014-01-31
FBIN 2013-12-31 2014-01-31
FERG 2013-12-31 2014-01-31
FR 2013-12-31 2014-01-31
GIS 2013-12-31 2014-01-31
H 2013-12-31 2014-01-31
LMT 2013-12-31 2014-01-31
LNT 2013-12-31 2014-01-31
LSTR 2013-12-31 2014-01-31
MCK 2013-12-31 2014-01-31
MCO 2013-12-31 2014-01-31
NEM 2013-12-31 2014-01-31
NLY 2013-12-31 2014-01-31
NNN 2013-12-31 2014-01-31
NUE 2013-12-31 2014-01-31
PEP 2013-12-31 2014-01-31
PH 2013-12-31 2014-01-31
PHM 2013-12-31 2014-01-31
RRC 2013-12-31 2014-01-31
SLB 2013-12-31 2014-01-31
TMO 2013-12-31 2014-01-31
AA 2013-12-31 2014-01-31
AAL 2013-12-31 2014-01-31
CF 2013-12-31 2014-01-31
CTRA 2013-12-31 2014-01-31
PG 2013-12-31 2014-01-31
VZ 2013-12-31 2014-01-31
MSFT 2013-12-31 2014-01-31
JNJ 2013-12-31 2014-01-31
V 2013-12-31 2014-01-31
MA 2013-12-31 2014-01-31
TRGP 2013-12-31 2014-01-31
OKE 2013-12-31 2014-01-31
SON 2013-12-31 2014-01-31
HD 2013-12-31 2014-01-31
INTC 2013-12-31 2014-01-31
this is adj rsquare: -0.24614732773853665
AAPL 2014-01-31 2014-02-28
AME 2014-01-31 2014-02-28
AMGN 2014-01-31 2014-02-28
AMT 2014-01-31 2014-02-28
DTE 2014-01-31 2014-02-28
DVN 2014-01-31 2014-02-28
EMN 2014-01-31 2014-02-28
FBIN 2014-01-31 2014-02-28
FERG 2014-01-31 2014-02-28
FR 2014-01-31 2014-02-28
GIS 2014-01-31 2014-02-28
H 2014-01-31 2014-02-28
LMT 2014-01-31 2014-02-28
LNT 2014-01-31 2014-02-28
LSTR 2014-01-31 2014-02-28
MCK 2014-01-31 2014-02-28
MCO 2014-01-31 2014-02-28
NEM 2014-01-31 2014-02-28
NLY 2014-01-31 2014-02-28
NNN 2014-01-31 2014-02-28
NUE 2014-01-31 2014-02-28
PEP 2014-01-31 2014-02-28
PH 2014-01-31 2014-02-28
PHM 2014-01-31 2014-02-28
RRC 2014-01-31 2014-02-28
SLB 2014-01-31 2014-02-28
TMO 2014-01-31 2014-02-28
AA 2014-01-31 2014-02-28
AAL 2014-01-31 2014-02-28
CF 2014-01-31 2014-02-28
CTRA 2014-01-31 2014-02-28
PG 2014-01-31 2014-02-28
VZ 2014-01-31 2014-02-28
MSFT 2014-01-31 2014-02-28
JNJ 2014-01-31 2014-02-28
V 2014-01-31 2014-02-28
MA 2014-01-31 2014-02-28
TRGP 2014-01-31 2014-02-28
OKE 2014-01-31 2014-02-28
SON 2014-01-31 2014-02-28
HD 2014-01-31 2014-02-28
INTC 2014-01-31 2014-02-28
this is adj rsquare: 0.25255788027380444
AAPL 2014-02-28 2014-03-31
AME 2014-02-28 2014-03-31
AMGN 2014-02-28 2014-03-31
AMT 2014-02-28 2014-03-31
DTE 2014-02-28 2014-03-31
DVN 2014-02-28 2014-03-31
EMN 2014-02-28 2014-03-31
FBIN 2014-02-28 2014-03-31
FERG 2014-02-28 2014-03-31
FR 2014-02-28 2014-03-31
GIS 2014-02-28 2014-03-31
H 2014-02-28 2014-03-31
LMT 2014-02-28 2014-03-31
LNT 2014-02-28 2014-03-31
LSTR 2014-02-28 2014-03-31
MCK 2014-02-28 2014-03-31
MCO 2014-02-28 2014-03-31
NEM 2014-02-28 2014-03-31
NLY 2014-02-28 2014-03-31
NNN 2014-02-28 2014-03-31
NUE 2014-02-28 2014-03-31
PEP 2014-02-28 2014-03-31
PH 2014-02-28 2014-03-31
PHM 2014-02-28 2014-03-31
RRC 2014-02-28 2014-03-31
SLB 2014-02-28 2014-03-31
TMO 2014-02-28 2014-03-31
AA 2014-02-28 2014-03-31
AAL 2014-02-28 2014-03-31
CF 2014-02-28 2014-03-31
CTRA 2014-02-28 2014-03-31
PG 2014-02-28 2014-03-31
VZ 2014-02-28 2014-03-31
MSFT 2014-02-28 2014-03-31
JNJ 2014-02-28 2014-03-31
V 2014-02-28 2014-03-31
MA 2014-02-28 2014-03-31
TRGP 2014-02-28 2014-03-31
OKE 2014-02-28 2014-03-31
SON 2014-02-28 2014-03-31
HD 2014-02-28 2014-03-31
INTC 2014-02-28 2014-03-31
this is adj rsquare: 0.07146334039121771
AAPL 2014-03-31 2014-04-30
AME 2014-03-31 2014-04-30
AMGN 2014-03-31 2014-04-30
AMT 2014-03-31 2014-04-30
DTE 2014-03-31 2014-04-30
DVN 2014-03-31 2014-04-30
EMN 2014-03-31 2014-04-30
FBIN 2014-03-31 2014-04-30
FERG 2014-03-31 2014-04-30
FR 2014-03-31 2014-04-30
GIS 2014-03-31 2014-04-30
H 2014-03-31 2014-04-30
LMT 2014-03-31 2014-04-30
LNT 2014-03-31 2014-04-30
LSTR 2014-03-31 2014-04-30
MCK 2014-03-31 2014-04-30
MCO 2014-03-31 2014-04-30
NEM 2014-03-31 2014-04-30
NLY 2014-03-31 2014-04-30
NNN 2014-03-31 2014-04-30
NUE 2014-03-31 2014-04-30
PEP 2014-03-31 2014-04-30
PH 2014-03-31 2014-04-30
PHM 2014-03-31 2014-04-30
RRC 2014-03-31 2014-04-30
SLB 2014-03-31 2014-04-30
TMO 2014-03-31 2014-04-30
AA 2014-03-31 2014-04-30
AAL 2014-03-31 2014-04-30
CF 2014-03-31 2014-04-30
CTRA 2014-03-31 2014-04-30
PG 2014-03-31 2014-04-30
VZ 2014-03-31 2014-04-30
MSFT 2014-03-31 2014-04-30
JNJ 2014-03-31 2014-04-30
V 2014-03-31 2014-04-30
MA 2014-03-31 2014-04-30
TRGP 2014-03-31 2014-04-30
OKE 2014-03-31 2014-04-30
SON 2014-03-31 2014-04-30
HD 2014-03-31 2014-04-30
INTC 2014-03-31 2014-04-30
this is adj rsquare: 0.07781985862857588
AAPL 2014-04-30 2014-05-31
AME 2014-04-30 2014-05-31
AMGN 2014-04-30 2014-05-31
AMT 2014-04-30 2014-05-31
DTE 2014-04-30 2014-05-31
DVN 2014-04-30 2014-05-31
EMN 2014-04-30 2014-05-31
FBIN 2014-04-30 2014-05-31
FERG 2014-04-30 2014-05-31
FR 2014-04-30 2014-05-31
GIS 2014-04-30 2014-05-31
H 2014-04-30 2014-05-31
LMT 2014-04-30 2014-05-31
LNT 2014-04-30 2014-05-31
LSTR 2014-04-30 2014-05-31
MCK 2014-04-30 2014-05-31
MCO 2014-04-30 2014-05-31
NEM 2014-04-30 2014-05-31
NLY 2014-04-30 2014-05-31
NNN 2014-04-30 2014-05-31
NUE 2014-04-30 2014-05-31
PEP 2014-04-30 2014-05-31
PH 2014-04-30 2014-05-31
PHM 2014-04-30 2014-05-31
RRC 2014-04-30 2014-05-31
SLB 2014-04-30 2014-05-31
TMO 2014-04-30 2014-05-31
AA 2014-04-30 2014-05-31
AAL 2014-04-30 2014-05-31
CF 2014-04-30 2014-05-31
CTRA 2014-04-30 2014-05-31
PG 2014-04-30 2014-05-31
VZ 2014-04-30 2014-05-31
MSFT 2014-04-30 2014-05-31
JNJ 2014-04-30 2014-05-31
V 2014-04-30 2014-05-31
MA 2014-04-30 2014-05-31
TRGP 2014-04-30 2014-05-31
OKE 2014-04-30 2014-05-31
SON 2014-04-30 2014-05-31
HD 2014-04-30 2014-05-31
INTC 2014-04-30 2014-05-31
this is adj rsquare: 0.12939068935951126
AAPL 2014-05-31 2014-06-30
AME 2014-05-31 2014-06-30
AMGN 2014-05-31 2014-06-30
AMT 2014-05-31 2014-06-30
DTE 2014-05-31 2014-06-30
DVN 2014-05-31 2014-06-30
EMN 2014-05-31 2014-06-30
FBIN 2014-05-31 2014-06-30
FERG 2014-05-31 2014-06-30
FR 2014-05-31 2014-06-30
GIS 2014-05-31 2014-06-30
H 2014-05-31 2014-06-30
LMT 2014-05-31 2014-06-30
LNT 2014-05-31 2014-06-30
LSTR 2014-05-31 2014-06-30
MCK 2014-05-31 2014-06-30
MCO 2014-05-31 2014-06-30
NEM 2014-05-31 2014-06-30
NLY 2014-05-31 2014-06-30
NNN 2014-05-31 2014-06-30
NUE 2014-05-31 2014-06-30
PEP 2014-05-31 2014-06-30
PH 2014-05-31 2014-06-30
PHM 2014-05-31 2014-06-30
RRC 2014-05-31 2014-06-30
SLB 2014-05-31 2014-06-30
TMO 2014-05-31 2014-06-30
AA 2014-05-31 2014-06-30
AAL 2014-05-31 2014-06-30
CF 2014-05-31 2014-06-30
CTRA 2014-05-31 2014-06-30
PG 2014-05-31 2014-06-30
VZ 2014-05-31 2014-06-30
MSFT 2014-05-31 2014-06-30
JNJ 2014-05-31 2014-06-30
V 2014-05-31 2014-06-30
MA 2014-05-31 2014-06-30
TRGP 2014-05-31 2014-06-30
OKE 2014-05-31 2014-06-30
SON 2014-05-31 2014-06-30
HD 2014-05-31 2014-06-30
INTC 2014-05-31 2014-06-30
this is adj rsquare: 0.06227577207257451
AAPL 2014-06-30 2014-07-31
AME 2014-06-30 2014-07-31
AMGN 2014-06-30 2014-07-31
AMT 2014-06-30 2014-07-31
DTE 2014-06-30 2014-07-31
DVN 2014-06-30 2014-07-31
EMN 2014-06-30 2014-07-31
FBIN 2014-06-30 2014-07-31
FERG 2014-06-30 2014-07-31
FR 2014-06-30 2014-07-31
GIS 2014-06-30 2014-07-31
H 2014-06-30 2014-07-31
LMT 2014-06-30 2014-07-31
LNT 2014-06-30 2014-07-31
LSTR 2014-06-30 2014-07-31
MCK 2014-06-30 2014-07-31
MCO 2014-06-30 2014-07-31
NEM 2014-06-30 2014-07-31
NLY 2014-06-30 2014-07-31
NNN 2014-06-30 2014-07-31
NUE 2014-06-30 2014-07-31
PEP 2014-06-30 2014-07-31
PH 2014-06-30 2014-07-31
PHM 2014-06-30 2014-07-31
RRC 2014-06-30 2014-07-31
SLB 2014-06-30 2014-07-31
TMO 2014-06-30 2014-07-31
AA 2014-06-30 2014-07-31
AAL 2014-06-30 2014-07-31
CF 2014-06-30 2014-07-31
CTRA 2014-06-30 2014-07-31
PG 2014-06-30 2014-07-31
VZ 2014-06-30 2014-07-31
MSFT 2014-06-30 2014-07-31
JNJ 2014-06-30 2014-07-31
V 2014-06-30 2014-07-31
MA 2014-06-30 2014-07-31
TRGP 2014-06-30 2014-07-31
OKE 2014-06-30 2014-07-31
SON 2014-06-30 2014-07-31
HD 2014-06-30 2014-07-31
INTC 2014-06-30 2014-07-31
this is adj rsquare: 0.12591316971907052
AAPL 2014-07-31 2014-08-31
AME 2014-07-31 2014-08-31
AMGN 2014-07-31 2014-08-31
AMT 2014-07-31 2014-08-31
DTE 2014-07-31 2014-08-31
DVN 2014-07-31 2014-08-31
EMN 2014-07-31 2014-08-31
FBIN 2014-07-31 2014-08-31
FERG 2014-07-31 2014-08-31
FR 2014-07-31 2014-08-31
GIS 2014-07-31 2014-08-31
H 2014-07-31 2014-08-31
LMT 2014-07-31 2014-08-31
LNT 2014-07-31 2014-08-31
LSTR 2014-07-31 2014-08-31
MCK 2014-07-31 2014-08-31
MCO 2014-07-31 2014-08-31
NEM 2014-07-31 2014-08-31
NLY 2014-07-31 2014-08-31
NNN 2014-07-31 2014-08-31
NUE 2014-07-31 2014-08-31
PEP 2014-07-31 2014-08-31
PH 2014-07-31 2014-08-31
PHM 2014-07-31 2014-08-31
RRC 2014-07-31 2014-08-31
SLB 2014-07-31 2014-08-31
TMO 2014-07-31 2014-08-31
AA 2014-07-31 2014-08-31
AAL 2014-07-31 2014-08-31
CF 2014-07-31 2014-08-31
CTRA 2014-07-31 2014-08-31
PG 2014-07-31 2014-08-31
VZ 2014-07-31 2014-08-31
MSFT 2014-07-31 2014-08-31
JNJ 2014-07-31 2014-08-31
V 2014-07-31 2014-08-31
MA 2014-07-31 2014-08-31
TRGP 2014-07-31 2014-08-31
OKE 2014-07-31 2014-08-31
SON 2014-07-31 2014-08-31
HD 2014-07-31 2014-08-31
INTC 2014-07-31 2014-08-31
this is adj rsquare: -0.023525677752585628
AAPL 2014-08-31 2014-09-30
AME 2014-08-31 2014-09-30
AMGN 2014-08-31 2014-09-30
AMT 2014-08-31 2014-09-30
DTE 2014-08-31 2014-09-30
DVN 2014-08-31 2014-09-30
EMN 2014-08-31 2014-09-30
FBIN 2014-08-31 2014-09-30
FERG 2014-08-31 2014-09-30
FR 2014-08-31 2014-09-30
GIS 2014-08-31 2014-09-30
H 2014-08-31 2014-09-30
LMT 2014-08-31 2014-09-30
LNT 2014-08-31 2014-09-30
LSTR 2014-08-31 2014-09-30
MCK 2014-08-31 2014-09-30
MCO 2014-08-31 2014-09-30
NEM 2014-08-31 2014-09-30
NLY 2014-08-31 2014-09-30
NNN 2014-08-31 2014-09-30
NUE 2014-08-31 2014-09-30
PEP 2014-08-31 2014-09-30
PH 2014-08-31 2014-09-30
PHM 2014-08-31 2014-09-30
RRC 2014-08-31 2014-09-30
SLB 2014-08-31 2014-09-30
TMO 2014-08-31 2014-09-30
AA 2014-08-31 2014-09-30
AAL 2014-08-31 2014-09-30
CF 2014-08-31 2014-09-30
CTRA 2014-08-31 2014-09-30
PG 2014-08-31 2014-09-30
VZ 2014-08-31 2014-09-30
MSFT 2014-08-31 2014-09-30
JNJ 2014-08-31 2014-09-30
V 2014-08-31 2014-09-30
MA 2014-08-31 2014-09-30
TRGP 2014-08-31 2014-09-30
OKE 2014-08-31 2014-09-30
SON 2014-08-31 2014-09-30
HD 2014-08-31 2014-09-30
INTC 2014-08-31 2014-09-30
this is adj rsquare: 0.07245032484662672
AAPL 2014-09-30 2014-10-31
AME 2014-09-30 2014-10-31
AMGN 2014-09-30 2014-10-31
AMT 2014-09-30 2014-10-31
DTE 2014-09-30 2014-10-31
DVN 2014-09-30 2014-10-31
EMN 2014-09-30 2014-10-31
FBIN 2014-09-30 2014-10-31
FERG 2014-09-30 2014-10-31
FR 2014-09-30 2014-10-31
GIS 2014-09-30 2014-10-31
H 2014-09-30 2014-10-31
LMT 2014-09-30 2014-10-31
LNT 2014-09-30 2014-10-31
LSTR 2014-09-30 2014-10-31
MCK 2014-09-30 2014-10-31
MCO 2014-09-30 2014-10-31
NEM 2014-09-30 2014-10-31
NLY 2014-09-30 2014-10-31
NNN 2014-09-30 2014-10-31
NUE 2014-09-30 2014-10-31
PEP 2014-09-30 2014-10-31
PH 2014-09-30 2014-10-31
PHM 2014-09-30 2014-10-31
RRC 2014-09-30 2014-10-31
SLB 2014-09-30 2014-10-31
TMO 2014-09-30 2014-10-31
AA 2014-09-30 2014-10-31
AAL 2014-09-30 2014-10-31
CF 2014-09-30 2014-10-31
CTRA 2014-09-30 2014-10-31
PG 2014-09-30 2014-10-31
VZ 2014-09-30 2014-10-31
MSFT 2014-09-30 2014-10-31
JNJ 2014-09-30 2014-10-31
V 2014-09-30 2014-10-31
MA 2014-09-30 2014-10-31
TRGP 2014-09-30 2014-10-31
OKE 2014-09-30 2014-10-31
SON 2014-09-30 2014-10-31
HD 2014-09-30 2014-10-31
INTC 2014-09-30 2014-10-31
this is adj rsquare: -0.010556412443307961
AAPL 2014-10-31 2014-11-30
AME 2014-10-31 2014-11-30
AMGN 2014-10-31 2014-11-30
AMT 2014-10-31 2014-11-30
DTE 2014-10-31 2014-11-30
DVN 2014-10-31 2014-11-30
EMN 2014-10-31 2014-11-30
FBIN 2014-10-31 2014-11-30
FERG 2014-10-31 2014-11-30
FR 2014-10-31 2014-11-30
GIS 2014-10-31 2014-11-30
H 2014-10-31 2014-11-30
LMT 2014-10-31 2014-11-30
LNT 2014-10-31 2014-11-30
LSTR 2014-10-31 2014-11-30
MCK 2014-10-31 2014-11-30
MCO 2014-10-31 2014-11-30
NEM 2014-10-31 2014-11-30
NLY 2014-10-31 2014-11-30
NNN 2014-10-31 2014-11-30
NUE 2014-10-31 2014-11-30
PEP 2014-10-31 2014-11-30
PH 2014-10-31 2014-11-30
PHM 2014-10-31 2014-11-30
RRC 2014-10-31 2014-11-30
SLB 2014-10-31 2014-11-30
TMO 2014-10-31 2014-11-30
AA 2014-10-31 2014-11-30
AAL 2014-10-31 2014-11-30
CF 2014-10-31 2014-11-30
CTRA 2014-10-31 2014-11-30
PG 2014-10-31 2014-11-30
VZ 2014-10-31 2014-11-30
MSFT 2014-10-31 2014-11-30
JNJ 2014-10-31 2014-11-30
V 2014-10-31 2014-11-30
MA 2014-10-31 2014-11-30
TRGP 2014-10-31 2014-11-30
OKE 2014-10-31 2014-11-30
SON 2014-10-31 2014-11-30
HD 2014-10-31 2014-11-30
INTC 2014-10-31 2014-11-30
this is adj rsquare: -0.027934724020761248
AAPL 2014-11-30 2014-12-31
AME 2014-11-30 2014-12-31
AMGN 2014-11-30 2014-12-31
AMT 2014-11-30 2014-12-31
DTE 2014-11-30 2014-12-31
DVN 2014-11-30 2014-12-31
EMN 2014-11-30 2014-12-31
FBIN 2014-11-30 2014-12-31
FERG 2014-11-30 2014-12-31
FR 2014-11-30 2014-12-31
GIS 2014-11-30 2014-12-31
H 2014-11-30 2014-12-31
LMT 2014-11-30 2014-12-31
LNT 2014-11-30 2014-12-31
LSTR 2014-11-30 2014-12-31
MCK 2014-11-30 2014-12-31
MCO 2014-11-30 2014-12-31
NEM 2014-11-30 2014-12-31
NLY 2014-11-30 2014-12-31
NNN 2014-11-30 2014-12-31
NUE 2014-11-30 2014-12-31
PEP 2014-11-30 2014-12-31
PH 2014-11-30 2014-12-31
PHM 2014-11-30 2014-12-31
RRC 2014-11-30 2014-12-31
SLB 2014-11-30 2014-12-31
TMO 2014-11-30 2014-12-31
AA 2014-11-30 2014-12-31
AAL 2014-11-30 2014-12-31
CF 2014-11-30 2014-12-31
CTRA 2014-11-30 2014-12-31
PG 2014-11-30 2014-12-31
VZ 2014-11-30 2014-12-31
MSFT 2014-11-30 2014-12-31
JNJ 2014-11-30 2014-12-31
V 2014-11-30 2014-12-31
MA 2014-11-30 2014-12-31
TRGP 2014-11-30 2014-12-31
OKE 2014-11-30 2014-12-31
SON 2014-11-30 2014-12-31
HD 2014-11-30 2014-12-31
INTC 2014-11-30 2014-12-31
this is adj rsquare: 0.18098584611843083
11
24
T-values: {'Constant': -1.86030320970376, 'Price/Earnings': -1.807292322384705, 'Price/Book Value': -1.6663270341710368, 'Return on Assets': 1.961057490329229, 'Return on Equity ': 1.4625840700827808, 'Free Cash Flow per Share': -0.6865436397860343, 'Price/Cash Flow': -1.0177053307892392, 'Dividend Yield (%)': -0.34947150916363584, 'Enterprise Value/EBITDA': -1.573229058090502, 'Dividend Payout Ratio (%)': -1.7502746366895354, '7': -1.1949966605579734}
P-values: {'Constant': 0.07567785300303986, 'Price/Earnings': 0.08381600963217974, 'Price/Book Value': 0.10921090754333769, 'Return on Assets': 0.06209038240933257, 'Return on Equity ': 0.1571126823351645, 'Free Cash Flow per Share': 0.49923407703090905, 'Price/Cash Flow': 0.3194045923232033, 'Dividend Yield (%)': 0.7299148875180185, 'Enterprise Value/EBITDA': 0.1293222489320614, 'Dividend Payout Ratio (%)': 0.09340154762348603, '7': 0.24426558181775804}
{'Constant': -10085521314.037989, 'Price/Earnings': -1231.1867323160168, 'Price/Book Value': -2493.3560661995957, 'Return on Assets': 19050885118.478436, 'Return on Equity ': 26416421815.522472, 'Free Cash Flow per Share': -11135037356.408401, 'Price/Cash Flow': -23284.378187440587, 'Dividend Yield (%)': -7943482293.308102, 'Enterprise Value/EBITDA': -799265.2098941632, 'Dividend Payout Ratio (%)': -41577645.6425015, '7': -0.0030161576481879068}
this is the average adj r-square: 0.027799175685744013
this is the median adj r-square: 0.06686955623189611
